[ 2015-02-01T00:00:14+08:00 ] 127.0.0.1 /index.php/User/Operation/logout.html
INFO: [ app_begin ] --START--
INFO: Run Behavior\ReadHtmlCacheBehavior [ RunTime:0.000611s ]
INFO: [ app_begin ] --END-- [ RunTime:0.001100s ]
SQL: SHOW COLUMNS FROM `mgqa_user_login` [ RunTime:0.007248s ]
INFO: [ app_end ] --START--
INFO: Run Behavior\ShowPageTraceBehavior [ RunTime:0.000651s ]
INFO: [ app_end ] --END-- [ RunTime:0.000730s ]

[ 2015-02-01T00:02:48+08:00 ] 127.0.0.1 /index.php/User/Operation/logout.html
INFO: [ app_begin ] --START--
INFO: Run Behavior\ReadHtmlCacheBehavior [ RunTime:0.000453s ]
INFO: [ app_begin ] --END-- [ RunTime:0.000812s ]
SQL: SHOW COLUMNS FROM `mgqa_user_login` [ RunTime:0.007915s ]
INFO: [ app_end ] --START--
INFO: Run Behavior\ShowPageTraceBehavior [ RunTime:0.000622s ]
INFO: [ app_end ] --END-- [ RunTime:0.000682s ]

[ 2015-02-01T00:07:02+08:00 ] 127.0.0.1 /index.php/User/Operation/login.html
INFO: [ app_begin ] --START--
INFO: Run Behavior\ReadHtmlCacheBehavior [ RunTime:0.000520s ]
INFO: [ app_begin ] --END-- [ RunTime:0.000906s ]
SQL: SHOW COLUMNS FROM `mgqa_user_login` [ RunTime:0.008187s ]
SQL: SELECT * FROM `mgqa_user_login` WHERE ( username="SmileC" ) LIMIT 1   [ RunTime:0.000384s ]
DEBUG: test:2
SQL: UPDATE `mgqa_user_login` SET `random`=26325 WHERE ( username="SmileC" ) [ RunTime:0.000254s ]
INFO: [ app_end ] --START--
INFO: Run Behavior\ShowPageTraceBehavior [ RunTime:0.000652s ]
INFO: [ app_end ] --END-- [ RunTime:0.000712s ]

[ 2015-02-01T00:07:20+08:00 ] 127.0.0.1 /index.php/User/Operation/login.html
INFO: [ app_begin ] --START--
INFO: Run Behavior\ReadHtmlCacheBehavior [ RunTime:0.000411s ]
INFO: [ app_begin ] --END-- [ RunTime:0.000802s ]
NOTIC: [8] Undefined offset: 1 D:\php\Code\MoeGirl_Q-A\Application\User\Controller\OperationController.class.php 第 32 行.
INFO: [ app_end ] --START--
INFO: Run Behavior\ShowPageTraceBehavior [ RunTime:0.001017s ]
INFO: [ app_end ] --END-- [ RunTime:0.001189s ]

[ 2015-02-01T00:07:31+08:00 ] 127.0.0.1 /index.php/User/Operation/logout.html
INFO: [ app_begin ] --START--
INFO: Run Behavior\ReadHtmlCacheBehavior [ RunTime:0.000851s ]
INFO: [ app_begin ] --END-- [ RunTime:0.001503s ]
SQL: SHOW COLUMNS FROM `mgqa_user_login` [ RunTime:0.007751s ]
INFO: [ app_end ] --START--
INFO: Run Behavior\ShowPageTraceBehavior [ RunTime:0.000640s ]
INFO: [ app_end ] --END-- [ RunTime:0.000717s ]

[ 2015-02-01T00:34:26+08:00 ] 127.0.0.1 /index.php/User/Operation/login.html
INFO: [ app_begin ] --START--
INFO: Run Behavior\ReadHtmlCacheBehavior [ RunTime:0.000402s ]
INFO: [ app_begin ] --END-- [ RunTime:0.000749s ]
SQL: SHOW COLUMNS FROM `mgqa_user_login` [ RunTime:0.034084s ]
SQL: SELECT * FROM `mgqa_user_login` WHERE ( username="SmileC" ) LIMIT 1   [ RunTime:0.000317s ]
DEBUG: test:2
SQL: UPDATE `mgqa_user_login` SET `random`=16385 WHERE ( username="SmileC" ) [ RunTime:0.000351s ]
INFO: [ app_end ] --START--
INFO: Run Behavior\ShowPageTraceBehavior [ RunTime:0.000588s ]
INFO: [ app_end ] --END-- [ RunTime:0.000641s ]

[ 2015-02-01T00:34:30+08:00 ] 127.0.0.1 /index.php/User/Operation/logout.html
INFO: [ app_begin ] --START--
INFO: Run Behavior\ReadHtmlCacheBehavior [ RunTime:0.000484s ]
INFO: [ app_begin ] --END-- [ RunTime:0.000911s ]
SQL: SHOW COLUMNS FROM `mgqa_user_login` [ RunTime:0.011907s ]
INFO: [ app_end ] --START--
INFO: Run Behavior\ShowPageTraceBehavior [ RunTime:0.001328s ]
INFO: [ app_end ] --END-- [ RunTime:0.001440s ]

[ 2015-02-01T00:35:33+08:00 ] 127.0.0.1 /index.php/User/Operation/login.html
INFO: [ app_begin ] --START--
INFO: Run Behavior\ReadHtmlCacheBehavior [ RunTime:0.000427s ]
INFO: [ app_begin ] --END-- [ RunTime:0.000771s ]
SQL: SHOW COLUMNS FROM `mgqa_user_login` [ RunTime:0.008360s ]
SQL: SELECT * FROM `mgqa_user_login` WHERE ( username="SmileC" ) LIMIT 1   [ RunTime:0.000289s ]
DEBUG: test:2
SQL: UPDATE `mgqa_user_login` SET `random`=31717 WHERE ( username="SmileC" ) [ RunTime:0.000228s ]
INFO: [ app_end ] --START--
INFO: Run Behavior\ShowPageTraceBehavior [ RunTime:0.000712s ]
INFO: [ app_end ] --END-- [ RunTime:0.000785s ]

[ 2015-02-01T00:41:52+08:00 ] 127.0.0.1 /index.php/User/Operation/logout.html
INFO: [ app_begin ] --START--
INFO: Run Behavior\ReadHtmlCacheBehavior [ RunTime:0.000584s ]
INFO: [ app_begin ] --END-- [ RunTime:0.000963s ]
SQL: SHOW COLUMNS FROM `mgqa_user_login` [ RunTime:0.013318s ]
INFO: [ app_end ] --START--
INFO: Run Behavior\ShowPageTraceBehavior [ RunTime:0.001111s ]
INFO: [ app_end ] --END-- [ RunTime:0.001291s ]

[ 2015-02-01T00:42:03+08:00 ] 127.0.0.1 /index.php/User/Operation/login.html
INFO: [ app_begin ] --START--
INFO: Run Behavior\ReadHtmlCacheBehavior [ RunTime:0.000895s ]
INFO: [ app_begin ] --END-- [ RunTime:0.001560s ]
SQL: SHOW COLUMNS FROM `mgqa_user_login` [ RunTime:0.008999s ]
SQL: SELECT * FROM `mgqa_user_login` WHERE ( username="SmileC" ) LIMIT 1   [ RunTime:0.000333s ]
DEBUG: test:2
SQL: UPDATE `mgqa_user_login` SET `random`=29359 WHERE ( username="SmileC" ) [ RunTime:0.000320s ]
INFO: [ app_end ] --START--
INFO: Run Behavior\ShowPageTraceBehavior [ RunTime:0.000651s ]
INFO: [ app_end ] --END-- [ RunTime:0.000709s ]

[ 2015-02-01T00:42:36+08:00 ] 127.0.0.1 /index.php/User/Operation/logout.html
INFO: [ app_begin ] --START--
INFO: Run Behavior\ReadHtmlCacheBehavior [ RunTime:0.000512s ]
INFO: [ app_begin ] --END-- [ RunTime:0.000989s ]
SQL: SHOW COLUMNS FROM `mgqa_user_login` [ RunTime:0.007873s ]
INFO: [ app_end ] --START--
INFO: Run Behavior\ShowPageTraceBehavior [ RunTime:0.000602s ]
INFO: [ app_end ] --END-- [ RunTime:0.000667s ]

[ 2015-02-01T00:43:29+08:00 ] 127.0.0.1 /index.php/User/Operation/login.html
INFO: [ app_begin ] --START--
INFO: Run Behavior\ReadHtmlCacheBehavior [ RunTime:0.000746s ]
INFO: [ app_begin ] --END-- [ RunTime:0.001369s ]
NOTIC: [8] Undefined offset: 1 D:\php\Code\MoeGirl_Q-A\Application\User\Controller\OperationController.class.php 第 32 行.
INFO: [ app_end ] --START--
INFO: Run Behavior\ShowPageTraceBehavior [ RunTime:0.000828s ]
INFO: [ app_end ] --END-- [ RunTime:0.000928s ]

[ 2015-02-01T00:43:40+08:00 ] 127.0.0.1 /index.php/User/Operation/login.html
INFO: [ app_begin ] --START--
INFO: Run Behavior\ReadHtmlCacheBehavior [ RunTime:0.000697s ]
INFO: [ app_begin ] --END-- [ RunTime:0.001267s ]
NOTIC: [8] Undefined offset: 1 D:\php\Code\MoeGirl_Q-A\Application\User\Controller\OperationController.class.php 第 32 行.
INFO: [ app_end ] --START--
INFO: Run Behavior\ShowPageTraceBehavior [ RunTime:0.000602s ]
INFO: [ app_end ] --END-- [ RunTime:0.000681s ]

[ 2015-02-01T00:44:04+08:00 ] 127.0.0.1 /index.php/User/Operation/login.html
INFO: [ app_begin ] --START--
INFO: Run Behavior\ReadHtmlCacheBehavior [ RunTime:0.000764s ]
INFO: [ app_begin ] --END-- [ RunTime:0.001596s ]
NOTIC: [8] Undefined offset: 1 D:\php\Code\MoeGirl_Q-A\Application\User\Controller\OperationController.class.php 第 32 行.
INFO: [ app_end ] --START--
INFO: Run Behavior\ShowPageTraceBehavior [ RunTime:0.000681s ]
INFO: [ app_end ] --END-- [ RunTime:0.000763s ]

[ 2015-02-01T00:44:06+08:00 ] 127.0.0.1 /index.php/User/Operation/login.html
INFO: [ app_begin ] --START--
INFO: Run Behavior\ReadHtmlCacheBehavior [ RunTime:0.000472s ]
INFO: [ app_begin ] --END-- [ RunTime:0.000800s ]
NOTIC: [8] Undefined offset: 1 D:\php\Code\MoeGirl_Q-A\Application\User\Controller\OperationController.class.php 第 32 行.
INFO: [ app_end ] --START--
INFO: Run Behavior\ShowPageTraceBehavior [ RunTime:0.000598s ]
INFO: [ app_end ] --END-- [ RunTime:0.000659s ]

[ 2015-02-01T00:44:08+08:00 ] 127.0.0.1 /index.php/User/Operation/login.html
INFO: [ app_begin ] --START--
INFO: Run Behavior\ReadHtmlCacheBehavior [ RunTime:0.000436s ]
INFO: [ app_begin ] --END-- [ RunTime:0.000846s ]
NOTIC: [8] Undefined offset: 1 D:\php\Code\MoeGirl_Q-A\Application\User\Controller\OperationController.class.php 第 32 行.
INFO: [ app_end ] --START--
INFO: Run Behavior\ShowPageTraceBehavior [ RunTime:0.000691s ]
INFO: [ app_end ] --END-- [ RunTime:0.000816s ]

[ 2015-02-01T00:44:10+08:00 ] 127.0.0.1 /index.php/User/Operation/login.html
INFO: [ app_begin ] --START--
INFO: Run Behavior\ReadHtmlCacheBehavior [ RunTime:0.000403s ]
INFO: [ app_begin ] --END-- [ RunTime:0.000741s ]
NOTIC: [8] Undefined offset: 1 D:\php\Code\MoeGirl_Q-A\Application\User\Controller\OperationController.class.php 第 32 行.
INFO: [ app_end ] --START--
INFO: Run Behavior\ShowPageTraceBehavior [ RunTime:0.000813s ]
INFO: [ app_end ] --END-- [ RunTime:0.000920s ]

[ 2015-02-01T00:44:12+08:00 ] 127.0.0.1 /index.php/User/Operation/login.html
INFO: [ app_begin ] --START--
INFO: Run Behavior\ReadHtmlCacheBehavior [ RunTime:0.000486s ]
INFO: [ app_begin ] --END-- [ RunTime:0.000899s ]
NOTIC: [8] Undefined offset: 1 D:\php\Code\MoeGirl_Q-A\Application\User\Controller\OperationController.class.php 第 32 行.
INFO: [ app_end ] --START--
INFO: Run Behavior\ShowPageTraceBehavior [ RunTime:0.000630s ]
INFO: [ app_end ] --END-- [ RunTime:0.000709s ]

[ 2015-02-01T00:44:14+08:00 ] 127.0.0.1 /index.php/User/Operation/login.html
INFO: [ app_begin ] --START--
INFO: Run Behavior\ReadHtmlCacheBehavior [ RunTime:0.000432s ]
INFO: [ app_begin ] --END-- [ RunTime:0.000784s ]
NOTIC: [8] Undefined offset: 1 D:\php\Code\MoeGirl_Q-A\Application\User\Controller\OperationController.class.php 第 32 行.
INFO: [ app_end ] --START--
INFO: Run Behavior\ShowPageTraceBehavior [ RunTime:0.000593s ]
INFO: [ app_end ] --END-- [ RunTime:0.000655s ]

[ 2015-02-01T00:44:17+08:00 ] 127.0.0.1 /index.php/User/Operation/login.html
INFO: [ app_begin ] --START--
INFO: Run Behavior\ReadHtmlCacheBehavior [ RunTime:0.000399s ]
INFO: [ app_begin ] --END-- [ RunTime:0.000725s ]
NOTIC: [8] Undefined offset: 1 D:\php\Code\MoeGirl_Q-A\Application\User\Controller\OperationController.class.php 第 32 行.
INFO: [ app_end ] --START--
INFO: Run Behavior\ShowPageTraceBehavior [ RunTime:0.000592s ]
INFO: [ app_end ] --END-- [ RunTime:0.000656s ]

[ 2015-02-01T00:44:20+08:00 ] 127.0.0.1 /index.php/User/Operation/login.html
INFO: [ app_begin ] --START--
INFO: Run Behavior\ReadHtmlCacheBehavior [ RunTime:0.000503s ]
INFO: [ app_begin ] --END-- [ RunTime:0.000890s ]
NOTIC: [8] Undefined offset: 1 D:\php\Code\MoeGirl_Q-A\Application\User\Controller\OperationController.class.php 第 32 行.
INFO: [ app_end ] --START--
INFO: Run Behavior\ShowPageTraceBehavior [ RunTime:0.000588s ]
INFO: [ app_end ] --END-- [ RunTime:0.000653s ]

[ 2015-02-01T00:44:22+08:00 ] 127.0.0.1 /index.php/User/Operation/login.html
INFO: [ app_begin ] --START--
INFO: Run Behavior\ReadHtmlCacheBehavior [ RunTime:0.000437s ]
INFO: [ app_begin ] --END-- [ RunTime:0.000767s ]
NOTIC: [8] Undefined offset: 1 D:\php\Code\MoeGirl_Q-A\Application\User\Controller\OperationController.class.php 第 32 行.
INFO: [ app_end ] --START--
INFO: Run Behavior\ShowPageTraceBehavior [ RunTime:0.000595s ]
INFO: [ app_end ] --END-- [ RunTime:0.000660s ]

[ 2015-02-01T00:44:24+08:00 ] 127.0.0.1 /index.php/User/Operation/login.html
INFO: [ app_begin ] --START--
INFO: Run Behavior\ReadHtmlCacheBehavior [ RunTime:0.000650s ]
INFO: [ app_begin ] --END-- [ RunTime:0.001049s ]
NOTIC: [8] Undefined offset: 1 D:\php\Code\MoeGirl_Q-A\Application\User\Controller\OperationController.class.php 第 32 行.
INFO: [ app_end ] --START--
INFO: Run Behavior\ShowPageTraceBehavior [ RunTime:0.000607s ]
INFO: [ app_end ] --END-- [ RunTime:0.000690s ]

[ 2015-02-01T00:44:26+08:00 ] 127.0.0.1 /index.php/User/Operation/login.html
INFO: [ app_begin ] --START--
INFO: Run Behavior\ReadHtmlCacheBehavior [ RunTime:0.000448s ]
INFO: [ app_begin ] --END-- [ RunTime:0.000808s ]
NOTIC: [8] Undefined offset: 1 D:\php\Code\MoeGirl_Q-A\Application\User\Controller\OperationController.class.php 第 32 行.
INFO: [ app_end ] --START--
INFO: Run Behavior\ShowPageTraceBehavior [ RunTime:0.000609s ]
INFO: [ app_end ] --END-- [ RunTime:0.000677s ]

[ 2015-02-01T00:45:50+08:00 ] 127.0.0.1 /index.php/User/Operation/login.html
INFO: [ app_begin ] --START--
INFO: Run Behavior\ReadHtmlCacheBehavior [ RunTime:0.000780s ]
INFO: [ app_begin ] --END-- [ RunTime:0.001407s ]
NOTIC: [8] Undefined offset: 1 D:\php\Code\MoeGirl_Q-A\Application\User\Controller\OperationController.class.php 第 32 行.
INFO: [ app_end ] --START--
INFO: Run Behavior\ShowPageTraceBehavior [ RunTime:0.000654s ]
INFO: [ app_end ] --END-- [ RunTime:0.000736s ]

[ 2015-02-01T00:46:25+08:00 ] 127.0.0.1 /index.php/User/Operation/login.html
INFO: [ app_begin ] --START--
INFO: Run Behavior\ReadHtmlCacheBehavior [ RunTime:0.000473s ]
INFO: [ app_begin ] --END-- [ RunTime:0.000956s ]
NOTIC: [8] Undefined offset: 1 D:\php\Code\MoeGirl_Q-A\Application\User\Controller\OperationController.class.php 第 32 行.
INFO: [ app_end ] --START--
INFO: Run Behavior\ShowPageTraceBehavior [ RunTime:0.000685s ]
INFO: [ app_end ] --END-- [ RunTime:0.000752s ]

[ 2015-02-01T00:46:48+08:00 ] 127.0.0.1 /index.php/User/Operation/login.html
INFO: [ app_begin ] --START--
INFO: Run Behavior\ReadHtmlCacheBehavior [ RunTime:0.000764s ]
INFO: [ app_begin ] --END-- [ RunTime:0.001395s ]
NOTIC: [8] Undefined offset: 1 D:\php\Code\MoeGirl_Q-A\Application\User\Controller\OperationController.class.php 第 32 行.
INFO: [ app_end ] --START--
INFO: Run Behavior\ShowPageTraceBehavior [ RunTime:0.000611s ]
INFO: [ app_end ] --END-- [ RunTime:0.000674s ]

[ 2015-02-01T00:46:59+08:00 ] 127.0.0.1 /index.php/User/Operation/login.html
INFO: [ app_begin ] --START--
INFO: Run Behavior\ReadHtmlCacheBehavior [ RunTime:0.000691s ]
INFO: [ app_begin ] --END-- [ RunTime:0.001376s ]
NOTIC: [8] Undefined offset: 1 D:\php\Code\MoeGirl_Q-A\Application\User\Controller\OperationController.class.php 第 32 行.
INFO: [ app_end ] --START--
INFO: Run Behavior\ShowPageTraceBehavior [ RunTime:0.000605s ]
INFO: [ app_end ] --END-- [ RunTime:0.000668s ]

[ 2015-02-01T00:48:21+08:00 ] 127.0.0.1 /index.php/User/Operation/login.html
INFO: [ app_begin ] --START--
INFO: Run Behavior\ReadHtmlCacheBehavior [ RunTime:0.000465s ]
INFO: [ app_begin ] --END-- [ RunTime:0.000852s ]
NOTIC: [8] Undefined offset: 1 D:\php\Code\MoeGirl_Q-A\Application\User\Controller\OperationController.class.php 第 32 行.
INFO: [ app_end ] --START--
INFO: Run Behavior\ShowPageTraceBehavior [ RunTime:0.000699s ]
INFO: [ app_end ] --END-- [ RunTime:0.000772s ]

[ 2015-02-01T00:48:38+08:00 ] 127.0.0.1 /index.php/User/Operation/login.html
INFO: [ app_begin ] --START--
INFO: Run Behavior\ReadHtmlCacheBehavior [ RunTime:0.000420s ]
INFO: [ app_begin ] --END-- [ RunTime:0.000798s ]
SQL: SHOW COLUMNS FROM `mgqa_user_login` [ RunTime:0.010204s ]
SQL: SELECT * FROM `mgqa_user_login` WHERE ( username="SmileC" ) LIMIT 1   [ RunTime:0.000595s ]
DEBUG: test:2
SQL: UPDATE `mgqa_user_login` SET `random`=19678 WHERE ( username="SmileC" ) [ RunTime:0.000279s ]
INFO: [ app_end ] --START--
INFO: Run Behavior\ShowPageTraceBehavior [ RunTime:0.001104s ]
INFO: [ app_end ] --END-- [ RunTime:0.001263s ]

[ 2015-02-01T00:49:17+08:00 ] 127.0.0.1 /index.php/User/Operation/login.html
INFO: [ app_begin ] --START--
INFO: Run Behavior\ReadHtmlCacheBehavior [ RunTime:0.000701s ]
INFO: [ app_begin ] --END-- [ RunTime:0.001161s ]
SQL: SHOW COLUMNS FROM `mgqa_user_login` [ RunTime:0.010020s ]
SQL: SELECT * FROM `mgqa_user_login` WHERE ( username="SmileC" ) LIMIT 1   [ RunTime:0.000318s ]
DEBUG: test:2
SQL: UPDATE `mgqa_user_login` SET `random`=2270 WHERE ( username="SmileC" ) [ RunTime:0.000242s ]
INFO: [ app_end ] --START--
INFO: Run Behavior\ShowPageTraceBehavior [ RunTime:0.000619s ]
INFO: [ app_end ] --END-- [ RunTime:0.000681s ]

[ 2015-02-01T00:49:26+08:00 ] 127.0.0.1 /index.php/User/Operation/logout.html
INFO: [ app_begin ] --START--
INFO: Run Behavior\ReadHtmlCacheBehavior [ RunTime:0.000439s ]
INFO: [ app_begin ] --END-- [ RunTime:0.000781s ]
SQL: SHOW COLUMNS FROM `mgqa_user_login` [ RunTime:0.009142s ]
INFO: [ app_end ] --START--
INFO: Run Behavior\ShowPageTraceBehavior [ RunTime:0.001018s ]
INFO: [ app_end ] --END-- [ RunTime:0.001211s ]

[ 2015-02-01T00:49:49+08:00 ] 127.0.0.1 /index.php/User/Operation/login.html
INFO: [ app_begin ] --START--
INFO: Run Behavior\ReadHtmlCacheBehavior [ RunTime:0.000790s ]
INFO: [ app_begin ] --END-- [ RunTime:0.001611s ]
SQL: SHOW COLUMNS FROM `mgqa_user_login` [ RunTime:0.008867s ]
SQL: SELECT * FROM `mgqa_user_login` WHERE ( username="SmileC" ) LIMIT 1   [ RunTime:0.000619s ]
DEBUG: test:2
SQL: UPDATE `mgqa_user_login` SET `random`=8870 WHERE ( username="SmileC" ) [ RunTime:0.000512s ]
INFO: [ app_end ] --START--
INFO: Run Behavior\ShowPageTraceBehavior [ RunTime:0.000612s ]
INFO: [ app_end ] --END-- [ RunTime:0.000673s ]

[ 2015-02-01T00:50:23+08:00 ] 127.0.0.1 /index.php/User/Operation/login.html
INFO: [ app_begin ] --START--
INFO: Run Behavior\ReadHtmlCacheBehavior [ RunTime:0.000699s ]
INFO: [ app_begin ] --END-- [ RunTime:0.001339s ]
SQL: SHOW COLUMNS FROM `mgqa_user_login` [ RunTime:0.007642s ]
SQL: SELECT * FROM `mgqa_user_login` WHERE ( username="SmileC" ) LIMIT 1   [ RunTime:0.000262s ]
DEBUG: test:2
SQL: UPDATE `mgqa_user_login` SET `random`=9120 WHERE ( username="SmileC" ) [ RunTime:0.000243s ]
INFO: [ app_end ] --START--
INFO: Run Behavior\ShowPageTraceBehavior [ RunTime:0.000776s ]
INFO: [ app_end ] --END-- [ RunTime:0.000855s ]

[ 2015-02-01T00:50:26+08:00 ] 127.0.0.1 /index.php/User/Operation/logout.html
INFO: [ app_begin ] --START--
INFO: Run Behavior\ReadHtmlCacheBehavior [ RunTime:0.000473s ]
INFO: [ app_begin ] --END-- [ RunTime:0.000966s ]
SQL: SHOW COLUMNS FROM `mgqa_user_login` [ RunTime:0.009047s ]
INFO: [ app_end ] --START--
INFO: Run Behavior\ShowPageTraceBehavior [ RunTime:0.000584s ]
INFO: [ app_end ] --END-- [ RunTime:0.000637s ]

[ 2015-02-01T00:50:59+08:00 ] 127.0.0.1 /index.php/User/Operation/login.html
INFO: [ app_begin ] --START--
INFO: Run Behavior\ReadHtmlCacheBehavior [ RunTime:0.000743s ]
INFO: [ app_begin ] --END-- [ RunTime:0.001449s ]
SQL: SHOW COLUMNS FROM `mgqa_user_login` [ RunTime:0.010466s ]
SQL: SELECT * FROM `mgqa_user_login` WHERE ( username="SmileC" ) LIMIT 1   [ RunTime:0.000269s ]
DEBUG: test:2
SQL: UPDATE `mgqa_user_login` SET `random`=20143 WHERE ( username="SmileC" ) [ RunTime:0.000277s ]
INFO: [ app_end ] --START--
INFO: Run Behavior\ShowPageTraceBehavior [ RunTime:0.001199s ]
INFO: [ app_end ] --END-- [ RunTime:0.001286s ]

[ 2015-02-01T00:51:36+08:00 ] 127.0.0.1 /index.php/User/Operation/logout.html
INFO: [ app_begin ] --START--
INFO: Run Behavior\ReadHtmlCacheBehavior [ RunTime:0.000412s ]
INFO: [ app_begin ] --END-- [ RunTime:0.000762s ]
SQL: SHOW COLUMNS FROM `mgqa_user_login` [ RunTime:0.009484s ]
INFO: [ app_end ] --START--
INFO: Run Behavior\ShowPageTraceBehavior [ RunTime:0.000768s ]
INFO: [ app_end ] --END-- [ RunTime:0.000869s ]

[ 2015-02-01T00:51:46+08:00 ] 127.0.0.1 /index.php/User/Operation/login.html
INFO: [ app_begin ] --START--
INFO: Run Behavior\ReadHtmlCacheBehavior [ RunTime:0.001500s ]
INFO: [ app_begin ] --END-- [ RunTime:0.002939s ]
NOTIC: [8] Undefined offset: 1 D:\php\Code\MoeGirl_Q-A\Application\User\Controller\OperationController.class.php 第 32 行.
INFO: [ app_end ] --START--
INFO: Run Behavior\ShowPageTraceBehavior [ RunTime:0.000912s ]
INFO: [ app_end ] --END-- [ RunTime:0.001039s ]

[ 2015-02-01T00:52:26+08:00 ] 127.0.0.1 /index.php/User/Operation/login.html
INFO: [ app_begin ] --START--
INFO: Run Behavior\ReadHtmlCacheBehavior [ RunTime:0.000995s ]
INFO: [ app_begin ] --END-- [ RunTime:0.001770s ]
SQL: SHOW COLUMNS FROM `mgqa_user_login` [ RunTime:0.007912s ]
SQL: SELECT * FROM `mgqa_user_login` WHERE ( username="SmileC" ) LIMIT 1   [ RunTime:0.000304s ]
DEBUG: test:2
SQL: UPDATE `mgqa_user_login` SET `random`=14526 WHERE ( username="SmileC" ) [ RunTime:0.000297s ]
INFO: [ app_end ] --START--
INFO: Run Behavior\ShowPageTraceBehavior [ RunTime:0.000605s ]
INFO: [ app_end ] --END-- [ RunTime:0.000660s ]

[ 2015-02-01T01:00:25+08:00 ] 127.0.0.1 /index.php/User/Operation/logout.html
INFO: [ app_begin ] --START--
INFO: Run Behavior\ReadHtmlCacheBehavior [ RunTime:0.000409s ]
INFO: [ app_begin ] --END-- [ RunTime:0.000757s ]
SQL: SHOW COLUMNS FROM `mgqa_user_login` [ RunTime:0.011207s ]
INFO: [ app_end ] --START--
INFO: Run Behavior\ShowPageTraceBehavior [ RunTime:0.000613s ]
INFO: [ app_end ] --END-- [ RunTime:0.000689s ]

[ 2015-02-01T01:00:37+08:00 ] 127.0.0.1 /index.php/User/Operation/login.html
INFO: [ app_begin ] --START--
INFO: Run Behavior\ReadHtmlCacheBehavior [ RunTime:0.000706s ]
INFO: [ app_begin ] --END-- [ RunTime:0.001312s ]
SQL: SHOW COLUMNS FROM `mgqa_user_login` [ RunTime:0.012438s ]
SQL: SELECT * FROM `mgqa_user_login` WHERE ( username="SmileC" ) LIMIT 1   [ RunTime:0.000267s ]
DEBUG: test:2
SQL: UPDATE `mgqa_user_login` SET `random`=6474 WHERE ( username="SmileC" ) [ RunTime:0.000235s ]
INFO: [ app_end ] --START--
INFO: Run Behavior\ShowPageTraceBehavior [ RunTime:0.000744s ]
INFO: [ app_end ] --END-- [ RunTime:0.000801s ]

