[ 2015-02-27T17:22:33+08:00 ] 127.0.0.1 /User/Setting
INFO: [ app_init ] --START--
INFO: Run Behavior\BuildLiteBehavior [ RunTime:0.000101s ]
INFO: [ app_init ] --END-- [ RunTime:0.001746s ]
INFO: [ app_begin ] --START--
INFO: Run Behavior\ReadHtmlCacheBehavior [ RunTime:0.009097s ]
INFO: [ app_begin ] --END-- [ RunTime:0.009531s ]
INFO: [ view_parse ] --START--
NOTIC: [2] file_get_contents(./Application/User/View/Home/View/Base/common.html) [<a href='function.file-get-contents'>function.file-get-contents</a>]: failed to open stream: No such file or directory D:\php\Code\MoeGirl_Q-A\ThinkPHP\Library\Think\Template.class.php 第 696 行.
INFO: [ template_filter ] --START--
INFO: Run Behavior\ContentReplaceBehavior [ RunTime:0.000140s ]
INFO: [ template_filter ] --END-- [ RunTime:0.000405s ]
INFO: Run Behavior\ParseTemplateBehavior [ RunTime:0.036438s ]
INFO: [ view_parse ] --END-- [ RunTime:0.036717s ]
INFO: [ view_filter ] --START--
INFO: Run Behavior\WriteHtmlCacheBehavior [ RunTime:0.002061s ]
INFO: [ view_filter ] --END-- [ RunTime:0.002288s ]
INFO: [ app_end ] --START--
INFO: Run Behavior\ShowPageTraceBehavior [ RunTime:0.001710s ]
INFO: [ app_end ] --END-- [ RunTime:0.001895s ]

[ 2015-02-27T17:22:45+08:00 ] 127.0.0.1 /User/Setting
INFO: [ app_init ] --START--
INFO: Run Behavior\BuildLiteBehavior [ RunTime:0.000061s ]
INFO: [ app_init ] --END-- [ RunTime:0.001500s ]
INFO: [ app_begin ] --START--
INFO: Run Behavior\ReadHtmlCacheBehavior [ RunTime:0.002567s ]
INFO: [ app_begin ] --END-- [ RunTime:0.002995s ]
INFO: [ view_parse ] --START--
NOTIC: [2] file_get_contents(./Application/User/View/Home/View/Base/common.html) [<a href='function.file-get-contents'>function.file-get-contents</a>]: failed to open stream: No such file or directory D:\php\Code\MoeGirl_Q-A\ThinkPHP\Library\Think\Template.class.php 第 696 行.
INFO: [ template_filter ] --START--
INFO: Run Behavior\ContentReplaceBehavior [ RunTime:0.000221s ]
INFO: [ template_filter ] --END-- [ RunTime:0.000657s ]
INFO: Run Behavior\ParseTemplateBehavior [ RunTime:0.030526s ]
INFO: [ view_parse ] --END-- [ RunTime:0.030818s ]
INFO: [ view_filter ] --START--
INFO: Run Behavior\WriteHtmlCacheBehavior [ RunTime:0.001226s ]
INFO: [ view_filter ] --END-- [ RunTime:0.001516s ]
INFO: [ app_end ] --START--
INFO: Run Behavior\ShowPageTraceBehavior [ RunTime:0.002624s ]
INFO: [ app_end ] --END-- [ RunTime:0.002832s ]

[ 2015-02-27T17:24:54+08:00 ] 127.0.0.1 /User/Setting
INFO: [ app_init ] --START--
INFO: Run Behavior\BuildLiteBehavior [ RunTime:0.000068s ]
INFO: [ app_init ] --END-- [ RunTime:0.001746s ]
INFO: [ app_begin ] --START--
INFO: Run Behavior\ReadHtmlCacheBehavior [ RunTime:0.007485s ]
INFO: [ app_begin ] --END-- [ RunTime:0.007938s ]
INFO: [ view_parse ] --START--
INFO: [ template_filter ] --START--
INFO: Run Behavior\ContentReplaceBehavior [ RunTime:0.001430s ]
INFO: [ template_filter ] --END-- [ RunTime:0.002598s ]
INFO: Run Behavior\ParseTemplateBehavior [ RunTime:0.047620s ]
INFO: [ view_parse ] --END-- [ RunTime:0.048047s ]
INFO: [ view_filter ] --START--
INFO: Run Behavior\WriteHtmlCacheBehavior [ RunTime:0.001699s ]
INFO: [ view_filter ] --END-- [ RunTime:0.001908s ]
INFO: [ app_end ] --START--
INFO: Run Behavior\ShowPageTraceBehavior [ RunTime:0.002021s ]
INFO: [ app_end ] --END-- [ RunTime:0.002514s ]

[ 2015-02-27T17:24:56+08:00 ] 127.0.0.1 /User/Setting
INFO: [ app_init ] --START--
INFO: Run Behavior\BuildLiteBehavior [ RunTime:0.000077s ]
INFO: [ app_init ] --END-- [ RunTime:0.001613s ]
INFO: [ app_begin ] --START--
INFO: Run Behavior\ReadHtmlCacheBehavior [ RunTime:0.002921s ]
INFO: [ app_begin ] --END-- [ RunTime:0.003320s ]
INFO: [ view_parse ] --START--
INFO: [ template_filter ] --START--
INFO: Run Behavior\ContentReplaceBehavior [ RunTime:0.000096s ]
INFO: [ template_filter ] --END-- [ RunTime:0.000286s ]
INFO: Run Behavior\ParseTemplateBehavior [ RunTime:0.023686s ]
INFO: [ view_parse ] --END-- [ RunTime:0.024313s ]
INFO: [ view_filter ] --START--
INFO: Run Behavior\WriteHtmlCacheBehavior [ RunTime:0.001696s ]
INFO: [ view_filter ] --END-- [ RunTime:0.001947s ]
INFO: [ app_end ] --START--
INFO: Run Behavior\ShowPageTraceBehavior [ RunTime:0.003579s ]
INFO: [ app_end ] --END-- [ RunTime:0.003841s ]

[ 2015-02-27T17:25:06+08:00 ] 127.0.0.1 /User/Setting
INFO: [ app_init ] --START--
INFO: Run Behavior\BuildLiteBehavior [ RunTime:0.000088s ]
INFO: [ app_init ] --END-- [ RunTime:0.002438s ]
INFO: [ app_begin ] --START--
INFO: Run Behavior\ReadHtmlCacheBehavior [ RunTime:0.004320s ]
INFO: [ app_begin ] --END-- [ RunTime:0.004698s ]
INFO: [ view_parse ] --START--
INFO: [ template_filter ] --START--
INFO: Run Behavior\ContentReplaceBehavior [ RunTime:0.000292s ]
INFO: [ template_filter ] --END-- [ RunTime:0.002476s ]
INFO: Run Behavior\ParseTemplateBehavior [ RunTime:0.107232s ]
INFO: [ view_parse ] --END-- [ RunTime:0.107604s ]
INFO: [ view_filter ] --START--
INFO: Run Behavior\WriteHtmlCacheBehavior [ RunTime:0.009059s ]
INFO: [ view_filter ] --END-- [ RunTime:0.010217s ]
INFO: [ app_end ] --START--
INFO: Run Behavior\ShowPageTraceBehavior [ RunTime:0.008312s ]
INFO: [ app_end ] --END-- [ RunTime:0.008627s ]

[ 2015-02-27T17:25:20+08:00 ] 127.0.0.1 /User/Setting
INFO: [ app_init ] --START--
INFO: Run Behavior\BuildLiteBehavior [ RunTime:0.000052s ]
INFO: [ app_init ] --END-- [ RunTime:0.001559s ]
INFO: [ app_begin ] --START--
INFO: Run Behavior\ReadHtmlCacheBehavior [ RunTime:0.001894s ]
INFO: [ app_begin ] --END-- [ RunTime:0.002089s ]
INFO: [ view_parse ] --START--
NOTIC: [2] simplexml_load_string() [<a href='function.simplexml-load-string'>function.simplexml-load-string</a>]: Entity: line 1: parser error : AttValue: &quot; or ' expected D:\php\Code\MoeGirl_Q-A\ThinkPHP\Library\Think\Template.class.php 第 271 行.
NOTIC: [2] simplexml_load_string() [<a href='function.simplexml-load-string'>function.simplexml-load-string</a>]: &lt;tpl&gt;&lt;tag name=APP_PATH&quot;/Home/View/Base/common&quot; /&gt;&lt;/tpl&gt; D:\php\Code\MoeGirl_Q-A\ThinkPHP\Library\Think\Template.class.php 第 271 行.
NOTIC: [2] simplexml_load_string() [<a href='function.simplexml-load-string'>function.simplexml-load-string</a>]:                ^ D:\php\Code\MoeGirl_Q-A\ThinkPHP\Library\Think\Template.class.php 第 271 行.
NOTIC: [2] simplexml_load_string() [<a href='function.simplexml-load-string'>function.simplexml-load-string</a>]: Entity: line 1: parser error : attributes construct error D:\php\Code\MoeGirl_Q-A\ThinkPHP\Library\Think\Template.class.php 第 271 行.
NOTIC: [2] simplexml_load_string() [<a href='function.simplexml-load-string'>function.simplexml-load-string</a>]: &lt;tpl&gt;&lt;tag name=APP_PATH&quot;/Home/View/Base/common&quot; /&gt;&lt;/tpl&gt; D:\php\Code\MoeGirl_Q-A\ThinkPHP\Library\Think\Template.class.php 第 271 行.
NOTIC: [2] simplexml_load_string() [<a href='function.simplexml-load-string'>function.simplexml-load-string</a>]:                ^ D:\php\Code\MoeGirl_Q-A\ThinkPHP\Library\Think\Template.class.php 第 271 行.
NOTIC: [2] simplexml_load_string() [<a href='function.simplexml-load-string'>function.simplexml-load-string</a>]: Entity: line 1: parser error : Couldn't find end of Start Tag tag line 1 D:\php\Code\MoeGirl_Q-A\ThinkPHP\Library\Think\Template.class.php 第 271 行.
NOTIC: [2] simplexml_load_string() [<a href='function.simplexml-load-string'>function.simplexml-load-string</a>]: &lt;tpl&gt;&lt;tag name=APP_PATH&quot;/Home/View/Base/common&quot; /&gt;&lt;/tpl&gt; D:\php\Code\MoeGirl_Q-A\ThinkPHP\Library\Think\Template.class.php 第 271 行.
NOTIC: [2] simplexml_load_string() [<a href='function.simplexml-load-string'>function.simplexml-load-string</a>]:                ^ D:\php\Code\MoeGirl_Q-A\ThinkPHP\Library\Think\Template.class.php 第 271 行.
ERR: XML标签语法错误

[ 2015-02-27T17:25:39+08:00 ] 127.0.0.1 /User/Setting
INFO: [ app_init ] --START--
INFO: Run Behavior\BuildLiteBehavior [ RunTime:0.000088s ]
INFO: [ app_init ] --END-- [ RunTime:0.003227s ]
INFO: [ app_begin ] --START--
INFO: Run Behavior\ReadHtmlCacheBehavior [ RunTime:0.003835s ]
INFO: [ app_begin ] --END-- [ RunTime:0.004126s ]
INFO: [ view_parse ] --START--
NOTIC: [2] file_get_contents(./Application/User/View/{/APP_PATH}/Home/View/Base/common.html) [<a href='function.file-get-contents'>function.file-get-contents</a>]: failed to open stream: No such file or directory D:\php\Code\MoeGirl_Q-A\ThinkPHP\Library\Think\Template.class.php 第 696 行.
INFO: [ template_filter ] --START--
INFO: Run Behavior\ContentReplaceBehavior [ RunTime:0.000471s ]
INFO: [ template_filter ] --END-- [ RunTime:0.003162s ]
INFO: Run Behavior\ParseTemplateBehavior [ RunTime:0.057729s ]
INFO: [ view_parse ] --END-- [ RunTime:0.058280s ]
INFO: [ view_filter ] --START--
INFO: Run Behavior\WriteHtmlCacheBehavior [ RunTime:0.005369s ]
INFO: [ view_filter ] --END-- [ RunTime:0.006275s ]
INFO: [ app_end ] --START--
INFO: Run Behavior\ShowPageTraceBehavior [ RunTime:0.006081s ]
INFO: [ app_end ] --END-- [ RunTime:0.007791s ]

[ 2015-02-27T17:26:28+08:00 ] 127.0.0.1 /User/Setting
INFO: [ app_init ] --START--
INFO: Run Behavior\BuildLiteBehavior [ RunTime:0.000137s ]
INFO: [ app_init ] --END-- [ RunTime:0.004706s ]
INFO: [ app_begin ] --START--
INFO: Run Behavior\ReadHtmlCacheBehavior [ RunTime:0.004149s ]
INFO: [ app_begin ] --END-- [ RunTime:0.004548s ]
INFO: [ view_parse ] --START--
INFO: [ template_filter ] --START--
INFO: Run Behavior\ContentReplaceBehavior [ RunTime:0.000257s ]
INFO: [ template_filter ] --END-- [ RunTime:0.001134s ]
INFO: Run Behavior\ParseTemplateBehavior [ RunTime:0.063202s ]
INFO: [ view_parse ] --END-- [ RunTime:0.063559s ]
INFO: [ view_filter ] --START--
INFO: Run Behavior\WriteHtmlCacheBehavior [ RunTime:0.003829s ]
INFO: [ view_filter ] --END-- [ RunTime:0.005282s ]
INFO: [ app_end ] --START--
INFO: Run Behavior\ShowPageTraceBehavior [ RunTime:0.004270s ]
INFO: [ app_end ] --END-- [ RunTime:0.004949s ]

[ 2015-02-27T17:26:38+08:00 ] 127.0.0.1 /User/Setting
INFO: [ app_init ] --START--
INFO: Run Behavior\BuildLiteBehavior [ RunTime:0.000282s ]
INFO: [ app_init ] --END-- [ RunTime:0.004313s ]
INFO: [ app_begin ] --START--
INFO: Run Behavior\ReadHtmlCacheBehavior [ RunTime:0.006249s ]
INFO: [ app_begin ] --END-- [ RunTime:0.006809s ]
INFO: [ view_parse ] --START--
NOTIC: [2] file_get_contents(./Application/User/View/Base/common.html) [<a href='function.file-get-contents'>function.file-get-contents</a>]: failed to open stream: No such file or directory D:\php\Code\MoeGirl_Q-A\ThinkPHP\Library\Think\Template.class.php 第 696 行.
INFO: [ template_filter ] --START--
INFO: Run Behavior\ContentReplaceBehavior [ RunTime:0.000544s ]
INFO: [ template_filter ] --END-- [ RunTime:0.000844s ]
INFO: Run Behavior\ParseTemplateBehavior [ RunTime:0.113900s ]
INFO: [ view_parse ] --END-- [ RunTime:0.114214s ]
INFO: [ view_filter ] --START--
INFO: Run Behavior\WriteHtmlCacheBehavior [ RunTime:0.002980s ]
INFO: [ view_filter ] --END-- [ RunTime:0.003391s ]
INFO: [ app_end ] --START--
INFO: Run Behavior\ShowPageTraceBehavior [ RunTime:0.005366s ]
INFO: [ app_end ] --END-- [ RunTime:0.005835s ]

[ 2015-02-27T17:29:51+08:00 ] 127.0.0.1 /User/Setting
INFO: [ app_init ] --START--
INFO: Run Behavior\BuildLiteBehavior [ RunTime:0.000073s ]
INFO: [ app_init ] --END-- [ RunTime:0.002806s ]
INFO: [ app_begin ] --START--
INFO: Run Behavior\ReadHtmlCacheBehavior [ RunTime:0.013670s ]
INFO: [ app_begin ] --END-- [ RunTime:0.014002s ]
INFO: [ view_parse ] --START--
NOTIC: [2] file_get_contents(./Application/User/View/./Home/Public/Base/common.html) [<a href='function.file-get-contents'>function.file-get-contents</a>]: failed to open stream: No such file or directory D:\php\Code\MoeGirl_Q-A\ThinkPHP\Library\Think\Template.class.php 第 696 行.
INFO: [ template_filter ] --START--
INFO: Run Behavior\ContentReplaceBehavior [ RunTime:0.000146s ]
INFO: [ template_filter ] --END-- [ RunTime:0.000419s ]
INFO: Run Behavior\ParseTemplateBehavior [ RunTime:0.109712s ]
INFO: [ view_parse ] --END-- [ RunTime:0.112668s ]
INFO: [ view_filter ] --START--
INFO: Run Behavior\WriteHtmlCacheBehavior [ RunTime:0.013402s ]
INFO: [ view_filter ] --END-- [ RunTime:0.014206s ]
INFO: [ app_end ] --START--
INFO: Run Behavior\ShowPageTraceBehavior [ RunTime:0.009567s ]
INFO: [ app_end ] --END-- [ RunTime:0.016586s ]

[ 2015-02-27T17:29:53+08:00 ] 127.0.0.1 /User/Setting
INFO: [ app_init ] --START--
INFO: Run Behavior\BuildLiteBehavior [ RunTime:0.000103s ]
INFO: [ app_init ] --END-- [ RunTime:0.002319s ]
INFO: [ app_begin ] --START--
INFO: Run Behavior\ReadHtmlCacheBehavior [ RunTime:0.018924s ]
INFO: [ app_begin ] --END-- [ RunTime:0.020007s ]
INFO: [ view_parse ] --START--
NOTIC: [2] file_get_contents(./Application/User/View/./Home/Public/Base/common.html) [<a href='function.file-get-contents'>function.file-get-contents</a>]: failed to open stream: No such file or directory D:\php\Code\MoeGirl_Q-A\ThinkPHP\Library\Think\Template.class.php 第 696 行.
INFO: [ template_filter ] --START--
INFO: Run Behavior\ContentReplaceBehavior [ RunTime:0.000283s ]
INFO: [ template_filter ] --END-- [ RunTime:0.001051s ]
INFO: Run Behavior\ParseTemplateBehavior [ RunTime:0.056077s ]
INFO: [ view_parse ] --END-- [ RunTime:0.056486s ]
INFO: [ view_filter ] --START--
INFO: Run Behavior\WriteHtmlCacheBehavior [ RunTime:0.003203s ]
INFO: [ view_filter ] --END-- [ RunTime:0.003559s ]
INFO: [ app_end ] --START--
INFO: Run Behavior\ShowPageTraceBehavior [ RunTime:0.004427s ]
INFO: [ app_end ] --END-- [ RunTime:0.004680s ]

[ 2015-02-27T17:31:17+08:00 ] 127.0.0.1 /User/Setting
INFO: [ app_init ] --START--
INFO: Run Behavior\BuildLiteBehavior [ RunTime:0.000315s ]
INFO: [ app_init ] --END-- [ RunTime:0.006675s ]
INFO: [ app_begin ] --START--
INFO: Run Behavior\ReadHtmlCacheBehavior [ RunTime:0.003197s ]
INFO: [ app_begin ] --END-- [ RunTime:0.003624s ]
INFO: [ view_parse ] --START--
INFO: [ template_filter ] --START--
INFO: Run Behavior\ContentReplaceBehavior [ RunTime:0.000114s ]
INFO: [ template_filter ] --END-- [ RunTime:0.000386s ]
INFO: Run Behavior\ParseTemplateBehavior [ RunTime:0.065901s ]
INFO: [ view_parse ] --END-- [ RunTime:0.066637s ]
INFO: [ view_filter ] --START--
INFO: Run Behavior\WriteHtmlCacheBehavior [ RunTime:0.002055s ]
INFO: [ view_filter ] --END-- [ RunTime:0.002846s ]
INFO: [ app_end ] --START--
INFO: Run Behavior\ShowPageTraceBehavior [ RunTime:0.008740s ]
INFO: [ app_end ] --END-- [ RunTime:0.009057s ]

[ 2015-02-27T17:31:33+08:00 ] 127.0.0.1 /User/Setting
INFO: [ app_init ] --START--
INFO: Run Behavior\BuildLiteBehavior [ RunTime:0.000163s ]
INFO: [ app_init ] --END-- [ RunTime:0.005207s ]
INFO: [ app_begin ] --START--
INFO: Run Behavior\ReadHtmlCacheBehavior [ RunTime:0.005418s ]
INFO: [ app_begin ] --END-- [ RunTime:0.005993s ]
INFO: [ view_parse ] --START--
NOTIC: [2] file_get_contents(./Application/User/View/./Home/Base/common.html) [<a href='function.file-get-contents'>function.file-get-contents</a>]: failed to open stream: No such file or directory D:\php\Code\MoeGirl_Q-A\ThinkPHP\Library\Think\Template.class.php 第 696 行.
INFO: [ template_filter ] --START--
INFO: Run Behavior\ContentReplaceBehavior [ RunTime:0.000310s ]
INFO: [ template_filter ] --END-- [ RunTime:0.000793s ]
INFO: Run Behavior\ParseTemplateBehavior [ RunTime:0.059573s ]
INFO: [ view_parse ] --END-- [ RunTime:0.060562s ]
INFO: [ view_filter ] --START--
INFO: Run Behavior\WriteHtmlCacheBehavior [ RunTime:0.003643s ]
INFO: [ view_filter ] --END-- [ RunTime:0.004190s ]
INFO: [ app_end ] --START--
INFO: Run Behavior\ShowPageTraceBehavior [ RunTime:0.006242s ]
INFO: [ app_end ] --END-- [ RunTime:0.006693s ]

[ 2015-02-27T17:31:35+08:00 ] 127.0.0.1 /User/Setting
INFO: [ app_init ] --START--
INFO: Run Behavior\BuildLiteBehavior [ RunTime:0.000043s ]
INFO: [ app_init ] --END-- [ RunTime:0.001017s ]
INFO: [ app_begin ] --START--
INFO: Run Behavior\ReadHtmlCacheBehavior [ RunTime:0.002731s ]
INFO: [ app_begin ] --END-- [ RunTime:0.003120s ]
INFO: [ view_parse ] --START--
NOTIC: [2] file_get_contents(./Application/User/View/./Home/Base/common.html) [<a href='function.file-get-contents'>function.file-get-contents</a>]: failed to open stream: No such file or directory D:\php\Code\MoeGirl_Q-A\ThinkPHP\Library\Think\Template.class.php 第 696 行.
INFO: [ template_filter ] --START--
INFO: Run Behavior\ContentReplaceBehavior [ RunTime:0.000093s ]
INFO: [ template_filter ] --END-- [ RunTime:0.000278s ]
INFO: Run Behavior\ParseTemplateBehavior [ RunTime:0.024211s ]
INFO: [ view_parse ] --END-- [ RunTime:0.024473s ]
INFO: [ view_filter ] --START--
INFO: Run Behavior\WriteHtmlCacheBehavior [ RunTime:0.001972s ]
INFO: [ view_filter ] --END-- [ RunTime:0.002353s ]
INFO: [ app_end ] --START--
INFO: Run Behavior\ShowPageTraceBehavior [ RunTime:0.002409s ]
INFO: [ app_end ] --END-- [ RunTime:0.002704s ]

[ 2015-02-27T17:31:36+08:00 ] 127.0.0.1 /User/Setting
INFO: [ app_init ] --START--
INFO: Run Behavior\BuildLiteBehavior [ RunTime:0.000043s ]
INFO: [ app_init ] --END-- [ RunTime:0.000971s ]
INFO: [ app_begin ] --START--
INFO: Run Behavior\ReadHtmlCacheBehavior [ RunTime:0.004566s ]
INFO: [ app_begin ] --END-- [ RunTime:0.004843s ]
INFO: [ view_parse ] --START--
NOTIC: [2] file_get_contents(./Application/User/View/./Home/Base/common.html) [<a href='function.file-get-contents'>function.file-get-contents</a>]: failed to open stream: No such file or directory D:\php\Code\MoeGirl_Q-A\ThinkPHP\Library\Think\Template.class.php 第 696 行.
INFO: [ template_filter ] --START--
INFO: Run Behavior\ContentReplaceBehavior [ RunTime:0.000147s ]
INFO: [ template_filter ] --END-- [ RunTime:0.000742s ]
INFO: Run Behavior\ParseTemplateBehavior [ RunTime:0.032238s ]
INFO: [ view_parse ] --END-- [ RunTime:0.032582s ]
INFO: [ view_filter ] --START--
INFO: Run Behavior\WriteHtmlCacheBehavior [ RunTime:0.001124s ]
INFO: [ view_filter ] --END-- [ RunTime:0.001270s ]
INFO: [ app_end ] --START--
INFO: Run Behavior\ShowPageTraceBehavior [ RunTime:0.001612s ]
INFO: [ app_end ] --END-- [ RunTime:0.001757s ]

[ 2015-02-27T17:31:55+08:00 ] 127.0.0.1 /User/Setting
INFO: [ app_init ] --START--
INFO: Run Behavior\BuildLiteBehavior [ RunTime:0.000195s ]
INFO: [ app_init ] --END-- [ RunTime:0.002564s ]
INFO: [ app_begin ] --START--
INFO: Run Behavior\ReadHtmlCacheBehavior [ RunTime:0.002543s ]
INFO: [ app_begin ] --END-- [ RunTime:0.002954s ]
INFO: [ view_parse ] --START--
NOTIC: [2] file_get_contents(./Home/Base/common.html) [<a href='function.file-get-contents'>function.file-get-contents</a>]: failed to open stream: No such file or directory D:\php\Code\MoeGirl_Q-A\ThinkPHP\Library\Think\Template.class.php 第 696 行.
INFO: [ template_filter ] --START--
INFO: Run Behavior\ContentReplaceBehavior [ RunTime:0.000160s ]
INFO: [ template_filter ] --END-- [ RunTime:0.000731s ]
INFO: Run Behavior\ParseTemplateBehavior [ RunTime:0.056868s ]
INFO: [ view_parse ] --END-- [ RunTime:0.057669s ]
INFO: [ view_filter ] --START--
INFO: Run Behavior\WriteHtmlCacheBehavior [ RunTime:0.005167s ]
INFO: [ view_filter ] --END-- [ RunTime:0.005414s ]
INFO: [ app_end ] --START--
INFO: Run Behavior\ShowPageTraceBehavior [ RunTime:0.005257s ]
INFO: [ app_end ] --END-- [ RunTime:0.005728s ]

[ 2015-02-27T17:50:46+08:00 ] 127.0.0.1 /User/Setting
INFO: [ app_init ] --START--
INFO: Run Behavior\BuildLiteBehavior [ RunTime:0.000067s ]
INFO: [ app_init ] --END-- [ RunTime:0.001758s ]
INFO: [ app_begin ] --START--
INFO: Run Behavior\ReadHtmlCacheBehavior [ RunTime:0.003486s ]
INFO: [ app_begin ] --END-- [ RunTime:0.003841s ]
INFO: [ view_parse ] --START--
NOTIC: [2] file_get_contents(./Home/View/Base/common.html) [<a href='function.file-get-contents'>function.file-get-contents</a>]: failed to open stream: No such file or directory D:\php\Code\MoeGirl_Q-A\ThinkPHP\Library\Think\Template.class.php 第 696 行.
INFO: [ template_filter ] --START--
INFO: Run Behavior\ContentReplaceBehavior [ RunTime:0.000301s ]
INFO: [ template_filter ] --END-- [ RunTime:0.000988s ]
INFO: Run Behavior\ParseTemplateBehavior [ RunTime:0.040577s ]
INFO: [ view_parse ] --END-- [ RunTime:0.040958s ]
INFO: [ view_filter ] --START--
INFO: Run Behavior\WriteHtmlCacheBehavior [ RunTime:0.002240s ]
INFO: [ view_filter ] --END-- [ RunTime:0.002590s ]
INFO: [ app_end ] --START--
INFO: Run Behavior\ShowPageTraceBehavior [ RunTime:0.005759s ]
INFO: [ app_end ] --END-- [ RunTime:0.006205s ]

[ 2015-02-27T17:51:07+08:00 ] 127.0.0.1 /User/Setting
INFO: [ app_init ] --START--
INFO: Run Behavior\BuildLiteBehavior [ RunTime:0.000064s ]
INFO: [ app_init ] --END-- [ RunTime:0.001091s ]
INFO: [ app_begin ] --START--
INFO: Run Behavior\ReadHtmlCacheBehavior [ RunTime:0.001692s ]
INFO: [ app_begin ] --END-- [ RunTime:0.001891s ]
INFO: [ view_parse ] --START--
NOTIC: [2] file_get_contents(./Appliction/Home/View/Base/common.html) [<a href='function.file-get-contents'>function.file-get-contents</a>]: failed to open stream: No such file or directory D:\php\Code\MoeGirl_Q-A\ThinkPHP\Library\Think\Template.class.php 第 696 行.
INFO: [ template_filter ] --START--
INFO: Run Behavior\ContentReplaceBehavior [ RunTime:0.000138s ]
INFO: [ template_filter ] --END-- [ RunTime:0.000386s ]
INFO: Run Behavior\ParseTemplateBehavior [ RunTime:0.025426s ]
INFO: [ view_parse ] --END-- [ RunTime:0.025653s ]
INFO: [ view_filter ] --START--
INFO: Run Behavior\WriteHtmlCacheBehavior [ RunTime:0.001349s ]
INFO: [ view_filter ] --END-- [ RunTime:0.001531s ]
INFO: [ app_end ] --START--
INFO: Run Behavior\ShowPageTraceBehavior [ RunTime:0.002512s ]
INFO: [ app_end ] --END-- [ RunTime:0.002752s ]

[ 2015-02-27T18:02:57+08:00 ] 127.0.0.1 /User/Setting
INFO: [ app_init ] --START--
INFO: Run Behavior\BuildLiteBehavior [ RunTime:0.000045s ]
INFO: [ app_init ] --END-- [ RunTime:0.001367s ]
INFO: [ app_begin ] --START--
INFO: Run Behavior\ReadHtmlCacheBehavior [ RunTime:0.001788s ]
INFO: [ app_begin ] --END-- [ RunTime:0.002006s ]
INFO: [ view_parse ] --START--
NOTIC: [2] file_get_contents(/Appliction/Home/View/Base/common.html) [<a href='function.file-get-contents'>function.file-get-contents</a>]: failed to open stream: No such file or directory D:\php\Code\MoeGirl_Q-A\ThinkPHP\Library\Think\Template.class.php 第 696 行.
INFO: [ template_filter ] --START--
INFO: Run Behavior\ContentReplaceBehavior [ RunTime:0.000155s ]
INFO: [ template_filter ] --END-- [ RunTime:0.000423s ]
INFO: Run Behavior\ParseTemplateBehavior [ RunTime:0.019526s ]
INFO: [ view_parse ] --END-- [ RunTime:0.019819s ]
INFO: [ view_filter ] --START--
INFO: Run Behavior\WriteHtmlCacheBehavior [ RunTime:0.001661s ]
INFO: [ view_filter ] --END-- [ RunTime:0.002041s ]
INFO: [ app_end ] --START--
INFO: Run Behavior\ShowPageTraceBehavior [ RunTime:0.002512s ]
INFO: [ app_end ] --END-- [ RunTime:0.002715s ]

[ 2015-02-27T18:03:03+08:00 ] 127.0.0.1 /User/Setting
INFO: [ app_init ] --START--
INFO: Run Behavior\BuildLiteBehavior [ RunTime:0.000184s ]
INFO: [ app_init ] --END-- [ RunTime:0.002363s ]
INFO: [ app_begin ] --START--
INFO: Run Behavior\ReadHtmlCacheBehavior [ RunTime:0.002472s ]
INFO: [ app_begin ] --END-- [ RunTime:0.002825s ]
INFO: [ view_parse ] --START--
NOTIC: [2] file_get_contents(Appliction/Home/View/Base/common.html) [<a href='function.file-get-contents'>function.file-get-contents</a>]: failed to open stream: No such file or directory D:\php\Code\MoeGirl_Q-A\ThinkPHP\Library\Think\Template.class.php 第 696 行.
INFO: [ template_filter ] --START--
INFO: Run Behavior\ContentReplaceBehavior [ RunTime:0.000165s ]
INFO: [ template_filter ] --END-- [ RunTime:0.000451s ]
INFO: Run Behavior\ParseTemplateBehavior [ RunTime:0.021735s ]
INFO: [ view_parse ] --END-- [ RunTime:0.022092s ]
INFO: [ view_filter ] --START--
INFO: Run Behavior\WriteHtmlCacheBehavior [ RunTime:0.002289s ]
INFO: [ view_filter ] --END-- [ RunTime:0.002631s ]
INFO: [ app_end ] --START--
INFO: Run Behavior\ShowPageTraceBehavior [ RunTime:0.003600s ]
INFO: [ app_end ] --END-- [ RunTime:0.003887s ]

[ 2015-02-27T18:04:33+08:00 ] 127.0.0.1 /User/Setting
INFO: [ app_init ] --START--
INFO: Run Behavior\BuildLiteBehavior [ RunTime:0.000086s ]
INFO: [ app_init ] --END-- [ RunTime:0.001834s ]
INFO: [ app_begin ] --START--
INFO: Run Behavior\ReadHtmlCacheBehavior [ RunTime:0.002498s ]
INFO: [ app_begin ] --END-- [ RunTime:0.002879s ]
INFO: [ view_parse ] --START--
NOTIC: [2] file_get_contents(/Application/Home/View/Base/common.html) [<a href='function.file-get-contents'>function.file-get-contents</a>]: failed to open stream: No such file or directory D:\php\Code\MoeGirl_Q-A\ThinkPHP\Library\Think\Template.class.php 第 696 行.
INFO: [ template_filter ] --START--
INFO: Run Behavior\ContentReplaceBehavior [ RunTime:0.000224s ]
INFO: [ template_filter ] --END-- [ RunTime:0.000676s ]
INFO: Run Behavior\ParseTemplateBehavior [ RunTime:0.026150s ]
INFO: [ view_parse ] --END-- [ RunTime:0.026529s ]
INFO: [ view_filter ] --START--
INFO: Run Behavior\WriteHtmlCacheBehavior [ RunTime:0.001750s ]
INFO: [ view_filter ] --END-- [ RunTime:0.001913s ]
INFO: [ app_end ] --START--
INFO: Run Behavior\ShowPageTraceBehavior [ RunTime:0.002737s ]
INFO: [ app_end ] --END-- [ RunTime:0.002918s ]

[ 2015-02-27T18:04:50+08:00 ] 127.0.0.1 /User/Setting
INFO: [ app_init ] --START--
INFO: Run Behavior\BuildLiteBehavior [ RunTime:0.000056s ]
INFO: [ app_init ] --END-- [ RunTime:0.001028s ]
INFO: [ app_begin ] --START--
INFO: Run Behavior\ReadHtmlCacheBehavior [ RunTime:0.001917s ]
INFO: [ app_begin ] --END-- [ RunTime:0.002134s ]
INFO: [ view_parse ] --START--
NOTIC: [2] file_get_contents(./Application/User/View/Public/head.html) [<a href='function.file-get-contents'>function.file-get-contents</a>]: failed to open stream: No such file or directory D:\php\Code\MoeGirl_Q-A\ThinkPHP\Library\Think\Template.class.php 第 696 行.
NOTIC: [2] file_get_contents(./Application/User/View/Public/header.html) [<a href='function.file-get-contents'>function.file-get-contents</a>]: failed to open stream: No such file or directory D:\php\Code\MoeGirl_Q-A\ThinkPHP\Library\Think\Template.class.php 第 696 行.
NOTIC: [2] file_get_contents(./Application/User/View/Public/body.html) [<a href='function.file-get-contents'>function.file-get-contents</a>]: failed to open stream: No such file or directory D:\php\Code\MoeGirl_Q-A\ThinkPHP\Library\Think\Template.class.php 第 696 行.
NOTIC: [2] file_get_contents(./Application/User/View/Public/footer.html) [<a href='function.file-get-contents'>function.file-get-contents</a>]: failed to open stream: No such file or directory D:\php\Code\MoeGirl_Q-A\ThinkPHP\Library\Think\Template.class.php 第 696 行.
INFO: [ template_filter ] --START--
INFO: Run Behavior\ContentReplaceBehavior [ RunTime:0.000134s ]
INFO: [ template_filter ] --END-- [ RunTime:0.000360s ]
SQL: SHOW COLUMNS FROM `mgqa_user_login` [ RunTime:0.047339s ]
INFO: Run Behavior\ParseTemplateBehavior [ RunTime:0.140399s ]
INFO: [ view_parse ] --END-- [ RunTime:0.140662s ]
INFO: [ view_filter ] --START--
INFO: Run Behavior\WriteHtmlCacheBehavior [ RunTime:0.002072s ]
INFO: [ view_filter ] --END-- [ RunTime:0.002337s ]
INFO: [ app_end ] --START--
INFO: Run Behavior\ShowPageTraceBehavior [ RunTime:0.003161s ]
INFO: [ app_end ] --END-- [ RunTime:0.003496s ]

[ 2015-02-27T18:06:37+08:00 ] 127.0.0.1 /User/Setting
INFO: [ app_init ] --START--
INFO: Run Behavior\BuildLiteBehavior [ RunTime:0.000049s ]
INFO: [ app_init ] --END-- [ RunTime:0.001048s ]
INFO: [ app_begin ] --START--
INFO: Run Behavior\ReadHtmlCacheBehavior [ RunTime:0.001601s ]
INFO: [ app_begin ] --END-- [ RunTime:0.001761s ]
INFO: [ view_parse ] --START--
NOTIC: [2] file_get_contents(../../Home/View/Base/common.html) [<a href='function.file-get-contents'>function.file-get-contents</a>]: failed to open stream: No such file or directory D:\php\Code\MoeGirl_Q-A\ThinkPHP\Library\Think\Template.class.php 第 696 行.
INFO: [ template_filter ] --START--
INFO: Run Behavior\ContentReplaceBehavior [ RunTime:0.000091s ]
INFO: [ template_filter ] --END-- [ RunTime:0.000269s ]
INFO: Run Behavior\ParseTemplateBehavior [ RunTime:0.018126s ]
INFO: [ view_parse ] --END-- [ RunTime:0.018310s ]
INFO: [ view_filter ] --START--
INFO: Run Behavior\WriteHtmlCacheBehavior [ RunTime:0.001583s ]
INFO: [ view_filter ] --END-- [ RunTime:0.001750s ]
INFO: [ app_end ] --START--
INFO: Run Behavior\ShowPageTraceBehavior [ RunTime:0.001662s ]
INFO: [ app_end ] --END-- [ RunTime:0.001816s ]

[ 2015-02-27T18:06:44+08:00 ] 127.0.0.1 /User/Setting
INFO: [ app_init ] --START--
INFO: Run Behavior\BuildLiteBehavior [ RunTime:0.000046s ]
INFO: [ app_init ] --END-- [ RunTime:0.001250s ]
INFO: [ app_begin ] --START--
INFO: Run Behavior\ReadHtmlCacheBehavior [ RunTime:0.003438s ]
INFO: [ app_begin ] --END-- [ RunTime:0.003942s ]
INFO: [ view_parse ] --START--
NOTIC: [2] file_get_contents(../../../Home/View/Base/common.html) [<a href='function.file-get-contents'>function.file-get-contents</a>]: failed to open stream: No such file or directory D:\php\Code\MoeGirl_Q-A\ThinkPHP\Library\Think\Template.class.php 第 696 行.
INFO: [ template_filter ] --START--
INFO: Run Behavior\ContentReplaceBehavior [ RunTime:0.000145s ]
INFO: [ template_filter ] --END-- [ RunTime:0.000403s ]
INFO: Run Behavior\ParseTemplateBehavior [ RunTime:0.025222s ]
INFO: [ view_parse ] --END-- [ RunTime:0.025546s ]
INFO: [ view_filter ] --START--
INFO: Run Behavior\WriteHtmlCacheBehavior [ RunTime:0.001879s ]
INFO: [ view_filter ] --END-- [ RunTime:0.002156s ]
INFO: [ app_end ] --START--
INFO: Run Behavior\ShowPageTraceBehavior [ RunTime:0.003741s ]
INFO: [ app_end ] --END-- [ RunTime:0.004172s ]

[ 2015-02-27T18:39:18+08:00 ] 127.0.0.1 /User/Setting
INFO: [ app_init ] --START--
INFO: Run Behavior\BuildLiteBehavior [ RunTime:0.000055s ]
INFO: [ app_init ] --END-- [ RunTime:0.001231s ]
INFO: [ app_begin ] --START--
INFO: Run Behavior\ReadHtmlCacheBehavior [ RunTime:0.003266s ]
INFO: [ app_begin ] --END-- [ RunTime:0.003539s ]

[ 2015-02-27T18:42:19+08:00 ] 127.0.0.1 /User/Setting
INFO: [ app_init ] --START--
INFO: Run Behavior\BuildLiteBehavior [ RunTime:0.000046s ]
INFO: [ app_init ] --END-- [ RunTime:0.001122s ]
INFO: [ app_begin ] --START--
INFO: Run Behavior\ReadHtmlCacheBehavior [ RunTime:0.004835s ]
INFO: [ app_begin ] --END-- [ RunTime:0.005282s ]
ERR: 无法加载控制器:Setting

