[ 2015-03-02T00:09:00+08:00 ] 127.0.0.1 /
INFO: [ app_init ] --START--
INFO: Run Behavior\BuildLiteBehavior [ RunTime:0.000033s ]
INFO: [ app_init ] --END-- [ RunTime:0.000898s ]
INFO: [ app_begin ] --START--
INFO: Run Behavior\ReadHtmlCacheBehavior [ RunTime:0.001377s ]
INFO: [ app_begin ] --END-- [ RunTime:0.001517s ]
INFO: [ view_parse ] --START--
INFO: [ template_filter ] --START--
INFO: Run Behavior\ContentReplaceBehavior [ RunTime:0.000126s ]
INFO: [ template_filter ] --END-- [ RunTime:0.000282s ]
SQL: SHOW COLUMNS FROM `mgqa_user` [ RunTime:0.020761s ]
SQL: SHOW COLUMNS FROM `mgqa_topic` [ RunTime:0.031753s ]
SQL: SELECT * FROM `mgqa_topic`  [ RunTime:0.000433s ]
INFO: Run Behavior\ParseTemplateBehavior [ RunTime:0.178957s ]
INFO: [ view_parse ] --END-- [ RunTime:0.179184s ]
INFO: [ view_filter ] --START--
INFO: Run Behavior\WriteHtmlCacheBehavior [ RunTime:0.001035s ]
INFO: [ view_filter ] --END-- [ RunTime:0.001181s ]
INFO: [ app_end ] --START--
INFO: Run Behavior\ShowPageTraceBehavior [ RunTime:0.001548s ]
INFO: [ app_end ] --END-- [ RunTime:0.001697s ]

[ 2015-03-02T00:09:07+08:00 ] 127.0.0.1 /Home/Find.html
INFO: [ app_init ] --START--
INFO: Run Behavior\BuildLiteBehavior [ RunTime:0.000019s ]
INFO: [ app_init ] --END-- [ RunTime:0.000394s ]
INFO: [ app_begin ] --START--
INFO: Run Behavior\ReadHtmlCacheBehavior [ RunTime:0.000639s ]
INFO: [ app_begin ] --END-- [ RunTime:0.000703s ]
SQL: SHOW COLUMNS FROM `mgqa_answer` [ RunTime:0.014238s ]
SQL: SELECT * FROM `mgqa_answer` WHERE ( 1425139747 < unix_timestamp(time) ) ORDER BY agree - unagree desc LIMIT 30   [ RunTime:0.014096s ]
SQL: SELECT * FROM `mgqa_answer` WHERE ( 1422634147 < unix_timestamp(time) ) ORDER BY agree - unagree desc LIMIT 30   [ RunTime:0.000513s ]
INFO: [ view_parse ] --START--
INFO: [ template_filter ] --START--
INFO: Run Behavior\ContentReplaceBehavior [ RunTime:0.000100s ]
INFO: [ template_filter ] --END-- [ RunTime:0.000177s ]
SQL: SHOW COLUMNS FROM `mgqa_user` [ RunTime:0.011038s ]
SQL: SHOW COLUMNS FROM `mgqa_topic` [ RunTime:0.018253s ]
SQL: SELECT * FROM `mgqa_topic`  [ RunTime:0.000333s ]
SQL: SHOW COLUMNS FROM `mgqa_answer_agree` [ RunTime:0.011632s ]
SQL: SELECT `is_agree` FROM `mgqa_answer_agree` WHERE ( answer_id=4 AND username="SmileC" ) LIMIT 1   [ RunTime:0.000326s ]
SQL: SELECT `is_agree` FROM `mgqa_answer_agree` WHERE ( answer_id=4 AND username="SmileC" ) LIMIT 1   [ RunTime:0.000218s ]
SQL: SHOW COLUMNS FROM `mgqa_question` [ RunTime:0.019687s ]
SQL: SELECT * FROM `mgqa_question` WHERE ( id=10 ) LIMIT 1   [ RunTime:0.000390s ]
SQL: SELECT `is_agree` FROM `mgqa_answer_agree` WHERE ( answer_id=5 AND username="SmileC" ) LIMIT 1   [ RunTime:0.000320s ]
SQL: SELECT `is_agree` FROM `mgqa_answer_agree` WHERE ( answer_id=5 AND username="SmileC" ) LIMIT 1   [ RunTime:0.000214s ]
SQL: SELECT * FROM `mgqa_question` WHERE ( id=11 ) LIMIT 1   [ RunTime:0.000241s ]
SQL: SELECT `is_agree` FROM `mgqa_answer_agree` WHERE ( answer_id=1 AND username="SmileC" ) LIMIT 1   [ RunTime:0.000230s ]
SQL: SELECT `is_agree` FROM `mgqa_answer_agree` WHERE ( answer_id=1 AND username="SmileC" ) LIMIT 1   [ RunTime:0.000219s ]
SQL: SELECT * FROM `mgqa_question` WHERE ( id=5 ) LIMIT 1   [ RunTime:0.000188s ]
SQL: SELECT `is_agree` FROM `mgqa_answer_agree` WHERE ( answer_id=2 AND username="SmileC" ) LIMIT 1   [ RunTime:0.000193s ]
SQL: SELECT `is_agree` FROM `mgqa_answer_agree` WHERE ( answer_id=2 AND username="SmileC" ) LIMIT 1   [ RunTime:0.000192s ]
SQL: SELECT * FROM `mgqa_question` WHERE ( id=3 ) LIMIT 1   [ RunTime:0.000183s ]
SQL: SELECT `is_agree` FROM `mgqa_answer_agree` WHERE ( answer_id=3 AND username="SmileC" ) LIMIT 1   [ RunTime:0.000193s ]
SQL: SELECT `is_agree` FROM `mgqa_answer_agree` WHERE ( answer_id=3 AND username="SmileC" ) LIMIT 1   [ RunTime:0.000191s ]
SQL: SELECT * FROM `mgqa_question` WHERE ( id=8 ) LIMIT 1   [ RunTime:0.000177s ]
SQL: SELECT `is_agree` FROM `mgqa_answer_agree` WHERE ( answer_id=6 AND username="SmileC" ) LIMIT 1   [ RunTime:0.000200s ]
SQL: SELECT `is_agree` FROM `mgqa_answer_agree` WHERE ( answer_id=6 AND username="SmileC" ) LIMIT 1   [ RunTime:0.000189s ]
SQL: SELECT * FROM `mgqa_question` WHERE ( id=12 ) LIMIT 1   [ RunTime:0.000202s ]
INFO: Run Behavior\ParseTemplateBehavior [ RunTime:0.132206s ]
INFO: [ view_parse ] --END-- [ RunTime:0.132314s ]
INFO: [ view_filter ] --START--
INFO: Run Behavior\WriteHtmlCacheBehavior [ RunTime:0.000598s ]
INFO: [ view_filter ] --END-- [ RunTime:0.000655s ]
INFO: [ app_end ] --START--
INFO: Run Behavior\ShowPageTraceBehavior [ RunTime:0.001183s ]
INFO: [ app_end ] --END-- [ RunTime:0.001315s ]

[ 2015-03-02T00:09:08+08:00 ] 127.0.0.1 /Home/Topic.html
INFO: [ app_init ] --START--
INFO: Run Behavior\BuildLiteBehavior [ RunTime:0.000018s ]
INFO: [ app_init ] --END-- [ RunTime:0.000425s ]
INFO: [ app_begin ] --START--
INFO: Run Behavior\ReadHtmlCacheBehavior [ RunTime:0.000679s ]
INFO: [ app_begin ] --END-- [ RunTime:0.000748s ]
SQL: SHOW COLUMNS FROM `mgqa_topic_follow` [ RunTime:0.009080s ]
SQL: SELECT * FROM `mgqa_topic_follow` WHERE ( username="SmileC" )  [ RunTime:0.000370s ]
INFO: [ view_parse ] --START--
INFO: [ template_filter ] --START--
INFO: Run Behavior\ContentReplaceBehavior [ RunTime:0.000075s ]
INFO: [ template_filter ] --END-- [ RunTime:0.000149s ]
SQL: SHOW COLUMNS FROM `mgqa_user` [ RunTime:0.007454s ]
SQL: SHOW COLUMNS FROM `mgqa_topic` [ RunTime:0.016234s ]
SQL: SELECT * FROM `mgqa_topic`  [ RunTime:0.000305s ]
SQL: SELECT * FROM `mgqa_topic` WHERE ( id=2 ) LIMIT 1   [ RunTime:0.000241s ]
SQL: SELECT * FROM `mgqa_topic` WHERE ( id=3 ) LIMIT 1   [ RunTime:0.000371s ]
INFO: Run Behavior\ParseTemplateBehavior [ RunTime:0.061273s ]
INFO: [ view_parse ] --END-- [ RunTime:0.061360s ]
INFO: [ view_filter ] --START--
INFO: Run Behavior\WriteHtmlCacheBehavior [ RunTime:0.000614s ]
INFO: [ view_filter ] --END-- [ RunTime:0.000764s ]
INFO: [ app_end ] --START--
INFO: Run Behavior\ShowPageTraceBehavior [ RunTime:0.001193s ]
INFO: [ app_end ] --END-- [ RunTime:0.001320s ]

[ 2015-03-02T00:09:08+08:00 ] 127.0.0.1 /Home/Find.html
INFO: [ app_init ] --START--
INFO: Run Behavior\BuildLiteBehavior [ RunTime:0.000022s ]
INFO: [ app_init ] --END-- [ RunTime:0.000841s ]
INFO: [ app_begin ] --START--
INFO: Run Behavior\ReadHtmlCacheBehavior [ RunTime:0.000749s ]
INFO: [ app_begin ] --END-- [ RunTime:0.000833s ]
SQL: SHOW COLUMNS FROM `mgqa_answer` [ RunTime:0.016382s ]
SQL: SELECT * FROM `mgqa_answer` WHERE ( 1425139748 < unix_timestamp(time) ) ORDER BY agree - unagree desc LIMIT 30   [ RunTime:0.000361s ]
SQL: SELECT * FROM `mgqa_answer` WHERE ( 1422634148 < unix_timestamp(time) ) ORDER BY agree - unagree desc LIMIT 30   [ RunTime:0.000314s ]
INFO: [ view_parse ] --START--
INFO: [ template_filter ] --START--
INFO: Run Behavior\ContentReplaceBehavior [ RunTime:0.000148s ]
INFO: [ template_filter ] --END-- [ RunTime:0.000221s ]
SQL: SHOW COLUMNS FROM `mgqa_user` [ RunTime:0.010028s ]
SQL: SHOW COLUMNS FROM `mgqa_topic` [ RunTime:0.020119s ]
SQL: SELECT * FROM `mgqa_topic`  [ RunTime:0.000304s ]
SQL: SHOW COLUMNS FROM `mgqa_answer_agree` [ RunTime:0.010261s ]
SQL: SELECT `is_agree` FROM `mgqa_answer_agree` WHERE ( answer_id=4 AND username="SmileC" ) LIMIT 1   [ RunTime:0.000338s ]
SQL: SELECT `is_agree` FROM `mgqa_answer_agree` WHERE ( answer_id=4 AND username="SmileC" ) LIMIT 1   [ RunTime:0.000224s ]
SQL: SHOW COLUMNS FROM `mgqa_question` [ RunTime:0.022409s ]
SQL: SELECT * FROM `mgqa_question` WHERE ( id=10 ) LIMIT 1   [ RunTime:0.000303s ]
SQL: SELECT `is_agree` FROM `mgqa_answer_agree` WHERE ( answer_id=5 AND username="SmileC" ) LIMIT 1   [ RunTime:0.000270s ]
SQL: SELECT `is_agree` FROM `mgqa_answer_agree` WHERE ( answer_id=5 AND username="SmileC" ) LIMIT 1   [ RunTime:0.000194s ]
SQL: SELECT * FROM `mgqa_question` WHERE ( id=11 ) LIMIT 1   [ RunTime:0.000210s ]
SQL: SELECT `is_agree` FROM `mgqa_answer_agree` WHERE ( answer_id=1 AND username="SmileC" ) LIMIT 1   [ RunTime:0.000172s ]
SQL: SELECT `is_agree` FROM `mgqa_answer_agree` WHERE ( answer_id=1 AND username="SmileC" ) LIMIT 1   [ RunTime:0.000167s ]
SQL: SELECT * FROM `mgqa_question` WHERE ( id=5 ) LIMIT 1   [ RunTime:0.000184s ]
SQL: SELECT `is_agree` FROM `mgqa_answer_agree` WHERE ( answer_id=2 AND username="SmileC" ) LIMIT 1   [ RunTime:0.000236s ]
SQL: SELECT `is_agree` FROM `mgqa_answer_agree` WHERE ( answer_id=2 AND username="SmileC" ) LIMIT 1   [ RunTime:0.000204s ]
SQL: SELECT * FROM `mgqa_question` WHERE ( id=3 ) LIMIT 1   [ RunTime:0.000185s ]
SQL: SELECT `is_agree` FROM `mgqa_answer_agree` WHERE ( answer_id=3 AND username="SmileC" ) LIMIT 1   [ RunTime:0.000193s ]
SQL: SELECT `is_agree` FROM `mgqa_answer_agree` WHERE ( answer_id=3 AND username="SmileC" ) LIMIT 1   [ RunTime:0.000191s ]
SQL: SELECT * FROM `mgqa_question` WHERE ( id=8 ) LIMIT 1   [ RunTime:0.000165s ]
SQL: SELECT `is_agree` FROM `mgqa_answer_agree` WHERE ( answer_id=6 AND username="SmileC" ) LIMIT 1   [ RunTime:0.000231s ]
SQL: SELECT `is_agree` FROM `mgqa_answer_agree` WHERE ( answer_id=6 AND username="SmileC" ) LIMIT 1   [ RunTime:0.000195s ]
SQL: SELECT * FROM `mgqa_question` WHERE ( id=12 ) LIMIT 1   [ RunTime:0.000244s ]
INFO: Run Behavior\ParseTemplateBehavior [ RunTime:0.116600s ]
INFO: [ view_parse ] --END-- [ RunTime:0.116678s ]
INFO: [ view_filter ] --START--
INFO: Run Behavior\WriteHtmlCacheBehavior [ RunTime:0.000645s ]
INFO: [ view_filter ] --END-- [ RunTime:0.000706s ]
INFO: [ app_end ] --START--
INFO: Run Behavior\ShowPageTraceBehavior [ RunTime:0.001007s ]
INFO: [ app_end ] --END-- [ RunTime:0.001124s ]

[ 2015-03-02T00:09:11+08:00 ] 127.0.0.1 /Home/Find.html
INFO: [ app_init ] --START--
INFO: Run Behavior\BuildLiteBehavior [ RunTime:0.000017s ]
INFO: [ app_init ] --END-- [ RunTime:0.000427s ]
INFO: [ app_begin ] --START--
INFO: Run Behavior\ReadHtmlCacheBehavior [ RunTime:0.000654s ]
INFO: [ app_begin ] --END-- [ RunTime:0.000727s ]
SQL: SHOW COLUMNS FROM `mgqa_answer` [ RunTime:0.016611s ]
SQL: SELECT * FROM `mgqa_answer` WHERE ( 1425139751 < unix_timestamp(time) ) ORDER BY agree - unagree desc LIMIT 30   [ RunTime:0.000377s ]
SQL: SELECT * FROM `mgqa_answer` WHERE ( 1422634151 < unix_timestamp(time) ) ORDER BY agree - unagree desc LIMIT 30   [ RunTime:0.000369s ]
INFO: [ view_parse ] --START--
INFO: [ template_filter ] --START--
INFO: Run Behavior\ContentReplaceBehavior [ RunTime:0.000330s ]
INFO: [ template_filter ] --END-- [ RunTime:0.000463s ]
SQL: SHOW COLUMNS FROM `mgqa_user` [ RunTime:0.013941s ]
SQL: SHOW COLUMNS FROM `mgqa_topic` [ RunTime:0.020481s ]
SQL: SELECT * FROM `mgqa_topic`  [ RunTime:0.000289s ]
SQL: SHOW COLUMNS FROM `mgqa_answer_agree` [ RunTime:0.016387s ]
SQL: SELECT `is_agree` FROM `mgqa_answer_agree` WHERE ( answer_id=4 AND username="SmileC" ) LIMIT 1   [ RunTime:0.000336s ]
SQL: SELECT `is_agree` FROM `mgqa_answer_agree` WHERE ( answer_id=4 AND username="SmileC" ) LIMIT 1   [ RunTime:0.000205s ]
SQL: SHOW COLUMNS FROM `mgqa_question` [ RunTime:0.026983s ]
SQL: SELECT * FROM `mgqa_question` WHERE ( id=10 ) LIMIT 1   [ RunTime:0.000293s ]
SQL: SELECT `is_agree` FROM `mgqa_answer_agree` WHERE ( answer_id=5 AND username="SmileC" ) LIMIT 1   [ RunTime:0.000218s ]
SQL: SELECT `is_agree` FROM `mgqa_answer_agree` WHERE ( answer_id=5 AND username="SmileC" ) LIMIT 1   [ RunTime:0.000208s ]
SQL: SELECT * FROM `mgqa_question` WHERE ( id=11 ) LIMIT 1   [ RunTime:0.000211s ]
SQL: SELECT `is_agree` FROM `mgqa_answer_agree` WHERE ( answer_id=1 AND username="SmileC" ) LIMIT 1   [ RunTime:0.000214s ]
SQL: SELECT `is_agree` FROM `mgqa_answer_agree` WHERE ( answer_id=1 AND username="SmileC" ) LIMIT 1   [ RunTime:0.000162s ]
SQL: SELECT * FROM `mgqa_question` WHERE ( id=5 ) LIMIT 1   [ RunTime:0.000172s ]
SQL: SELECT `is_agree` FROM `mgqa_answer_agree` WHERE ( answer_id=2 AND username="SmileC" ) LIMIT 1   [ RunTime:0.000289s ]
SQL: SELECT `is_agree` FROM `mgqa_answer_agree` WHERE ( answer_id=2 AND username="SmileC" ) LIMIT 1   [ RunTime:0.000244s ]
SQL: SELECT * FROM `mgqa_question` WHERE ( id=3 ) LIMIT 1   [ RunTime:0.000170s ]
SQL: SELECT `is_agree` FROM `mgqa_answer_agree` WHERE ( answer_id=3 AND username="SmileC" ) LIMIT 1   [ RunTime:0.000178s ]
SQL: SELECT `is_agree` FROM `mgqa_answer_agree` WHERE ( answer_id=3 AND username="SmileC" ) LIMIT 1   [ RunTime:0.000199s ]
SQL: SELECT * FROM `mgqa_question` WHERE ( id=8 ) LIMIT 1   [ RunTime:0.000150s ]
SQL: SELECT `is_agree` FROM `mgqa_answer_agree` WHERE ( answer_id=6 AND username="SmileC" ) LIMIT 1   [ RunTime:0.000200s ]
SQL: SELECT `is_agree` FROM `mgqa_answer_agree` WHERE ( answer_id=6 AND username="SmileC" ) LIMIT 1   [ RunTime:0.000157s ]
SQL: SELECT * FROM `mgqa_question` WHERE ( id=12 ) LIMIT 1   [ RunTime:0.000208s ]
INFO: Run Behavior\ParseTemplateBehavior [ RunTime:0.139930s ]
INFO: [ view_parse ] --END-- [ RunTime:0.140029s ]
INFO: [ view_filter ] --START--
INFO: Run Behavior\WriteHtmlCacheBehavior [ RunTime:0.000624s ]
INFO: [ view_filter ] --END-- [ RunTime:0.000698s ]
INFO: [ app_end ] --START--
INFO: Run Behavior\ShowPageTraceBehavior [ RunTime:0.001156s ]
INFO: [ app_end ] --END-- [ RunTime:0.001285s ]

[ 2015-03-02T11:14:03+08:00 ] 127.0.0.1 /Home/People/SmileC.html
INFO: [ app_init ] --START--
INFO: Run Behavior\BuildLiteBehavior [ RunTime:0.000050s ]
INFO: [ app_init ] --END-- [ RunTime:0.007325s ]
INFO: [ app_begin ] --START--
INFO: Run Behavior\ReadHtmlCacheBehavior [ RunTime:0.007036s ]
INFO: [ app_begin ] --END-- [ RunTime:0.007170s ]
SQL: SHOW COLUMNS FROM `mgqa_user` [ RunTime:0.031588s ]
SQL: SELECT * FROM `mgqa_user` WHERE ( username="SmileC" ) LIMIT 1   [ RunTime:0.002336s ]
SQL: SHOW COLUMNS FROM `mgqa_follow` [ RunTime:0.030339s ]
SQL: SELECT * FROM `mgqa_follow` WHERE ( us1 = "SmileC" AND us2="SmileC" ) LIMIT 1   [ RunTime:0.000781s ]
SQL: SHOW COLUMNS FROM `mgqa_question` [ RunTime:0.050038s ]
SQL: SELECT COUNT(*) AS tp_count FROM `mgqa_question` WHERE ( username="SmileC" ) LIMIT 1   [ RunTime:0.001112s ]
SQL: SHOW COLUMNS FROM `mgqa_answer` [ RunTime:0.029052s ]
SQL: SELECT COUNT(*) AS tp_count FROM `mgqa_answer` WHERE ( username="SmileC" ) LIMIT 1   [ RunTime:0.000340s ]
SQL: SELECT * FROM `mgqa_question` WHERE ( username="SmileC" ) ORDER BY id desc LIMIT 3   [ RunTime:0.001114s ]
SQL: SELECT * FROM `mgqa_answer` WHERE ( username="SmileC" ) ORDER BY id desc LIMIT 3   [ RunTime:0.000448s ]
INFO: [ view_parse ] --START--
INFO: [ template_filter ] --START--
INFO: Run Behavior\ContentReplaceBehavior [ RunTime:0.000096s ]
INFO: [ template_filter ] --END-- [ RunTime:0.000173s ]
SQL: SHOW COLUMNS FROM `mgqa_user` [ RunTime:0.007311s ]
SQL: SHOW COLUMNS FROM `mgqa_topic` [ RunTime:0.035574s ]
SQL: SELECT * FROM `mgqa_topic`  [ RunTime:0.000331s ]
SQL: SELECT * FROM `mgqa_question` WHERE ( id=12 ) LIMIT 1   [ RunTime:0.000811s ]
SQL: SELECT * FROM `mgqa_question` WHERE ( id=11 ) LIMIT 1   [ RunTime:0.000286s ]
SQL: SELECT * FROM `mgqa_question` WHERE ( id=10 ) LIMIT 1   [ RunTime:0.000236s ]
NOTIC: [8] Undefined index: question_id D:\php\Code\MoeGirl_Q-A\Application\Runtime\Cache\Home\fc7a126913bcfb8906c258603de6080f.php 第 342 行.
NOTIC: [8] Undefined index: question_id D:\php\Code\MoeGirl_Q-A\Application\Runtime\Cache\Home\fc7a126913bcfb8906c258603de6080f.php 第 342 行.
NOTIC: [8] Undefined index: question_id D:\php\Code\MoeGirl_Q-A\Application\Runtime\Cache\Home\fc7a126913bcfb8906c258603de6080f.php 第 342 行.
INFO: Run Behavior\ParseTemplateBehavior [ RunTime:0.307497s ]
INFO: [ view_parse ] --END-- [ RunTime:0.307574s ]
INFO: [ view_filter ] --START--
INFO: Run Behavior\WriteHtmlCacheBehavior [ RunTime:0.017728s ]
INFO: [ view_filter ] --END-- [ RunTime:0.017810s ]
INFO: [ app_end ] --START--
INFO: Run Behavior\ShowPageTraceBehavior [ RunTime:0.008414s ]
INFO: [ app_end ] --END-- [ RunTime:0.008606s ]

[ 2015-03-02T11:41:07+08:00 ] 127.0.0.1 /
INFO: [ app_init ] --START--
INFO: Run Behavior\BuildLiteBehavior [ RunTime:0.000031s ]
INFO: [ app_init ] --END-- [ RunTime:0.001243s ]
INFO: [ app_begin ] --START--
INFO: Run Behavior\ReadHtmlCacheBehavior [ RunTime:0.000737s ]
INFO: [ app_begin ] --END-- [ RunTime:0.000839s ]
INFO: [ view_parse ] --START--
INFO: [ template_filter ] --START--
INFO: Run Behavior\ContentReplaceBehavior [ RunTime:0.000085s ]
INFO: [ template_filter ] --END-- [ RunTime:0.000173s ]
SQL: SHOW COLUMNS FROM `mgqa_user` [ RunTime:0.013766s ]
INFO: Run Behavior\ParseTemplateBehavior [ RunTime:0.081782s ]
INFO: [ view_parse ] --END-- [ RunTime:0.081917s ]
INFO: [ view_filter ] --START--
INFO: Run Behavior\WriteHtmlCacheBehavior [ RunTime:0.000786s ]
INFO: [ view_filter ] --END-- [ RunTime:0.000864s ]
INFO: [ app_end ] --START--
INFO: Run Behavior\ShowPageTraceBehavior [ RunTime:0.000953s ]
INFO: [ app_end ] --END-- [ RunTime:0.001070s ]

[ 2015-03-02T11:41:40+08:00 ] 127.0.0.1 /
INFO: [ app_init ] --START--
INFO: Run Behavior\BuildLiteBehavior [ RunTime:0.000049s ]
INFO: [ app_init ] --END-- [ RunTime:0.000968s ]
INFO: [ app_begin ] --START--
INFO: Run Behavior\ReadHtmlCacheBehavior [ RunTime:0.001582s ]
INFO: [ app_begin ] --END-- [ RunTime:0.001798s ]
INFO: [ view_parse ] --START--
INFO: [ template_filter ] --START--
INFO: Run Behavior\ContentReplaceBehavior [ RunTime:0.000137s ]
INFO: [ template_filter ] --END-- [ RunTime:0.000275s ]
SQL: SHOW COLUMNS FROM `mgqa_user` [ RunTime:0.009310s ]
SQL: SHOW COLUMNS FROM `mgqa_topic` [ RunTime:0.019478s ]
SQL: SELECT * FROM `mgqa_topic`  [ RunTime:0.000258s ]
INFO: Run Behavior\ParseTemplateBehavior [ RunTime:0.089178s ]
INFO: [ view_parse ] --END-- [ RunTime:0.089304s ]
INFO: [ view_filter ] --START--
INFO: Run Behavior\WriteHtmlCacheBehavior [ RunTime:0.000646s ]
INFO: [ view_filter ] --END-- [ RunTime:0.000715s ]
INFO: [ app_end ] --START--
INFO: Run Behavior\ShowPageTraceBehavior [ RunTime:0.001498s ]
INFO: [ app_end ] --END-- [ RunTime:0.001664s ]

[ 2015-03-02T11:41:44+08:00 ] 127.0.0.1 /Home/People/Testc.html
INFO: [ app_init ] --START--
INFO: Run Behavior\BuildLiteBehavior [ RunTime:0.000038s ]
INFO: [ app_init ] --END-- [ RunTime:0.002253s ]
INFO: [ app_begin ] --START--
INFO: Run Behavior\ReadHtmlCacheBehavior [ RunTime:0.000887s ]
INFO: [ app_begin ] --END-- [ RunTime:0.000975s ]
SQL: SHOW COLUMNS FROM `mgqa_user` [ RunTime:0.018190s ]
SQL: SELECT * FROM `mgqa_user` WHERE ( username="Testc" ) LIMIT 1   [ RunTime:0.000336s ]
SQL: SHOW COLUMNS FROM `mgqa_follow` [ RunTime:0.012915s ]
SQL: SELECT * FROM `mgqa_follow` WHERE ( us1 = "Testc" AND us2="Testc" ) LIMIT 1   [ RunTime:0.000425s ]
SQL: SHOW COLUMNS FROM `mgqa_question` [ RunTime:0.025428s ]
SQL: SELECT COUNT(*) AS tp_count FROM `mgqa_question` WHERE ( username="Testc" ) LIMIT 1   [ RunTime:0.000292s ]
SQL: SHOW COLUMNS FROM `mgqa_answer` [ RunTime:0.019949s ]
SQL: SELECT COUNT(*) AS tp_count FROM `mgqa_answer` WHERE ( username="Testc" ) LIMIT 1   [ RunTime:0.000480s ]
SQL: SELECT * FROM `mgqa_question` WHERE ( username="Testc" ) ORDER BY id desc LIMIT 3   [ RunTime:0.000338s ]
SQL: SELECT * FROM `mgqa_answer` WHERE ( username="Testc" ) ORDER BY id desc LIMIT 3   [ RunTime:0.000258s ]
INFO: [ view_parse ] --START--
INFO: [ template_filter ] --START--
INFO: Run Behavior\ContentReplaceBehavior [ RunTime:0.000117s ]
INFO: [ template_filter ] --END-- [ RunTime:0.000219s ]
SQL: SHOW COLUMNS FROM `mgqa_user` [ RunTime:0.008904s ]
SQL: SHOW COLUMNS FROM `mgqa_topic` [ RunTime:0.020826s ]
SQL: SELECT * FROM `mgqa_topic`  [ RunTime:0.000212s ]
NOTIC: [8] Undefined index: question_id D:\php\Code\MoeGirl_Q-A\Application\Runtime\Cache\Home\fc7a126913bcfb8906c258603de6080f.php 第 342 行.
INFO: Run Behavior\ParseTemplateBehavior [ RunTime:0.096854s ]
INFO: [ view_parse ] --END-- [ RunTime:0.096923s ]
INFO: [ view_filter ] --START--
INFO: Run Behavior\WriteHtmlCacheBehavior [ RunTime:0.000584s ]
INFO: [ view_filter ] --END-- [ RunTime:0.000642s ]
INFO: [ app_end ] --START--
INFO: Run Behavior\ShowPageTraceBehavior [ RunTime:0.001218s ]
INFO: [ app_end ] --END-- [ RunTime:0.001340s ]

[ 2015-03-02T11:41:52+08:00 ] 127.0.0.1 /Home/People/smilec
INFO: [ app_init ] --START--
INFO: Run Behavior\BuildLiteBehavior [ RunTime:0.000035s ]
INFO: [ app_init ] --END-- [ RunTime:0.000710s ]
INFO: [ app_begin ] --START--
INFO: Run Behavior\ReadHtmlCacheBehavior [ RunTime:0.001666s ]
INFO: [ app_begin ] --END-- [ RunTime:0.002105s ]
SQL: SHOW COLUMNS FROM `mgqa_user` [ RunTime:0.013079s ]
SQL: SELECT * FROM `mgqa_user` WHERE ( username="smilec" ) LIMIT 1   [ RunTime:0.000249s ]
SQL: SHOW COLUMNS FROM `mgqa_follow` [ RunTime:0.010454s ]
SQL: SELECT * FROM `mgqa_follow` WHERE ( us1 = "smilec" AND us2="Testc" ) LIMIT 1   [ RunTime:0.000295s ]
SQL: SHOW COLUMNS FROM `mgqa_question` [ RunTime:0.017811s ]
SQL: SELECT COUNT(*) AS tp_count FROM `mgqa_question` WHERE ( username="smilec" ) LIMIT 1   [ RunTime:0.000283s ]
SQL: SHOW COLUMNS FROM `mgqa_answer` [ RunTime:0.013818s ]
SQL: SELECT COUNT(*) AS tp_count FROM `mgqa_answer` WHERE ( username="smilec" ) LIMIT 1   [ RunTime:0.000257s ]
SQL: SELECT * FROM `mgqa_question` WHERE ( username="smilec" ) ORDER BY id desc LIMIT 3   [ RunTime:0.000305s ]
SQL: SELECT * FROM `mgqa_answer` WHERE ( username="smilec" ) ORDER BY id desc LIMIT 3   [ RunTime:0.000213s ]
INFO: [ view_parse ] --START--
INFO: [ template_filter ] --START--
INFO: Run Behavior\ContentReplaceBehavior [ RunTime:0.000112s ]
INFO: [ template_filter ] --END-- [ RunTime:0.000208s ]
SQL: SHOW COLUMNS FROM `mgqa_user` [ RunTime:0.006641s ]
SQL: SHOW COLUMNS FROM `mgqa_topic` [ RunTime:0.023195s ]
SQL: SELECT * FROM `mgqa_topic`  [ RunTime:0.000243s ]
SQL: SELECT * FROM `mgqa_question` WHERE ( id=12 ) LIMIT 1   [ RunTime:0.000261s ]
SQL: SELECT * FROM `mgqa_question` WHERE ( id=11 ) LIMIT 1   [ RunTime:0.000194s ]
SQL: SELECT * FROM `mgqa_question` WHERE ( id=10 ) LIMIT 1   [ RunTime:0.000188s ]
NOTIC: [8] Undefined index: question_id D:\php\Code\MoeGirl_Q-A\Application\Runtime\Cache\Home\fc7a126913bcfb8906c258603de6080f.php 第 342 行.
NOTIC: [8] Undefined index: question_id D:\php\Code\MoeGirl_Q-A\Application\Runtime\Cache\Home\fc7a126913bcfb8906c258603de6080f.php 第 342 行.
NOTIC: [8] Undefined index: question_id D:\php\Code\MoeGirl_Q-A\Application\Runtime\Cache\Home\fc7a126913bcfb8906c258603de6080f.php 第 342 行.
INFO: Run Behavior\ParseTemplateBehavior [ RunTime:0.077178s ]
INFO: [ view_parse ] --END-- [ RunTime:0.077247s ]
INFO: [ view_filter ] --START--
INFO: Run Behavior\WriteHtmlCacheBehavior [ RunTime:0.000654s ]
INFO: [ view_filter ] --END-- [ RunTime:0.000733s ]
INFO: [ app_end ] --START--
INFO: Run Behavior\ShowPageTraceBehavior [ RunTime:0.001833s ]
INFO: [ app_end ] --END-- [ RunTime:0.001974s ]

[ 2015-03-02T11:42:02+08:00 ] 127.0.0.1 /Home/User/follow.html
INFO: [ app_init ] --START--
INFO: Run Behavior\BuildLiteBehavior [ RunTime:0.000048s ]
INFO: [ app_init ] --END-- [ RunTime:0.000773s ]
INFO: [ app_begin ] --START--
INFO: Run Behavior\ReadHtmlCacheBehavior [ RunTime:0.000848s ]
INFO: [ app_begin ] --END-- [ RunTime:0.000950s ]
SQL: SHOW COLUMNS FROM `mgqa_follow` [ RunTime:0.019314s ]
SQL: SHOW COLUMNS FROM `mgqa_user` [ RunTime:0.014880s ]
SQL: SELECT `random` FROM `mgqa_user` WHERE ( username="Testc" ) LIMIT 1   [ RunTime:0.000287s ]
SQL: SELECT * FROM `mgqa_follow` WHERE ( us1 = "Testc" AND us2="SmileC" ) LIMIT 1   [ RunTime:0.000243s ]
SQL: UPDATE `mgqa_user` SET `follow`=follow-1 WHERE ( username="Testc" ) [ RunTime:0.062405s ]
SQL: UPDATE `mgqa_user` SET `fans`=fans-1 WHERE ( username="SmileC" ) [ RunTime:0.000392s ]
SQL: UPDATE `mgqa_follow` SET `us1`='Testc',`us2`='SmileC',`relation`=2 WHERE ( id=8 ) [ RunTime:0.000438s ]
INFO: [ app_end ] --START--
INFO: Run Behavior\ShowPageTraceBehavior [ RunTime:0.000972s ]
INFO: [ app_end ] --END-- [ RunTime:0.001071s ]

[ 2015-03-02T11:42:04+08:00 ] 127.0.0.1 /Home/People/smilec
INFO: [ app_init ] --START--
INFO: Run Behavior\BuildLiteBehavior [ RunTime:0.000017s ]
INFO: [ app_init ] --END-- [ RunTime:0.000389s ]
INFO: [ app_begin ] --START--
INFO: Run Behavior\ReadHtmlCacheBehavior [ RunTime:0.000686s ]
INFO: [ app_begin ] --END-- [ RunTime:0.000760s ]
SQL: SHOW COLUMNS FROM `mgqa_user` [ RunTime:0.012631s ]
SQL: SELECT * FROM `mgqa_user` WHERE ( username="smilec" ) LIMIT 1   [ RunTime:0.000265s ]
SQL: SHOW COLUMNS FROM `mgqa_follow` [ RunTime:0.012579s ]
SQL: SELECT * FROM `mgqa_follow` WHERE ( us1 = "smilec" AND us2="Testc" ) LIMIT 1   [ RunTime:0.000313s ]
SQL: SHOW COLUMNS FROM `mgqa_question` [ RunTime:0.025894s ]
SQL: SELECT COUNT(*) AS tp_count FROM `mgqa_question` WHERE ( username="smilec" ) LIMIT 1   [ RunTime:0.000340s ]
SQL: SHOW COLUMNS FROM `mgqa_answer` [ RunTime:0.014984s ]
SQL: SELECT COUNT(*) AS tp_count FROM `mgqa_answer` WHERE ( username="smilec" ) LIMIT 1   [ RunTime:0.000325s ]
SQL: SELECT * FROM `mgqa_question` WHERE ( username="smilec" ) ORDER BY id desc LIMIT 3   [ RunTime:0.000434s ]
SQL: SELECT * FROM `mgqa_answer` WHERE ( username="smilec" ) ORDER BY id desc LIMIT 3   [ RunTime:0.000237s ]
INFO: [ view_parse ] --START--
INFO: [ template_filter ] --START--
INFO: Run Behavior\ContentReplaceBehavior [ RunTime:0.000147s ]
INFO: [ template_filter ] --END-- [ RunTime:0.000272s ]
SQL: SHOW COLUMNS FROM `mgqa_user` [ RunTime:0.017409s ]
SQL: SHOW COLUMNS FROM `mgqa_topic` [ RunTime:0.035562s ]
SQL: SELECT * FROM `mgqa_topic`  [ RunTime:0.000420s ]
SQL: SELECT * FROM `mgqa_question` WHERE ( id=12 ) LIMIT 1   [ RunTime:0.000473s ]
SQL: SELECT * FROM `mgqa_question` WHERE ( id=11 ) LIMIT 1   [ RunTime:0.000423s ]
SQL: SELECT * FROM `mgqa_question` WHERE ( id=10 ) LIMIT 1   [ RunTime:0.000408s ]
NOTIC: [8] Undefined index: question_id D:\php\Code\MoeGirl_Q-A\Application\Runtime\Cache\Home\fc7a126913bcfb8906c258603de6080f.php 第 342 行.
NOTIC: [8] Undefined index: question_id D:\php\Code\MoeGirl_Q-A\Application\Runtime\Cache\Home\fc7a126913bcfb8906c258603de6080f.php 第 342 行.
NOTIC: [8] Undefined index: question_id D:\php\Code\MoeGirl_Q-A\Application\Runtime\Cache\Home\fc7a126913bcfb8906c258603de6080f.php 第 342 行.
INFO: Run Behavior\ParseTemplateBehavior [ RunTime:0.142191s ]
INFO: [ view_parse ] --END-- [ RunTime:0.142302s ]
INFO: [ view_filter ] --START--
INFO: Run Behavior\WriteHtmlCacheBehavior [ RunTime:0.000907s ]
INFO: [ view_filter ] --END-- [ RunTime:0.001022s ]
INFO: [ app_end ] --START--
INFO: Run Behavior\ShowPageTraceBehavior [ RunTime:0.001491s ]
INFO: [ app_end ] --END-- [ RunTime:0.001673s ]

[ 2015-03-02T11:42:06+08:00 ] 127.0.0.1 /Home/User/follow.html
INFO: [ app_init ] --START--
INFO: Run Behavior\BuildLiteBehavior [ RunTime:0.000034s ]
INFO: [ app_init ] --END-- [ RunTime:0.000606s ]
INFO: [ app_begin ] --START--
INFO: Run Behavior\ReadHtmlCacheBehavior [ RunTime:0.001042s ]
INFO: [ app_begin ] --END-- [ RunTime:0.001157s ]
SQL: SHOW COLUMNS FROM `mgqa_follow` [ RunTime:0.017283s ]
SQL: SHOW COLUMNS FROM `mgqa_user` [ RunTime:0.013261s ]
SQL: SELECT `random` FROM `mgqa_user` WHERE ( username="Testc" ) LIMIT 1   [ RunTime:0.000274s ]
SQL: SELECT * FROM `mgqa_follow` WHERE ( us1 = "Testc" AND us2="SmileC" ) LIMIT 1   [ RunTime:0.000244s ]
SQL: UPDATE `mgqa_user` SET `follow`=follow+1 WHERE ( username="Testc" ) [ RunTime:0.023429s ]
SQL: UPDATE `mgqa_user` SET `fans`=fans+1 WHERE ( username="SmileC" ) [ RunTime:0.000294s ]
SQL: UPDATE `mgqa_follow` SET `us1`='Testc',`us2`='SmileC',`relation`=3 WHERE ( id=8 ) [ RunTime:0.000234s ]
INFO: [ app_end ] --START--
INFO: Run Behavior\ShowPageTraceBehavior [ RunTime:0.000997s ]
INFO: [ app_end ] --END-- [ RunTime:0.001089s ]

[ 2015-03-02T11:42:07+08:00 ] 127.0.0.1 /Home/People/smilec
INFO: [ app_init ] --START--
INFO: Run Behavior\BuildLiteBehavior [ RunTime:0.000029s ]
INFO: [ app_init ] --END-- [ RunTime:0.000664s ]
INFO: [ app_begin ] --START--
INFO: Run Behavior\ReadHtmlCacheBehavior [ RunTime:0.001172s ]
INFO: [ app_begin ] --END-- [ RunTime:0.001371s ]
SQL: SHOW COLUMNS FROM `mgqa_user` [ RunTime:0.013368s ]
SQL: SELECT * FROM `mgqa_user` WHERE ( username="smilec" ) LIMIT 1   [ RunTime:0.000297s ]
SQL: SHOW COLUMNS FROM `mgqa_follow` [ RunTime:0.019342s ]
SQL: SELECT * FROM `mgqa_follow` WHERE ( us1 = "smilec" AND us2="Testc" ) LIMIT 1   [ RunTime:0.000349s ]
SQL: SHOW COLUMNS FROM `mgqa_question` [ RunTime:0.030481s ]
SQL: SELECT COUNT(*) AS tp_count FROM `mgqa_question` WHERE ( username="smilec" ) LIMIT 1   [ RunTime:0.000348s ]
SQL: SHOW COLUMNS FROM `mgqa_answer` [ RunTime:0.032057s ]
SQL: SELECT COUNT(*) AS tp_count FROM `mgqa_answer` WHERE ( username="smilec" ) LIMIT 1   [ RunTime:0.000370s ]
SQL: SELECT * FROM `mgqa_question` WHERE ( username="smilec" ) ORDER BY id desc LIMIT 3   [ RunTime:0.000568s ]
SQL: SELECT * FROM `mgqa_answer` WHERE ( username="smilec" ) ORDER BY id desc LIMIT 3   [ RunTime:0.000499s ]
INFO: [ view_parse ] --START--
INFO: [ template_filter ] --START--
INFO: Run Behavior\ContentReplaceBehavior [ RunTime:0.000352s ]
INFO: [ template_filter ] --END-- [ RunTime:0.000667s ]
SQL: SHOW COLUMNS FROM `mgqa_user` [ RunTime:0.008424s ]
SQL: SHOW COLUMNS FROM `mgqa_topic` [ RunTime:0.027201s ]
SQL: SELECT * FROM `mgqa_topic`  [ RunTime:0.000250s ]
SQL: SELECT * FROM `mgqa_question` WHERE ( id=12 ) LIMIT 1   [ RunTime:0.000324s ]
SQL: SELECT * FROM `mgqa_question` WHERE ( id=11 ) LIMIT 1   [ RunTime:0.000492s ]
SQL: SELECT * FROM `mgqa_question` WHERE ( id=10 ) LIMIT 1   [ RunTime:0.000327s ]
NOTIC: [8] Undefined index: question_id D:\php\Code\MoeGirl_Q-A\Application\Runtime\Cache\Home\fc7a126913bcfb8906c258603de6080f.php 第 342 行.
NOTIC: [8] Undefined index: question_id D:\php\Code\MoeGirl_Q-A\Application\Runtime\Cache\Home\fc7a126913bcfb8906c258603de6080f.php 第 342 行.
NOTIC: [8] Undefined index: question_id D:\php\Code\MoeGirl_Q-A\Application\Runtime\Cache\Home\fc7a126913bcfb8906c258603de6080f.php 第 342 行.
INFO: Run Behavior\ParseTemplateBehavior [ RunTime:0.164639s ]
INFO: [ view_parse ] --END-- [ RunTime:0.164753s ]
INFO: [ view_filter ] --START--
INFO: Run Behavior\WriteHtmlCacheBehavior [ RunTime:0.000842s ]
INFO: [ view_filter ] --END-- [ RunTime:0.000956s ]
INFO: [ app_end ] --START--
INFO: Run Behavior\ShowPageTraceBehavior [ RunTime:0.000769s ]
INFO: [ app_end ] --END-- [ RunTime:0.000836s ]

[ 2015-03-02T11:42:17+08:00 ] 127.0.0.1 /Home/Question/12/Answer/6.html
INFO: [ app_init ] --START--
INFO: Run Behavior\BuildLiteBehavior [ RunTime:0.000073s ]
INFO: [ app_init ] --END-- [ RunTime:0.001220s ]
INFO: [ app_begin ] --START--
INFO: Run Behavior\ReadHtmlCacheBehavior [ RunTime:0.001119s ]
INFO: [ app_begin ] --END-- [ RunTime:0.001257s ]
SQL: SHOW COLUMNS FROM `mgqa_question` [ RunTime:0.032985s ]
SQL: SELECT * FROM `mgqa_question` WHERE ( id=12 ) LIMIT 1   [ RunTime:0.000339s ]
SQL: SHOW COLUMNS FROM `mgqa_answer` [ RunTime:0.015937s ]
SQL: SELECT COUNT(*) AS tp_count FROM `mgqa_answer` WHERE ( question_id=12 ) LIMIT 1   [ RunTime:0.000297s ]
SQL: SHOW COLUMNS FROM `mgqa_question_user_status` [ RunTime:0.018821s ]
SQL: SELECT * FROM `mgqa_question_user_status` WHERE ( username="Testc" AND question_id=12 ) LIMIT 1   [ RunTime:0.000355s ]
SQL: SELECT * FROM `mgqa_answer` WHERE ( username="Testc" AND question_id=12 ) LIMIT 1   [ RunTime:0.000525s ]
SQL: SELECT * FROM `mgqa_answer` WHERE ( id=6 ) LIMIT 1   [ RunTime:0.000532s ]
INFO: [ view_parse ] --START--
INFO: [ template_filter ] --START--
INFO: Run Behavior\ContentReplaceBehavior [ RunTime:0.000274s ]
INFO: [ template_filter ] --END-- [ RunTime:0.000463s ]
SQL: SHOW COLUMNS FROM `mgqa_user` [ RunTime:0.009000s ]
SQL: SHOW COLUMNS FROM `mgqa_topic` [ RunTime:0.017986s ]
SQL: SELECT * FROM `mgqa_topic`  [ RunTime:0.000299s ]
SQL: SHOW COLUMNS FROM `mgqa_answer_agree` [ RunTime:0.024462s ]
SQL: SELECT `is_agree` FROM `mgqa_answer_agree` WHERE ( answer_id=6 AND username="Testc" ) LIMIT 1   [ RunTime:0.000279s ]
SQL: SELECT `is_agree` FROM `mgqa_answer_agree` WHERE ( answer_id=6 AND username="Testc" ) LIMIT 1   [ RunTime:0.000133s ]
INFO: Run Behavior\ParseTemplateBehavior [ RunTime:0.133614s ]
INFO: [ view_parse ] --END-- [ RunTime:0.133732s ]
INFO: [ view_filter ] --START--
INFO: Run Behavior\WriteHtmlCacheBehavior [ RunTime:0.000586s ]
INFO: [ view_filter ] --END-- [ RunTime:0.000645s ]
INFO: [ app_end ] --START--
INFO: Run Behavior\ShowPageTraceBehavior [ RunTime:0.001234s ]
INFO: [ app_end ] --END-- [ RunTime:0.001363s ]

[ 2015-03-02T11:43:28+08:00 ] 127.0.0.1 /Home/People/smilec
INFO: [ app_init ] --START--
INFO: Run Behavior\BuildLiteBehavior [ RunTime:0.000020s ]
INFO: [ app_init ] --END-- [ RunTime:0.000441s ]
INFO: [ app_begin ] --START--
INFO: Run Behavior\ReadHtmlCacheBehavior [ RunTime:0.000709s ]
INFO: [ app_begin ] --END-- [ RunTime:0.000784s ]
SQL: SHOW COLUMNS FROM `mgqa_user` [ RunTime:0.013194s ]
SQL: SELECT * FROM `mgqa_user` WHERE ( username="smilec" ) LIMIT 1   [ RunTime:0.000324s ]
SQL: SHOW COLUMNS FROM `mgqa_follow` [ RunTime:0.011131s ]
SQL: SELECT * FROM `mgqa_follow` WHERE ( us1 = "smilec" AND us2="Testc" ) LIMIT 1   [ RunTime:0.000387s ]
SQL: SHOW COLUMNS FROM `mgqa_question` [ RunTime:0.031758s ]
SQL: SELECT COUNT(*) AS tp_count FROM `mgqa_question` WHERE ( username="smilec" ) LIMIT 1   [ RunTime:0.000407s ]
SQL: SHOW COLUMNS FROM `mgqa_answer` [ RunTime:0.018471s ]
SQL: SELECT COUNT(*) AS tp_count FROM `mgqa_answer` WHERE ( username="smilec" ) LIMIT 1   [ RunTime:0.000343s ]
SQL: SELECT * FROM `mgqa_question` WHERE ( username="smilec" ) ORDER BY id desc LIMIT 3   [ RunTime:0.000671s ]
SQL: SELECT * FROM `mgqa_answer` WHERE ( username="smilec" ) ORDER BY id desc LIMIT 3   [ RunTime:0.000530s ]
INFO: [ view_parse ] --START--
INFO: [ template_filter ] --START--
INFO: Run Behavior\ContentReplaceBehavior [ RunTime:0.000150s ]
INFO: [ template_filter ] --END-- [ RunTime:0.000286s ]
SQL: SHOW COLUMNS FROM `mgqa_user` [ RunTime:0.016097s ]
SQL: SHOW COLUMNS FROM `mgqa_topic` [ RunTime:0.026999s ]
SQL: SELECT * FROM `mgqa_topic`  [ RunTime:0.000452s ]
SQL: SELECT * FROM `mgqa_question` WHERE ( id=12 ) LIMIT 1   [ RunTime:0.000440s ]
SQL: SELECT * FROM `mgqa_question` WHERE ( id=11 ) LIMIT 1   [ RunTime:0.000327s ]
SQL: SELECT * FROM `mgqa_question` WHERE ( id=10 ) LIMIT 1   [ RunTime:0.000224s ]
NOTIC: [8] Undefined index: question_id D:\php\Code\MoeGirl_Q-A\Application\Runtime\Cache\Home\fc7a126913bcfb8906c258603de6080f.php 第 342 行.
NOTIC: [8] Undefined index: question_id D:\php\Code\MoeGirl_Q-A\Application\Runtime\Cache\Home\fc7a126913bcfb8906c258603de6080f.php 第 342 行.
NOTIC: [8] Undefined index: question_id D:\php\Code\MoeGirl_Q-A\Application\Runtime\Cache\Home\fc7a126913bcfb8906c258603de6080f.php 第 342 行.
INFO: Run Behavior\ParseTemplateBehavior [ RunTime:0.121533s ]
INFO: [ view_parse ] --END-- [ RunTime:0.121628s ]
INFO: [ view_filter ] --START--
INFO: Run Behavior\WriteHtmlCacheBehavior [ RunTime:0.000597s ]
INFO: [ view_filter ] --END-- [ RunTime:0.000669s ]
INFO: [ app_end ] --START--
INFO: Run Behavior\ShowPageTraceBehavior [ RunTime:0.001414s ]
INFO: [ app_end ] --END-- [ RunTime:0.001579s ]

