[ 2015-03-10T00:06:41+08:00 ] 127.0.0.1 /index.php/Home/Question/get_question_content.html?qid=10
INFO: [ app_init ] --START--
INFO: Run Behavior\BuildLiteBehavior [ RunTime:0.000032s ]
INFO: [ app_init ] --END-- [ RunTime:0.000800s ]
INFO: [ app_begin ] --START--
INFO: Run Behavior\ReadHtmlCacheBehavior [ RunTime:0.001360s ]
INFO: [ app_begin ] --END-- [ RunTime:0.001522s ]
SQL: SHOW COLUMNS FROM `mgqa_question` [ RunTime:0.027120s ]
SQL: SELECT `content` FROM `mgqa_question` WHERE ( id=10 ) LIMIT 1   [ RunTime:0.036860s ]
INFO: [ app_end ] --START--
INFO: Run Behavior\ShowPageTraceBehavior [ RunTime:0.001257s ]
INFO: [ app_end ] --END-- [ RunTime:0.001374s ]

[ 2015-03-10T00:09:42+08:00 ] 127.0.0.1 /index.php/Home/Question/put_question.html
INFO: [ app_init ] --START--
INFO: Run Behavior\BuildLiteBehavior [ RunTime:0.000019s ]
INFO: [ app_init ] --END-- [ RunTime:0.000448s ]
INFO: [ app_begin ] --START--
INFO: Run Behavior\ReadHtmlCacheBehavior [ RunTime:0.001045s ]
INFO: [ app_begin ] --END-- [ RunTime:0.001173s ]
SQL: SHOW COLUMNS FROM `mgqa_question` [ RunTime:0.032372s ]
SQL: SHOW COLUMNS FROM `mgqa_user` [ RunTime:0.018208s ]
SQL: SELECT `random` FROM `mgqa_user` WHERE ( username="SmileC" ) LIMIT 1   [ RunTime:0.000555s ]
SQL: INSERT INTO `mgqa_question` (`username`,`title`,`content`,`anonymous`,`topic1`) VALUES ('SmileC','这是timeline推送的测试','',1,1) [ RunTime:0.030905s ]
SQL: SHOW COLUMNS FROM `mgqa_timeline` [ RunTime:0.017337s ]
SQL: SELECT `id` FROM `mgqa_timeline` WHERE `username` = 'SmileC' AND `mode` = 1 AND `project_id` = 14 AND `status` = 1 LIMIT 1   [ RunTime:0.000391s ]
SQL: INSERT INTO `mgqa_timeline` (`username`,`mode`,`project_id`,`status`) VALUES ('SmileC',1,14,1) [ RunTime:0.000332s ]
INFO: [ app_end ] --START--
INFO: Run Behavior\ShowPageTraceBehavior [ RunTime:0.001139s ]
INFO: [ app_end ] --END-- [ RunTime:0.001258s ]

[ 2015-03-10T00:09:42+08:00 ] 127.0.0.1 /index.php/Home/Question/14
INFO: [ app_init ] --START--
INFO: Run Behavior\BuildLiteBehavior [ RunTime:0.000034s ]
INFO: [ app_init ] --END-- [ RunTime:0.000679s ]
INFO: [ app_begin ] --START--
INFO: Run Behavior\ReadHtmlCacheBehavior [ RunTime:0.001197s ]
INFO: [ app_begin ] --END-- [ RunTime:0.001359s ]
SQL: SHOW COLUMNS FROM `mgqa_question` [ RunTime:0.022831s ]
SQL: SELECT * FROM `mgqa_question` WHERE ( id=14 ) LIMIT 1   [ RunTime:0.000262s ]
SQL: SHOW COLUMNS FROM `mgqa_answer` [ RunTime:0.014286s ]
SQL: SELECT COUNT(*) AS tp_count FROM `mgqa_answer` WHERE ( question_id=14 ) LIMIT 1   [ RunTime:0.018077s ]
SQL: SHOW COLUMNS FROM `mgqa_question_user_status` [ RunTime:0.008470s ]
SQL: SELECT * FROM `mgqa_question_user_status` WHERE ( username="SmileC" AND question_id=14 ) LIMIT 1   [ RunTime:0.000725s ]
SQL: SELECT * FROM `mgqa_answer` WHERE ( username="SmileC" AND question_id=14 ) LIMIT 1   [ RunTime:0.000299s ]
SQL: SELECT * FROM `mgqa_answer` WHERE ( question_id=14 )  [ RunTime:0.000152s ]
INFO: [ view_parse ] --START--
INFO: [ template_filter ] --START--
INFO: Run Behavior\ContentReplaceBehavior [ RunTime:0.000100s ]
INFO: [ template_filter ] --END-- [ RunTime:0.000196s ]
SQL: SHOW COLUMNS FROM `mgqa_user` [ RunTime:0.007095s ]
SQL: SHOW COLUMNS FROM `mgqa_topic` [ RunTime:0.018370s ]
SQL: SELECT * FROM `mgqa_topic`  [ RunTime:0.000278s ]
INFO: Run Behavior\ParseTemplateBehavior [ RunTime:0.092576s ]
INFO: [ view_parse ] --END-- [ RunTime:0.092659s ]
INFO: [ view_filter ] --START--
INFO: Run Behavior\WriteHtmlCacheBehavior [ RunTime:0.000628s ]
INFO: [ view_filter ] --END-- [ RunTime:0.000694s ]
INFO: [ app_end ] --START--
INFO: Run Behavior\ShowPageTraceBehavior [ RunTime:0.001282s ]
INFO: [ app_end ] --END-- [ RunTime:0.001413s ]

[ 2015-03-10T00:09:44+08:00 ] 127.0.0.1 /index.php/Home/Question/get_question_content.html?qid=14
INFO: [ app_init ] --START--
INFO: Run Behavior\BuildLiteBehavior [ RunTime:0.000019s ]
INFO: [ app_init ] --END-- [ RunTime:0.000428s ]
INFO: [ app_begin ] --START--
INFO: Run Behavior\ReadHtmlCacheBehavior [ RunTime:0.000846s ]
INFO: [ app_begin ] --END-- [ RunTime:0.000933s ]
SQL: SHOW COLUMNS FROM `mgqa_question` [ RunTime:0.023558s ]
SQL: SELECT `content` FROM `mgqa_question` WHERE ( id=14 ) LIMIT 1   [ RunTime:0.000339s ]
INFO: [ app_end ] --START--
INFO: Run Behavior\ShowPageTraceBehavior [ RunTime:0.000983s ]
INFO: [ app_end ] --END-- [ RunTime:0.001065s ]

[ 2015-03-10T00:10:43+08:00 ] 127.0.0.1 /index.php/Home/Question/put_answer.html
INFO: [ app_init ] --START--
INFO: Run Behavior\BuildLiteBehavior [ RunTime:0.000017s ]
INFO: [ app_init ] --END-- [ RunTime:0.000371s ]
INFO: [ app_begin ] --START--
INFO: Run Behavior\ReadHtmlCacheBehavior [ RunTime:0.000945s ]
INFO: [ app_begin ] --END-- [ RunTime:0.001061s ]
SQL: SHOW COLUMNS FROM `mgqa_answer` [ RunTime:0.023681s ]
SQL: SHOW COLUMNS FROM `mgqa_user` [ RunTime:0.010540s ]
SQL: SELECT `random` FROM `mgqa_user` WHERE ( username="SmileC" ) LIMIT 1   [ RunTime:0.000302s ]
SQL: SELECT COUNT(*) AS tp_count FROM `mgqa_answer` WHERE ( username="SmileC" AND question_id=14 ) LIMIT 1   [ RunTime:0.000266s ]
SQL: INSERT INTO `mgqa_answer` (`username`,`content`,`question_id`) VALUES ('SmileC','回答问题timeline的push',14) [ RunTime:0.000419s ]
SQL: SHOW COLUMNS FROM `mgqa_timeline` [ RunTime:0.015021s ]
SQL: SELECT `id` FROM `mgqa_timeline` WHERE `username` = 'SmileC' AND `mode` = 2 AND `project_id` = 7 AND `status` = 1 LIMIT 1   [ RunTime:0.000350s ]
SQL: INSERT INTO `mgqa_timeline` (`username`,`mode`,`project_id`,`status`) VALUES ('SmileC',2,7,1) [ RunTime:0.001018s ]
INFO: [ app_end ] --START--
INFO: Run Behavior\ShowPageTraceBehavior [ RunTime:0.001263s ]
INFO: [ app_end ] --END-- [ RunTime:0.001416s ]

[ 2015-03-10T00:10:43+08:00 ] 127.0.0.1 /index.php/Home/Question/14/answer/7
INFO: [ app_init ] --START--
INFO: Run Behavior\BuildLiteBehavior [ RunTime:0.000022s ]
INFO: [ app_init ] --END-- [ RunTime:0.000636s ]
INFO: [ app_begin ] --START--
INFO: Run Behavior\ReadHtmlCacheBehavior [ RunTime:0.001542s ]
INFO: [ app_begin ] --END-- [ RunTime:0.001815s ]
SQL: SHOW COLUMNS FROM `mgqa_question` [ RunTime:0.032911s ]
SQL: SELECT * FROM `mgqa_question` WHERE ( id=14 ) LIMIT 1   [ RunTime:0.000372s ]
SQL: SHOW COLUMNS FROM `mgqa_answer` [ RunTime:0.015095s ]
SQL: SELECT COUNT(*) AS tp_count FROM `mgqa_answer` WHERE ( question_id=14 ) LIMIT 1   [ RunTime:0.000330s ]
SQL: SHOW COLUMNS FROM `mgqa_question_user_status` [ RunTime:0.010444s ]
SQL: SELECT * FROM `mgqa_question_user_status` WHERE ( username="SmileC" AND question_id=14 ) LIMIT 1   [ RunTime:0.000462s ]
SQL: SELECT * FROM `mgqa_answer` WHERE ( username="SmileC" AND question_id=14 ) LIMIT 1   [ RunTime:0.000425s ]
SQL: SELECT * FROM `mgqa_answer` WHERE ( id=7 ) LIMIT 1   [ RunTime:0.000650s ]
INFO: [ view_parse ] --START--
INFO: [ template_filter ] --START--
INFO: Run Behavior\ContentReplaceBehavior [ RunTime:0.000099s ]
INFO: [ template_filter ] --END-- [ RunTime:0.000199s ]
SQL: SHOW COLUMNS FROM `mgqa_user` [ RunTime:0.010919s ]
SQL: SHOW COLUMNS FROM `mgqa_topic` [ RunTime:0.018839s ]
SQL: SELECT * FROM `mgqa_topic`  [ RunTime:0.000202s ]
SQL: SHOW COLUMNS FROM `mgqa_answer_agree` [ RunTime:0.009499s ]
SQL: SELECT `is_agree` FROM `mgqa_answer_agree` WHERE ( answer_id=7 AND username="SmileC" ) LIMIT 1   [ RunTime:0.000246s ]
SQL: SELECT `is_agree` FROM `mgqa_answer_agree` WHERE ( answer_id=7 AND username="SmileC" ) LIMIT 1   [ RunTime:0.000208s ]
NOTIC: [8] Use of undefined constant my_answer - assumed 'my_answer' D:\php\Code\MoeGirl_Q-A\Application\Runtime\Cache\Home\93ef6f4e0883454498eb7273983f50b5.php 第 303 行.
INFO: Run Behavior\ParseTemplateBehavior [ RunTime:0.094897s ]
INFO: [ view_parse ] --END-- [ RunTime:0.095020s ]
INFO: [ view_filter ] --START--
INFO: Run Behavior\WriteHtmlCacheBehavior [ RunTime:0.000694s ]
INFO: [ view_filter ] --END-- [ RunTime:0.000766s ]
INFO: [ app_end ] --START--
INFO: Run Behavior\ShowPageTraceBehavior [ RunTime:0.001105s ]
INFO: [ app_end ] --END-- [ RunTime:0.001208s ]

[ 2015-03-10T00:12:22+08:00 ] 127.0.0.1 /Home/Topic/2/hot.html
INFO: [ app_init ] --START--
INFO: Run Behavior\BuildLiteBehavior [ RunTime:0.000020s ]
INFO: [ app_init ] --END-- [ RunTime:0.000440s ]
INFO: [ app_begin ] --START--
INFO: Run Behavior\ReadHtmlCacheBehavior [ RunTime:0.000936s ]
INFO: [ app_begin ] --END-- [ RunTime:0.001043s ]
SQL: SHOW COLUMNS FROM `mgqa_topic` [ RunTime:0.028582s ]
SQL: SELECT `id` FROM `mgqa_topic` WHERE ( father_topic=2 )  [ RunTime:0.000340s ]
DEBUG: Array
(
    [0] => 3
    [1] => 2
)

SQL: SHOW COLUMNS FROM `mgqa_question` [ RunTime:0.026990s ]
SQL: SELECT `id` FROM `mgqa_question` WHERE ( `topic1` IN ('3','2') OR `topic2` IN ('3','2') OR `topic3` IN ('3','2') ) ORDER BY id desc  [ RunTime:0.055890s ]
DEBUG: Array
(
    [0] => 11
    [1] => 10
)

SQL: SHOW COLUMNS FROM `mgqa_answer` [ RunTime:0.017783s ]
SQL: SELECT * FROM `mgqa_answer` WHERE `question_id` IN ('11','10') ORDER BY agree desc LIMIT 0,20   [ RunTime:0.000286s ]
SQL: SHOW COLUMNS FROM `mgqa_topic` [ RunTime:0.018608s ]
SQL: SELECT * FROM `mgqa_topic` WHERE ( id=2 ) LIMIT 1   [ RunTime:0.000293s ]
SQL: SHOW COLUMNS FROM `mgqa_topic_follow` [ RunTime:0.010506s ]
SQL: SELECT COUNT(*) AS tp_count FROM `mgqa_topic_follow` WHERE ( username="SmileC" AND topic_id=2 ) LIMIT 1   [ RunTime:0.000602s ]
SQL: SELECT COUNT(*) AS tp_count FROM `mgqa_topic_follow` WHERE ( topic_id=2 ) LIMIT 1   [ RunTime:0.000152s ]
SQL: SELECT COUNT(*) AS tp_count FROM `mgqa_question` WHERE ( topic1=2 OR topic2=2 OR topic3=2 ) LIMIT 1   [ RunTime:0.000141s ]
INFO: [ view_parse ] --START--
INFO: [ template_filter ] --START--
INFO: Run Behavior\ContentReplaceBehavior [ RunTime:0.000110s ]
INFO: [ template_filter ] --END-- [ RunTime:0.000192s ]
SQL: SHOW COLUMNS FROM `mgqa_user` [ RunTime:0.009131s ]
SQL: SELECT * FROM `mgqa_topic`  [ RunTime:0.000272s ]
SQL: SHOW COLUMNS FROM `mgqa_answer_agree` [ RunTime:0.012467s ]
SQL: SELECT `is_agree` FROM `mgqa_answer_agree` WHERE ( answer_id=4 AND username="SmileC" ) LIMIT 1   [ RunTime:0.000260s ]
SQL: SELECT `is_agree` FROM `mgqa_answer_agree` WHERE ( answer_id=4 AND username="SmileC" ) LIMIT 1   [ RunTime:0.000173s ]
SQL: SELECT * FROM `mgqa_question` WHERE ( id=10 ) LIMIT 1   [ RunTime:0.000251s ]
SQL: SELECT `is_agree` FROM `mgqa_answer_agree` WHERE ( answer_id=5 AND username="SmileC" ) LIMIT 1   [ RunTime:0.000154s ]
SQL: SELECT `is_agree` FROM `mgqa_answer_agree` WHERE ( answer_id=5 AND username="SmileC" ) LIMIT 1   [ RunTime:0.000129s ]
SQL: SELECT * FROM `mgqa_question` WHERE ( id=11 ) LIMIT 1   [ RunTime:0.000162s ]
INFO: Run Behavior\ParseTemplateBehavior [ RunTime:0.109888s ]
INFO: [ view_parse ] --END-- [ RunTime:0.109977s ]
INFO: [ view_filter ] --START--
INFO: Run Behavior\WriteHtmlCacheBehavior [ RunTime:0.000782s ]
INFO: [ view_filter ] --END-- [ RunTime:0.000877s ]
INFO: [ app_end ] --START--
INFO: Run Behavior\ShowPageTraceBehavior [ RunTime:0.001202s ]
INFO: [ app_end ] --END-- [ RunTime:0.001326s ]

[ 2015-03-10T00:17:18+08:00 ] 127.0.0.1 /Home/Topic/2/hot.html
INFO: [ app_init ] --START--
INFO: Run Behavior\BuildLiteBehavior [ RunTime:0.000034s ]
INFO: [ app_init ] --END-- [ RunTime:0.000709s ]
INFO: [ app_begin ] --START--
INFO: Run Behavior\ReadHtmlCacheBehavior [ RunTime:0.000934s ]
INFO: [ app_begin ] --END-- [ RunTime:0.001048s ]
SQL: SHOW COLUMNS FROM `mgqa_topic` [ RunTime:0.029561s ]
SQL: SELECT `id` FROM `mgqa_topic` WHERE ( father_topic=2 )  [ RunTime:0.000323s ]
DEBUG: Array
(
    [0] => 3
    [1] => 2
)

SQL: SHOW COLUMNS FROM `mgqa_question` [ RunTime:0.025608s ]
SQL: SELECT `id` FROM `mgqa_question` WHERE ( `topic1` IN ('3','2') OR `topic2` IN ('3','2') OR `topic3` IN ('3','2') ) ORDER BY id desc  [ RunTime:0.000361s ]
DEBUG: Array
(
    [0] => 11
    [1] => 10
)

SQL: SHOW COLUMNS FROM `mgqa_answer` [ RunTime:0.019882s ]
SQL: SELECT * FROM `mgqa_answer` WHERE `question_id` IN ('11','10') ORDER BY agree desc LIMIT 0,20   [ RunTime:0.000379s ]
SQL: SHOW COLUMNS FROM `mgqa_topic` [ RunTime:0.024593s ]
SQL: SELECT * FROM `mgqa_topic` WHERE ( id=2 ) LIMIT 1   [ RunTime:0.000334s ]
SQL: SHOW COLUMNS FROM `mgqa_topic_follow` [ RunTime:0.014076s ]
SQL: SELECT COUNT(*) AS tp_count FROM `mgqa_topic_follow` WHERE ( username="SmileC" AND topic_id=2 ) LIMIT 1   [ RunTime:0.000578s ]
SQL: SELECT COUNT(*) AS tp_count FROM `mgqa_topic_follow` WHERE ( topic_id=2 ) LIMIT 1   [ RunTime:0.000344s ]
SQL: SELECT COUNT(*) AS tp_count FROM `mgqa_question` WHERE ( topic1=2 OR topic2=2 OR topic3=2 ) LIMIT 1   [ RunTime:0.000349s ]
INFO: [ view_parse ] --START--
INFO: [ template_filter ] --START--
INFO: Run Behavior\ContentReplaceBehavior [ RunTime:0.000182s ]
INFO: [ template_filter ] --END-- [ RunTime:0.000277s ]
SQL: SHOW COLUMNS FROM `mgqa_user` [ RunTime:0.014994s ]
SQL: SELECT * FROM `mgqa_topic`  [ RunTime:0.000256s ]
SQL: SHOW COLUMNS FROM `mgqa_answer_agree` [ RunTime:0.013676s ]
SQL: SELECT `is_agree` FROM `mgqa_answer_agree` WHERE ( answer_id=4 AND username="SmileC" ) LIMIT 1   [ RunTime:0.000260s ]
SQL: SELECT `is_agree` FROM `mgqa_answer_agree` WHERE ( answer_id=4 AND username="SmileC" ) LIMIT 1   [ RunTime:0.000170s ]
SQL: SELECT * FROM `mgqa_question` WHERE ( id=10 ) LIMIT 1   [ RunTime:0.000214s ]
SQL: SELECT `is_agree` FROM `mgqa_answer_agree` WHERE ( answer_id=5 AND username="SmileC" ) LIMIT 1   [ RunTime:0.000183s ]
SQL: SELECT `is_agree` FROM `mgqa_answer_agree` WHERE ( answer_id=5 AND username="SmileC" ) LIMIT 1   [ RunTime:0.000179s ]
SQL: SELECT * FROM `mgqa_question` WHERE ( id=11 ) LIMIT 1   [ RunTime:0.000203s ]
INFO: Run Behavior\ParseTemplateBehavior [ RunTime:0.124005s ]
INFO: [ view_parse ] --END-- [ RunTime:0.124382s ]
INFO: [ view_filter ] --START--
INFO: Run Behavior\WriteHtmlCacheBehavior [ RunTime:0.000751s ]
INFO: [ view_filter ] --END-- [ RunTime:0.000841s ]
INFO: [ app_end ] --START--
INFO: Run Behavior\ShowPageTraceBehavior [ RunTime:0.001313s ]
INFO: [ app_end ] --END-- [ RunTime:0.001456s ]

[ 2015-03-10T00:19:06+08:00 ] 127.0.0.1 /Home/Topic/2/hot.html
INFO: [ app_init ] --START--
INFO: Run Behavior\BuildLiteBehavior [ RunTime:0.000031s ]
INFO: [ app_init ] --END-- [ RunTime:0.000538s ]
INFO: [ app_begin ] --START--
INFO: Run Behavior\ReadHtmlCacheBehavior [ RunTime:0.000743s ]
INFO: [ app_begin ] --END-- [ RunTime:0.000844s ]
SQL: SHOW COLUMNS FROM `mgqa_topic` [ RunTime:0.018970s ]
SQL: SELECT `id` FROM `mgqa_topic` WHERE ( father_topic=2 )  [ RunTime:0.000241s ]
DEBUG: Array
(
    [0] => 3
    [1] => 2
)

SQL: SHOW COLUMNS FROM `mgqa_question` [ RunTime:0.020919s ]
SQL: SELECT `id` FROM `mgqa_question` WHERE ( `topic1` IN ('3','2') OR `topic2` IN ('3','2') OR `topic3` IN ('3','2') ) ORDER BY id desc  [ RunTime:0.000325s ]
DEBUG: Array
(
    [0] => 11
    [1] => 10
)

SQL: SHOW COLUMNS FROM `mgqa_answer` [ RunTime:0.015745s ]
SQL: SELECT * FROM `mgqa_answer` WHERE `question_id` IN ('11','10') ORDER BY agree desc LIMIT 0,20   [ RunTime:0.000333s ]
SQL: SHOW COLUMNS FROM `mgqa_topic` [ RunTime:0.019377s ]
SQL: SELECT * FROM `mgqa_topic` WHERE ( id=2 ) LIMIT 1   [ RunTime:0.000391s ]
SQL: SHOW COLUMNS FROM `mgqa_topic_follow` [ RunTime:0.015732s ]
SQL: SELECT COUNT(*) AS tp_count FROM `mgqa_topic_follow` WHERE ( username="SmileC" AND topic_id=2 ) LIMIT 1   [ RunTime:0.000413s ]
SQL: SELECT COUNT(*) AS tp_count FROM `mgqa_topic_follow` WHERE ( topic_id=2 ) LIMIT 1   [ RunTime:0.000310s ]
SQL: SELECT COUNT(*) AS tp_count FROM `mgqa_question` WHERE ( topic1=2 OR topic2=2 OR topic3=2 ) LIMIT 1   [ RunTime:0.000354s ]
INFO: [ view_parse ] --START--
INFO: [ template_filter ] --START--
INFO: Run Behavior\ContentReplaceBehavior [ RunTime:0.000117s ]
INFO: [ template_filter ] --END-- [ RunTime:0.000255s ]
SQL: SHOW COLUMNS FROM `mgqa_user` [ RunTime:0.014883s ]
SQL: SELECT * FROM `mgqa_topic`  [ RunTime:0.000229s ]
SQL: SHOW COLUMNS FROM `mgqa_answer_agree` [ RunTime:0.015438s ]
SQL: SELECT `is_agree` FROM `mgqa_answer_agree` WHERE ( answer_id=4 AND username="SmileC" ) LIMIT 1   [ RunTime:0.000277s ]
SQL: SELECT `is_agree` FROM `mgqa_answer_agree` WHERE ( answer_id=4 AND username="SmileC" ) LIMIT 1   [ RunTime:0.000207s ]
SQL: SELECT * FROM `mgqa_question` WHERE ( id=10 ) LIMIT 1   [ RunTime:0.000316s ]
SQL: SELECT `is_agree` FROM `mgqa_answer_agree` WHERE ( answer_id=5 AND username="SmileC" ) LIMIT 1   [ RunTime:0.000252s ]
SQL: SELECT `is_agree` FROM `mgqa_answer_agree` WHERE ( answer_id=5 AND username="SmileC" ) LIMIT 1   [ RunTime:0.000237s ]
SQL: SELECT * FROM `mgqa_question` WHERE ( id=11 ) LIMIT 1   [ RunTime:0.000287s ]
INFO: Run Behavior\ParseTemplateBehavior [ RunTime:0.139917s ]
INFO: [ view_parse ] --END-- [ RunTime:0.140058s ]
INFO: [ view_filter ] --START--
INFO: Run Behavior\WriteHtmlCacheBehavior [ RunTime:0.000861s ]
INFO: [ view_filter ] --END-- [ RunTime:0.000967s ]
INFO: [ app_end ] --START--
INFO: Run Behavior\ShowPageTraceBehavior [ RunTime:0.002031s ]
INFO: [ app_end ] --END-- [ RunTime:0.002411s ]

[ 2015-03-10T00:19:19+08:00 ] 127.0.0.1 /Home/Topic/2/hot.html
INFO: [ app_init ] --START--
INFO: Run Behavior\BuildLiteBehavior [ RunTime:0.000023s ]
INFO: [ app_init ] --END-- [ RunTime:0.000415s ]
INFO: [ app_begin ] --START--
INFO: Run Behavior\ReadHtmlCacheBehavior [ RunTime:0.000671s ]
INFO: [ app_begin ] --END-- [ RunTime:0.000736s ]
SQL: SHOW COLUMNS FROM `mgqa_topic` [ RunTime:0.021540s ]
SQL: SELECT `id` FROM `mgqa_topic` WHERE ( father_topic=2 )  [ RunTime:0.000305s ]
DEBUG: Array
(
    [0] => 3
    [1] => 2
)

SQL: SHOW COLUMNS FROM `mgqa_question` [ RunTime:0.026319s ]
SQL: SELECT `id` FROM `mgqa_question` WHERE ( `topic1` IN ('3','2') OR `topic2` IN ('3','2') OR `topic3` IN ('3','2') ) ORDER BY id desc  [ RunTime:0.000402s ]
DEBUG: Array
(
    [0] => 11
    [1] => 10
)

SQL: SHOW COLUMNS FROM `mgqa_answer` [ RunTime:0.018319s ]
SQL: SELECT * FROM `mgqa_answer` WHERE `question_id` IN ('11','10') ORDER BY agree desc LIMIT 0,20   [ RunTime:0.000902s ]
SQL: SHOW COLUMNS FROM `mgqa_topic` [ RunTime:0.022831s ]
SQL: SELECT * FROM `mgqa_topic` WHERE ( id=2 ) LIMIT 1   [ RunTime:0.000408s ]
SQL: SHOW COLUMNS FROM `mgqa_topic_follow` [ RunTime:0.017231s ]
SQL: SELECT COUNT(*) AS tp_count FROM `mgqa_topic_follow` WHERE ( username="SmileC" AND topic_id=2 ) LIMIT 1   [ RunTime:0.000448s ]
SQL: SELECT COUNT(*) AS tp_count FROM `mgqa_topic_follow` WHERE ( topic_id=2 ) LIMIT 1   [ RunTime:0.000462s ]
SQL: SELECT COUNT(*) AS tp_count FROM `mgqa_question` WHERE ( topic1=2 OR topic2=2 OR topic3=2 ) LIMIT 1   [ RunTime:0.000620s ]
INFO: [ view_parse ] --START--
INFO: [ template_filter ] --START--
INFO: Run Behavior\ContentReplaceBehavior [ RunTime:0.000170s ]
INFO: [ template_filter ] --END-- [ RunTime:0.000310s ]
SQL: SHOW COLUMNS FROM `mgqa_user` [ RunTime:0.010626s ]
SQL: SELECT * FROM `mgqa_topic`  [ RunTime:0.000253s ]
SQL: SHOW COLUMNS FROM `mgqa_answer_agree` [ RunTime:0.012459s ]
SQL: SELECT `is_agree` FROM `mgqa_answer_agree` WHERE ( answer_id=4 AND username="SmileC" ) LIMIT 1   [ RunTime:0.000218s ]
SQL: SELECT `is_agree` FROM `mgqa_answer_agree` WHERE ( answer_id=4 AND username="SmileC" ) LIMIT 1   [ RunTime:0.000147s ]
SQL: SELECT * FROM `mgqa_question` WHERE ( id=10 ) LIMIT 1   [ RunTime:0.000171s ]
SQL: SELECT `is_agree` FROM `mgqa_answer_agree` WHERE ( answer_id=5 AND username="SmileC" ) LIMIT 1   [ RunTime:0.000122s ]
SQL: SELECT `is_agree` FROM `mgqa_answer_agree` WHERE ( answer_id=5 AND username="SmileC" ) LIMIT 1   [ RunTime:0.000139s ]
SQL: SELECT * FROM `mgqa_question` WHERE ( id=11 ) LIMIT 1   [ RunTime:0.000143s ]
INFO: Run Behavior\ParseTemplateBehavior [ RunTime:0.106448s ]
INFO: [ view_parse ] --END-- [ RunTime:0.106529s ]
INFO: [ view_filter ] --START--
INFO: Run Behavior\WriteHtmlCacheBehavior [ RunTime:0.000580s ]
INFO: [ view_filter ] --END-- [ RunTime:0.000637s ]
INFO: [ app_end ] --START--
INFO: Run Behavior\ShowPageTraceBehavior [ RunTime:0.001142s ]
INFO: [ app_end ] --END-- [ RunTime:0.001266s ]

[ 2015-03-10T00:47:20+08:00 ] 127.0.0.1 /
INFO: [ app_init ] --START--
INFO: Run Behavior\BuildLiteBehavior [ RunTime:0.000022s ]
INFO: [ app_init ] --END-- [ RunTime:0.000680s ]
INFO: [ app_begin ] --START--
INFO: Run Behavior\ReadHtmlCacheBehavior [ RunTime:0.001035s ]
INFO: [ app_begin ] --END-- [ RunTime:0.001153s ]
INFO: [ view_parse ] --START--
INFO: [ template_filter ] --START--
INFO: Run Behavior\ContentReplaceBehavior [ RunTime:0.000270s ]
INFO: [ template_filter ] --END-- [ RunTime:0.000525s ]
SQL: SHOW COLUMNS FROM `mgqa_user` [ RunTime:0.030552s ]
SQL: SHOW COLUMNS FROM `mgqa_topic` [ RunTime:0.032218s ]
SQL: SELECT * FROM `mgqa_topic`  [ RunTime:0.000385s ]
INFO: Run Behavior\ParseTemplateBehavior [ RunTime:0.134200s ]
INFO: [ view_parse ] --END-- [ RunTime:0.134317s ]
INFO: [ view_filter ] --START--
INFO: Run Behavior\WriteHtmlCacheBehavior [ RunTime:0.000721s ]
INFO: [ view_filter ] --END-- [ RunTime:0.000818s ]
INFO: [ app_end ] --START--
INFO: Run Behavior\ShowPageTraceBehavior [ RunTime:0.001863s ]
INFO: [ app_end ] --END-- [ RunTime:0.002022s ]

