[ 2015-03-18T07:27:18+08:00 ] 127.0.0.1 /index.php/Home/index/get_agree.html
INFO: [ app_begin ] --START--
INFO: Run Behavior\ReadHtmlCacheBehavior [ RunTime:0.001182s ]
INFO: [ app_begin ] --END-- [ RunTime:0.002047s ]
SQL: SHOW COLUMNS FROM `mgqa_timeline` [ RunTime:0.041631s ]
DEBUG: debug
SQL: SHOW COLUMNS FROM `mgqa_timeline_agree` [ RunTime:0.040622s ]
SQL: SELECT * FROM `mgqa_timeline_agree` WHERE ( tousername="SmileC" ) ORDER BY id desc LIMIT 200   [ RunTime:0.000321s ]
DEBUG: Array
(
    [0] => Array
        (
            [id] => 20
            [tousername] => SmileC
            [answer_id] => 3
            [fromusername] => Testc
            [time] => 2015-03-17 17:48:48
        )

)

SQL: SHOW COLUMNS FROM `mgqa_answer` [ RunTime:0.023885s ]
SQL: SELECT `question_id` FROM `mgqa_answer` WHERE ( id=3 ) LIMIT 1   [ RunTime:0.000323s ]
INFO: [ view_parse ] --START--
INFO: [ template_filter ] --START--
INFO: Run Behavior\ContentReplaceBehavior [ RunTime:0.000047s ]
INFO: [ template_filter ] --END-- [ RunTime:0.000117s ]
SQL: SHOW COLUMNS FROM `mgqa_question` [ RunTime:0.044636s ]
SQL: SELECT * FROM `mgqa_question` WHERE ( id=2 ) LIMIT 1   [ RunTime:0.000365s ]
INFO: Run Behavior\ParseTemplateBehavior [ RunTime:0.076107s ]
INFO: [ view_parse ] --END-- [ RunTime:0.076167s ]
INFO: [ view_filter ] --START--
INFO: Run Behavior\WriteHtmlCacheBehavior [ RunTime:0.000502s ]
INFO: [ view_filter ] --END-- [ RunTime:0.000553s ]
INFO: [ app_end ] --START--
INFO: Run Behavior\ShowPageTraceBehavior [ RunTime:0.000575s ]
INFO: [ app_end ] --END-- [ RunTime:0.000660s ]

[ 2015-03-18T07:27:18+08:00 ] 127.0.0.1 /index.php/Home/index/get_follow.html
INFO: [ app_begin ] --START--
INFO: Run Behavior\ReadHtmlCacheBehavior [ RunTime:0.001499s ]
INFO: [ app_begin ] --END-- [ RunTime:0.002323s ]
SQL: SHOW COLUMNS FROM `mgqa_timeline` [ RunTime:0.010170s ]
SQL: SHOW COLUMNS FROM `mgqa_timeline_follow` [ RunTime:0.023095s ]
SQL: SELECT * FROM `mgqa_timeline_follow` WHERE ( tousername="SmileC" ) ORDER BY id desc LIMIT 30   [ RunTime:0.000442s ]
SQL: SHOW COLUMNS FROM `mgqa_follow` [ RunTime:0.017160s ]
SQL: SELECT * FROM `mgqa_follow` WHERE ( us1 = "Testc" AND us2="SmileC" ) LIMIT 1   [ RunTime:0.000380s ]
INFO: [ view_parse ] --START--
INFO: [ template_filter ] --START--
INFO: Run Behavior\ContentReplaceBehavior [ RunTime:0.000069s ]
INFO: [ template_filter ] --END-- [ RunTime:0.000182s ]
INFO: Run Behavior\ParseTemplateBehavior [ RunTime:0.018416s ]
INFO: [ view_parse ] --END-- [ RunTime:0.018543s ]
INFO: [ view_filter ] --START--
INFO: Run Behavior\WriteHtmlCacheBehavior [ RunTime:0.000656s ]
INFO: [ view_filter ] --END-- [ RunTime:0.000752s ]
INFO: [ app_end ] --START--
INFO: Run Behavior\ShowPageTraceBehavior [ RunTime:0.001040s ]
INFO: [ app_end ] --END-- [ RunTime:0.001123s ]

[ 2015-03-18T07:27:18+08:00 ] 127.0.0.1 /index.php/Home/index/get_question.html
INFO: [ app_begin ] --START--
INFO: Run Behavior\ReadHtmlCacheBehavior [ RunTime:0.000669s ]
INFO: [ app_begin ] --END-- [ RunTime:0.001044s ]
SQL: SHOW COLUMNS FROM `mgqa_timeline` [ RunTime:0.013547s ]
SQL: SHOW COLUMNS FROM `mgqa_question_user_status` [ RunTime:0.023804s ]
SQL: SELECT `question_id` FROM `mgqa_question_user_status` WHERE ( username="SmileC" AND follow=1 )  [ RunTime:0.000480s ]
DEBUG: Array
(
    [0] => 2
    [null] => 0
)

SQL: SHOW COLUMNS FROM `mgqa_timeline_question` [ RunTime:0.022276s ]
SQL: SELECT * FROM `mgqa_timeline_question` WHERE ( (`question_id` IN ('2',0)) AND (`type` = '1') ) OR `tousername` = 'SmileC' ORDER BY id desc LIMIT 200   [ RunTime:0.000397s ]
DEBUG: Array
(
    [0] => Array
        (
            [id] => 3
            [tousername] => 
            [question_id] => 2
            [answer_id] => 5
            [type] => 1
            [fromusername] => Angela
            [time] => 2015-03-17 21:51:45
            [us_array] => Array
                (
                    [0] => Angela
                    [1] => Testc
                    [2] => SmileC
                )

        )

)

INFO: [ view_parse ] --START--
INFO: [ template_filter ] --START--
INFO: Run Behavior\ContentReplaceBehavior [ RunTime:0.000048s ]
INFO: [ template_filter ] --END-- [ RunTime:0.000119s ]
SQL: SHOW COLUMNS FROM `mgqa_question` [ RunTime:0.015925s ]
SQL: SELECT * FROM `mgqa_question` WHERE ( id=2 ) LIMIT 1   [ RunTime:0.000342s ]
INFO: Run Behavior\ParseTemplateBehavior [ RunTime:0.049366s ]
INFO: [ view_parse ] --END-- [ RunTime:0.049422s ]
INFO: [ view_filter ] --START--
INFO: Run Behavior\WriteHtmlCacheBehavior [ RunTime:0.000838s ]
INFO: [ view_filter ] --END-- [ RunTime:0.000901s ]
INFO: [ app_end ] --START--
INFO: Run Behavior\ShowPageTraceBehavior [ RunTime:0.000729s ]
INFO: [ app_end ] --END-- [ RunTime:0.000785s ]

[ 2015-03-18T07:27:18+08:00 ] 127.0.0.1 /index.php/Home/index/update_time.html
INFO: [ app_begin ] --START--
INFO: Run Behavior\ReadHtmlCacheBehavior [ RunTime:0.000904s ]
INFO: [ app_begin ] --END-- [ RunTime:0.001401s ]
SQL: SHOW COLUMNS FROM `mgqa_timeline_time` [ RunTime:0.037174s ]
SQL: SHOW COLUMNS FROM `mgqa_timeline_time` [ RunTime:0.005922s ]
SQL: SELECT `id` FROM `mgqa_timeline_time` WHERE `username` = 'SmileC' LIMIT 1   [ RunTime:0.000305s ]
SQL: UPDATE `mgqa_timeline_time` SET `username`='SmileC',`temp`=temp+1 WHERE `id` = 6 [ RunTime:0.000308s ]
INFO: [ app_end ] --START--
INFO: Run Behavior\ShowPageTraceBehavior [ RunTime:0.000701s ]
INFO: [ app_end ] --END-- [ RunTime:0.000759s ]

[ 2015-03-18T07:27:29+08:00 ] 127.0.0.1 /index.php/Home/Question/agree?answer_id=4&agree=1
INFO: [ app_begin ] --START--
INFO: Run Behavior\ReadHtmlCacheBehavior [ RunTime:0.001029s ]
INFO: [ app_begin ] --END-- [ RunTime:0.001567s ]
SQL: SHOW COLUMNS FROM `mgqa_answer` [ RunTime:0.025172s ]
SQL: SELECT `username` FROM `mgqa_answer` WHERE ( id=4 ) LIMIT 1   [ RunTime:0.000305s ]
SQL: SHOW COLUMNS FROM `mgqa_answer` [ RunTime:0.025059s ]
SQL: SHOW COLUMNS FROM `mgqa_user` [ RunTime:0.042315s ]
SQL: SELECT `random` FROM `mgqa_user` WHERE ( username="SmileC" ) LIMIT 1   [ RunTime:0.000650s ]
SQL: SHOW COLUMNS FROM `mgqa_answer_agree` [ RunTime:0.027130s ]
SQL: SELECT * FROM `mgqa_answer_agree` WHERE ( answer_id=4 AND username="SmileC" ) LIMIT 1   [ RunTime:0.000411s ]
SQL: INSERT INTO `mgqa_answer_agree` (`answer_id`,`username`,`is_agree`) VALUES (4,'SmileC',1) [ RunTime:0.000361s ]
SQL: UPDATE `mgqa_answer` SET `agree`=agree+1 WHERE ( id=4 ) [ RunTime:0.000409s ]
SQL: SELECT `username` FROM `mgqa_answer` WHERE ( id=4 ) LIMIT 1   [ RunTime:0.000408s ]
SQL: UPDATE `mgqa_user` SET `agree`=agree+1 WHERE ( username="Testc" ) [ RunTime:0.000513s ]
SQL: SHOW COLUMNS FROM `mgqa_timeline` [ RunTime:0.024464s ]
SQL: SELECT `id` FROM `mgqa_timeline` WHERE `username` = 'SmileC' AND `mode` = 2 AND `project_id` = 4 AND `status` = 2 LIMIT 1   [ RunTime:0.000440s ]
SQL: INSERT INTO `mgqa_timeline` (`username`,`mode`,`project_id`,`status`) VALUES ('SmileC',2,4,2) [ RunTime:0.000390s ]
SQL: SELECT `agree` FROM `mgqa_answer` WHERE ( id=4 ) LIMIT 1   [ RunTime:0.000406s ]
SQL: SELECT `username` FROM `mgqa_answer` WHERE ( id=4 ) LIMIT 1   [ RunTime:0.000449s ]
SQL: SHOW COLUMNS FROM `mgqa_timeline_agree` [ RunTime:0.014865s ]
SQL: SELECT COUNT(*) AS tp_count FROM `mgqa_timeline_agree` WHERE `fromusername` = 'SmileC' AND `tousername` = 'Testc' AND `answer_id` = 4 LIMIT 1   [ RunTime:0.000495s ]
SQL: INSERT INTO `mgqa_timeline_agree` (`fromusername`,`tousername`,`answer_id`) VALUES ('SmileC','Testc',4) [ RunTime:0.000385s ]
NOTIC: [2] stream_socket_client() [<a href='function.stream-socket-client'>function.stream-socket-client</a>]: unable to connect to tcp://127.0.0.1:7273 (ÓÉÓÚÄ¿±ê¼ÆËã»ú»ý¼«¾Ü¾ø£¬ÎÞ·¨Á¬½Ó¡£
) D:\php\Code\MoeGirl_Q-A\Application\Common\Common\function.php ç¬¬ 73 è¡Œ.

[ 2015-03-18T07:37:02+08:00 ] 127.0.0.1 /index.php/Home/index/get_timeline.html?page=1
INFO: [ app_begin ] --START--
INFO: Run Behavior\ReadHtmlCacheBehavior [ RunTime:0.001414s ]
INFO: [ app_begin ] --END-- [ RunTime:0.002154s ]
SQL: SHOW COLUMNS FROM `mgqa_timeline` [ RunTime:0.021599s ]
SQL: SHOW COLUMNS FROM `mgqa_follow` [ RunTime:0.024800s ]
SQL: SELECT * FROM `mgqa_follow` WHERE ( us1="SmileC" OR us2="SmileC" )  [ RunTime:0.001220s ]
SQL: SHOW COLUMNS FROM `mgqa_timeline` [ RunTime:0.017779s ]
SQL: SELECT * FROM `mgqa_timeline` WHERE `username` IN ('Testc') ORDER BY id desc LIMIT 0,30   [ RunTime:0.000453s ]
SQL: SHOW COLUMNS FROM `mgqa_answer` [ RunTime:0.029420s ]
SQL: SELECT * FROM `mgqa_answer` WHERE ( id=4 ) LIMIT 1   [ RunTime:0.000448s ]
SQL: SHOW COLUMNS FROM `mgqa_question` [ RunTime:0.034972s ]
SQL: SELECT * FROM `mgqa_question` WHERE ( id=2 ) LIMIT 1   [ RunTime:0.000595s ]
SQL: SELECT * FROM `mgqa_question` WHERE ( id=3 ) LIMIT 1   [ RunTime:0.000400s ]
SQL: SELECT * FROM `mgqa_question` WHERE ( id=1 ) LIMIT 1   [ RunTime:0.000596s ]
SQL: SELECT * FROM `mgqa_question` WHERE ( id=1 ) LIMIT 1   [ RunTime:0.001395s ]
SQL: SELECT * FROM `mgqa_answer` WHERE ( id=1 ) LIMIT 1   [ RunTime:0.000938s ]
SQL: SELECT * FROM `mgqa_question` WHERE ( id=1 ) LIMIT 1   [ RunTime:0.000874s ]
DEBUG: Array
(
    [0] => Array
        (
            [id] => 39
            [username] => Testc
            [mode] => 2
            [project_id] => 4
            [status] => 1
            [pushtime] => 2015-03-17 21:39:19
            [content] => Array
                (
                    [id] => 4
                    [question_id] => 2
                    [username] => Testc
                    [content] => testccccc
                    [agree] => 1
                    [unagree] => 0
                    [time] => 2015-03-17 21:39:19
                    [question_title] => 123
                )

            [us_array] => Array
                (
                    [0] => Testc
                )

        )

    [1] => Array
        (
            [id] => 38
            [username] => Testc
            [mode] => 1
            [project_id] => 3
            [status] => 1
            [pushtime] => 2015-03-17 17:49:02
            [content] => Array
                (
                    [id] => 3
                    [username] => Testc
                    [anonymous] => 0
                    [title] => æé—®æµ‹è¯•
                    [content] =>  
                    [answer] => 0
                    [follow] => 0
                    [status] => 0
                    [time] => 2015-03-17 17:49:02
                    [topic1] => 2
                    [topic2] => 
                    [topic3] => 
                )

            [us_array] => Array
                (
                    [0] => Testc
                )

        )

    [2] => Array
        (
            [id] => 8
            [username] => Testc
            [mode] => 1
            [project_id] => 1
            [status] => 3
            [pushtime] => 2015-03-12 13:43:27
            [content] => Array
                (
                    [id] => 1
                    [username] => SmileC
                    [anonymous] => 0
                    [title] => indexçš„pushæµ‹è¯•
                    [content] => 
                    [answer] => 0
                    [follow] => 0
                    [status] => 0
                    [time] => 2015-03-12 12:15:31
                    [topic1] => 1
                    [topic2] => 
                    [topic3] => 
                )

            [us_array] => Array
                (
                    [0] => Testc
                )

        )

    [3] => Array
        (
            [id] => 2
            [username] => Testc
            [mode] => 2
            [project_id] => 1
            [status] => 1
            [pushtime] => 2015-03-12 12:15:55
            [content] => Array
                (
                    [id] => 1
                    [question_id] => 1
                    [username] => Testc
                    [content] => å›žç­”æµ‹è¯•
                    [agree] => 1
                    [unagree] => 0
                    [time] => 2015-03-12 12:15:55
                    [question_title] => indexçš„pushæµ‹è¯•
                )

            [us_array] => Array
                (
                    [0] => Testc
                )

        )

)

INFO: [ view_parse ] --START--
INFO: [ template_filter ] --START--
INFO: Run Behavior\ContentReplaceBehavior [ RunTime:0.000086s ]
INFO: [ template_filter ] --END-- [ RunTime:0.000187s ]
SQL: SHOW COLUMNS FROM `mgqa_answer_agree` [ RunTime:0.017007s ]
SQL: SELECT `is_agree` FROM `mgqa_answer_agree` WHERE ( answer_id=4 AND username="SmileC" ) LIMIT 1   [ RunTime:0.000365s ]
SQL: SELECT `is_agree` FROM `mgqa_answer_agree` WHERE ( answer_id=4 AND username="SmileC" ) LIMIT 1   [ RunTime:0.000242s ]
SQL: SELECT `is_agree` FROM `mgqa_answer_agree` WHERE ( answer_id=1 AND username="SmileC" ) LIMIT 1   [ RunTime:0.000334s ]
SQL: SELECT `is_agree` FROM `mgqa_answer_agree` WHERE ( answer_id=1 AND username="SmileC" ) LIMIT 1   [ RunTime:0.000265s ]
INFO: Run Behavior\ParseTemplateBehavior [ RunTime:0.076968s ]
INFO: [ view_parse ] --END-- [ RunTime:0.077057s ]
INFO: [ view_filter ] --START--
INFO: Run Behavior\WriteHtmlCacheBehavior [ RunTime:0.000934s ]
INFO: [ view_filter ] --END-- [ RunTime:0.001011s ]
INFO: [ app_end ] --START--
INFO: Run Behavior\ShowPageTraceBehavior [ RunTime:0.001131s ]
INFO: [ app_end ] --END-- [ RunTime:0.001239s ]

[ 2015-03-18T07:39:06+08:00 ] 127.0.0.1 /index.php/Home/Question/set_question_user_status.html?question_id=2&follow=0&anonymous=0
INFO: [ app_begin ] --START--
INFO: Run Behavior\ReadHtmlCacheBehavior [ RunTime:0.000816s ]
INFO: [ app_begin ] --END-- [ RunTime:0.001513s ]
SQL: SHOW COLUMNS FROM `mgqa_user` [ RunTime:0.010903s ]
SQL: SELECT `random` FROM `mgqa_user` WHERE ( username="SmileC" ) LIMIT 1   [ RunTime:0.000346s ]
SQL: SHOW COLUMNS FROM `mgqa_question_user_status` [ RunTime:0.008050s ]
SQL: SELECT `id` FROM `mgqa_question_user_status` WHERE ( username="SmileC" AND question_id=2 ) LIMIT 1   [ RunTime:0.000368s ]
SQL: UPDATE `mgqa_question_user_status` SET `username`='SmileC',`question_id`=2,`follow`=0,`anonymous`=0 WHERE ( id=2 ) [ RunTime:0.000401s ]
SQL: SHOW COLUMNS FROM `mgqa_timeline` [ RunTime:0.011529s ]
SQL: SELECT `id` FROM `mgqa_timeline` WHERE `username` = 'SmileC' AND `mode` = 1 AND `project_id` = 2 AND `status` = 2 LIMIT 1   [ RunTime:0.000267s ]
SQL: DELETE FROM `mgqa_timeline` WHERE ( id=42 ) [ RunTime:0.000229s ]
INFO: [ app_end ] --START--
INFO: Run Behavior\ShowPageTraceBehavior [ RunTime:0.001291s ]
INFO: [ app_end ] --END-- [ RunTime:0.001411s ]

[ 2015-03-18T07:39:08+08:00 ] 127.0.0.1 /index.php/Home/Question/set_question_user_status.html?question_id=2&follow=1&anonymous=0
INFO: [ app_begin ] --START--
INFO: Run Behavior\ReadHtmlCacheBehavior [ RunTime:0.000661s ]
INFO: [ app_begin ] --END-- [ RunTime:0.001011s ]
SQL: SHOW COLUMNS FROM `mgqa_user` [ RunTime:0.011930s ]
SQL: SELECT `random` FROM `mgqa_user` WHERE ( username="SmileC" ) LIMIT 1   [ RunTime:0.000299s ]
SQL: SHOW COLUMNS FROM `mgqa_question_user_status` [ RunTime:0.008298s ]
SQL: SELECT `id` FROM `mgqa_question_user_status` WHERE ( username="SmileC" AND question_id=2 ) LIMIT 1   [ RunTime:0.000303s ]
SQL: UPDATE `mgqa_question_user_status` SET `username`='SmileC',`question_id`=2,`follow`=1,`anonymous`=0 WHERE ( id=2 ) [ RunTime:0.000270s ]
SQL: SHOW COLUMNS FROM `mgqa_timeline` [ RunTime:0.012264s ]
SQL: SELECT `id` FROM `mgqa_timeline` WHERE `username` = 'SmileC' AND `mode` = 1 AND `project_id` = 2 AND `status` = 2 LIMIT 1   [ RunTime:0.000293s ]
SQL: INSERT INTO `mgqa_timeline` (`username`,`mode`,`project_id`,`status`) VALUES ('SmileC',1,2,2) [ RunTime:0.000268s ]
INFO: [ app_end ] --START--
INFO: Run Behavior\ShowPageTraceBehavior [ RunTime:0.000853s ]
INFO: [ app_end ] --END-- [ RunTime:0.000910s ]

[ 2015-03-18T07:43:56+08:00 ] 127.0.0.1 /index.php/Home/index/getinfo
INFO: [ app_begin ] --START--
INFO: Run Behavior\ReadHtmlCacheBehavior [ RunTime:0.000735s ]
INFO: [ app_begin ] --END-- [ RunTime:0.001260s ]
SQL: SHOW COLUMNS FROM `mgqa_timeline_time` [ RunTime:0.013467s ]
SQL: SELECT unix_timestamp(time) FROM `mgqa_timeline_time` WHERE ( username="SmileC" ) LIMIT 1   [ RunTime:0.000243s ]
SQL: SHOW COLUMNS FROM `mgqa_timeline` [ RunTime:0.013589s ]
SQL: SHOW COLUMNS FROM `mgqa_question_user_status` [ RunTime:0.011135s ]
SQL: SELECT `question_id` FROM `mgqa_question_user_status` WHERE ( username="SmileC" AND follow=1 )  [ RunTime:0.000397s ]
DEBUG: Array
(
    [0] => 2
    [null] => 0
)

SQL: SHOW COLUMNS FROM `mgqa_timeline_question` [ RunTime:0.016188s ]
SQL: SELECT * FROM `mgqa_timeline_question` WHERE (  ( (`question_id` IN ('2',0)) AND (`type` = '1') ) OR `tousername` = 'SmileC' ) AND ( 1426634838 < unix_timestamp(time) ) ORDER BY id desc  [ RunTime:0.000406s ]
SQL: SHOW COLUMNS FROM `mgqa_timeline_follow` [ RunTime:0.012143s ]
SQL: SELECT * FROM `mgqa_timeline_follow` WHERE ( tousername="SmileC" AND 1426634838 < unix_timestamp(time) ) ORDER BY id desc  [ RunTime:0.000306s ]
DEBUG: debug
SQL: SHOW COLUMNS FROM `mgqa_timeline_agree` [ RunTime:0.011961s ]
SQL: SELECT * FROM `mgqa_timeline_agree` WHERE ( tousername="SmileC" AND 1426634838 < unix_timestamp(time) ) ORDER BY id desc  [ RunTime:0.000357s ]
DEBUG: Array
(
)

DEBUG: Array
(
    [question] => 0
    [follow] => 0
    [agree] => 0
    [sum] => 0
)

INFO: [ app_end ] --START--
INFO: Run Behavior\ShowPageTraceBehavior [ RunTime:0.001312s ]
INFO: [ app_end ] --END-- [ RunTime:0.001401s ]

[ 2015-03-18T07:57:38+08:00 ] 127.0.0.1 /index.php/Home/index/get_timeline.html?page=1
INFO: [ app_begin ] --START--
INFO: Run Behavior\ReadHtmlCacheBehavior [ RunTime:0.000637s ]
INFO: [ app_begin ] --END-- [ RunTime:0.001054s ]
SQL: SHOW COLUMNS FROM `mgqa_timeline` [ RunTime:0.016456s ]
SQL: SHOW COLUMNS FROM `mgqa_follow` [ RunTime:0.011878s ]
SQL: SELECT * FROM `mgqa_follow` WHERE ( us1="SmileC" OR us2="SmileC" )  [ RunTime:0.000295s ]
SQL: SHOW COLUMNS FROM `mgqa_timeline` [ RunTime:0.012709s ]
SQL: SELECT * FROM `mgqa_timeline` WHERE `username` IN ('Testc') ORDER BY id desc LIMIT 0,30   [ RunTime:0.000317s ]
SQL: SHOW COLUMNS FROM `mgqa_answer` [ RunTime:0.014886s ]
SQL: SELECT * FROM `mgqa_answer` WHERE ( id=4 ) LIMIT 1   [ RunTime:0.000280s ]
SQL: SHOW COLUMNS FROM `mgqa_question` [ RunTime:0.019640s ]
SQL: SELECT * FROM `mgqa_question` WHERE ( id=2 ) LIMIT 1   [ RunTime:0.000312s ]
SQL: SELECT * FROM `mgqa_question` WHERE ( id=3 ) LIMIT 1   [ RunTime:0.000219s ]
SQL: SELECT * FROM `mgqa_question` WHERE ( id=1 ) LIMIT 1   [ RunTime:0.000240s ]
SQL: SELECT * FROM `mgqa_question` WHERE ( id=1 ) LIMIT 1   [ RunTime:0.000213s ]
SQL: SELECT * FROM `mgqa_answer` WHERE ( id=1 ) LIMIT 1   [ RunTime:0.000215s ]
SQL: SELECT * FROM `mgqa_question` WHERE ( id=1 ) LIMIT 1   [ RunTime:0.000200s ]
DEBUG: Array
(
    [0] => Array
        (
            [id] => 39
            [username] => Testc
            [mode] => 2
            [project_id] => 4
            [status] => 1
            [pushtime] => 2015-03-17 21:39:19
            [content] => Array
                (
                    [id] => 4
                    [question_id] => 2
                    [username] => Testc
                    [content] => testccccc
                    [agree] => 1
                    [unagree] => 0
                    [time] => 2015-03-17 21:39:19
                    [question_title] => 123
                )

            [us_array] => Array
                (
                    [0] => Testc
                )

        )

    [1] => Array
        (
            [id] => 38
            [username] => Testc
            [mode] => 1
            [project_id] => 3
            [status] => 1
            [pushtime] => 2015-03-17 17:49:02
            [content] => Array
                (
                    [id] => 3
                    [username] => Testc
                    [anonymous] => 0
                    [title] => æé—®æµ‹è¯•
                    [content] =>  
                    [answer] => 0
                    [follow] => 0
                    [status] => 0
                    [time] => 2015-03-17 17:49:02
                    [topic1] => 2
                    [topic2] => 
                    [topic3] => 
                )

            [us_array] => Array
                (
                    [0] => Testc
                )

        )

    [2] => Array
        (
            [id] => 8
            [username] => Testc
            [mode] => 1
            [project_id] => 1
            [status] => 3
            [pushtime] => 2015-03-12 13:43:27
            [content] => Array
                (
                    [id] => 1
                    [username] => SmileC
                    [anonymous] => 0
                    [title] => indexçš„pushæµ‹è¯•
                    [content] => 
                    [answer] => 0
                    [follow] => 0
                    [status] => 0
                    [time] => 2015-03-12 12:15:31
                    [topic1] => 1
                    [topic2] => 
                    [topic3] => 
                )

            [us_array] => Array
                (
                    [0] => Testc
                )

        )

    [3] => Array
        (
            [id] => 2
            [username] => Testc
            [mode] => 2
            [project_id] => 1
            [status] => 1
            [pushtime] => 2015-03-12 12:15:55
            [content] => Array
                (
                    [id] => 1
                    [question_id] => 1
                    [username] => Testc
                    [content] => å›žç­”æµ‹è¯•
                    [agree] => 1
                    [unagree] => 0
                    [time] => 2015-03-12 12:15:55
                    [question_title] => indexçš„pushæµ‹è¯•
                )

            [us_array] => Array
                (
                    [0] => Testc
                )

        )

)

INFO: [ view_parse ] --START--
INFO: [ template_filter ] --START--
INFO: Run Behavior\ContentReplaceBehavior [ RunTime:0.000082s ]
INFO: [ template_filter ] --END-- [ RunTime:0.000204s ]
SQL: SHOW COLUMNS FROM `mgqa_answer_agree` [ RunTime:0.009673s ]
SQL: SELECT `is_agree` FROM `mgqa_answer_agree` WHERE ( answer_id=4 AND username="SmileC" ) LIMIT 1   [ RunTime:0.000331s ]
SQL: SELECT `is_agree` FROM `mgqa_answer_agree` WHERE ( answer_id=4 AND username="SmileC" ) LIMIT 1   [ RunTime:0.000288s ]
SQL: SELECT `is_agree` FROM `mgqa_answer_agree` WHERE ( answer_id=1 AND username="SmileC" ) LIMIT 1   [ RunTime:0.000201s ]
SQL: SELECT `is_agree` FROM `mgqa_answer_agree` WHERE ( answer_id=1 AND username="SmileC" ) LIMIT 1   [ RunTime:0.000208s ]
INFO: Run Behavior\ParseTemplateBehavior [ RunTime:0.026321s ]
INFO: [ view_parse ] --END-- [ RunTime:0.026426s ]
INFO: [ view_filter ] --START--
INFO: Run Behavior\WriteHtmlCacheBehavior [ RunTime:0.000768s ]
INFO: [ view_filter ] --END-- [ RunTime:0.000844s ]
INFO: [ app_end ] --START--
INFO: Run Behavior\ShowPageTraceBehavior [ RunTime:0.000827s ]
INFO: [ app_end ] --END-- [ RunTime:0.000896s ]

[ 2015-03-18T08:21:31+08:00 ] 127.0.0.1 /index.php/Home/Question/get_question_content.html?qid=2
INFO: [ app_begin ] --START--
INFO: Run Behavior\ReadHtmlCacheBehavior [ RunTime:0.002152s ]
INFO: [ app_begin ] --END-- [ RunTime:0.003152s ]
SQL: SHOW COLUMNS FROM `mgqa_question` [ RunTime:0.027090s ]
SQL: SELECT `content` FROM `mgqa_question` WHERE ( id=2 ) LIMIT 1   [ RunTime:0.000702s ]
INFO: [ app_end ] --START--
INFO: Run Behavior\ShowPageTraceBehavior [ RunTime:0.001725s ]
INFO: [ app_end ] --END-- [ RunTime:0.002040s ]

[ 2015-03-18T08:21:33+08:00 ] 127.0.0.1 /index.php/Home/index/get_timeline.html?page=1
INFO: [ app_begin ] --START--
INFO: Run Behavior\ReadHtmlCacheBehavior [ RunTime:0.000922s ]
INFO: [ app_begin ] --END-- [ RunTime:0.001455s ]
SQL: SHOW COLUMNS FROM `mgqa_timeline` [ RunTime:0.012201s ]
SQL: SHOW COLUMNS FROM `mgqa_follow` [ RunTime:0.012572s ]
SQL: SELECT * FROM `mgqa_follow` WHERE ( us1="SmileC" OR us2="SmileC" )  [ RunTime:0.000253s ]
SQL: SHOW COLUMNS FROM `mgqa_timeline` [ RunTime:0.009124s ]
SQL: SELECT * FROM `mgqa_timeline` WHERE `username` IN ('Testc') ORDER BY id desc LIMIT 0,30   [ RunTime:0.000500s ]
SQL: SHOW COLUMNS FROM `mgqa_answer` [ RunTime:0.027143s ]
SQL: SELECT * FROM `mgqa_answer` WHERE ( id=4 ) LIMIT 1   [ RunTime:0.000478s ]
SQL: SHOW COLUMNS FROM `mgqa_question` [ RunTime:0.025445s ]
SQL: SELECT * FROM `mgqa_question` WHERE ( id=2 ) LIMIT 1   [ RunTime:0.000393s ]
SQL: SELECT * FROM `mgqa_question` WHERE ( id=3 ) LIMIT 1   [ RunTime:0.000282s ]
SQL: SELECT * FROM `mgqa_question` WHERE ( id=1 ) LIMIT 1   [ RunTime:0.000195s ]
SQL: SELECT * FROM `mgqa_question` WHERE ( id=1 ) LIMIT 1   [ RunTime:0.000200s ]
SQL: SELECT * FROM `mgqa_answer` WHERE ( id=1 ) LIMIT 1   [ RunTime:0.000224s ]
SQL: SELECT * FROM `mgqa_question` WHERE ( id=1 ) LIMIT 1   [ RunTime:0.000197s ]
DEBUG: Array
(
    [0] => Array
        (
            [id] => 39
            [username] => Testc
            [mode] => 2
            [project_id] => 4
            [status] => 1
            [pushtime] => 2015-03-17 21:39:19
            [content] => Array
                (
                    [id] => 4
                    [question_id] => 2
                    [username] => Testc
                    [content] => testccccc
                    [agree] => 1
                    [unagree] => 0
                    [time] => 2015-03-17 21:39:19
                    [question_title] => 123
                )

            [us_array] => Array
                (
                    [0] => Testc
                )

        )

    [1] => Array
        (
            [id] => 38
            [username] => Testc
            [mode] => 1
            [project_id] => 3
            [status] => 1
            [pushtime] => 2015-03-17 17:49:02
            [content] => Array
                (
                    [id] => 3
                    [username] => Testc
                    [anonymous] => 0
                    [title] => æé—®æµ‹è¯•
                    [content] =>  
                    [answer] => 0
                    [follow] => 0
                    [status] => 0
                    [time] => 2015-03-17 17:49:02
                    [topic1] => 2
                    [topic2] => 
                    [topic3] => 
                )

            [us_array] => Array
                (
                    [0] => Testc
                )

        )

    [2] => Array
        (
            [id] => 8
            [username] => Testc
            [mode] => 1
            [project_id] => 1
            [status] => 3
            [pushtime] => 2015-03-12 13:43:27
            [content] => Array
                (
                    [id] => 1
                    [username] => SmileC
                    [anonymous] => 0
                    [title] => indexçš„pushæµ‹è¯•
                    [content] => 
                    [answer] => 0
                    [follow] => 0
                    [status] => 0
                    [time] => 2015-03-12 12:15:31
                    [topic1] => 1
                    [topic2] => 
                    [topic3] => 
                )

            [us_array] => Array
                (
                    [0] => Testc
                )

        )

    [3] => Array
        (
            [id] => 2
            [username] => Testc
            [mode] => 2
            [project_id] => 1
            [status] => 1
            [pushtime] => 2015-03-12 12:15:55
            [content] => Array
                (
                    [id] => 1
                    [question_id] => 1
                    [username] => Testc
                    [content] => å›žç­”æµ‹è¯•
                    [agree] => 1
                    [unagree] => 0
                    [time] => 2015-03-12 12:15:55
                    [question_title] => indexçš„pushæµ‹è¯•
                )

            [us_array] => Array
                (
                    [0] => Testc
                )

        )

)

INFO: [ view_parse ] --START--
INFO: [ template_filter ] --START--
INFO: Run Behavior\ContentReplaceBehavior [ RunTime:0.000060s ]
INFO: [ template_filter ] --END-- [ RunTime:0.000138s ]
SQL: SHOW COLUMNS FROM `mgqa_answer_agree` [ RunTime:0.027805s ]
SQL: SELECT `is_agree` FROM `mgqa_answer_agree` WHERE ( answer_id=4 AND username="SmileC" ) LIMIT 1   [ RunTime:0.000264s ]
SQL: SELECT `is_agree` FROM `mgqa_answer_agree` WHERE ( answer_id=4 AND username="SmileC" ) LIMIT 1   [ RunTime:0.000199s ]
SQL: SELECT `is_agree` FROM `mgqa_answer_agree` WHERE ( answer_id=1 AND username="SmileC" ) LIMIT 1   [ RunTime:0.000296s ]
SQL: SELECT `is_agree` FROM `mgqa_answer_agree` WHERE ( answer_id=1 AND username="SmileC" ) LIMIT 1   [ RunTime:0.000296s ]
INFO: Run Behavior\ParseTemplateBehavior [ RunTime:0.043259s ]
INFO: [ view_parse ] --END-- [ RunTime:0.043334s ]
INFO: [ view_filter ] --START--
INFO: Run Behavior\WriteHtmlCacheBehavior [ RunTime:0.000465s ]
INFO: [ view_filter ] --END-- [ RunTime:0.000520s ]
INFO: [ app_end ] --START--
INFO: Run Behavior\ShowPageTraceBehavior [ RunTime:0.000605s ]
INFO: [ app_end ] --END-- [ RunTime:0.000666s ]

[ 2015-03-18T08:30:55+08:00 ] 127.0.0.1 /index.php/Home/index/get_timeline.html?page=2
INFO: [ app_begin ] --START--
INFO: Run Behavior\ReadHtmlCacheBehavior [ RunTime:0.000553s ]
INFO: [ app_begin ] --END-- [ RunTime:0.000963s ]
SQL: SHOW COLUMNS FROM `mgqa_timeline` [ RunTime:0.013580s ]
SQL: SHOW COLUMNS FROM `mgqa_follow` [ RunTime:0.010042s ]
SQL: SELECT * FROM `mgqa_follow` WHERE ( us1="SmileC" OR us2="SmileC" )  [ RunTime:0.000315s ]
SQL: SHOW COLUMNS FROM `mgqa_timeline` [ RunTime:0.010775s ]
SQL: SELECT * FROM `mgqa_timeline` WHERE `username` IN ('Testc') ORDER BY id desc LIMIT 30,30   [ RunTime:0.000342s ]
NOTIC: [2] Invalid argument supplied for foreach() D:\php\Code\MoeGirl_Q-A\Application\Home\Model\TimelineModel.class.php ç¬¬ 32 è¡Œ.
NOTIC: [2] array_merge() [<a href='function.array-merge'>function.array-merge</a>]: Argument #1 is not an array D:\php\Code\MoeGirl_Q-A\Application\Home\Model\TimelineModel.class.php ç¬¬ 67 è¡Œ.
DEBUG: 
INFO: [ view_parse ] --START--
INFO: [ template_filter ] --START--
INFO: Run Behavior\ContentReplaceBehavior [ RunTime:0.000060s ]
INFO: [ template_filter ] --END-- [ RunTime:0.000160s ]
INFO: Run Behavior\ParseTemplateBehavior [ RunTime:0.033482s ]
INFO: [ view_parse ] --END-- [ RunTime:0.033599s ]
INFO: [ view_filter ] --START--
INFO: Run Behavior\WriteHtmlCacheBehavior [ RunTime:0.000542s ]
INFO: [ view_filter ] --END-- [ RunTime:0.000626s ]
INFO: [ app_end ] --START--
INFO: Run Behavior\ShowPageTraceBehavior [ RunTime:0.000803s ]
INFO: [ app_end ] --END-- [ RunTime:0.000885s ]

[ 2015-03-18T08:30:58+08:00 ] 127.0.0.1 /index.php/Home/index/update_time.html
INFO: [ app_begin ] --START--
INFO: Run Behavior\ReadHtmlCacheBehavior [ RunTime:0.000832s ]
INFO: [ app_begin ] --END-- [ RunTime:0.001300s ]
SQL: SHOW COLUMNS FROM `mgqa_timeline_time` [ RunTime:0.010350s ]
SQL: SHOW COLUMNS FROM `mgqa_timeline_time` [ RunTime:0.005548s ]
SQL: SELECT `id` FROM `mgqa_timeline_time` WHERE `username` = 'SmileC' LIMIT 1   [ RunTime:0.000205s ]
SQL: UPDATE `mgqa_timeline_time` SET `username`='SmileC',`temp`=temp+1 WHERE `id` = 6 [ RunTime:0.094789s ]
INFO: [ app_end ] --START--
INFO: Run Behavior\ShowPageTraceBehavior [ RunTime:0.000952s ]
INFO: [ app_end ] --END-- [ RunTime:0.001059s ]

[ 2015-03-18T08:30:58+08:00 ] 127.0.0.1 /index.php/Home/index/get_question.html
INFO: [ app_begin ] --START--
INFO: Run Behavior\ReadHtmlCacheBehavior [ RunTime:0.001016s ]
INFO: [ app_begin ] --END-- [ RunTime:0.001516s ]
SQL: SHOW COLUMNS FROM `mgqa_timeline` [ RunTime:0.014225s ]
SQL: SHOW COLUMNS FROM `mgqa_question_user_status` [ RunTime:0.007408s ]
SQL: SELECT `question_id` FROM `mgqa_question_user_status` WHERE ( username="SmileC" AND follow=1 )  [ RunTime:0.000285s ]
DEBUG: Array
(
    [0] => 2
    [null] => 0
)

SQL: SHOW COLUMNS FROM `mgqa_timeline_question` [ RunTime:0.010875s ]
SQL: SELECT * FROM `mgqa_timeline_question` WHERE ( (`question_id` IN ('2',0)) AND (`type` = '1') ) OR `tousername` = 'SmileC' ORDER BY id desc LIMIT 200   [ RunTime:0.000343s ]
DEBUG: Array
(
    [0] => Array
        (
            [id] => 3
            [tousername] => 
            [question_id] => 2
            [answer_id] => 5
            [type] => 1
            [fromusername] => Angela
            [time] => 2015-03-17 21:51:45
            [us_array] => Array
                (
                    [0] => Angela
                    [1] => Testc
                    [2] => SmileC
                )

        )

)

INFO: [ view_parse ] --START--
INFO: [ template_filter ] --START--
INFO: Run Behavior\ContentReplaceBehavior [ RunTime:0.000048s ]
INFO: [ template_filter ] --END-- [ RunTime:0.000118s ]
SQL: SHOW COLUMNS FROM `mgqa_question` [ RunTime:0.016953s ]
SQL: SELECT * FROM `mgqa_question` WHERE ( id=2 ) LIMIT 1   [ RunTime:0.000333s ]
INFO: Run Behavior\ParseTemplateBehavior [ RunTime:0.044388s ]
INFO: [ view_parse ] --END-- [ RunTime:0.044458s ]
INFO: [ view_filter ] --START--
INFO: Run Behavior\WriteHtmlCacheBehavior [ RunTime:0.000756s ]
INFO: [ view_filter ] --END-- [ RunTime:0.000825s ]
INFO: [ app_end ] --START--
INFO: Run Behavior\ShowPageTraceBehavior [ RunTime:0.000726s ]
INFO: [ app_end ] --END-- [ RunTime:0.000792s ]

[ 2015-03-18T08:30:58+08:00 ] 127.0.0.1 /index.php/Home/index/get_agree.html
INFO: [ app_begin ] --START--
INFO: Run Behavior\ReadHtmlCacheBehavior [ RunTime:0.000981s ]
INFO: [ app_begin ] --END-- [ RunTime:0.001464s ]
SQL: SHOW COLUMNS FROM `mgqa_timeline` [ RunTime:0.010215s ]
DEBUG: debug
SQL: SHOW COLUMNS FROM `mgqa_timeline_agree` [ RunTime:0.007676s ]
SQL: SELECT * FROM `mgqa_timeline_agree` WHERE ( tousername="SmileC" ) ORDER BY id desc LIMIT 200   [ RunTime:0.000282s ]
DEBUG: Array
(
    [0] => Array
        (
            [id] => 20
            [tousername] => SmileC
            [answer_id] => 3
            [fromusername] => Testc
            [time] => 2015-03-17 17:48:48
        )

)

SQL: SHOW COLUMNS FROM `mgqa_answer` [ RunTime:0.010155s ]
SQL: SELECT `question_id` FROM `mgqa_answer` WHERE ( id=3 ) LIMIT 1   [ RunTime:0.000236s ]
INFO: [ view_parse ] --START--
INFO: [ template_filter ] --START--
INFO: Run Behavior\ContentReplaceBehavior [ RunTime:0.000045s ]
INFO: [ template_filter ] --END-- [ RunTime:0.000116s ]
SQL: SHOW COLUMNS FROM `mgqa_question` [ RunTime:0.015652s ]
SQL: SELECT * FROM `mgqa_question` WHERE ( id=2 ) LIMIT 1   [ RunTime:0.000287s ]
INFO: Run Behavior\ParseTemplateBehavior [ RunTime:0.044410s ]
INFO: [ view_parse ] --END-- [ RunTime:0.044466s ]
INFO: [ view_filter ] --START--
INFO: Run Behavior\WriteHtmlCacheBehavior [ RunTime:0.000775s ]
INFO: [ view_filter ] --END-- [ RunTime:0.000850s ]
INFO: [ app_end ] --START--
INFO: Run Behavior\ShowPageTraceBehavior [ RunTime:0.000917s ]
INFO: [ app_end ] --END-- [ RunTime:0.000998s ]

[ 2015-03-18T08:30:58+08:00 ] 127.0.0.1 /index.php/Home/index/get_follow.html
INFO: [ app_begin ] --START--
INFO: Run Behavior\ReadHtmlCacheBehavior [ RunTime:0.000700s ]
INFO: [ app_begin ] --END-- [ RunTime:0.001148s ]
SQL: SHOW COLUMNS FROM `mgqa_timeline` [ RunTime:0.010201s ]
SQL: SHOW COLUMNS FROM `mgqa_timeline_follow` [ RunTime:0.008838s ]
SQL: SELECT * FROM `mgqa_timeline_follow` WHERE ( tousername="SmileC" ) ORDER BY id desc LIMIT 30   [ RunTime:0.000279s ]
SQL: SHOW COLUMNS FROM `mgqa_follow` [ RunTime:0.012621s ]
SQL: SELECT * FROM `mgqa_follow` WHERE ( us1 = "Testc" AND us2="SmileC" ) LIMIT 1   [ RunTime:0.000234s ]
INFO: [ view_parse ] --START--
INFO: [ template_filter ] --START--
INFO: Run Behavior\ContentReplaceBehavior [ RunTime:0.000044s ]
INFO: [ template_filter ] --END-- [ RunTime:0.000116s ]
INFO: Run Behavior\ParseTemplateBehavior [ RunTime:0.009170s ]
INFO: [ view_parse ] --END-- [ RunTime:0.009251s ]
INFO: [ view_filter ] --START--
INFO: Run Behavior\WriteHtmlCacheBehavior [ RunTime:0.000434s ]
INFO: [ view_filter ] --END-- [ RunTime:0.000487s ]
INFO: [ app_end ] --START--
INFO: Run Behavior\ShowPageTraceBehavior [ RunTime:0.000635s ]
INFO: [ app_end ] --END-- [ RunTime:0.000690s ]

[ 2015-03-18T08:31:03+08:00 ] 127.0.0.1 /index.php/Home/index/get_agree.html
INFO: [ app_begin ] --START--
INFO: Run Behavior\ReadHtmlCacheBehavior [ RunTime:0.000823s ]
INFO: [ app_begin ] --END-- [ RunTime:0.001259s ]
SQL: SHOW COLUMNS FROM `mgqa_timeline` [ RunTime:0.013013s ]
DEBUG: debug
SQL: SHOW COLUMNS FROM `mgqa_timeline_agree` [ RunTime:0.007499s ]
SQL: SELECT * FROM `mgqa_timeline_agree` WHERE ( tousername="SmileC" ) ORDER BY id desc LIMIT 200   [ RunTime:0.000306s ]
DEBUG: Array
(
    [0] => Array
        (
            [id] => 20
            [tousername] => SmileC
            [answer_id] => 3
            [fromusername] => Testc
            [time] => 2015-03-17 17:48:48
        )

)

SQL: SHOW COLUMNS FROM `mgqa_answer` [ RunTime:0.012158s ]
SQL: SELECT `question_id` FROM `mgqa_answer` WHERE ( id=3 ) LIMIT 1   [ RunTime:0.000221s ]
INFO: [ view_parse ] --START--
INFO: [ template_filter ] --START--
INFO: Run Behavior\ContentReplaceBehavior [ RunTime:0.000045s ]
INFO: [ template_filter ] --END-- [ RunTime:0.000112s ]
SQL: SHOW COLUMNS FROM `mgqa_question` [ RunTime:0.021983s ]
SQL: SELECT * FROM `mgqa_question` WHERE ( id=2 ) LIMIT 1   [ RunTime:0.000323s ]
INFO: Run Behavior\ParseTemplateBehavior [ RunTime:0.031444s ]
INFO: [ view_parse ] --END-- [ RunTime:0.031506s ]
INFO: [ view_filter ] --START--
INFO: Run Behavior\WriteHtmlCacheBehavior [ RunTime:0.000471s ]
INFO: [ view_filter ] --END-- [ RunTime:0.000527s ]
INFO: [ app_end ] --START--
INFO: Run Behavior\ShowPageTraceBehavior [ RunTime:0.000598s ]
INFO: [ app_end ] --END-- [ RunTime:0.000655s ]

[ 2015-03-18T08:31:03+08:00 ] 127.0.0.1 /index.php/Home/index/update_time.html
INFO: [ app_begin ] --START--
INFO: Run Behavior\ReadHtmlCacheBehavior [ RunTime:0.001093s ]
INFO: [ app_begin ] --END-- [ RunTime:0.001662s ]
SQL: SHOW COLUMNS FROM `mgqa_timeline_time` [ RunTime:0.007510s ]
SQL: SHOW COLUMNS FROM `mgqa_timeline_time` [ RunTime:0.005286s ]
SQL: SELECT `id` FROM `mgqa_timeline_time` WHERE `username` = 'SmileC' LIMIT 1   [ RunTime:0.000242s ]
SQL: UPDATE `mgqa_timeline_time` SET `username`='SmileC',`temp`=temp+1 WHERE `id` = 6 [ RunTime:0.000193s ]
INFO: [ app_end ] --START--
INFO: Run Behavior\ShowPageTraceBehavior [ RunTime:0.000962s ]
INFO: [ app_end ] --END-- [ RunTime:0.001037s ]

[ 2015-03-18T08:31:03+08:00 ] 127.0.0.1 /index.php/Home/index/get_question.html
INFO: [ app_begin ] --START--
INFO: Run Behavior\ReadHtmlCacheBehavior [ RunTime:0.000663s ]
INFO: [ app_begin ] --END-- [ RunTime:0.001009s ]
SQL: SHOW COLUMNS FROM `mgqa_timeline` [ RunTime:0.011443s ]
SQL: SHOW COLUMNS FROM `mgqa_question_user_status` [ RunTime:0.010633s ]
SQL: SELECT `question_id` FROM `mgqa_question_user_status` WHERE ( username="SmileC" AND follow=1 )  [ RunTime:0.000328s ]
DEBUG: Array
(
    [0] => 2
    [null] => 0
)

SQL: SHOW COLUMNS FROM `mgqa_timeline_question` [ RunTime:0.009569s ]
SQL: SELECT * FROM `mgqa_timeline_question` WHERE ( (`question_id` IN ('2',0)) AND (`type` = '1') ) OR `tousername` = 'SmileC' ORDER BY id desc LIMIT 200   [ RunTime:0.000344s ]
DEBUG: Array
(
    [0] => Array
        (
            [id] => 3
            [tousername] => 
            [question_id] => 2
            [answer_id] => 5
            [type] => 1
            [fromusername] => Angela
            [time] => 2015-03-17 21:51:45
            [us_array] => Array
                (
                    [0] => Angela
                    [1] => Testc
                    [2] => SmileC
                )

        )

)

INFO: [ view_parse ] --START--
INFO: [ template_filter ] --START--
INFO: Run Behavior\ContentReplaceBehavior [ RunTime:0.000060s ]
INFO: [ template_filter ] --END-- [ RunTime:0.000154s ]
SQL: SHOW COLUMNS FROM `mgqa_question` [ RunTime:0.019101s ]
SQL: SELECT * FROM `mgqa_question` WHERE ( id=2 ) LIMIT 1   [ RunTime:0.000403s ]
INFO: Run Behavior\ParseTemplateBehavior [ RunTime:0.032909s ]
INFO: [ view_parse ] --END-- [ RunTime:0.032992s ]
INFO: [ view_filter ] --START--
INFO: Run Behavior\WriteHtmlCacheBehavior [ RunTime:0.000792s ]
INFO: [ view_filter ] --END-- [ RunTime:0.000884s ]
INFO: [ app_end ] --START--
INFO: Run Behavior\ShowPageTraceBehavior [ RunTime:0.000730s ]
INFO: [ app_end ] --END-- [ RunTime:0.000793s ]

[ 2015-03-18T08:31:03+08:00 ] 127.0.0.1 /index.php/Home/index/get_follow.html
INFO: [ app_begin ] --START--
INFO: Run Behavior\ReadHtmlCacheBehavior [ RunTime:0.001080s ]
INFO: [ app_begin ] --END-- [ RunTime:0.001840s ]
SQL: SHOW COLUMNS FROM `mgqa_timeline` [ RunTime:0.013313s ]
SQL: SHOW COLUMNS FROM `mgqa_timeline_follow` [ RunTime:0.009036s ]
SQL: SELECT * FROM `mgqa_timeline_follow` WHERE ( tousername="SmileC" ) ORDER BY id desc LIMIT 30   [ RunTime:0.000218s ]
SQL: SHOW COLUMNS FROM `mgqa_follow` [ RunTime:0.009824s ]
SQL: SELECT * FROM `mgqa_follow` WHERE ( us1 = "Testc" AND us2="SmileC" ) LIMIT 1   [ RunTime:0.000228s ]
INFO: [ view_parse ] --START--
INFO: [ template_filter ] --START--
INFO: Run Behavior\ContentReplaceBehavior [ RunTime:0.000045s ]
INFO: [ template_filter ] --END-- [ RunTime:0.000111s ]
INFO: Run Behavior\ParseTemplateBehavior [ RunTime:0.006790s ]
INFO: [ view_parse ] --END-- [ RunTime:0.006866s ]
INFO: [ view_filter ] --START--
INFO: Run Behavior\WriteHtmlCacheBehavior [ RunTime:0.000422s ]
INFO: [ view_filter ] --END-- [ RunTime:0.000474s ]
INFO: [ app_end ] --START--
INFO: Run Behavior\ShowPageTraceBehavior [ RunTime:0.000623s ]
INFO: [ app_end ] --END-- [ RunTime:0.000678s ]

[ 2015-03-18T08:31:04+08:00 ] 127.0.0.1 /index.php/Home/index/update_time.html
INFO: [ app_begin ] --START--
INFO: Run Behavior\ReadHtmlCacheBehavior [ RunTime:0.001336s ]
INFO: [ app_begin ] --END-- [ RunTime:0.001838s ]
SQL: SHOW COLUMNS FROM `mgqa_timeline_time` [ RunTime:0.016321s ]
SQL: SHOW COLUMNS FROM `mgqa_timeline_time` [ RunTime:0.008145s ]
SQL: SELECT `id` FROM `mgqa_timeline_time` WHERE `username` = 'SmileC' LIMIT 1   [ RunTime:0.000292s ]
SQL: UPDATE `mgqa_timeline_time` SET `username`='SmileC',`temp`=temp+1 WHERE `id` = 6 [ RunTime:0.000244s ]
INFO: [ app_end ] --START--
INFO: Run Behavior\ShowPageTraceBehavior [ RunTime:0.000876s ]
INFO: [ app_end ] --END-- [ RunTime:0.000956s ]

[ 2015-03-18T08:31:04+08:00 ] 127.0.0.1 /index.php/Home/index/get_follow.html
INFO: [ app_begin ] --START--
INFO: Run Behavior\ReadHtmlCacheBehavior [ RunTime:0.000966s ]
INFO: [ app_begin ] --END-- [ RunTime:0.001758s ]
SQL: SHOW COLUMNS FROM `mgqa_timeline` [ RunTime:0.016770s ]
SQL: SHOW COLUMNS FROM `mgqa_timeline_follow` [ RunTime:0.014388s ]
SQL: SELECT * FROM `mgqa_timeline_follow` WHERE ( tousername="SmileC" ) ORDER BY id desc LIMIT 30   [ RunTime:0.000295s ]
SQL: SHOW COLUMNS FROM `mgqa_follow` [ RunTime:0.014961s ]
SQL: SELECT * FROM `mgqa_follow` WHERE ( us1 = "Testc" AND us2="SmileC" ) LIMIT 1   [ RunTime:0.000239s ]
INFO: [ view_parse ] --START--
INFO: [ template_filter ] --START--
INFO: Run Behavior\ContentReplaceBehavior [ RunTime:0.000047s ]
INFO: [ template_filter ] --END-- [ RunTime:0.000126s ]
INFO: Run Behavior\ParseTemplateBehavior [ RunTime:0.009874s ]
INFO: [ view_parse ] --END-- [ RunTime:0.009970s ]
INFO: [ view_filter ] --START--
INFO: Run Behavior\WriteHtmlCacheBehavior [ RunTime:0.000650s ]
INFO: [ view_filter ] --END-- [ RunTime:0.000743s ]
INFO: [ app_end ] --START--
INFO: Run Behavior\ShowPageTraceBehavior [ RunTime:0.001498s ]
INFO: [ app_end ] --END-- [ RunTime:0.001605s ]

[ 2015-03-18T08:31:04+08:00 ] 127.0.0.1 /index.php/Home/index/get_question.html
INFO: [ app_begin ] --START--
INFO: Run Behavior\ReadHtmlCacheBehavior [ RunTime:0.001042s ]
INFO: [ app_begin ] --END-- [ RunTime:0.001566s ]
SQL: SHOW COLUMNS FROM `mgqa_timeline` [ RunTime:0.013472s ]
SQL: SHOW COLUMNS FROM `mgqa_question_user_status` [ RunTime:0.011659s ]
SQL: SELECT `question_id` FROM `mgqa_question_user_status` WHERE ( username="SmileC" AND follow=1 )  [ RunTime:0.000399s ]
DEBUG: Array
(
    [0] => 2
    [null] => 0
)

SQL: SHOW COLUMNS FROM `mgqa_timeline_question` [ RunTime:0.014144s ]
SQL: SELECT * FROM `mgqa_timeline_question` WHERE ( (`question_id` IN ('2',0)) AND (`type` = '1') ) OR `tousername` = 'SmileC' ORDER BY id desc LIMIT 200   [ RunTime:0.000457s ]
DEBUG: Array
(
    [0] => Array
        (
            [id] => 3
            [tousername] => 
            [question_id] => 2
            [answer_id] => 5
            [type] => 1
            [fromusername] => Angela
            [time] => 2015-03-17 21:51:45
            [us_array] => Array
                (
                    [0] => Angela
                    [1] => Testc
                    [2] => SmileC
                )

        )

)

INFO: [ view_parse ] --START--
INFO: [ template_filter ] --START--
INFO: Run Behavior\ContentReplaceBehavior [ RunTime:0.000070s ]
INFO: [ template_filter ] --END-- [ RunTime:0.000169s ]
SQL: SHOW COLUMNS FROM `mgqa_question` [ RunTime:0.027318s ]
SQL: SELECT * FROM `mgqa_question` WHERE ( id=2 ) LIMIT 1   [ RunTime:0.000315s ]
INFO: Run Behavior\ParseTemplateBehavior [ RunTime:0.041649s ]
INFO: [ view_parse ] --END-- [ RunTime:0.041758s ]
INFO: [ view_filter ] --START--
INFO: Run Behavior\WriteHtmlCacheBehavior [ RunTime:0.000798s ]
INFO: [ view_filter ] --END-- [ RunTime:0.000885s ]
INFO: [ app_end ] --START--
INFO: Run Behavior\ShowPageTraceBehavior [ RunTime:0.001014s ]
INFO: [ app_end ] --END-- [ RunTime:0.001114s ]

[ 2015-03-18T08:31:04+08:00 ] 127.0.0.1 /index.php/Home/index/get_agree.html
INFO: [ app_begin ] --START--
INFO: Run Behavior\ReadHtmlCacheBehavior [ RunTime:0.000940s ]
INFO: [ app_begin ] --END-- [ RunTime:0.001499s ]
SQL: SHOW COLUMNS FROM `mgqa_timeline` [ RunTime:0.014197s ]
DEBUG: debug
SQL: SHOW COLUMNS FROM `mgqa_timeline_agree` [ RunTime:0.011254s ]
SQL: SELECT * FROM `mgqa_timeline_agree` WHERE ( tousername="SmileC" ) ORDER BY id desc LIMIT 200   [ RunTime:0.000303s ]
DEBUG: Array
(
    [0] => Array
        (
            [id] => 20
            [tousername] => SmileC
            [answer_id] => 3
            [fromusername] => Testc
            [time] => 2015-03-17 17:48:48
        )

)

SQL: SHOW COLUMNS FROM `mgqa_answer` [ RunTime:0.010918s ]
SQL: SELECT `question_id` FROM `mgqa_answer` WHERE ( id=3 ) LIMIT 1   [ RunTime:0.000208s ]
INFO: [ view_parse ] --START--
INFO: [ template_filter ] --START--
INFO: Run Behavior\ContentReplaceBehavior [ RunTime:0.000049s ]
INFO: [ template_filter ] --END-- [ RunTime:0.000119s ]
SQL: SHOW COLUMNS FROM `mgqa_question` [ RunTime:0.016300s ]
SQL: SELECT * FROM `mgqa_question` WHERE ( id=2 ) LIMIT 1   [ RunTime:0.000238s ]
INFO: Run Behavior\ParseTemplateBehavior [ RunTime:0.025716s ]
INFO: [ view_parse ] --END-- [ RunTime:0.025775s ]
INFO: [ view_filter ] --START--
INFO: Run Behavior\WriteHtmlCacheBehavior [ RunTime:0.000453s ]
INFO: [ view_filter ] --END-- [ RunTime:0.000505s ]
INFO: [ app_end ] --START--
INFO: Run Behavior\ShowPageTraceBehavior [ RunTime:0.000561s ]
INFO: [ app_end ] --END-- [ RunTime:0.000615s ]

[ 2015-03-18T08:37:37+08:00 ] 127.0.0.1 /index.php/Home/index/get_timeline.html?page=1
INFO: [ app_begin ] --START--
INFO: Run Behavior\ReadHtmlCacheBehavior [ RunTime:0.000782s ]
INFO: [ app_begin ] --END-- [ RunTime:0.001164s ]
SQL: SHOW COLUMNS FROM `mgqa_timeline` [ RunTime:0.011548s ]
SQL: SHOW COLUMNS FROM `mgqa_follow` [ RunTime:0.013422s ]
SQL: SELECT * FROM `mgqa_follow` WHERE ( us1="SmileC" OR us2="SmileC" )  [ RunTime:0.000287s ]
SQL: SHOW COLUMNS FROM `mgqa_timeline` [ RunTime:0.012537s ]
SQL: SELECT * FROM `mgqa_timeline` WHERE `username` IN ('Testc') ORDER BY id desc LIMIT 0,30   [ RunTime:0.000376s ]
SQL: SHOW COLUMNS FROM `mgqa_answer` [ RunTime:0.014033s ]
SQL: SELECT * FROM `mgqa_answer` WHERE ( id=4 ) LIMIT 1   [ RunTime:0.000350s ]
SQL: SHOW COLUMNS FROM `mgqa_question` [ RunTime:0.024346s ]
SQL: SELECT * FROM `mgqa_question` WHERE ( id=2 ) LIMIT 1   [ RunTime:0.000336s ]
SQL: SELECT * FROM `mgqa_question` WHERE ( id=3 ) LIMIT 1   [ RunTime:0.000282s ]
SQL: SELECT * FROM `mgqa_question` WHERE ( id=1 ) LIMIT 1   [ RunTime:0.000229s ]
SQL: SELECT * FROM `mgqa_question` WHERE ( id=1 ) LIMIT 1   [ RunTime:0.000191s ]
SQL: SELECT * FROM `mgqa_answer` WHERE ( id=1 ) LIMIT 1   [ RunTime:0.000175s ]
SQL: SELECT * FROM `mgqa_question` WHERE ( id=1 ) LIMIT 1   [ RunTime:0.000186s ]
DEBUG: Array
(
    [0] => Array
        (
            [id] => 39
            [username] => Testc
            [mode] => 2
            [project_id] => 4
            [status] => 1
            [pushtime] => 2015-03-17 21:39:19
            [content] => Array
                (
                    [id] => 4
                    [question_id] => 2
                    [username] => Testc
                    [content] => testccccc
                    [agree] => 1
                    [unagree] => 0
                    [time] => 2015-03-17 21:39:19
                    [question_title] => 123
                )

            [us_array] => Array
                (
                    [0] => Testc
                )

        )

    [1] => Array
        (
            [id] => 38
            [username] => Testc
            [mode] => 1
            [project_id] => 3
            [status] => 1
            [pushtime] => 2015-03-17 17:49:02
            [content] => Array
                (
                    [id] => 3
                    [username] => Testc
                    [anonymous] => 0
                    [title] => æé—®æµ‹è¯•
                    [content] =>  
                    [answer] => 0
                    [follow] => 0
                    [status] => 0
                    [time] => 2015-03-17 17:49:02
                    [topic1] => 2
                    [topic2] => 
                    [topic3] => 
                )

            [us_array] => Array
                (
                    [0] => Testc
                )

        )

    [2] => Array
        (
            [id] => 8
            [username] => Testc
            [mode] => 1
            [project_id] => 1
            [status] => 3
            [pushtime] => 2015-03-12 13:43:27
            [content] => Array
                (
                    [id] => 1
                    [username] => SmileC
                    [anonymous] => 0
                    [title] => indexçš„pushæµ‹è¯•
                    [content] => 
                    [answer] => 0
                    [follow] => 0
                    [status] => 0
                    [time] => 2015-03-12 12:15:31
                    [topic1] => 1
                    [topic2] => 
                    [topic3] => 
                )

            [us_array] => Array
                (
                    [0] => Testc
                )

        )

    [3] => Array
        (
            [id] => 2
            [username] => Testc
            [mode] => 2
            [project_id] => 1
            [status] => 1
            [pushtime] => 2015-03-12 12:15:55
            [content] => Array
                (
                    [id] => 1
                    [question_id] => 1
                    [username] => Testc
                    [content] => å›žç­”æµ‹è¯•
                    [agree] => 1
                    [unagree] => 0
                    [time] => 2015-03-12 12:15:55
                    [question_title] => indexçš„pushæµ‹è¯•
                )

            [us_array] => Array
                (
                    [0] => Testc
                )

        )

)

INFO: [ view_parse ] --START--
INFO: [ template_filter ] --START--
INFO: Run Behavior\ContentReplaceBehavior [ RunTime:0.000097s ]
INFO: [ template_filter ] --END-- [ RunTime:0.000218s ]
SQL: SHOW COLUMNS FROM `mgqa_answer_agree` [ RunTime:0.009686s ]
SQL: SELECT `is_agree` FROM `mgqa_answer_agree` WHERE ( answer_id=4 AND username="SmileC" ) LIMIT 1   [ RunTime:0.000349s ]
SQL: SELECT `is_agree` FROM `mgqa_answer_agree` WHERE ( answer_id=4 AND username="SmileC" ) LIMIT 1   [ RunTime:0.000274s ]
SQL: SELECT `is_agree` FROM `mgqa_answer_agree` WHERE ( answer_id=1 AND username="SmileC" ) LIMIT 1   [ RunTime:0.000269s ]
SQL: SELECT `is_agree` FROM `mgqa_answer_agree` WHERE ( answer_id=1 AND username="SmileC" ) LIMIT 1   [ RunTime:0.000250s ]
INFO: Run Behavior\ParseTemplateBehavior [ RunTime:0.028565s ]
INFO: [ view_parse ] --END-- [ RunTime:0.028637s ]
INFO: [ view_filter ] --START--
INFO: Run Behavior\WriteHtmlCacheBehavior [ RunTime:0.000586s ]
INFO: [ view_filter ] --END-- [ RunTime:0.000667s ]
INFO: [ app_end ] --START--
INFO: Run Behavior\ShowPageTraceBehavior [ RunTime:0.000835s ]
INFO: [ app_end ] --END-- [ RunTime:0.000922s ]

[ 2015-03-18T09:18:08+08:00 ] 127.0.0.1 /Home/User/setting
INFO: [ app_begin ] --START--
INFO: Run Behavior\ReadHtmlCacheBehavior [ RunTime:0.000577s ]
INFO: [ app_begin ] --END-- [ RunTime:0.000928s ]
SQL: SHOW COLUMNS FROM `mgqa_user` [ RunTime:0.012106s ]
SQL: SELECT `random` FROM `mgqa_user` WHERE ( username="SmileC" ) LIMIT 1   [ RunTime:0.000365s ]
SQL: UPDATE `mgqa_user` SET `introduce_short`='æˆ‘æ˜¯ç’\¨',`introduce_long`='',`weibo`='http://weibo.com/smilexc8' WHERE ( username="SmileC" ) [ RunTime:0.000604s ]
INFO: [ app_end ] --START--
INFO: Run Behavior\ShowPageTraceBehavior [ RunTime:0.000816s ]
INFO: [ app_end ] --END-- [ RunTime:0.000898s ]

[ 2015-03-18T09:25:27+08:00 ] 127.0.0.1 /Home/User/setting
INFO: [ app_begin ] --START--
INFO: Run Behavior\ReadHtmlCacheBehavior [ RunTime:0.000648s ]
INFO: [ app_begin ] --END-- [ RunTime:0.000986s ]
SQL: SHOW COLUMNS FROM `mgqa_user` [ RunTime:0.011644s ]
SQL: SELECT `random` FROM `mgqa_user` WHERE ( username="SmileC" ) LIMIT 1   [ RunTime:0.000281s ]
SQL: UPDATE `mgqa_user` SET `introduce_short`='',`introduce_long`='',`weibo`='' WHERE ( username="SmileC" ) [ RunTime:0.000235s ]
INFO: [ app_end ] --START--
INFO: Run Behavior\ShowPageTraceBehavior [ RunTime:0.000828s ]
INFO: [ app_end ] --END-- [ RunTime:0.000889s ]

[ 2015-03-18T09:26:03+08:00 ] 127.0.0.1 /Home/User/setting
INFO: [ app_begin ] --START--
INFO: Run Behavior\ReadHtmlCacheBehavior [ RunTime:0.000652s ]
INFO: [ app_begin ] --END-- [ RunTime:0.001039s ]
SQL: SHOW COLUMNS FROM `mgqa_user` [ RunTime:0.012062s ]
SQL: SELECT `random` FROM `mgqa_user` WHERE ( username="SmileC" ) LIMIT 1   [ RunTime:0.000300s ]
SQL: UPDATE `mgqa_user` SET `introduce_short`='',`introduce_long`='',`weibo`='' WHERE ( username="SmileC" ) [ RunTime:0.000278s ]
INFO: [ app_end ] --START--
INFO: Run Behavior\ShowPageTraceBehavior [ RunTime:0.001080s ]
INFO: [ app_end ] --END-- [ RunTime:0.001202s ]

[ 2015-03-18T09:26:13+08:00 ] 127.0.0.1 /Home/User/setting
INFO: [ app_begin ] --START--
INFO: Run Behavior\ReadHtmlCacheBehavior [ RunTime:0.000640s ]
INFO: [ app_begin ] --END-- [ RunTime:0.000999s ]
SQL: SHOW COLUMNS FROM `mgqa_user` [ RunTime:0.011812s ]
SQL: SELECT `random` FROM `mgqa_user` WHERE ( username="SmileC" ) LIMIT 1   [ RunTime:0.000370s ]
SQL: UPDATE `mgqa_user` SET `introduce_short`='',`introduce_long`='',`weibo`='' WHERE ( username="SmileC" ) [ RunTime:0.000210s ]
INFO: [ app_end ] --START--
INFO: Run Behavior\ShowPageTraceBehavior [ RunTime:0.001073s ]
INFO: [ app_end ] --END-- [ RunTime:0.001275s ]

[ 2015-03-18T09:31:36+08:00 ] 127.0.0.1 /Home/User/setting
INFO: [ app_begin ] --START--
INFO: Run Behavior\ReadHtmlCacheBehavior [ RunTime:0.001046s ]
INFO: [ app_begin ] --END-- [ RunTime:0.001409s ]
SQL: SHOW COLUMNS FROM `mgqa_user` [ RunTime:0.011657s ]
SQL: SELECT `random` FROM `mgqa_user` WHERE ( username="SmileC" ) LIMIT 1   [ RunTime:0.000324s ]
SQL: UPDATE `mgqa_user` SET `introduce_short`='å½“å‰çš„ä¸ªäººä»‹ç»\',`introduce_long`='',`weibo`='http://weibo.com/smilexc8' WHERE ( username="SmileC" ) [ RunTime:0.000307s ]
INFO: [ app_end ] --START--
INFO: Run Behavior\ShowPageTraceBehavior [ RunTime:0.000830s ]
INFO: [ app_end ] --END-- [ RunTime:0.000897s ]

[ 2015-03-18T09:32:26+08:00 ] 127.0.0.1 /Home/User/setting
INFO: [ app_begin ] --START--
INFO: Run Behavior\ReadHtmlCacheBehavior [ RunTime:0.000760s ]
INFO: [ app_begin ] --END-- [ RunTime:0.001308s ]
SQL: SHOW COLUMNS FROM `mgqa_user` [ RunTime:0.015264s ]
SQL: SELECT `random` FROM `mgqa_user` WHERE ( username="SmileC" ) LIMIT 1   [ RunTime:0.000255s ]
SQL: UPDATE `mgqa_user` SET `introduce_short`='æµ‹è¯•',`introduce_long`='',`weibo`='' WHERE ( username="SmileC" ) [ RunTime:0.000219s ]
INFO: [ app_end ] --START--
INFO: Run Behavior\ShowPageTraceBehavior [ RunTime:0.000802s ]
INFO: [ app_end ] --END-- [ RunTime:0.000859s ]

[ 2015-03-18T09:34:29+08:00 ] 127.0.0.1 /Home/User/setting
INFO: [ app_begin ] --START--
INFO: Run Behavior\ReadHtmlCacheBehavior [ RunTime:0.001227s ]
INFO: [ app_begin ] --END-- [ RunTime:0.001685s ]
SQL: SHOW COLUMNS FROM `mgqa_user` [ RunTime:0.013680s ]
SQL: SELECT `random` FROM `mgqa_user` WHERE ( username="SmileC" ) LIMIT 1   [ RunTime:0.000277s ]
SQL: UPDATE `mgqa_user` SET `introduce_short`='',`introduce_long`='',`weibo`='http://weibo/' WHERE ( username="SmileC" ) [ RunTime:0.000302s ]
INFO: [ app_end ] --START--
INFO: Run Behavior\ShowPageTraceBehavior [ RunTime:0.001273s ]
INFO: [ app_end ] --END-- [ RunTime:0.001374s ]

[ 2015-03-18T09:35:10+08:00 ] 127.0.0.1 /Home/User/setting
INFO: [ app_begin ] --START--
INFO: Run Behavior\ReadHtmlCacheBehavior [ RunTime:0.000784s ]
INFO: [ app_begin ] --END-- [ RunTime:0.001324s ]
SQL: SHOW COLUMNS FROM `mgqa_user` [ RunTime:0.013478s ]
SQL: SELECT `random` FROM `mgqa_user` WHERE ( username="SmileC" ) LIMIT 1   [ RunTime:0.000271s ]
SQL: UPDATE `mgqa_user` SET `introduce_short`='æˆ‘æ˜¯ç’¨~',`introduce_long`='',`weibo`='http://weibo.com/smilexc8' WHERE ( username="SmileC" ) [ RunTime:0.000248s ]
INFO: [ app_end ] --START--
INFO: Run Behavior\ShowPageTraceBehavior [ RunTime:0.000831s ]
INFO: [ app_end ] --END-- [ RunTime:0.000906s ]

[ 2015-03-18T09:42:11+08:00 ] 127.0.0.1 /index.php/Home/User/setting.html
INFO: [ app_begin ] --START--
INFO: Run Behavior\ReadHtmlCacheBehavior [ RunTime:0.000664s ]
INFO: [ app_begin ] --END-- [ RunTime:0.001027s ]
SQL: SHOW COLUMNS FROM `mgqa_user` [ RunTime:0.011627s ]
SQL: SELECT `random` FROM `mgqa_user` WHERE ( username="SmileC" ) LIMIT 1   [ RunTime:0.000284s ]
SQL: UPDATE `mgqa_user` SET `introduce_short`='æˆ‘æ˜¯ç’¨~',`introduce_long`='æˆ‘æ˜¯ç’¨ï¼Œå¼€å‘è€…å™¢',`weibo`='http://weibo.com/smilexc8' WHERE ( username="SmileC" ) [ RunTime:0.000352s ]
INFO: [ app_end ] --START--
INFO: Run Behavior\ShowPageTraceBehavior [ RunTime:0.000935s ]
INFO: [ app_end ] --END-- [ RunTime:0.001031s ]

