[ 2015-02-24T14:25:17+08:00 ] 127.0.0.1 /
INFO: [ app_init ] --START--
INFO: Run Behavior\BuildLiteBehavior [ RunTime:0.000026s ]
INFO: [ app_init ] --END-- [ RunTime:0.007162s ]
INFO: [ app_begin ] --START--
INFO: Run Behavior\ReadHtmlCacheBehavior [ RunTime:0.006639s ]
INFO: [ app_begin ] --END-- [ RunTime:0.006790s ]
INFO: [ view_parse ] --START--
INFO: [ template_filter ] --START--
INFO: Run Behavior\ContentReplaceBehavior [ RunTime:0.000083s ]
INFO: [ template_filter ] --END-- [ RunTime:0.000169s ]
SQL: SHOW COLUMNS FROM `mgqa_user_login` [ RunTime:0.040528s ]
SQL: SHOW COLUMNS FROM `mgqa_user_login` [ RunTime:0.009670s ]
SQL: SELECT * FROM `mgqa_user_login` WHERE ( username="SmileC" ) LIMIT 1   [ RunTime:0.012119s ]
SQL: SHOW COLUMNS FROM `mgqa_topic` [ RunTime:0.054317s ]
SQL: SELECT * FROM `mgqa_topic`  [ RunTime:0.000342s ]
INFO: Run Behavior\ParseTemplateBehavior [ RunTime:0.438540s ]
INFO: [ view_parse ] --END-- [ RunTime:0.438644s ]
INFO: [ view_filter ] --START--
INFO: Run Behavior\WriteHtmlCacheBehavior [ RunTime:0.017393s ]
INFO: [ view_filter ] --END-- [ RunTime:0.017488s ]
INFO: [ app_end ] --START--
INFO: Run Behavior\ShowPageTraceBehavior [ RunTime:0.031214s ]
INFO: [ app_end ] --END-- [ RunTime:0.031376s ]

[ 2015-02-24T14:25:19+08:00 ] 127.0.0.1 /Home/Topic.html
INFO: [ app_init ] --START--
INFO: Run Behavior\BuildLiteBehavior [ RunTime:0.000020s ]
INFO: [ app_init ] --END-- [ RunTime:0.000448s ]
INFO: [ app_begin ] --START--
INFO: Run Behavior\ReadHtmlCacheBehavior [ RunTime:0.000677s ]
INFO: [ app_begin ] --END-- [ RunTime:0.000788s ]
INFO: [ view_parse ] --START--
INFO: [ template_filter ] --START--
INFO: Run Behavior\ContentReplaceBehavior [ RunTime:0.000115s ]
INFO: [ template_filter ] --END-- [ RunTime:0.000221s ]
SQL: SHOW COLUMNS FROM `mgqa_user_login` [ RunTime:0.012222s ]
SQL: SHOW COLUMNS FROM `mgqa_topic` [ RunTime:0.027023s ]
SQL: SELECT * FROM `mgqa_topic`  [ RunTime:0.000348s ]
INFO: Run Behavior\ParseTemplateBehavior [ RunTime:0.107453s ]
INFO: [ view_parse ] --END-- [ RunTime:0.107590s ]
INFO: [ view_filter ] --START--
INFO: Run Behavior\WriteHtmlCacheBehavior [ RunTime:0.000698s ]
INFO: [ view_filter ] --END-- [ RunTime:0.000812s ]
INFO: [ app_end ] --START--
INFO: Run Behavior\ShowPageTraceBehavior [ RunTime:0.001107s ]
INFO: [ app_end ] --END-- [ RunTime:0.001228s ]

[ 2015-02-24T14:25:24+08:00 ] 127.0.0.1 /Home/Topic/2
INFO: [ app_init ] --START--
INFO: Run Behavior\BuildLiteBehavior [ RunTime:0.000021s ]
INFO: [ app_init ] --END-- [ RunTime:0.000388s ]
INFO: [ app_begin ] --START--
INFO: Run Behavior\ReadHtmlCacheBehavior [ RunTime:0.000487s ]
INFO: [ app_begin ] --END-- [ RunTime:0.000563s ]
SQL: SHOW COLUMNS FROM `mgqa_topic` [ RunTime:0.019379s ]
SQL: SELECT `id` FROM `mgqa_topic` WHERE ( father_topic=2 )  [ RunTime:0.000343s ]
DEBUG: Array
(
    [0] => 3
    [1] => 2
)

SQL: SHOW COLUMNS FROM `mgqa_question` [ RunTime:0.057526s ]
SQL: SELECT * FROM `mgqa_question` WHERE ( `topic1` IN ('3','2') OR `topic2` IN ('3','2') OR `topic3` IN ('3','2') ) AND ( 1422167124 < unix_timestamp(time) ) ORDER BY id LIMIT 0,20   [ RunTime:0.029509s ]
SQL: SHOW COLUMNS FROM `mgqa_answer` [ RunTime:0.057728s ]
SQL: SELECT * FROM `mgqa_answer` WHERE ( question_id=10 ) ORDER BY agree desc LIMIT 1   [ RunTime:0.000510s ]
SQL: SELECT * FROM `mgqa_answer` WHERE ( question_id=11 ) ORDER BY agree desc LIMIT 1   [ RunTime:0.000425s ]
SQL: SHOW COLUMNS FROM `mgqa_topic` [ RunTime:0.022786s ]
SQL: SELECT * FROM `mgqa_topic` WHERE ( id=2 ) LIMIT 1   [ RunTime:0.006090s ]
SQL: SHOW COLUMNS FROM `mgqa_topic_follow` [ RunTime:0.049355s ]
SQL: SELECT COUNT(*) AS tp_count FROM `mgqa_topic_follow` WHERE ( username="SmileC" AND topic_id=2 ) LIMIT 1   [ RunTime:0.003825s ]
SQL: SELECT COUNT(*) AS tp_count FROM `mgqa_topic_follow` WHERE ( topic_id=2 ) LIMIT 1   [ RunTime:0.000204s ]
SQL: SELECT COUNT(*) AS tp_count FROM `mgqa_question` WHERE ( topic1=2 OR topic2=2 OR topic3=2 ) LIMIT 1   [ RunTime:0.000244s ]
INFO: [ view_parse ] --START--
INFO: [ template_filter ] --START--
INFO: Run Behavior\ContentReplaceBehavior [ RunTime:0.000122s ]
INFO: [ template_filter ] --END-- [ RunTime:0.000211s ]
SQL: SHOW COLUMNS FROM `mgqa_user_login` [ RunTime:0.006566s ]
SQL: SELECT * FROM `mgqa_topic`  [ RunTime:0.000272s ]
INFO: Run Behavior\ParseTemplateBehavior [ RunTime:0.070136s ]
INFO: [ view_parse ] --END-- [ RunTime:0.070288s ]
INFO: [ view_filter ] --START--
INFO: Run Behavior\WriteHtmlCacheBehavior [ RunTime:0.000394s ]
INFO: [ view_filter ] --END-- [ RunTime:0.000451s ]
INFO: [ app_end ] --START--
INFO: Run Behavior\ShowPageTraceBehavior [ RunTime:0.000609s ]
INFO: [ app_end ] --END-- [ RunTime:0.000711s ]

[ 2015-02-24T14:25:27+08:00 ] 127.0.0.1 /Home/Topic/2/hot.html
INFO: [ app_init ] --START--
INFO: Run Behavior\BuildLiteBehavior [ RunTime:0.000027s ]
INFO: [ app_init ] --END-- [ RunTime:0.000382s ]
INFO: [ app_begin ] --START--
INFO: Run Behavior\ReadHtmlCacheBehavior [ RunTime:0.000499s ]
INFO: [ app_begin ] --END-- [ RunTime:0.000587s ]
SQL: SHOW COLUMNS FROM `mgqa_topic` [ RunTime:0.021244s ]
SQL: SELECT `id` FROM `mgqa_topic` WHERE ( father_topic=2 )  [ RunTime:0.000263s ]
DEBUG: Array
(
    [0] => 3
    [1] => 2
)

SQL: SHOW COLUMNS FROM `mgqa_question` [ RunTime:0.017200s ]
SQL: SELECT `id` FROM `mgqa_question` WHERE ( `topic1` IN ('3','2') OR `topic2` IN ('3','2') OR `topic3` IN ('3','2') ) ORDER BY id desc  [ RunTime:0.000312s ]
DEBUG: Array
(
    [0] => 11
    [1] => 10
)

SQL: SHOW COLUMNS FROM `mgqa_answer` [ RunTime:0.013724s ]
SQL: SELECT * FROM `mgqa_answer` WHERE `question_id` IN ('11','10') ORDER BY agree desc LIMIT 0,20   [ RunTime:0.000312s ]
SQL: SHOW COLUMNS FROM `mgqa_topic` [ RunTime:0.016080s ]
SQL: SELECT * FROM `mgqa_topic` WHERE ( id=2 ) LIMIT 1   [ RunTime:0.000259s ]
SQL: SHOW COLUMNS FROM `mgqa_topic_follow` [ RunTime:0.008511s ]
SQL: SELECT COUNT(*) AS tp_count FROM `mgqa_topic_follow` WHERE ( username="SmileC" AND topic_id=2 ) LIMIT 1   [ RunTime:0.000291s ]
SQL: SELECT COUNT(*) AS tp_count FROM `mgqa_topic_follow` WHERE ( topic_id=2 ) LIMIT 1   [ RunTime:0.000171s ]
SQL: SELECT COUNT(*) AS tp_count FROM `mgqa_question` WHERE ( topic1=2 OR topic2=2 OR topic3=2 ) LIMIT 1   [ RunTime:0.000178s ]
INFO: [ view_parse ] --START--
INFO: [ template_filter ] --START--
INFO: Run Behavior\ContentReplaceBehavior [ RunTime:0.000098s ]
INFO: [ template_filter ] --END-- [ RunTime:0.000175s ]
SQL: SHOW COLUMNS FROM `mgqa_user_login` [ RunTime:0.006495s ]
SQL: SELECT * FROM `mgqa_topic`  [ RunTime:0.000248s ]
SQL: SELECT * FROM `mgqa_question` WHERE ( id=10 ) LIMIT 1   [ RunTime:0.000236s ]
SQL: SELECT * FROM `mgqa_question` WHERE ( id=11 ) LIMIT 1   [ RunTime:0.000198s ]
INFO: Run Behavior\ParseTemplateBehavior [ RunTime:0.058547s ]
INFO: [ view_parse ] --END-- [ RunTime:0.058619s ]
INFO: [ view_filter ] --START--
INFO: Run Behavior\WriteHtmlCacheBehavior [ RunTime:0.000331s ]
INFO: [ view_filter ] --END-- [ RunTime:0.000384s ]
INFO: [ app_end ] --START--
INFO: Run Behavior\ShowPageTraceBehavior [ RunTime:0.000738s ]
INFO: [ app_end ] --END-- [ RunTime:0.000841s ]

[ 2015-02-24T14:25:27+08:00 ] 127.0.0.1 /Home/Topic/2/all.html
INFO: [ app_init ] --START--
INFO: Run Behavior\BuildLiteBehavior [ RunTime:0.000020s ]
INFO: [ app_init ] --END-- [ RunTime:0.000372s ]
INFO: [ app_begin ] --START--
INFO: Run Behavior\ReadHtmlCacheBehavior [ RunTime:0.000501s ]
INFO: [ app_begin ] --END-- [ RunTime:0.000575s ]
SQL: SHOW COLUMNS FROM `mgqa_topic` [ RunTime:0.016381s ]
SQL: SELECT `id` FROM `mgqa_topic` WHERE ( father_topic=2 )  [ RunTime:0.000344s ]
DEBUG: Array
(
    [0] => 3
    [1] => 2
)

SQL: SHOW COLUMNS FROM `mgqa_question` [ RunTime:0.017274s ]
SQL: SELECT * FROM `mgqa_question` WHERE ( `topic1` IN ('3','2') OR `topic2` IN ('3','2') OR `topic3` IN ('3','2') ) ORDER BY id desc LIMIT 0,20   [ RunTime:0.000399s ]
SQL: SHOW COLUMNS FROM `mgqa_topic` [ RunTime:0.015261s ]
SQL: SELECT * FROM `mgqa_topic` WHERE ( id=2 ) LIMIT 1   [ RunTime:0.000269s ]
SQL: SHOW COLUMNS FROM `mgqa_topic_follow` [ RunTime:0.008446s ]
SQL: SELECT COUNT(*) AS tp_count FROM `mgqa_topic_follow` WHERE ( username="SmileC" AND topic_id=2 ) LIMIT 1   [ RunTime:0.000278s ]
SQL: SELECT COUNT(*) AS tp_count FROM `mgqa_topic_follow` WHERE ( topic_id=2 ) LIMIT 1   [ RunTime:0.000157s ]
SQL: SELECT COUNT(*) AS tp_count FROM `mgqa_question` WHERE ( topic1=2 OR topic2=2 OR topic3=2 ) LIMIT 1   [ RunTime:0.000187s ]
INFO: [ view_parse ] --START--
INFO: [ template_filter ] --START--
INFO: Run Behavior\ContentReplaceBehavior [ RunTime:0.000100s ]
INFO: [ template_filter ] --END-- [ RunTime:0.000184s ]
SQL: SHOW COLUMNS FROM `mgqa_user_login` [ RunTime:0.005650s ]
SQL: SELECT * FROM `mgqa_topic`  [ RunTime:0.000325s ]
INFO: Run Behavior\ParseTemplateBehavior [ RunTime:0.063530s ]
INFO: [ view_parse ] --END-- [ RunTime:0.063619s ]
INFO: [ view_filter ] --START--
INFO: Run Behavior\WriteHtmlCacheBehavior [ RunTime:0.000403s ]
INFO: [ view_filter ] --END-- [ RunTime:0.000471s ]
INFO: [ app_end ] --START--
INFO: Run Behavior\ShowPageTraceBehavior [ RunTime:0.000864s ]
INFO: [ app_end ] --END-- [ RunTime:0.000966s ]

[ 2015-02-24T14:25:29+08:00 ] 127.0.0.1 /Home/Topic/2/hot.html
INFO: [ app_init ] --START--
INFO: Run Behavior\BuildLiteBehavior [ RunTime:0.000030s ]
INFO: [ app_init ] --END-- [ RunTime:0.000403s ]
INFO: [ app_begin ] --START--
INFO: Run Behavior\ReadHtmlCacheBehavior [ RunTime:0.000493s ]
INFO: [ app_begin ] --END-- [ RunTime:0.000574s ]
SQL: SHOW COLUMNS FROM `mgqa_topic` [ RunTime:0.018759s ]
SQL: SELECT `id` FROM `mgqa_topic` WHERE ( father_topic=2 )  [ RunTime:0.000452s ]
DEBUG: Array
(
    [0] => 3
    [1] => 2
)

SQL: SHOW COLUMNS FROM `mgqa_question` [ RunTime:0.019805s ]
SQL: SELECT `id` FROM `mgqa_question` WHERE ( `topic1` IN ('3','2') OR `topic2` IN ('3','2') OR `topic3` IN ('3','2') ) ORDER BY id desc  [ RunTime:0.000345s ]
DEBUG: Array
(
    [0] => 11
    [1] => 10
)

SQL: SHOW COLUMNS FROM `mgqa_answer` [ RunTime:0.013038s ]
SQL: SELECT * FROM `mgqa_answer` WHERE `question_id` IN ('11','10') ORDER BY agree desc LIMIT 0,20   [ RunTime:0.000346s ]
SQL: SHOW COLUMNS FROM `mgqa_topic` [ RunTime:0.026441s ]
SQL: SELECT * FROM `mgqa_topic` WHERE ( id=2 ) LIMIT 1   [ RunTime:0.000428s ]
SQL: SHOW COLUMNS FROM `mgqa_topic_follow` [ RunTime:0.013798s ]
SQL: SELECT COUNT(*) AS tp_count FROM `mgqa_topic_follow` WHERE ( username="SmileC" AND topic_id=2 ) LIMIT 1   [ RunTime:0.000442s ]
SQL: SELECT COUNT(*) AS tp_count FROM `mgqa_topic_follow` WHERE ( topic_id=2 ) LIMIT 1   [ RunTime:0.000289s ]
SQL: SELECT COUNT(*) AS tp_count FROM `mgqa_question` WHERE ( topic1=2 OR topic2=2 OR topic3=2 ) LIMIT 1   [ RunTime:0.000259s ]
INFO: [ view_parse ] --START--
INFO: [ template_filter ] --START--
INFO: Run Behavior\ContentReplaceBehavior [ RunTime:0.000142s ]
INFO: [ template_filter ] --END-- [ RunTime:0.000280s ]
SQL: SHOW COLUMNS FROM `mgqa_user_login` [ RunTime:0.007360s ]
SQL: SELECT * FROM `mgqa_topic`  [ RunTime:0.000253s ]
SQL: SELECT * FROM `mgqa_question` WHERE ( id=10 ) LIMIT 1   [ RunTime:0.000255s ]
SQL: SELECT * FROM `mgqa_question` WHERE ( id=11 ) LIMIT 1   [ RunTime:0.000213s ]
INFO: Run Behavior\ParseTemplateBehavior [ RunTime:0.074375s ]
INFO: [ view_parse ] --END-- [ RunTime:0.074468s ]
INFO: [ view_filter ] --START--
INFO: Run Behavior\WriteHtmlCacheBehavior [ RunTime:0.000450s ]
INFO: [ view_filter ] --END-- [ RunTime:0.000545s ]
INFO: [ app_end ] --START--
INFO: Run Behavior\ShowPageTraceBehavior [ RunTime:0.000849s ]
INFO: [ app_end ] --END-- [ RunTime:0.000977s ]

[ 2015-02-24T14:25:29+08:00 ] 127.0.0.1 /Home/Topic/2/near.html
INFO: [ app_init ] --START--
INFO: Run Behavior\BuildLiteBehavior [ RunTime:0.000029s ]
INFO: [ app_init ] --END-- [ RunTime:0.000510s ]
INFO: [ app_begin ] --START--
INFO: Run Behavior\ReadHtmlCacheBehavior [ RunTime:0.000776s ]
INFO: [ app_begin ] --END-- [ RunTime:0.000910s ]
SQL: SHOW COLUMNS FROM `mgqa_topic` [ RunTime:0.016363s ]
SQL: SELECT `id` FROM `mgqa_topic` WHERE ( father_topic=2 )  [ RunTime:0.000268s ]
DEBUG: Array
(
    [0] => 3
    [1] => 2
)

SQL: SHOW COLUMNS FROM `mgqa_question` [ RunTime:0.017613s ]
SQL: SELECT * FROM `mgqa_question` WHERE ( `topic1` IN ('3','2') OR `topic2` IN ('3','2') OR `topic3` IN ('3','2') ) AND ( 1422167129 < unix_timestamp(time) ) ORDER BY id LIMIT 0,20   [ RunTime:0.000417s ]
SQL: SHOW COLUMNS FROM `mgqa_answer` [ RunTime:0.011510s ]
SQL: SELECT * FROM `mgqa_answer` WHERE ( question_id=10 ) ORDER BY agree desc LIMIT 1   [ RunTime:0.000331s ]
SQL: SELECT * FROM `mgqa_answer` WHERE ( question_id=11 ) ORDER BY agree desc LIMIT 1   [ RunTime:0.000235s ]
SQL: SHOW COLUMNS FROM `mgqa_topic` [ RunTime:0.015892s ]
SQL: SELECT * FROM `mgqa_topic` WHERE ( id=2 ) LIMIT 1   [ RunTime:0.000324s ]
SQL: SHOW COLUMNS FROM `mgqa_topic_follow` [ RunTime:0.007822s ]
SQL: SELECT COUNT(*) AS tp_count FROM `mgqa_topic_follow` WHERE ( username="SmileC" AND topic_id=2 ) LIMIT 1   [ RunTime:0.000275s ]
SQL: SELECT COUNT(*) AS tp_count FROM `mgqa_topic_follow` WHERE ( topic_id=2 ) LIMIT 1   [ RunTime:0.000253s ]
SQL: SELECT COUNT(*) AS tp_count FROM `mgqa_question` WHERE ( topic1=2 OR topic2=2 OR topic3=2 ) LIMIT 1   [ RunTime:0.000252s ]
INFO: [ view_parse ] --START--
INFO: [ template_filter ] --START--
INFO: Run Behavior\ContentReplaceBehavior [ RunTime:0.000099s ]
INFO: [ template_filter ] --END-- [ RunTime:0.000192s ]
SQL: SHOW COLUMNS FROM `mgqa_user_login` [ RunTime:0.006443s ]
SQL: SELECT * FROM `mgqa_topic`  [ RunTime:0.000325s ]
INFO: Run Behavior\ParseTemplateBehavior [ RunTime:0.064593s ]
INFO: [ view_parse ] --END-- [ RunTime:0.064694s ]
INFO: [ view_filter ] --START--
INFO: Run Behavior\WriteHtmlCacheBehavior [ RunTime:0.000447s ]
INFO: [ view_filter ] --END-- [ RunTime:0.000520s ]
INFO: [ app_end ] --START--
INFO: Run Behavior\ShowPageTraceBehavior [ RunTime:0.000856s ]
INFO: [ app_end ] --END-- [ RunTime:0.000986s ]

[ 2015-02-24T14:25:30+08:00 ] 127.0.0.1 /index.php/Home/Question/10/Answer/4
INFO: [ app_init ] --START--
INFO: Run Behavior\BuildLiteBehavior [ RunTime:0.000041s ]
INFO: [ app_init ] --END-- [ RunTime:0.000585s ]
INFO: [ app_begin ] --START--
INFO: Run Behavior\ReadHtmlCacheBehavior [ RunTime:0.000589s ]
INFO: [ app_begin ] --END-- [ RunTime:0.000680s ]
SQL: SHOW COLUMNS FROM `mgqa_question` [ RunTime:0.029330s ]
SQL: SELECT * FROM `mgqa_question` WHERE ( id=10 ) LIMIT 1   [ RunTime:0.000333s ]
SQL: SHOW COLUMNS FROM `mgqa_answer` [ RunTime:0.014680s ]
SQL: SELECT COUNT(*) AS tp_count FROM `mgqa_answer` WHERE ( question_id=10 ) LIMIT 1   [ RunTime:0.000283s ]
SQL: SHOW COLUMNS FROM `mgqa_question_user_status` [ RunTime:0.077043s ]
SQL: SELECT * FROM `mgqa_question_user_status` WHERE ( username="SmileC" AND question_id=10 ) LIMIT 1   [ RunTime:0.000327s ]
SQL: SELECT * FROM `mgqa_answer` WHERE ( username="SmileC" AND question_id=10 ) LIMIT 1   [ RunTime:0.000325s ]
SQL: SELECT * FROM `mgqa_answer` WHERE ( id=4 ) LIMIT 1   [ RunTime:0.000270s ]
INFO: [ view_parse ] --START--
INFO: [ template_filter ] --START--
INFO: Run Behavior\ContentReplaceBehavior [ RunTime:0.000153s ]
INFO: [ template_filter ] --END-- [ RunTime:0.000273s ]
SQL: SHOW COLUMNS FROM `mgqa_user_login` [ RunTime:0.007066s ]
SQL: SHOW COLUMNS FROM `mgqa_topic` [ RunTime:0.022893s ]
SQL: SELECT * FROM `mgqa_topic`  [ RunTime:0.000254s ]
NOTIC: [8] Use of undefined constant my_answer - assumed 'my_answer' D:\php\Code\MoeGirl_Q-A\Application\Runtime\Cache\Home\93ef6f4e0883454498eb7273983f50b5.php 第 293 行.
INFO: Run Behavior\ParseTemplateBehavior [ RunTime:0.088895s ]
INFO: [ view_parse ] --END-- [ RunTime:0.089033s ]
INFO: [ view_filter ] --START--
INFO: Run Behavior\WriteHtmlCacheBehavior [ RunTime:0.000509s ]
INFO: [ view_filter ] --END-- [ RunTime:0.000584s ]
INFO: [ app_end ] --START--
INFO: Run Behavior\ShowPageTraceBehavior [ RunTime:0.001342s ]
INFO: [ app_end ] --END-- [ RunTime:0.001545s ]

[ 2015-02-24T14:25:31+08:00 ] 127.0.0.1 /Home/Topic/2/hot.html
INFO: [ app_init ] --START--
INFO: Run Behavior\BuildLiteBehavior [ RunTime:0.000021s ]
INFO: [ app_init ] --END-- [ RunTime:0.000379s ]
INFO: [ app_begin ] --START--
INFO: Run Behavior\ReadHtmlCacheBehavior [ RunTime:0.000678s ]
INFO: [ app_begin ] --END-- [ RunTime:0.000765s ]
SQL: SHOW COLUMNS FROM `mgqa_topic` [ RunTime:0.019608s ]
SQL: SELECT `id` FROM `mgqa_topic` WHERE ( father_topic=2 )  [ RunTime:0.000251s ]
DEBUG: Array
(
    [0] => 3
    [1] => 2
)

SQL: SHOW COLUMNS FROM `mgqa_question` [ RunTime:0.019352s ]
SQL: SELECT `id` FROM `mgqa_question` WHERE ( `topic1` IN ('3','2') OR `topic2` IN ('3','2') OR `topic3` IN ('3','2') ) ORDER BY id desc  [ RunTime:0.000359s ]
DEBUG: Array
(
    [0] => 11
    [1] => 10
)

SQL: SHOW COLUMNS FROM `mgqa_answer` [ RunTime:0.015836s ]
SQL: SELECT * FROM `mgqa_answer` WHERE `question_id` IN ('11','10') ORDER BY agree desc LIMIT 0,20   [ RunTime:0.000399s ]
SQL: SHOW COLUMNS FROM `mgqa_topic` [ RunTime:0.021955s ]
SQL: SELECT * FROM `mgqa_topic` WHERE ( id=2 ) LIMIT 1   [ RunTime:0.000287s ]
SQL: SHOW COLUMNS FROM `mgqa_topic_follow` [ RunTime:0.009312s ]
SQL: SELECT COUNT(*) AS tp_count FROM `mgqa_topic_follow` WHERE ( username="SmileC" AND topic_id=2 ) LIMIT 1   [ RunTime:0.000259s ]
SQL: SELECT COUNT(*) AS tp_count FROM `mgqa_topic_follow` WHERE ( topic_id=2 ) LIMIT 1   [ RunTime:0.000179s ]
SQL: SELECT COUNT(*) AS tp_count FROM `mgqa_question` WHERE ( topic1=2 OR topic2=2 OR topic3=2 ) LIMIT 1   [ RunTime:0.000213s ]
INFO: [ view_parse ] --START--
INFO: [ template_filter ] --START--
INFO: Run Behavior\ContentReplaceBehavior [ RunTime:0.000099s ]
INFO: [ template_filter ] --END-- [ RunTime:0.000179s ]
SQL: SHOW COLUMNS FROM `mgqa_user_login` [ RunTime:0.006365s ]
SQL: SELECT * FROM `mgqa_topic`  [ RunTime:0.000275s ]
SQL: SELECT * FROM `mgqa_question` WHERE ( id=10 ) LIMIT 1   [ RunTime:0.000354s ]
SQL: SELECT * FROM `mgqa_question` WHERE ( id=11 ) LIMIT 1   [ RunTime:0.000277s ]
INFO: Run Behavior\ParseTemplateBehavior [ RunTime:0.062339s ]
INFO: [ view_parse ] --END-- [ RunTime:0.062429s ]
INFO: [ view_filter ] --START--
INFO: Run Behavior\WriteHtmlCacheBehavior [ RunTime:0.000383s ]
INFO: [ view_filter ] --END-- [ RunTime:0.000449s ]
INFO: [ app_end ] --START--
INFO: Run Behavior\ShowPageTraceBehavior [ RunTime:0.000754s ]
INFO: [ app_end ] --END-- [ RunTime:0.000852s ]

[ 2015-02-24T14:25:33+08:00 ] 127.0.0.1 /index.php/Home/Question/10/Answer/4
INFO: [ app_init ] --START--
INFO: Run Behavior\BuildLiteBehavior [ RunTime:0.000021s ]
INFO: [ app_init ] --END-- [ RunTime:0.000397s ]
INFO: [ app_begin ] --START--
INFO: Run Behavior\ReadHtmlCacheBehavior [ RunTime:0.000524s ]
INFO: [ app_begin ] --END-- [ RunTime:0.000613s ]
SQL: SHOW COLUMNS FROM `mgqa_question` [ RunTime:0.026692s ]
SQL: SELECT * FROM `mgqa_question` WHERE ( id=10 ) LIMIT 1   [ RunTime:0.000341s ]
SQL: SHOW COLUMNS FROM `mgqa_answer` [ RunTime:0.013587s ]
SQL: SELECT COUNT(*) AS tp_count FROM `mgqa_answer` WHERE ( question_id=10 ) LIMIT 1   [ RunTime:0.000252s ]
SQL: SHOW COLUMNS FROM `mgqa_question_user_status` [ RunTime:0.008837s ]
SQL: SELECT * FROM `mgqa_question_user_status` WHERE ( username="SmileC" AND question_id=10 ) LIMIT 1   [ RunTime:0.000340s ]
SQL: SELECT * FROM `mgqa_answer` WHERE ( username="SmileC" AND question_id=10 ) LIMIT 1   [ RunTime:0.000265s ]
SQL: SELECT * FROM `mgqa_answer` WHERE ( id=4 ) LIMIT 1   [ RunTime:0.000226s ]
INFO: [ view_parse ] --START--
INFO: [ template_filter ] --START--
INFO: Run Behavior\ContentReplaceBehavior [ RunTime:0.000138s ]
INFO: [ template_filter ] --END-- [ RunTime:0.000236s ]
SQL: SHOW COLUMNS FROM `mgqa_user_login` [ RunTime:0.007457s ]
SQL: SHOW COLUMNS FROM `mgqa_topic` [ RunTime:0.018476s ]
SQL: SELECT * FROM `mgqa_topic`  [ RunTime:0.000248s ]
NOTIC: [8] Use of undefined constant my_answer - assumed 'my_answer' D:\php\Code\MoeGirl_Q-A\Application\Runtime\Cache\Home\93ef6f4e0883454498eb7273983f50b5.php 第 293 行.
INFO: Run Behavior\ParseTemplateBehavior [ RunTime:0.065092s ]
INFO: [ view_parse ] --END-- [ RunTime:0.065172s ]
INFO: [ view_filter ] --START--
INFO: Run Behavior\WriteHtmlCacheBehavior [ RunTime:0.000465s ]
INFO: [ view_filter ] --END-- [ RunTime:0.000561s ]
INFO: [ app_end ] --START--
INFO: Run Behavior\ShowPageTraceBehavior [ RunTime:0.000860s ]
INFO: [ app_end ] --END-- [ RunTime:0.000969s ]

[ 2015-02-24T14:25:35+08:00 ] 127.0.0.1 /Home/Topic/2/near.html
INFO: [ app_init ] --START--
INFO: Run Behavior\BuildLiteBehavior [ RunTime:0.000019s ]
INFO: [ app_init ] --END-- [ RunTime:0.000374s ]
INFO: [ app_begin ] --START--
INFO: Run Behavior\ReadHtmlCacheBehavior [ RunTime:0.000480s ]
INFO: [ app_begin ] --END-- [ RunTime:0.000557s ]
SQL: SHOW COLUMNS FROM `mgqa_topic` [ RunTime:0.019269s ]
SQL: SELECT `id` FROM `mgqa_topic` WHERE ( father_topic=2 )  [ RunTime:0.000307s ]
DEBUG: Array
(
    [0] => 3
    [1] => 2
)

SQL: SHOW COLUMNS FROM `mgqa_question` [ RunTime:0.018950s ]
SQL: SELECT * FROM `mgqa_question` WHERE ( `topic1` IN ('3','2') OR `topic2` IN ('3','2') OR `topic3` IN ('3','2') ) AND ( 1422167135 < unix_timestamp(time) ) ORDER BY id LIMIT 0,20   [ RunTime:0.000426s ]
SQL: SHOW COLUMNS FROM `mgqa_answer` [ RunTime:0.012025s ]
SQL: SELECT * FROM `mgqa_answer` WHERE ( question_id=10 ) ORDER BY agree desc LIMIT 1   [ RunTime:0.000325s ]
SQL: SELECT * FROM `mgqa_answer` WHERE ( question_id=11 ) ORDER BY agree desc LIMIT 1   [ RunTime:0.000215s ]
SQL: SHOW COLUMNS FROM `mgqa_topic` [ RunTime:0.016187s ]
SQL: SELECT * FROM `mgqa_topic` WHERE ( id=2 ) LIMIT 1   [ RunTime:0.000305s ]
SQL: SHOW COLUMNS FROM `mgqa_topic_follow` [ RunTime:0.008836s ]
SQL: SELECT COUNT(*) AS tp_count FROM `mgqa_topic_follow` WHERE ( username="SmileC" AND topic_id=2 ) LIMIT 1   [ RunTime:0.000303s ]
SQL: SELECT COUNT(*) AS tp_count FROM `mgqa_topic_follow` WHERE ( topic_id=2 ) LIMIT 1   [ RunTime:0.000504s ]
SQL: SELECT COUNT(*) AS tp_count FROM `mgqa_question` WHERE ( topic1=2 OR topic2=2 OR topic3=2 ) LIMIT 1   [ RunTime:0.000497s ]
INFO: [ view_parse ] --START--
INFO: [ template_filter ] --START--
INFO: Run Behavior\ContentReplaceBehavior [ RunTime:0.000112s ]
INFO: [ template_filter ] --END-- [ RunTime:0.000201s ]
SQL: SHOW COLUMNS FROM `mgqa_user_login` [ RunTime:0.006637s ]
SQL: SELECT * FROM `mgqa_topic`  [ RunTime:0.000258s ]
INFO: Run Behavior\ParseTemplateBehavior [ RunTime:0.065827s ]
INFO: [ view_parse ] --END-- [ RunTime:0.065938s ]
INFO: [ view_filter ] --START--
INFO: Run Behavior\WriteHtmlCacheBehavior [ RunTime:0.000350s ]
INFO: [ view_filter ] --END-- [ RunTime:0.000408s ]
INFO: [ app_end ] --START--
INFO: Run Behavior\ShowPageTraceBehavior [ RunTime:0.000646s ]
INFO: [ app_end ] --END-- [ RunTime:0.000765s ]

[ 2015-02-24T14:25:36+08:00 ] 127.0.0.1 /index.php/Home/Question/10/Answer/4
INFO: [ app_init ] --START--
INFO: Run Behavior\BuildLiteBehavior [ RunTime:0.000056s ]
INFO: [ app_init ] --END-- [ RunTime:0.000624s ]
INFO: [ app_begin ] --START--
INFO: Run Behavior\ReadHtmlCacheBehavior [ RunTime:0.000523s ]
INFO: [ app_begin ] --END-- [ RunTime:0.000602s ]
SQL: SHOW COLUMNS FROM `mgqa_question` [ RunTime:0.025643s ]
SQL: SELECT * FROM `mgqa_question` WHERE ( id=10 ) LIMIT 1   [ RunTime:0.000346s ]
SQL: SHOW COLUMNS FROM `mgqa_answer` [ RunTime:0.012330s ]
SQL: SELECT COUNT(*) AS tp_count FROM `mgqa_answer` WHERE ( question_id=10 ) LIMIT 1   [ RunTime:0.000263s ]
SQL: SHOW COLUMNS FROM `mgqa_question_user_status` [ RunTime:0.007971s ]
SQL: SELECT * FROM `mgqa_question_user_status` WHERE ( username="SmileC" AND question_id=10 ) LIMIT 1   [ RunTime:0.000245s ]
SQL: SELECT * FROM `mgqa_answer` WHERE ( username="SmileC" AND question_id=10 ) LIMIT 1   [ RunTime:0.000268s ]
SQL: SELECT * FROM `mgqa_answer` WHERE ( id=4 ) LIMIT 1   [ RunTime:0.000184s ]
INFO: [ view_parse ] --START--
INFO: [ template_filter ] --START--
INFO: Run Behavior\ContentReplaceBehavior [ RunTime:0.000186s ]
INFO: [ template_filter ] --END-- [ RunTime:0.000371s ]
SQL: SHOW COLUMNS FROM `mgqa_user_login` [ RunTime:0.008701s ]
SQL: SHOW COLUMNS FROM `mgqa_topic` [ RunTime:0.018411s ]
SQL: SELECT * FROM `mgqa_topic`  [ RunTime:0.000266s ]
NOTIC: [8] Use of undefined constant my_answer - assumed 'my_answer' D:\php\Code\MoeGirl_Q-A\Application\Runtime\Cache\Home\93ef6f4e0883454498eb7273983f50b5.php 第 293 行.
INFO: Run Behavior\ParseTemplateBehavior [ RunTime:0.065826s ]
INFO: [ view_parse ] --END-- [ RunTime:0.065919s ]
INFO: [ view_filter ] --START--
INFO: Run Behavior\WriteHtmlCacheBehavior [ RunTime:0.000365s ]
INFO: [ view_filter ] --END-- [ RunTime:0.000430s ]
INFO: [ app_end ] --START--
INFO: Run Behavior\ShowPageTraceBehavior [ RunTime:0.000720s ]
INFO: [ app_end ] --END-- [ RunTime:0.000801s ]

[ 2015-02-24T14:25:37+08:00 ] 127.0.0.1 /Home/Topic/2/all.html
INFO: [ app_init ] --START--
INFO: Run Behavior\BuildLiteBehavior [ RunTime:0.000021s ]
INFO: [ app_init ] --END-- [ RunTime:0.000419s ]
INFO: [ app_begin ] --START--
INFO: Run Behavior\ReadHtmlCacheBehavior [ RunTime:0.000491s ]
INFO: [ app_begin ] --END-- [ RunTime:0.000566s ]
SQL: SHOW COLUMNS FROM `mgqa_topic` [ RunTime:0.019903s ]
SQL: SELECT `id` FROM `mgqa_topic` WHERE ( father_topic=2 )  [ RunTime:0.000291s ]
DEBUG: Array
(
    [0] => 3
    [1] => 2
)

SQL: SHOW COLUMNS FROM `mgqa_question` [ RunTime:0.019336s ]
SQL: SELECT * FROM `mgqa_question` WHERE ( `topic1` IN ('3','2') OR `topic2` IN ('3','2') OR `topic3` IN ('3','2') ) ORDER BY id desc LIMIT 0,20   [ RunTime:0.000337s ]
SQL: SHOW COLUMNS FROM `mgqa_topic` [ RunTime:0.016062s ]
SQL: SELECT * FROM `mgqa_topic` WHERE ( id=2 ) LIMIT 1   [ RunTime:0.000274s ]
SQL: SHOW COLUMNS FROM `mgqa_topic_follow` [ RunTime:0.011267s ]
SQL: SELECT COUNT(*) AS tp_count FROM `mgqa_topic_follow` WHERE ( username="SmileC" AND topic_id=2 ) LIMIT 1   [ RunTime:0.000279s ]
SQL: SELECT COUNT(*) AS tp_count FROM `mgqa_topic_follow` WHERE ( topic_id=2 ) LIMIT 1   [ RunTime:0.000233s ]
SQL: SELECT COUNT(*) AS tp_count FROM `mgqa_question` WHERE ( topic1=2 OR topic2=2 OR topic3=2 ) LIMIT 1   [ RunTime:0.000342s ]
INFO: [ view_parse ] --START--
INFO: [ template_filter ] --START--
INFO: Run Behavior\ContentReplaceBehavior [ RunTime:0.000106s ]
INFO: [ template_filter ] --END-- [ RunTime:0.000210s ]
SQL: SHOW COLUMNS FROM `mgqa_user_login` [ RunTime:0.008472s ]
SQL: SELECT * FROM `mgqa_topic`  [ RunTime:0.000261s ]
INFO: Run Behavior\ParseTemplateBehavior [ RunTime:0.083949s ]
INFO: [ view_parse ] --END-- [ RunTime:0.084082s ]
INFO: [ view_filter ] --START--
INFO: Run Behavior\WriteHtmlCacheBehavior [ RunTime:0.000424s ]
INFO: [ view_filter ] --END-- [ RunTime:0.000541s ]
INFO: [ app_end ] --START--
INFO: Run Behavior\ShowPageTraceBehavior [ RunTime:0.000807s ]
INFO: [ app_end ] --END-- [ RunTime:0.000978s ]

[ 2015-02-24T14:25:38+08:00 ] 127.0.0.1 /index.php/Home/Question/11
INFO: [ app_init ] --START--
INFO: Run Behavior\BuildLiteBehavior [ RunTime:0.000048s ]
INFO: [ app_init ] --END-- [ RunTime:0.000685s ]
INFO: [ app_begin ] --START--
INFO: Run Behavior\ReadHtmlCacheBehavior [ RunTime:0.000851s ]
INFO: [ app_begin ] --END-- [ RunTime:0.001032s ]
SQL: SHOW COLUMNS FROM `mgqa_question` [ RunTime:0.020869s ]
SQL: SELECT * FROM `mgqa_question` WHERE ( id=11 ) LIMIT 1   [ RunTime:0.000378s ]
SQL: SHOW COLUMNS FROM `mgqa_answer` [ RunTime:0.023421s ]
SQL: SELECT COUNT(*) AS tp_count FROM `mgqa_answer` WHERE ( question_id=11 ) LIMIT 1   [ RunTime:0.000329s ]
SQL: SHOW COLUMNS FROM `mgqa_question_user_status` [ RunTime:0.011052s ]
SQL: SELECT * FROM `mgqa_question_user_status` WHERE ( username="SmileC" AND question_id=11 ) LIMIT 1   [ RunTime:0.000339s ]
SQL: SELECT * FROM `mgqa_answer` WHERE ( username="SmileC" AND question_id=11 ) LIMIT 1   [ RunTime:0.000352s ]
SQL: SELECT * FROM `mgqa_answer` WHERE ( question_id=11 )  [ RunTime:0.000494s ]
INFO: [ view_parse ] --START--
INFO: [ template_filter ] --START--
INFO: Run Behavior\ContentReplaceBehavior [ RunTime:0.000151s ]
INFO: [ template_filter ] --END-- [ RunTime:0.000278s ]
SQL: SHOW COLUMNS FROM `mgqa_user_login` [ RunTime:0.008795s ]
SQL: SHOW COLUMNS FROM `mgqa_topic` [ RunTime:0.021640s ]
SQL: SELECT * FROM `mgqa_topic`  [ RunTime:0.000287s ]
NOTIC: [8] Use of undefined constant my_answer - assumed 'my_answer' D:\php\Code\MoeGirl_Q-A\Application\Runtime\Cache\Home\93ef6f4e0883454498eb7273983f50b5.php 第 293 行.
INFO: Run Behavior\ParseTemplateBehavior [ RunTime:0.084626s ]
INFO: [ view_parse ] --END-- [ RunTime:0.084748s ]
INFO: [ view_filter ] --START--
INFO: Run Behavior\WriteHtmlCacheBehavior [ RunTime:0.000358s ]
INFO: [ view_filter ] --END-- [ RunTime:0.000415s ]
INFO: [ app_end ] --START--
INFO: Run Behavior\ShowPageTraceBehavior [ RunTime:0.000804s ]
INFO: [ app_end ] --END-- [ RunTime:0.000924s ]

[ 2015-02-24T14:25:42+08:00 ] 127.0.0.1 /index.php/Home/Question/11
INFO: [ app_init ] --START--
INFO: Run Behavior\BuildLiteBehavior [ RunTime:0.000019s ]
INFO: [ app_init ] --END-- [ RunTime:0.000416s ]
INFO: [ app_begin ] --START--
INFO: Run Behavior\ReadHtmlCacheBehavior [ RunTime:0.000654s ]
INFO: [ app_begin ] --END-- [ RunTime:0.000785s ]
SQL: SHOW COLUMNS FROM `mgqa_question` [ RunTime:0.025269s ]
SQL: SELECT * FROM `mgqa_question` WHERE ( id=11 ) LIMIT 1   [ RunTime:0.000272s ]
SQL: SHOW COLUMNS FROM `mgqa_answer` [ RunTime:0.011667s ]
SQL: SELECT COUNT(*) AS tp_count FROM `mgqa_answer` WHERE ( question_id=11 ) LIMIT 1   [ RunTime:0.000257s ]
SQL: SHOW COLUMNS FROM `mgqa_question_user_status` [ RunTime:0.006516s ]
SQL: SELECT * FROM `mgqa_question_user_status` WHERE ( username="SmileC" AND question_id=11 ) LIMIT 1   [ RunTime:0.000213s ]
SQL: SELECT * FROM `mgqa_answer` WHERE ( username="SmileC" AND question_id=11 ) LIMIT 1   [ RunTime:0.000183s ]
SQL: SELECT * FROM `mgqa_answer` WHERE ( question_id=11 )  [ RunTime:0.000149s ]
INFO: [ view_parse ] --START--
INFO: [ template_filter ] --START--
INFO: Run Behavior\ContentReplaceBehavior [ RunTime:0.000094s ]
INFO: [ template_filter ] --END-- [ RunTime:0.000175s ]
SQL: SHOW COLUMNS FROM `mgqa_user_login` [ RunTime:0.006677s ]
SQL: SHOW COLUMNS FROM `mgqa_topic` [ RunTime:0.017319s ]
SQL: SELECT * FROM `mgqa_topic`  [ RunTime:0.000214s ]
NOTIC: [8] Use of undefined constant my_answer - assumed 'my_answer' D:\php\Code\MoeGirl_Q-A\Application\Runtime\Cache\Home\93ef6f4e0883454498eb7273983f50b5.php 第 293 行.
INFO: Run Behavior\ParseTemplateBehavior [ RunTime:0.063278s ]
INFO: [ view_parse ] --END-- [ RunTime:0.063353s ]
INFO: [ view_filter ] --START--
INFO: Run Behavior\WriteHtmlCacheBehavior [ RunTime:0.000341s ]
INFO: [ view_filter ] --END-- [ RunTime:0.000396s ]
INFO: [ app_end ] --START--
INFO: Run Behavior\ShowPageTraceBehavior [ RunTime:0.000726s ]
INFO: [ app_end ] --END-- [ RunTime:0.000817s ]

[ 2015-02-24T14:25:47+08:00 ] 127.0.0.1 /Home/Topic/2/near.html
INFO: [ app_init ] --START--
INFO: Run Behavior\BuildLiteBehavior [ RunTime:0.000022s ]
INFO: [ app_init ] --END-- [ RunTime:0.000387s ]
INFO: [ app_begin ] --START--
INFO: Run Behavior\ReadHtmlCacheBehavior [ RunTime:0.000842s ]
INFO: [ app_begin ] --END-- [ RunTime:0.000997s ]
SQL: SHOW COLUMNS FROM `mgqa_topic` [ RunTime:0.018504s ]
SQL: SELECT `id` FROM `mgqa_topic` WHERE ( father_topic=2 )  [ RunTime:0.000304s ]
DEBUG: Array
(
    [0] => 3
    [1] => 2
)

SQL: SHOW COLUMNS FROM `mgqa_question` [ RunTime:0.019149s ]
SQL: SELECT * FROM `mgqa_question` WHERE ( `topic1` IN ('3','2') OR `topic2` IN ('3','2') OR `topic3` IN ('3','2') ) AND ( 1422167147 < unix_timestamp(time) ) ORDER BY id LIMIT 0,20   [ RunTime:0.000443s ]
SQL: SHOW COLUMNS FROM `mgqa_answer` [ RunTime:0.012556s ]
SQL: SELECT * FROM `mgqa_answer` WHERE ( question_id=10 ) ORDER BY agree desc LIMIT 1   [ RunTime:0.000322s ]
SQL: SELECT * FROM `mgqa_answer` WHERE ( question_id=11 ) ORDER BY agree desc LIMIT 1   [ RunTime:0.000264s ]
SQL: SHOW COLUMNS FROM `mgqa_topic` [ RunTime:0.019724s ]
SQL: SELECT * FROM `mgqa_topic` WHERE ( id=2 ) LIMIT 1   [ RunTime:0.000285s ]
SQL: SHOW COLUMNS FROM `mgqa_topic_follow` [ RunTime:0.010229s ]
SQL: SELECT COUNT(*) AS tp_count FROM `mgqa_topic_follow` WHERE ( username="SmileC" AND topic_id=2 ) LIMIT 1   [ RunTime:0.000306s ]
SQL: SELECT COUNT(*) AS tp_count FROM `mgqa_topic_follow` WHERE ( topic_id=2 ) LIMIT 1   [ RunTime:0.000227s ]
SQL: SELECT COUNT(*) AS tp_count FROM `mgqa_question` WHERE ( topic1=2 OR topic2=2 OR topic3=2 ) LIMIT 1   [ RunTime:0.000230s ]
INFO: [ view_parse ] --START--
INFO: [ template_filter ] --START--
INFO: Run Behavior\ContentReplaceBehavior [ RunTime:0.000210s ]
INFO: [ template_filter ] --END-- [ RunTime:0.000338s ]
SQL: SHOW COLUMNS FROM `mgqa_user_login` [ RunTime:0.007411s ]
SQL: SELECT * FROM `mgqa_topic`  [ RunTime:0.000230s ]
INFO: Run Behavior\ParseTemplateBehavior [ RunTime:0.067698s ]
INFO: [ view_parse ] --END-- [ RunTime:0.067777s ]
INFO: [ view_filter ] --START--
INFO: Run Behavior\WriteHtmlCacheBehavior [ RunTime:0.000332s ]
INFO: [ view_filter ] --END-- [ RunTime:0.000389s ]
INFO: [ app_end ] --START--
INFO: Run Behavior\ShowPageTraceBehavior [ RunTime:0.000851s ]
INFO: [ app_end ] --END-- [ RunTime:0.000982s ]

[ 2015-02-24T14:30:34+08:00 ] 127.0.0.1 /Home/Topic/2/hot.html
INFO: [ app_init ] --START--
INFO: Run Behavior\BuildLiteBehavior [ RunTime:0.000022s ]
INFO: [ app_init ] --END-- [ RunTime:0.000437s ]
INFO: [ app_begin ] --START--
INFO: Run Behavior\ReadHtmlCacheBehavior [ RunTime:0.000607s ]
INFO: [ app_begin ] --END-- [ RunTime:0.000689s ]
SQL: SHOW COLUMNS FROM `mgqa_topic` [ RunTime:0.022064s ]
SQL: SELECT `id` FROM `mgqa_topic` WHERE ( father_topic=2 )  [ RunTime:0.000276s ]
DEBUG: Array
(
    [0] => 3
    [1] => 2
)

SQL: SHOW COLUMNS FROM `mgqa_question` [ RunTime:0.018637s ]
SQL: SELECT `id` FROM `mgqa_question` WHERE ( `topic1` IN ('3','2') OR `topic2` IN ('3','2') OR `topic3` IN ('3','2') ) ORDER BY id desc  [ RunTime:0.000302s ]
DEBUG: Array
(
    [0] => 11
    [1] => 10
)

SQL: SHOW COLUMNS FROM `mgqa_answer` [ RunTime:0.019213s ]
SQL: SELECT * FROM `mgqa_answer` WHERE `question_id` IN ('11','10') ORDER BY agree desc LIMIT 0,20   [ RunTime:0.000382s ]
SQL: SHOW COLUMNS FROM `mgqa_topic` [ RunTime:0.016003s ]
SQL: SELECT * FROM `mgqa_topic` WHERE ( id=2 ) LIMIT 1   [ RunTime:0.000287s ]
SQL: SHOW COLUMNS FROM `mgqa_topic_follow` [ RunTime:0.009640s ]
SQL: SELECT COUNT(*) AS tp_count FROM `mgqa_topic_follow` WHERE ( username="SmileC" AND topic_id=2 ) LIMIT 1   [ RunTime:0.000289s ]
SQL: SELECT COUNT(*) AS tp_count FROM `mgqa_topic_follow` WHERE ( topic_id=2 ) LIMIT 1   [ RunTime:0.000184s ]
SQL: SELECT COUNT(*) AS tp_count FROM `mgqa_question` WHERE ( topic1=2 OR topic2=2 OR topic3=2 ) LIMIT 1   [ RunTime:0.000213s ]
INFO: [ view_parse ] --START--
INFO: [ template_filter ] --START--
INFO: Run Behavior\ContentReplaceBehavior [ RunTime:0.000096s ]
INFO: [ template_filter ] --END-- [ RunTime:0.000172s ]
SQL: SHOW COLUMNS FROM `mgqa_user_login` [ RunTime:0.009480s ]
SQL: SELECT * FROM `mgqa_topic`  [ RunTime:0.000278s ]
SQL: SELECT * FROM `mgqa_question` WHERE ( id=10 ) LIMIT 1   [ RunTime:0.000270s ]
SQL: SELECT * FROM `mgqa_question` WHERE ( id=11 ) LIMIT 1   [ RunTime:0.000272s ]
INFO: Run Behavior\ParseTemplateBehavior [ RunTime:0.064088s ]
INFO: [ view_parse ] --END-- [ RunTime:0.064177s ]
INFO: [ view_filter ] --START--
INFO: Run Behavior\WriteHtmlCacheBehavior [ RunTime:0.000438s ]
INFO: [ view_filter ] --END-- [ RunTime:0.000498s ]
INFO: [ app_end ] --START--
INFO: Run Behavior\ShowPageTraceBehavior [ RunTime:0.000946s ]
INFO: [ app_end ] --END-- [ RunTime:0.001075s ]

[ 2015-02-24T14:30:35+08:00 ] 127.0.0.1 /Home/Topic/2/all.html
INFO: [ app_init ] --START--
INFO: Run Behavior\BuildLiteBehavior [ RunTime:0.000021s ]
INFO: [ app_init ] --END-- [ RunTime:0.000399s ]
INFO: [ app_begin ] --START--
INFO: Run Behavior\ReadHtmlCacheBehavior [ RunTime:0.000537s ]
INFO: [ app_begin ] --END-- [ RunTime:0.000618s ]
SQL: SHOW COLUMNS FROM `mgqa_topic` [ RunTime:0.019046s ]
SQL: SELECT `id` FROM `mgqa_topic` WHERE ( father_topic=2 )  [ RunTime:0.000304s ]
DEBUG: Array
(
    [0] => 3
    [1] => 2
)

SQL: SHOW COLUMNS FROM `mgqa_question` [ RunTime:0.017960s ]
SQL: SELECT * FROM `mgqa_question` WHERE ( `topic1` IN ('3','2') OR `topic2` IN ('3','2') OR `topic3` IN ('3','2') ) ORDER BY id desc LIMIT 0,20   [ RunTime:0.000424s ]
SQL: SHOW COLUMNS FROM `mgqa_topic` [ RunTime:0.015190s ]
SQL: SELECT * FROM `mgqa_topic` WHERE ( id=2 ) LIMIT 1   [ RunTime:0.000343s ]
SQL: SHOW COLUMNS FROM `mgqa_topic_follow` [ RunTime:0.009554s ]
SQL: SELECT COUNT(*) AS tp_count FROM `mgqa_topic_follow` WHERE ( username="SmileC" AND topic_id=2 ) LIMIT 1   [ RunTime:0.000303s ]
SQL: SELECT COUNT(*) AS tp_count FROM `mgqa_topic_follow` WHERE ( topic_id=2 ) LIMIT 1   [ RunTime:0.000173s ]
SQL: SELECT COUNT(*) AS tp_count FROM `mgqa_question` WHERE ( topic1=2 OR topic2=2 OR topic3=2 ) LIMIT 1   [ RunTime:0.000197s ]
INFO: [ view_parse ] --START--
INFO: [ template_filter ] --START--
INFO: Run Behavior\ContentReplaceBehavior [ RunTime:0.000098s ]
INFO: [ template_filter ] --END-- [ RunTime:0.000185s ]
SQL: SHOW COLUMNS FROM `mgqa_user_login` [ RunTime:0.007332s ]
SQL: SELECT * FROM `mgqa_topic`  [ RunTime:0.000270s ]
INFO: Run Behavior\ParseTemplateBehavior [ RunTime:0.064139s ]
INFO: [ view_parse ] --END-- [ RunTime:0.064221s ]
INFO: [ view_filter ] --START--
INFO: Run Behavior\WriteHtmlCacheBehavior [ RunTime:0.000364s ]
INFO: [ view_filter ] --END-- [ RunTime:0.000424s ]
INFO: [ app_end ] --START--
INFO: Run Behavior\ShowPageTraceBehavior [ RunTime:0.000836s ]
INFO: [ app_end ] --END-- [ RunTime:0.000969s ]

[ 2015-02-24T14:30:36+08:00 ] 127.0.0.1 /Home/Topic/2/near.html
INFO: [ app_init ] --START--
INFO: Run Behavior\BuildLiteBehavior [ RunTime:0.000030s ]
INFO: [ app_init ] --END-- [ RunTime:0.000525s ]
INFO: [ app_begin ] --START--
INFO: Run Behavior\ReadHtmlCacheBehavior [ RunTime:0.000494s ]
INFO: [ app_begin ] --END-- [ RunTime:0.000582s ]
SQL: SHOW COLUMNS FROM `mgqa_topic` [ RunTime:0.022825s ]
SQL: SELECT `id` FROM `mgqa_topic` WHERE ( father_topic=2 )  [ RunTime:0.000257s ]
DEBUG: Array
(
    [0] => 3
    [1] => 2
)

SQL: SHOW COLUMNS FROM `mgqa_question` [ RunTime:0.019649s ]
SQL: SELECT * FROM `mgqa_question` WHERE ( `topic1` IN ('3','2') OR `topic2` IN ('3','2') OR `topic3` IN ('3','2') ) AND ( 1422167436 < unix_timestamp(time) ) ORDER BY id LIMIT 0,20   [ RunTime:0.000469s ]
SQL: SHOW COLUMNS FROM `mgqa_answer` [ RunTime:0.012336s ]
SQL: SELECT * FROM `mgqa_answer` WHERE ( question_id=10 ) ORDER BY agree desc LIMIT 1   [ RunTime:0.000313s ]
SQL: SELECT * FROM `mgqa_answer` WHERE ( question_id=11 ) ORDER BY agree desc LIMIT 1   [ RunTime:0.000200s ]
SQL: SHOW COLUMNS FROM `mgqa_topic` [ RunTime:0.016081s ]
SQL: SELECT * FROM `mgqa_topic` WHERE ( id=2 ) LIMIT 1   [ RunTime:0.000274s ]
SQL: SHOW COLUMNS FROM `mgqa_topic_follow` [ RunTime:0.008521s ]
SQL: SELECT COUNT(*) AS tp_count FROM `mgqa_topic_follow` WHERE ( username="SmileC" AND topic_id=2 ) LIMIT 1   [ RunTime:0.000258s ]
SQL: SELECT COUNT(*) AS tp_count FROM `mgqa_topic_follow` WHERE ( topic_id=2 ) LIMIT 1   [ RunTime:0.000213s ]
SQL: SELECT COUNT(*) AS tp_count FROM `mgqa_question` WHERE ( topic1=2 OR topic2=2 OR topic3=2 ) LIMIT 1   [ RunTime:0.000188s ]
INFO: [ view_parse ] --START--
INFO: [ template_filter ] --START--
INFO: Run Behavior\ContentReplaceBehavior [ RunTime:0.000096s ]
INFO: [ template_filter ] --END-- [ RunTime:0.000170s ]
SQL: SHOW COLUMNS FROM `mgqa_user_login` [ RunTime:0.006614s ]
SQL: SELECT * FROM `mgqa_topic`  [ RunTime:0.000318s ]
INFO: Run Behavior\ParseTemplateBehavior [ RunTime:0.055199s ]
INFO: [ view_parse ] --END-- [ RunTime:0.055297s ]
INFO: [ view_filter ] --START--
INFO: Run Behavior\WriteHtmlCacheBehavior [ RunTime:0.000353s ]
INFO: [ view_filter ] --END-- [ RunTime:0.000420s ]
INFO: [ app_end ] --START--
INFO: Run Behavior\ShowPageTraceBehavior [ RunTime:0.000563s ]
INFO: [ app_end ] --END-- [ RunTime:0.000650s ]

[ 2015-02-24T14:30:44+08:00 ] 127.0.0.1 /Home/Topic/2/hot.html
INFO: [ app_init ] --START--
INFO: Run Behavior\BuildLiteBehavior [ RunTime:0.000020s ]
INFO: [ app_init ] --END-- [ RunTime:0.000376s ]
INFO: [ app_begin ] --START--
INFO: Run Behavior\ReadHtmlCacheBehavior [ RunTime:0.001043s ]
INFO: [ app_begin ] --END-- [ RunTime:0.001170s ]
SQL: SHOW COLUMNS FROM `mgqa_topic` [ RunTime:0.019775s ]
SQL: SELECT `id` FROM `mgqa_topic` WHERE ( father_topic=2 )  [ RunTime:0.000278s ]
DEBUG: Array
(
    [0] => 3
    [1] => 2
)

SQL: SHOW COLUMNS FROM `mgqa_question` [ RunTime:0.019930s ]
SQL: SELECT `id` FROM `mgqa_question` WHERE ( `topic1` IN ('3','2') OR `topic2` IN ('3','2') OR `topic3` IN ('3','2') ) ORDER BY id desc  [ RunTime:0.000362s ]
DEBUG: Array
(
    [0] => 11
    [1] => 10
)

SQL: SHOW COLUMNS FROM `mgqa_answer` [ RunTime:0.012586s ]
SQL: SELECT * FROM `mgqa_answer` WHERE `question_id` IN ('11','10') ORDER BY agree desc LIMIT 0,20   [ RunTime:0.000376s ]
SQL: SHOW COLUMNS FROM `mgqa_topic` [ RunTime:0.017217s ]
SQL: SELECT * FROM `mgqa_topic` WHERE ( id=2 ) LIMIT 1   [ RunTime:0.000333s ]
SQL: SHOW COLUMNS FROM `mgqa_topic_follow` [ RunTime:0.010910s ]
SQL: SELECT COUNT(*) AS tp_count FROM `mgqa_topic_follow` WHERE ( username="SmileC" AND topic_id=2 ) LIMIT 1   [ RunTime:0.000301s ]
SQL: SELECT COUNT(*) AS tp_count FROM `mgqa_topic_follow` WHERE ( topic_id=2 ) LIMIT 1   [ RunTime:0.000184s ]
SQL: SELECT COUNT(*) AS tp_count FROM `mgqa_question` WHERE ( topic1=2 OR topic2=2 OR topic3=2 ) LIMIT 1   [ RunTime:0.000200s ]
INFO: [ view_parse ] --START--
INFO: [ template_filter ] --START--
INFO: Run Behavior\ContentReplaceBehavior [ RunTime:0.000091s ]
INFO: [ template_filter ] --END-- [ RunTime:0.000162s ]
SQL: SHOW COLUMNS FROM `mgqa_user_login` [ RunTime:0.006601s ]
SQL: SELECT * FROM `mgqa_topic`  [ RunTime:0.000344s ]
SQL: SELECT * FROM `mgqa_question` WHERE ( id=10 ) LIMIT 1   [ RunTime:0.000302s ]
SQL: SELECT * FROM `mgqa_question` WHERE ( id=11 ) LIMIT 1   [ RunTime:0.000245s ]
INFO: Run Behavior\ParseTemplateBehavior [ RunTime:0.056944s ]
INFO: [ view_parse ] --END-- [ RunTime:0.057022s ]
INFO: [ view_filter ] --START--
INFO: Run Behavior\WriteHtmlCacheBehavior [ RunTime:0.000348s ]
INFO: [ view_filter ] --END-- [ RunTime:0.000404s ]
INFO: [ app_end ] --START--
INFO: Run Behavior\ShowPageTraceBehavior [ RunTime:0.000807s ]
INFO: [ app_end ] --END-- [ RunTime:0.000930s ]

[ 2015-02-24T14:30:45+08:00 ] 127.0.0.1 /Home/Topic/2/near.html
INFO: [ app_init ] --START--
INFO: Run Behavior\BuildLiteBehavior [ RunTime:0.000021s ]
INFO: [ app_init ] --END-- [ RunTime:0.000418s ]
INFO: [ app_begin ] --START--
INFO: Run Behavior\ReadHtmlCacheBehavior [ RunTime:0.000512s ]
INFO: [ app_begin ] --END-- [ RunTime:0.000585s ]
SQL: SHOW COLUMNS FROM `mgqa_topic` [ RunTime:0.017576s ]
SQL: SELECT `id` FROM `mgqa_topic` WHERE ( father_topic=2 )  [ RunTime:0.000322s ]
DEBUG: Array
(
    [0] => 3
    [1] => 2
)

SQL: SHOW COLUMNS FROM `mgqa_question` [ RunTime:0.017635s ]
SQL: SELECT * FROM `mgqa_question` WHERE ( `topic1` IN ('3','2') OR `topic2` IN ('3','2') OR `topic3` IN ('3','2') ) AND ( 1422167445 < unix_timestamp(time) ) ORDER BY id LIMIT 0,20   [ RunTime:0.000434s ]
SQL: SHOW COLUMNS FROM `mgqa_answer` [ RunTime:0.011644s ]
SQL: SELECT * FROM `mgqa_answer` WHERE ( question_id=10 ) ORDER BY agree desc LIMIT 1   [ RunTime:0.000369s ]
SQL: SELECT * FROM `mgqa_answer` WHERE ( question_id=11 ) ORDER BY agree desc LIMIT 1   [ RunTime:0.000290s ]
SQL: SHOW COLUMNS FROM `mgqa_topic` [ RunTime:0.015483s ]
SQL: SELECT * FROM `mgqa_topic` WHERE ( id=2 ) LIMIT 1   [ RunTime:0.000322s ]
SQL: SHOW COLUMNS FROM `mgqa_topic_follow` [ RunTime:0.010762s ]
SQL: SELECT COUNT(*) AS tp_count FROM `mgqa_topic_follow` WHERE ( username="SmileC" AND topic_id=2 ) LIMIT 1   [ RunTime:0.000264s ]
SQL: SELECT COUNT(*) AS tp_count FROM `mgqa_topic_follow` WHERE ( topic_id=2 ) LIMIT 1   [ RunTime:0.000189s ]
SQL: SELECT COUNT(*) AS tp_count FROM `mgqa_question` WHERE ( topic1=2 OR topic2=2 OR topic3=2 ) LIMIT 1   [ RunTime:0.000248s ]
INFO: [ view_parse ] --START--
INFO: [ template_filter ] --START--
INFO: Run Behavior\ContentReplaceBehavior [ RunTime:0.000101s ]
INFO: [ template_filter ] --END-- [ RunTime:0.000192s ]
SQL: SHOW COLUMNS FROM `mgqa_user_login` [ RunTime:0.008356s ]
SQL: SELECT * FROM `mgqa_topic`  [ RunTime:0.000305s ]
INFO: Run Behavior\ParseTemplateBehavior [ RunTime:0.077873s ]
INFO: [ view_parse ] --END-- [ RunTime:0.077959s ]
INFO: [ view_filter ] --START--
INFO: Run Behavior\WriteHtmlCacheBehavior [ RunTime:0.000466s ]
INFO: [ view_filter ] --END-- [ RunTime:0.000557s ]
INFO: [ app_end ] --START--
INFO: Run Behavior\ShowPageTraceBehavior [ RunTime:0.000781s ]
INFO: [ app_end ] --END-- [ RunTime:0.000937s ]

[ 2015-02-24T14:30:46+08:00 ] 127.0.0.1 /Home/Topic/2/hot.html
INFO: [ app_init ] --START--
INFO: Run Behavior\BuildLiteBehavior [ RunTime:0.000020s ]
INFO: [ app_init ] --END-- [ RunTime:0.000479s ]
INFO: [ app_begin ] --START--
INFO: Run Behavior\ReadHtmlCacheBehavior [ RunTime:0.000506s ]
INFO: [ app_begin ] --END-- [ RunTime:0.000581s ]
SQL: SHOW COLUMNS FROM `mgqa_topic` [ RunTime:0.017734s ]
SQL: SELECT `id` FROM `mgqa_topic` WHERE ( father_topic=2 )  [ RunTime:0.000296s ]
DEBUG: Array
(
    [0] => 3
    [1] => 2
)

SQL: SHOW COLUMNS FROM `mgqa_question` [ RunTime:0.019675s ]
SQL: SELECT `id` FROM `mgqa_question` WHERE ( `topic1` IN ('3','2') OR `topic2` IN ('3','2') OR `topic3` IN ('3','2') ) ORDER BY id desc  [ RunTime:0.000349s ]
DEBUG: Array
(
    [0] => 11
    [1] => 10
)

SQL: SHOW COLUMNS FROM `mgqa_answer` [ RunTime:0.012982s ]
SQL: SELECT * FROM `mgqa_answer` WHERE `question_id` IN ('11','10') ORDER BY agree desc LIMIT 0,20   [ RunTime:0.000347s ]
SQL: SHOW COLUMNS FROM `mgqa_topic` [ RunTime:0.016582s ]
SQL: SELECT * FROM `mgqa_topic` WHERE ( id=2 ) LIMIT 1   [ RunTime:0.000347s ]
SQL: SHOW COLUMNS FROM `mgqa_topic_follow` [ RunTime:0.009413s ]
SQL: SELECT COUNT(*) AS tp_count FROM `mgqa_topic_follow` WHERE ( username="SmileC" AND topic_id=2 ) LIMIT 1   [ RunTime:0.000231s ]
SQL: SELECT COUNT(*) AS tp_count FROM `mgqa_topic_follow` WHERE ( topic_id=2 ) LIMIT 1   [ RunTime:0.000147s ]
SQL: SELECT COUNT(*) AS tp_count FROM `mgqa_question` WHERE ( topic1=2 OR topic2=2 OR topic3=2 ) LIMIT 1   [ RunTime:0.000166s ]
INFO: [ view_parse ] --START--
INFO: [ template_filter ] --START--
INFO: Run Behavior\ContentReplaceBehavior [ RunTime:0.000130s ]
INFO: [ template_filter ] --END-- [ RunTime:0.000301s ]
SQL: SHOW COLUMNS FROM `mgqa_user_login` [ RunTime:0.009522s ]
SQL: SELECT * FROM `mgqa_topic`  [ RunTime:0.000258s ]
SQL: SELECT * FROM `mgqa_question` WHERE ( id=10 ) LIMIT 1   [ RunTime:0.000247s ]
SQL: SELECT * FROM `mgqa_question` WHERE ( id=11 ) LIMIT 1   [ RunTime:0.000194s ]
INFO: Run Behavior\ParseTemplateBehavior [ RunTime:0.058913s ]
INFO: [ view_parse ] --END-- [ RunTime:0.059007s ]
INFO: [ view_filter ] --START--
INFO: Run Behavior\WriteHtmlCacheBehavior [ RunTime:0.000330s ]
INFO: [ view_filter ] --END-- [ RunTime:0.000385s ]
INFO: [ app_end ] --START--
INFO: Run Behavior\ShowPageTraceBehavior [ RunTime:0.000601s ]
INFO: [ app_end ] --END-- [ RunTime:0.000695s ]

[ 2015-02-24T14:30:47+08:00 ] 127.0.0.1 /Home/Topic/2/all.html
INFO: [ app_init ] --START--
INFO: Run Behavior\BuildLiteBehavior [ RunTime:0.000019s ]
INFO: [ app_init ] --END-- [ RunTime:0.000368s ]
INFO: [ app_begin ] --START--
INFO: Run Behavior\ReadHtmlCacheBehavior [ RunTime:0.000615s ]
INFO: [ app_begin ] --END-- [ RunTime:0.000702s ]
SQL: SHOW COLUMNS FROM `mgqa_topic` [ RunTime:0.018295s ]
SQL: SELECT `id` FROM `mgqa_topic` WHERE ( father_topic=2 )  [ RunTime:0.000304s ]
DEBUG: Array
(
    [0] => 3
    [1] => 2
)

SQL: SHOW COLUMNS FROM `mgqa_question` [ RunTime:0.017465s ]
SQL: SELECT * FROM `mgqa_question` WHERE ( `topic1` IN ('3','2') OR `topic2` IN ('3','2') OR `topic3` IN ('3','2') ) ORDER BY id desc LIMIT 0,20   [ RunTime:0.000347s ]
SQL: SHOW COLUMNS FROM `mgqa_topic` [ RunTime:0.014719s ]
SQL: SELECT * FROM `mgqa_topic` WHERE ( id=2 ) LIMIT 1   [ RunTime:0.000269s ]
SQL: SHOW COLUMNS FROM `mgqa_topic_follow` [ RunTime:0.008157s ]
SQL: SELECT COUNT(*) AS tp_count FROM `mgqa_topic_follow` WHERE ( username="SmileC" AND topic_id=2 ) LIMIT 1   [ RunTime:0.000242s ]
SQL: SELECT COUNT(*) AS tp_count FROM `mgqa_topic_follow` WHERE ( topic_id=2 ) LIMIT 1   [ RunTime:0.000152s ]
SQL: SELECT COUNT(*) AS tp_count FROM `mgqa_question` WHERE ( topic1=2 OR topic2=2 OR topic3=2 ) LIMIT 1   [ RunTime:0.000177s ]
INFO: [ view_parse ] --START--
INFO: [ template_filter ] --START--
INFO: Run Behavior\ContentReplaceBehavior [ RunTime:0.000140s ]
INFO: [ template_filter ] --END-- [ RunTime:0.000248s ]
SQL: SHOW COLUMNS FROM `mgqa_user_login` [ RunTime:0.006389s ]
SQL: SELECT * FROM `mgqa_topic`  [ RunTime:0.000248s ]
INFO: Run Behavior\ParseTemplateBehavior [ RunTime:0.056052s ]
INFO: [ view_parse ] --END-- [ RunTime:0.056129s ]
INFO: [ view_filter ] --START--
INFO: Run Behavior\WriteHtmlCacheBehavior [ RunTime:0.000344s ]
INFO: [ view_filter ] --END-- [ RunTime:0.000398s ]
INFO: [ app_end ] --START--
INFO: Run Behavior\ShowPageTraceBehavior [ RunTime:0.000553s ]
INFO: [ app_end ] --END-- [ RunTime:0.000638s ]

[ 2015-02-24T14:30:48+08:00 ] 127.0.0.1 /Home/Topic/2/near.html
INFO: [ app_init ] --START--
INFO: Run Behavior\BuildLiteBehavior [ RunTime:0.000020s ]
INFO: [ app_init ] --END-- [ RunTime:0.000405s ]
INFO: [ app_begin ] --START--
INFO: Run Behavior\ReadHtmlCacheBehavior [ RunTime:0.000490s ]
INFO: [ app_begin ] --END-- [ RunTime:0.000565s ]
SQL: SHOW COLUMNS FROM `mgqa_topic` [ RunTime:0.020471s ]
SQL: SELECT `id` FROM `mgqa_topic` WHERE ( father_topic=2 )  [ RunTime:0.000333s ]
DEBUG: Array
(
    [0] => 3
    [1] => 2
)

SQL: SHOW COLUMNS FROM `mgqa_question` [ RunTime:0.021003s ]
SQL: SELECT * FROM `mgqa_question` WHERE ( `topic1` IN ('3','2') OR `topic2` IN ('3','2') OR `topic3` IN ('3','2') ) AND ( 1422167448 < unix_timestamp(time) ) ORDER BY id LIMIT 0,20   [ RunTime:0.000539s ]
SQL: SHOW COLUMNS FROM `mgqa_answer` [ RunTime:0.014290s ]
SQL: SELECT * FROM `mgqa_answer` WHERE ( question_id=10 ) ORDER BY agree desc LIMIT 1   [ RunTime:0.000424s ]
SQL: SELECT * FROM `mgqa_answer` WHERE ( question_id=11 ) ORDER BY agree desc LIMIT 1   [ RunTime:0.000304s ]
SQL: SHOW COLUMNS FROM `mgqa_topic` [ RunTime:0.019816s ]
SQL: SELECT * FROM `mgqa_topic` WHERE ( id=2 ) LIMIT 1   [ RunTime:0.000324s ]
SQL: SHOW COLUMNS FROM `mgqa_topic_follow` [ RunTime:0.010887s ]
SQL: SELECT COUNT(*) AS tp_count FROM `mgqa_topic_follow` WHERE ( username="SmileC" AND topic_id=2 ) LIMIT 1   [ RunTime:0.000310s ]
SQL: SELECT COUNT(*) AS tp_count FROM `mgqa_topic_follow` WHERE ( topic_id=2 ) LIMIT 1   [ RunTime:0.000214s ]
SQL: SELECT COUNT(*) AS tp_count FROM `mgqa_question` WHERE ( topic1=2 OR topic2=2 OR topic3=2 ) LIMIT 1   [ RunTime:0.000209s ]
INFO: [ view_parse ] --START--
INFO: [ template_filter ] --START--
INFO: Run Behavior\ContentReplaceBehavior [ RunTime:0.000101s ]
INFO: [ template_filter ] --END-- [ RunTime:0.000180s ]
SQL: SHOW COLUMNS FROM `mgqa_user_login` [ RunTime:0.007459s ]
SQL: SELECT * FROM `mgqa_topic`  [ RunTime:0.000304s ]
INFO: Run Behavior\ParseTemplateBehavior [ RunTime:0.066066s ]
INFO: [ view_parse ] --END-- [ RunTime:0.066145s ]
INFO: [ view_filter ] --START--
INFO: Run Behavior\WriteHtmlCacheBehavior [ RunTime:0.000457s ]
INFO: [ view_filter ] --END-- [ RunTime:0.000546s ]
INFO: [ app_end ] --START--
INFO: Run Behavior\ShowPageTraceBehavior [ RunTime:0.000800s ]
INFO: [ app_end ] --END-- [ RunTime:0.000920s ]

[ 2015-02-24T14:30:51+08:00 ] 127.0.0.1 /Home/Topic/2
INFO: [ app_init ] --START--
INFO: Run Behavior\BuildLiteBehavior [ RunTime:0.000020s ]
INFO: [ app_init ] --END-- [ RunTime:0.000379s ]
INFO: [ app_begin ] --START--
INFO: Run Behavior\ReadHtmlCacheBehavior [ RunTime:0.000538s ]
INFO: [ app_begin ] --END-- [ RunTime:0.000620s ]
SQL: SHOW COLUMNS FROM `mgqa_topic` [ RunTime:0.017511s ]
SQL: SELECT `id` FROM `mgqa_topic` WHERE ( father_topic=2 )  [ RunTime:0.000302s ]
DEBUG: Array
(
    [0] => 3
    [1] => 2
)

SQL: SHOW COLUMNS FROM `mgqa_question` [ RunTime:0.017743s ]
SQL: SELECT * FROM `mgqa_question` WHERE ( `topic1` IN ('3','2') OR `topic2` IN ('3','2') OR `topic3` IN ('3','2') ) AND ( 1422167451 < unix_timestamp(time) ) ORDER BY id LIMIT 0,20   [ RunTime:0.000332s ]
SQL: SHOW COLUMNS FROM `mgqa_answer` [ RunTime:0.010946s ]
SQL: SELECT * FROM `mgqa_answer` WHERE ( question_id=10 ) ORDER BY agree desc LIMIT 1   [ RunTime:0.000262s ]
SQL: SELECT * FROM `mgqa_answer` WHERE ( question_id=11 ) ORDER BY agree desc LIMIT 1   [ RunTime:0.000164s ]
SQL: SHOW COLUMNS FROM `mgqa_topic` [ RunTime:0.015094s ]
SQL: SELECT * FROM `mgqa_topic` WHERE ( id=2 ) LIMIT 1   [ RunTime:0.000336s ]
SQL: SHOW COLUMNS FROM `mgqa_topic_follow` [ RunTime:0.008486s ]
SQL: SELECT COUNT(*) AS tp_count FROM `mgqa_topic_follow` WHERE ( username="SmileC" AND topic_id=2 ) LIMIT 1   [ RunTime:0.000309s ]
SQL: SELECT COUNT(*) AS tp_count FROM `mgqa_topic_follow` WHERE ( topic_id=2 ) LIMIT 1   [ RunTime:0.000227s ]
SQL: SELECT COUNT(*) AS tp_count FROM `mgqa_question` WHERE ( topic1=2 OR topic2=2 OR topic3=2 ) LIMIT 1   [ RunTime:0.000221s ]
INFO: [ view_parse ] --START--
INFO: [ template_filter ] --START--
INFO: Run Behavior\ContentReplaceBehavior [ RunTime:0.000094s ]
INFO: [ template_filter ] --END-- [ RunTime:0.000166s ]
SQL: SHOW COLUMNS FROM `mgqa_user_login` [ RunTime:0.006297s ]
SQL: SELECT * FROM `mgqa_topic`  [ RunTime:0.000317s ]
INFO: Run Behavior\ParseTemplateBehavior [ RunTime:0.054916s ]
INFO: [ view_parse ] --END-- [ RunTime:0.055005s ]
INFO: [ view_filter ] --START--
INFO: Run Behavior\WriteHtmlCacheBehavior [ RunTime:0.000345s ]
INFO: [ view_filter ] --END-- [ RunTime:0.000401s ]
INFO: [ app_end ] --START--
INFO: Run Behavior\ShowPageTraceBehavior [ RunTime:0.000553s ]
INFO: [ app_end ] --END-- [ RunTime:0.000630s ]

[ 2015-02-24T14:58:34+08:00 ] 127.0.0.1 /Home/Topic.html
INFO: [ app_init ] --START--
INFO: Run Behavior\BuildLiteBehavior [ RunTime:0.000021s ]
INFO: [ app_init ] --END-- [ RunTime:0.000460s ]
INFO: [ app_begin ] --START--
INFO: Run Behavior\ReadHtmlCacheBehavior [ RunTime:0.000763s ]
INFO: [ app_begin ] --END-- [ RunTime:0.000843s ]
INFO: [ view_parse ] --START--
INFO: [ template_filter ] --START--
INFO: Run Behavior\ContentReplaceBehavior [ RunTime:0.000095s ]
INFO: [ template_filter ] --END-- [ RunTime:0.000198s ]
SQL: SHOW COLUMNS FROM `mgqa_user_login` [ RunTime:0.008196s ]
SQL: SHOW COLUMNS FROM `mgqa_topic` [ RunTime:0.018274s ]
SQL: SELECT * FROM `mgqa_topic`  [ RunTime:0.000328s ]
INFO: Run Behavior\ParseTemplateBehavior [ RunTime:0.072562s ]
INFO: [ view_parse ] --END-- [ RunTime:0.072632s ]
INFO: [ view_filter ] --START--
INFO: Run Behavior\WriteHtmlCacheBehavior [ RunTime:0.000646s ]
INFO: [ view_filter ] --END-- [ RunTime:0.000792s ]
INFO: [ app_end ] --START--
INFO: Run Behavior\ShowPageTraceBehavior [ RunTime:0.001361s ]
INFO: [ app_end ] --END-- [ RunTime:0.001503s ]

[ 2015-02-24T14:58:37+08:00 ] 127.0.0.1 /Home/Topic.html
INFO: [ app_init ] --START--
INFO: Run Behavior\BuildLiteBehavior [ RunTime:0.000019s ]
INFO: [ app_init ] --END-- [ RunTime:0.000480s ]
INFO: [ app_begin ] --START--
INFO: Run Behavior\ReadHtmlCacheBehavior [ RunTime:0.000634s ]
INFO: [ app_begin ] --END-- [ RunTime:0.000705s ]
INFO: [ view_parse ] --START--
INFO: [ template_filter ] --START--
INFO: Run Behavior\ContentReplaceBehavior [ RunTime:0.000074s ]
INFO: [ template_filter ] --END-- [ RunTime:0.000150s ]
SQL: SHOW COLUMNS FROM `mgqa_user_login` [ RunTime:0.009157s ]
SQL: SHOW COLUMNS FROM `mgqa_topic` [ RunTime:0.016009s ]
SQL: SELECT * FROM `mgqa_topic`  [ RunTime:0.000253s ]
INFO: Run Behavior\ParseTemplateBehavior [ RunTime:0.054692s ]
INFO: [ view_parse ] --END-- [ RunTime:0.054755s ]
INFO: [ view_filter ] --START--
INFO: Run Behavior\WriteHtmlCacheBehavior [ RunTime:0.000688s ]
INFO: [ view_filter ] --END-- [ RunTime:0.000753s ]
INFO: [ app_end ] --START--
INFO: Run Behavior\ShowPageTraceBehavior [ RunTime:0.001069s ]
INFO: [ app_end ] --END-- [ RunTime:0.001170s ]

[ 2015-02-24T15:09:42+08:00 ] 127.0.0.1 /index.php/Home/Question/get_comment.html?id=4&mode=answer
INFO: [ app_init ] --START--
INFO: Run Behavior\BuildLiteBehavior [ RunTime:0.000023s ]
INFO: [ app_init ] --END-- [ RunTime:0.000451s ]
INFO: [ app_begin ] --START--
INFO: Run Behavior\ReadHtmlCacheBehavior [ RunTime:0.000896s ]
INFO: [ app_begin ] --END-- [ RunTime:0.001013s ]
SQL: SHOW COLUMNS FROM `mgqa_comment` [ RunTime:0.086400s ]
SQL: SELECT * FROM `mgqa_comment` WHERE ( project_id=4 AND mode=1 ) ORDER BY id  [ RunTime:0.000515s ]
INFO: [ view_parse ] --START--
INFO: [ template_filter ] --START--
INFO: Run Behavior\ContentReplaceBehavior [ RunTime:0.000048s ]
INFO: [ template_filter ] --END-- [ RunTime:0.000126s ]
INFO: Run Behavior\ParseTemplateBehavior [ RunTime:0.014028s ]
INFO: [ view_parse ] --END-- [ RunTime:0.014125s ]
INFO: [ view_filter ] --START--
INFO: Run Behavior\WriteHtmlCacheBehavior [ RunTime:0.000491s ]
INFO: [ view_filter ] --END-- [ RunTime:0.000557s ]
INFO: [ app_end ] --START--
INFO: Run Behavior\ShowPageTraceBehavior [ RunTime:0.000758s ]
INFO: [ app_end ] --END-- [ RunTime:0.000830s ]

[ 2015-02-24T15:09:45+08:00 ] 127.0.0.1 /index.php/Home/Question/get_comment.html?id=4&mode=answer
INFO: [ app_init ] --START--
INFO: Run Behavior\BuildLiteBehavior [ RunTime:0.000021s ]
INFO: [ app_init ] --END-- [ RunTime:0.000375s ]
INFO: [ app_begin ] --START--
INFO: Run Behavior\ReadHtmlCacheBehavior [ RunTime:0.000617s ]
INFO: [ app_begin ] --END-- [ RunTime:0.000687s ]
SQL: SHOW COLUMNS FROM `mgqa_comment` [ RunTime:0.014743s ]
SQL: SELECT * FROM `mgqa_comment` WHERE ( project_id=4 AND mode=1 ) ORDER BY id  [ RunTime:0.000449s ]
INFO: [ view_parse ] --START--
INFO: [ template_filter ] --START--
INFO: Run Behavior\ContentReplaceBehavior [ RunTime:0.000041s ]
INFO: [ template_filter ] --END-- [ RunTime:0.000104s ]
INFO: Run Behavior\ParseTemplateBehavior [ RunTime:0.007364s ]
INFO: [ view_parse ] --END-- [ RunTime:0.007475s ]
INFO: [ view_filter ] --START--
INFO: Run Behavior\WriteHtmlCacheBehavior [ RunTime:0.000349s ]
INFO: [ view_filter ] --END-- [ RunTime:0.000404s ]
INFO: [ app_end ] --START--
INFO: Run Behavior\ShowPageTraceBehavior [ RunTime:0.000598s ]
INFO: [ app_end ] --END-- [ RunTime:0.000654s ]

[ 2015-02-24T15:09:50+08:00 ] 127.0.0.1 /Home/Topic.html
INFO: [ app_init ] --START--
INFO: Run Behavior\BuildLiteBehavior [ RunTime:0.000023s ]
INFO: [ app_init ] --END-- [ RunTime:0.000408s ]
INFO: [ app_begin ] --START--
INFO: Run Behavior\ReadHtmlCacheBehavior [ RunTime:0.001052s ]
INFO: [ app_begin ] --END-- [ RunTime:0.001134s ]
INFO: [ view_parse ] --START--
INFO: [ template_filter ] --START--
INFO: Run Behavior\ContentReplaceBehavior [ RunTime:0.000097s ]
INFO: [ template_filter ] --END-- [ RunTime:0.000165s ]
SQL: SHOW COLUMNS FROM `mgqa_user_login` [ RunTime:0.007426s ]
SQL: SHOW COLUMNS FROM `mgqa_topic` [ RunTime:0.016791s ]
SQL: SELECT * FROM `mgqa_topic`  [ RunTime:0.000299s ]
INFO: Run Behavior\ParseTemplateBehavior [ RunTime:0.069661s ]
INFO: [ view_parse ] --END-- [ RunTime:0.069723s ]
INFO: [ view_filter ] --START--
INFO: Run Behavior\WriteHtmlCacheBehavior [ RunTime:0.000435s ]
INFO: [ view_filter ] --END-- [ RunTime:0.000502s ]
INFO: [ app_end ] --START--
INFO: Run Behavior\ShowPageTraceBehavior [ RunTime:0.001048s ]
INFO: [ app_end ] --END-- [ RunTime:0.001180s ]

[ 2015-02-24T15:12:52+08:00 ] 127.0.0.1 /index.php/Home/Question/get_comment.html?id=4&mode=answer
INFO: [ app_init ] --START--
INFO: Run Behavior\BuildLiteBehavior [ RunTime:0.000028s ]
INFO: [ app_init ] --END-- [ RunTime:0.000539s ]
INFO: [ app_begin ] --START--
INFO: Run Behavior\ReadHtmlCacheBehavior [ RunTime:0.000641s ]
INFO: [ app_begin ] --END-- [ RunTime:0.000722s ]
SQL: SHOW COLUMNS FROM `mgqa_comment` [ RunTime:0.014575s ]
SQL: SELECT * FROM `mgqa_comment` WHERE ( project_id=4 AND mode=1 ) ORDER BY id  [ RunTime:0.000317s ]
INFO: [ view_parse ] --START--
INFO: [ template_filter ] --START--
INFO: Run Behavior\ContentReplaceBehavior [ RunTime:0.000043s ]
INFO: [ template_filter ] --END-- [ RunTime:0.000113s ]
INFO: Run Behavior\ParseTemplateBehavior [ RunTime:0.007500s ]
INFO: [ view_parse ] --END-- [ RunTime:0.007575s ]
INFO: [ view_filter ] --START--
INFO: Run Behavior\WriteHtmlCacheBehavior [ RunTime:0.000298s ]
INFO: [ view_filter ] --END-- [ RunTime:0.000350s ]
INFO: [ app_end ] --START--
INFO: Run Behavior\ShowPageTraceBehavior [ RunTime:0.000537s ]
INFO: [ app_end ] --END-- [ RunTime:0.000590s ]

[ 2015-02-24T15:13:00+08:00 ] 127.0.0.1 /index.php/Home/Question/get_comment.html?id=4&mode=answer
INFO: [ app_init ] --START--
INFO: Run Behavior\BuildLiteBehavior [ RunTime:0.000029s ]
INFO: [ app_init ] --END-- [ RunTime:0.000481s ]
INFO: [ app_begin ] --START--
INFO: Run Behavior\ReadHtmlCacheBehavior [ RunTime:0.002204s ]
INFO: [ app_begin ] --END-- [ RunTime:0.002477s ]
SQL: SHOW COLUMNS FROM `mgqa_comment` [ RunTime:0.023770s ]
SQL: SELECT * FROM `mgqa_comment` WHERE ( project_id=4 AND mode=1 ) ORDER BY id  [ RunTime:0.000352s ]
INFO: [ view_parse ] --START--
INFO: [ template_filter ] --START--
INFO: Run Behavior\ContentReplaceBehavior [ RunTime:0.000072s ]
INFO: [ template_filter ] --END-- [ RunTime:0.000191s ]
INFO: Run Behavior\ParseTemplateBehavior [ RunTime:0.008653s ]
INFO: [ view_parse ] --END-- [ RunTime:0.008762s ]
INFO: [ view_filter ] --START--
INFO: Run Behavior\WriteHtmlCacheBehavior [ RunTime:0.000554s ]
INFO: [ view_filter ] --END-- [ RunTime:0.000678s ]
INFO: [ app_end ] --START--
INFO: Run Behavior\ShowPageTraceBehavior [ RunTime:0.000853s ]
INFO: [ app_end ] --END-- [ RunTime:0.000961s ]

