[ 2015-02-08T13:25:20+08:00 ] 127.0.0.1 /
INFO: [ app_init ] --START--
INFO: Run Behavior\BuildLiteBehavior [ RunTime:0.000027s ]
INFO: [ app_init ] --END-- [ RunTime:0.006064s ]
INFO: [ app_begin ] --START--
INFO: Run Behavior\ReadHtmlCacheBehavior [ RunTime:0.006446s ]
INFO: [ app_begin ] --END-- [ RunTime:0.006634s ]
INFO: [ view_parse ] --START--
INFO: [ template_filter ] --START--
INFO: Run Behavior\ContentReplaceBehavior [ RunTime:0.000107s ]
INFO: [ template_filter ] --END-- [ RunTime:0.000225s ]
SQL: SHOW COLUMNS FROM `mgqa_user_login` [ RunTime:0.058471s ]
SQL: SHOW COLUMNS FROM `mgqa_user_login` [ RunTime:0.006498s ]
SQL: SELECT * FROM `mgqa_user_login` WHERE ( username="SmileC" ) LIMIT 1   [ RunTime:0.001127s ]
INFO: Run Behavior\ParseTemplateBehavior [ RunTime:0.487452s ]
INFO: [ view_parse ] --END-- [ RunTime:0.487548s ]
INFO: [ view_filter ] --START--
INFO: Run Behavior\WriteHtmlCacheBehavior [ RunTime:0.018777s ]
INFO: [ view_filter ] --END-- [ RunTime:0.018868s ]
INFO: [ app_end ] --START--
INFO: Run Behavior\ShowPageTraceBehavior [ RunTime:0.004839s ]
INFO: [ app_end ] --END-- [ RunTime:0.004950s ]

[ 2015-02-08T13:26:45+08:00 ] 127.0.0.1 /Home/Topic.html
INFO: [ app_init ] --START--
INFO: Run Behavior\BuildLiteBehavior [ RunTime:0.000029s ]
INFO: [ app_init ] --END-- [ RunTime:0.000490s ]
INFO: [ app_begin ] --START--
INFO: Run Behavior\ReadHtmlCacheBehavior [ RunTime:0.000744s ]
INFO: [ app_begin ] --END-- [ RunTime:0.000821s ]
INFO: [ view_parse ] --START--
INFO: [ template_filter ] --START--
INFO: Run Behavior\ContentReplaceBehavior [ RunTime:0.000103s ]
INFO: [ template_filter ] --END-- [ RunTime:0.000205s ]
SQL: SHOW COLUMNS FROM `mgqa_user_login` [ RunTime:0.008954s ]
SQL: SHOW COLUMNS FROM `mgqa_user_login` [ RunTime:0.004950s ]
SQL: SELECT * FROM `mgqa_user_login` WHERE ( username="SmileC" ) LIMIT 1   [ RunTime:0.000285s ]
INFO: Run Behavior\ParseTemplateBehavior [ RunTime:0.049434s ]
INFO: [ view_parse ] --END-- [ RunTime:0.049580s ]
INFO: [ view_filter ] --START--
INFO: Run Behavior\WriteHtmlCacheBehavior [ RunTime:0.000485s ]
INFO: [ view_filter ] --END-- [ RunTime:0.000563s ]
INFO: [ app_end ] --START--
INFO: Run Behavior\ShowPageTraceBehavior [ RunTime:0.000756s ]
INFO: [ app_end ] --END-- [ RunTime:0.000813s ]

[ 2015-02-08T13:26:51+08:00 ] 127.0.0.1 /Home/Topic/2
INFO: [ app_init ] --START--
INFO: Run Behavior\BuildLiteBehavior [ RunTime:0.000029s ]
INFO: [ app_init ] --END-- [ RunTime:0.000499s ]
INFO: [ app_begin ] --START--
INFO: Run Behavior\ReadHtmlCacheBehavior [ RunTime:0.000633s ]
INFO: [ app_begin ] --END-- [ RunTime:0.000719s ]
SQL: SHOW COLUMNS FROM `mgqa_topic` [ RunTime:0.040545s ]
SQL: SELECT `id` FROM `mgqa_topic` WHERE ( father_topic=2 )  [ RunTime:0.009564s ]
DEBUG: Array
(
    [0] => 3
    [1] => 2
)

SQL: SHOW COLUMNS FROM `mgqa_question` [ RunTime:0.033956s ]
SQL: SELECT * FROM `mgqa_question` WHERE ( `topic1` IN ('3','2') OR `topic2` IN ('3','2') OR `topic3` IN ('3','2') ) AND ( 1420781210 < unix_timestamp(time) ) ORDER BY id LIMIT 0,20   [ RunTime:0.115789s ]
SQL: SHOW COLUMNS FROM `mgqa_answer` [ RunTime:0.045592s ]
SQL: SELECT * FROM `mgqa_answer` WHERE ( question_id=10 ) ORDER BY agree desc LIMIT 1   [ RunTime:0.000427s ]
SQL: SELECT * FROM `mgqa_answer` WHERE ( question_id=11 ) ORDER BY agree desc LIMIT 1   [ RunTime:0.000311s ]
SQL: SHOW COLUMNS FROM `mgqa_topic` [ RunTime:0.015580s ]
SQL: SELECT * FROM `mgqa_topic` WHERE ( id=2 ) LIMIT 1   [ RunTime:0.009576s ]
SQL: SHOW COLUMNS FROM `mgqa_topic_follow` [ RunTime:0.017511s ]
SQL: SELECT COUNT(*) AS tp_count FROM `mgqa_topic_follow` WHERE ( username="SmileC" AND topic_id=2 ) LIMIT 1   [ RunTime:0.011335s ]
SQL: SELECT COUNT(*) AS tp_count FROM `mgqa_topic_follow` WHERE ( topic_id=2 ) LIMIT 1   [ RunTime:0.000222s ]
SQL: SELECT COUNT(*) AS tp_count FROM `mgqa_question` WHERE ( topic1=2 OR topic2=2 OR topic3=2 ) LIMIT 1   [ RunTime:0.000272s ]
INFO: [ view_parse ] --START--
INFO: [ template_filter ] --START--
INFO: Run Behavior\ContentReplaceBehavior [ RunTime:0.000094s ]
INFO: [ template_filter ] --END-- [ RunTime:0.000170s ]
SQL: SHOW COLUMNS FROM `mgqa_user_login` [ RunTime:0.006612s ]
SQL: SHOW COLUMNS FROM `mgqa_user_login` [ RunTime:0.005306s ]
SQL: SELECT * FROM `mgqa_user_login` WHERE ( username="SmileC" ) LIMIT 1   [ RunTime:0.000311s ]
NOTIC: [8] Undefined index: agree D:\php\Code\MoeGirl_Q-A\Application\Runtime\Cache\Home\55599bdc7636cddc314e30f87cab3d57.php 第 270 行.
NOTIC: [8] Undefined index: agree D:\php\Code\MoeGirl_Q-A\Application\Runtime\Cache\Home\55599bdc7636cddc314e30f87cab3d57.php 第 270 行.
INFO: Run Behavior\ParseTemplateBehavior [ RunTime:0.058862s ]
INFO: [ view_parse ] --END-- [ RunTime:0.058960s ]
INFO: [ view_filter ] --START--
INFO: Run Behavior\WriteHtmlCacheBehavior [ RunTime:0.000349s ]
INFO: [ view_filter ] --END-- [ RunTime:0.000419s ]
INFO: [ app_end ] --START--
INFO: Run Behavior\ShowPageTraceBehavior [ RunTime:0.000848s ]
INFO: [ app_end ] --END-- [ RunTime:0.001011s ]

[ 2015-02-08T13:27:04+08:00 ] 127.0.0.1 /Home/Topic/2/hot
INFO: [ app_init ] --START--
INFO: Run Behavior\BuildLiteBehavior [ RunTime:0.000017s ]
INFO: [ app_init ] --END-- [ RunTime:0.000351s ]
INFO: [ app_begin ] --START--
INFO: Run Behavior\ReadHtmlCacheBehavior [ RunTime:0.000524s ]
INFO: [ app_begin ] --END-- [ RunTime:0.000597s ]
SQL: SHOW COLUMNS FROM `mgqa_topic` [ RunTime:0.018544s ]
SQL: SELECT `id` FROM `mgqa_topic` WHERE ( father_topic=2 )  [ RunTime:0.000279s ]
DEBUG: Array
(
    [0] => 3
    [1] => 2
)

SQL: SHOW COLUMNS FROM `mgqa_question` [ RunTime:0.016389s ]
SQL: SELECT `id` FROM `mgqa_question` WHERE ( `topic1` IN ('3','2') OR `topic2` IN ('3','2') OR `topic3` IN ('3','2') ) ORDER BY id desc  [ RunTime:0.000265s ]
DEBUG: Array
(
    [0] => 11
    [1] => 10
)

SQL: SHOW COLUMNS FROM `mgqa_answer` [ RunTime:0.011556s ]
SQL: SELECT * FROM `mgqa_answer` WHERE `question_id` IN ('11','10') ORDER BY agree desc LIMIT 0,20   [ RunTime:0.000368s ]
SQL: SHOW COLUMNS FROM `mgqa_topic` [ RunTime:0.015302s ]
SQL: SELECT * FROM `mgqa_topic` WHERE ( id=2 ) LIMIT 1   [ RunTime:0.000258s ]
SQL: SHOW COLUMNS FROM `mgqa_topic_follow` [ RunTime:0.007712s ]
SQL: SELECT COUNT(*) AS tp_count FROM `mgqa_topic_follow` WHERE ( username="SmileC" AND topic_id=2 ) LIMIT 1   [ RunTime:0.000319s ]
SQL: SELECT COUNT(*) AS tp_count FROM `mgqa_topic_follow` WHERE ( topic_id=2 ) LIMIT 1   [ RunTime:0.000216s ]
SQL: SELECT COUNT(*) AS tp_count FROM `mgqa_question` WHERE ( topic1=2 OR topic2=2 OR topic3=2 ) LIMIT 1   [ RunTime:0.000199s ]
INFO: [ view_parse ] --START--
INFO: [ template_filter ] --START--
INFO: Run Behavior\ContentReplaceBehavior [ RunTime:0.000087s ]
INFO: [ template_filter ] --END-- [ RunTime:0.000164s ]
SQL: SHOW COLUMNS FROM `mgqa_user_login` [ RunTime:0.006479s ]
SQL: SHOW COLUMNS FROM `mgqa_user_login` [ RunTime:0.004960s ]
SQL: SELECT * FROM `mgqa_user_login` WHERE ( username="SmileC" ) LIMIT 1   [ RunTime:0.000268s ]
INFO: Run Behavior\ParseTemplateBehavior [ RunTime:0.043300s ]
INFO: [ view_parse ] --END-- [ RunTime:0.043392s ]
INFO: [ view_filter ] --START--
INFO: Run Behavior\WriteHtmlCacheBehavior [ RunTime:0.000446s ]
INFO: [ view_filter ] --END-- [ RunTime:0.000507s ]
INFO: [ app_end ] --START--
INFO: Run Behavior\ShowPageTraceBehavior [ RunTime:0.000575s ]
INFO: [ app_end ] --END-- [ RunTime:0.000637s ]

[ 2015-02-08T13:38:14+08:00 ] 127.0.0.1 /Home/Topic/2
INFO: [ app_init ] --START--
INFO: Run Behavior\BuildLiteBehavior [ RunTime:0.000026s ]
INFO: [ app_init ] --END-- [ RunTime:0.000547s ]
INFO: [ app_begin ] --START--
INFO: Run Behavior\ReadHtmlCacheBehavior [ RunTime:0.000942s ]
INFO: [ app_begin ] --END-- [ RunTime:0.001086s ]
SQL: SHOW COLUMNS FROM `mgqa_topic` [ RunTime:0.017358s ]
SQL: SELECT `id` FROM `mgqa_topic` WHERE ( father_topic=2 )  [ RunTime:0.000278s ]
DEBUG: Array
(
    [0] => 3
    [1] => 2
)

SQL: SHOW COLUMNS FROM `mgqa_question` [ RunTime:0.013534s ]
SQL: SELECT * FROM `mgqa_question` WHERE ( `topic1` IN ('3','2') OR `topic2` IN ('3','2') OR `topic3` IN ('3','2') ) AND ( 1420781894 < unix_timestamp(time) ) ORDER BY id LIMIT 0,20   [ RunTime:0.000392s ]
SQL: SHOW COLUMNS FROM `mgqa_answer` [ RunTime:0.011998s ]
SQL: SELECT * FROM `mgqa_answer` WHERE ( question_id=10 ) ORDER BY agree desc LIMIT 1   [ RunTime:0.000331s ]
SQL: SELECT * FROM `mgqa_answer` WHERE ( question_id=11 ) ORDER BY agree desc LIMIT 1   [ RunTime:0.000229s ]
SQL: SHOW COLUMNS FROM `mgqa_topic` [ RunTime:0.014916s ]
SQL: SELECT * FROM `mgqa_topic` WHERE ( id=2 ) LIMIT 1   [ RunTime:0.000283s ]
SQL: SHOW COLUMNS FROM `mgqa_topic_follow` [ RunTime:0.008699s ]
SQL: SELECT COUNT(*) AS tp_count FROM `mgqa_topic_follow` WHERE ( username="SmileC" AND topic_id=2 ) LIMIT 1   [ RunTime:0.000283s ]
SQL: SELECT COUNT(*) AS tp_count FROM `mgqa_topic_follow` WHERE ( topic_id=2 ) LIMIT 1   [ RunTime:0.000184s ]
SQL: SELECT COUNT(*) AS tp_count FROM `mgqa_question` WHERE ( topic1=2 OR topic2=2 OR topic3=2 ) LIMIT 1   [ RunTime:0.000205s ]
INFO: [ view_parse ] --START--
INFO: [ template_filter ] --START--
INFO: Run Behavior\ContentReplaceBehavior [ RunTime:0.000096s ]
INFO: [ template_filter ] --END-- [ RunTime:0.000172s ]
SQL: SHOW COLUMNS FROM `mgqa_user_login` [ RunTime:0.007110s ]
SQL: SHOW COLUMNS FROM `mgqa_user_login` [ RunTime:0.006069s ]
SQL: SELECT * FROM `mgqa_user_login` WHERE ( username="SmileC" ) LIMIT 1   [ RunTime:0.000297s ]
NOTIC: [8] Undefined index: agree D:\php\Code\MoeGirl_Q-A\Application\Runtime\Cache\Home\55599bdc7636cddc314e30f87cab3d57.php 第 270 行.
NOTIC: [8] Undefined index: agree D:\php\Code\MoeGirl_Q-A\Application\Runtime\Cache\Home\55599bdc7636cddc314e30f87cab3d57.php 第 270 行.
INFO: Run Behavior\ParseTemplateBehavior [ RunTime:0.049123s ]
INFO: [ view_parse ] --END-- [ RunTime:0.049211s ]
INFO: [ view_filter ] --START--
INFO: Run Behavior\WriteHtmlCacheBehavior [ RunTime:0.000390s ]
INFO: [ view_filter ] --END-- [ RunTime:0.000467s ]
INFO: [ app_end ] --START--
INFO: Run Behavior\ShowPageTraceBehavior [ RunTime:0.000969s ]
INFO: [ app_end ] --END-- [ RunTime:0.001121s ]

[ 2015-02-08T13:41:00+08:00 ] 127.0.0.1 /Home/Topic/2
INFO: [ app_init ] --START--
INFO: Run Behavior\BuildLiteBehavior [ RunTime:0.000020s ]
INFO: [ app_init ] --END-- [ RunTime:0.000680s ]
INFO: [ app_begin ] --START--
INFO: Run Behavior\ReadHtmlCacheBehavior [ RunTime:0.001093s ]
INFO: [ app_begin ] --END-- [ RunTime:0.001211s ]
SQL: SHOW COLUMNS FROM `mgqa_topic` [ RunTime:0.025773s ]
SQL: SELECT `id` FROM `mgqa_topic` WHERE ( father_topic=2 )  [ RunTime:0.000318s ]
DEBUG: Array
(
    [0] => 3
    [1] => 2
)

SQL: SHOW COLUMNS FROM `mgqa_question` [ RunTime:0.018136s ]
SQL: SELECT * FROM `mgqa_question` WHERE ( `topic1` IN ('3','2') OR `topic2` IN ('3','2') OR `topic3` IN ('3','2') ) AND ( 1420782060 < unix_timestamp(time) ) ORDER BY id LIMIT 0,20   [ RunTime:0.016591s ]
SQL: SHOW COLUMNS FROM `mgqa_answer` [ RunTime:0.015109s ]
SQL: SELECT * FROM `mgqa_answer` WHERE ( question_id=10 ) ORDER BY agree desc LIMIT 1   [ RunTime:0.000365s ]
SQL: SELECT * FROM `mgqa_answer` WHERE ( question_id=11 ) ORDER BY agree desc LIMIT 1   [ RunTime:0.000288s ]
SQL: SHOW COLUMNS FROM `mgqa_topic` [ RunTime:0.022846s ]
SQL: SELECT * FROM `mgqa_topic` WHERE ( id=2 ) LIMIT 1   [ RunTime:0.000364s ]
SQL: SHOW COLUMNS FROM `mgqa_topic_follow` [ RunTime:0.011234s ]
SQL: SELECT COUNT(*) AS tp_count FROM `mgqa_topic_follow` WHERE ( username="SmileC" AND topic_id=2 ) LIMIT 1   [ RunTime:0.000325s ]
SQL: SELECT COUNT(*) AS tp_count FROM `mgqa_topic_follow` WHERE ( topic_id=2 ) LIMIT 1   [ RunTime:0.000219s ]
SQL: SELECT COUNT(*) AS tp_count FROM `mgqa_question` WHERE ( topic1=2 OR topic2=2 OR topic3=2 ) LIMIT 1   [ RunTime:0.000211s ]
INFO: [ view_parse ] --START--
INFO: [ template_filter ] --START--
INFO: Run Behavior\ContentReplaceBehavior [ RunTime:0.000138s ]
INFO: [ template_filter ] --END-- [ RunTime:0.000246s ]
SQL: SHOW COLUMNS FROM `mgqa_user_login` [ RunTime:0.008002s ]
SQL: SHOW COLUMNS FROM `mgqa_user_login` [ RunTime:0.005502s ]
SQL: SELECT * FROM `mgqa_user_login` WHERE ( username="SmileC" ) LIMIT 1   [ RunTime:0.001044s ]
SQL: SELECT * FROM `mgqa_topic`  [ RunTime:0.000873s ]
NOTIC: [8] Undefined index: agree D:\php\Code\MoeGirl_Q-A\Application\Runtime\Cache\Home\55599bdc7636cddc314e30f87cab3d57.php 第 270 行.
NOTIC: [8] Undefined index: agree D:\php\Code\MoeGirl_Q-A\Application\Runtime\Cache\Home\55599bdc7636cddc314e30f87cab3d57.php 第 270 行.
INFO: Run Behavior\ParseTemplateBehavior [ RunTime:0.125757s ]
INFO: [ view_parse ] --END-- [ RunTime:0.125860s ]
INFO: [ view_filter ] --START--
INFO: Run Behavior\WriteHtmlCacheBehavior [ RunTime:0.000612s ]
INFO: [ view_filter ] --END-- [ RunTime:0.000703s ]
INFO: [ app_end ] --START--
INFO: Run Behavior\ShowPageTraceBehavior [ RunTime:0.001247s ]
INFO: [ app_end ] --END-- [ RunTime:0.001385s ]

[ 2015-02-08T13:41:05+08:00 ] 127.0.0.1 /index.php/Home/Question/get_comment.html?id=4&mode=answer
INFO: [ app_init ] --START--
INFO: Run Behavior\BuildLiteBehavior [ RunTime:0.000030s ]
INFO: [ app_init ] --END-- [ RunTime:0.000542s ]
INFO: [ app_begin ] --START--
INFO: Run Behavior\ReadHtmlCacheBehavior [ RunTime:0.000687s ]
INFO: [ app_begin ] --END-- [ RunTime:0.000810s ]
SQL: SHOW COLUMNS FROM `mgqa_comment` [ RunTime:0.082996s ]
SQL: SELECT * FROM `mgqa_comment` WHERE ( project_id=4 AND mode=1 ) ORDER BY id  [ RunTime:0.000439s ]
INFO: [ view_parse ] --START--
INFO: [ template_filter ] --START--
INFO: Run Behavior\ContentReplaceBehavior [ RunTime:0.000063s ]
INFO: [ template_filter ] --END-- [ RunTime:0.000167s ]
INFO: Run Behavior\ParseTemplateBehavior [ RunTime:0.014009s ]
INFO: [ view_parse ] --END-- [ RunTime:0.014130s ]
INFO: [ view_filter ] --START--
INFO: Run Behavior\WriteHtmlCacheBehavior [ RunTime:0.000340s ]
INFO: [ view_filter ] --END-- [ RunTime:0.000428s ]
INFO: [ app_end ] --START--
INFO: Run Behavior\ShowPageTraceBehavior [ RunTime:0.000596s ]
INFO: [ app_end ] --END-- [ RunTime:0.000665s ]

[ 2015-02-08T13:42:21+08:00 ] 127.0.0.1 /Home/Topic/2/hot
INFO: [ app_init ] --START--
INFO: Run Behavior\BuildLiteBehavior [ RunTime:0.000028s ]
INFO: [ app_init ] --END-- [ RunTime:0.000539s ]
INFO: [ app_begin ] --START--
INFO: Run Behavior\ReadHtmlCacheBehavior [ RunTime:0.000773s ]
INFO: [ app_begin ] --END-- [ RunTime:0.000880s ]
SQL: SHOW COLUMNS FROM `mgqa_topic` [ RunTime:0.021325s ]
SQL: SELECT `id` FROM `mgqa_topic` WHERE ( father_topic=2 )  [ RunTime:0.000256s ]
DEBUG: Array
(
    [0] => 3
    [1] => 2
)

SQL: SHOW COLUMNS FROM `mgqa_question` [ RunTime:0.016816s ]
SQL: SELECT `id` FROM `mgqa_question` WHERE ( `topic1` IN ('3','2') OR `topic2` IN ('3','2') OR `topic3` IN ('3','2') ) ORDER BY id desc  [ RunTime:0.000301s ]
DEBUG: Array
(
    [0] => 11
    [1] => 10
)

SQL: SHOW COLUMNS FROM `mgqa_answer` [ RunTime:0.013093s ]
SQL: SELECT * FROM `mgqa_answer` WHERE `question_id` IN ('11','10') ORDER BY agree desc LIMIT 0,20   [ RunTime:0.000373s ]
SQL: SHOW COLUMNS FROM `mgqa_topic` [ RunTime:0.018649s ]
SQL: SELECT * FROM `mgqa_topic` WHERE ( id=2 ) LIMIT 1   [ RunTime:0.000310s ]
SQL: SHOW COLUMNS FROM `mgqa_topic_follow` [ RunTime:0.010086s ]
SQL: SELECT COUNT(*) AS tp_count FROM `mgqa_topic_follow` WHERE ( username="SmileC" AND topic_id=2 ) LIMIT 1   [ RunTime:0.000353s ]
SQL: SELECT COUNT(*) AS tp_count FROM `mgqa_topic_follow` WHERE ( topic_id=2 ) LIMIT 1   [ RunTime:0.000259s ]
SQL: SELECT COUNT(*) AS tp_count FROM `mgqa_question` WHERE ( topic1=2 OR topic2=2 OR topic3=2 ) LIMIT 1   [ RunTime:0.000227s ]
INFO: [ view_parse ] --START--
INFO: [ template_filter ] --START--
INFO: Run Behavior\ContentReplaceBehavior [ RunTime:0.000152s ]
INFO: [ template_filter ] --END-- [ RunTime:0.000276s ]
SQL: SHOW COLUMNS FROM `mgqa_user_login` [ RunTime:0.009413s ]
SQL: SHOW COLUMNS FROM `mgqa_user_login` [ RunTime:0.007337s ]
SQL: SELECT * FROM `mgqa_user_login` WHERE ( username="SmileC" ) LIMIT 1   [ RunTime:0.000285s ]
INFO: Run Behavior\ParseTemplateBehavior [ RunTime:0.065103s ]
INFO: [ view_parse ] --END-- [ RunTime:0.065193s ]
INFO: [ view_filter ] --START--
INFO: Run Behavior\WriteHtmlCacheBehavior [ RunTime:0.000446s ]
INFO: [ view_filter ] --END-- [ RunTime:0.000507s ]
INFO: [ app_end ] --START--
INFO: Run Behavior\ShowPageTraceBehavior [ RunTime:0.000769s ]
INFO: [ app_end ] --END-- [ RunTime:0.000852s ]

[ 2015-02-08T13:42:43+08:00 ] 127.0.0.1 /Home/Topic/2/hot
INFO: [ app_init ] --START--
INFO: Run Behavior\BuildLiteBehavior [ RunTime:0.000027s ]
INFO: [ app_init ] --END-- [ RunTime:0.000529s ]
INFO: [ app_begin ] --START--
INFO: Run Behavior\ReadHtmlCacheBehavior [ RunTime:0.000574s ]
INFO: [ app_begin ] --END-- [ RunTime:0.000653s ]
SQL: SHOW COLUMNS FROM `mgqa_topic` [ RunTime:0.020724s ]
SQL: SELECT `id` FROM `mgqa_topic` WHERE ( father_topic=2 )  [ RunTime:0.000400s ]
DEBUG: Array
(
    [0] => 3
    [1] => 2
)

SQL: SHOW COLUMNS FROM `mgqa_question` [ RunTime:0.017116s ]
SQL: SELECT `id` FROM `mgqa_question` WHERE ( `topic1` IN ('3','2') OR `topic2` IN ('3','2') OR `topic3` IN ('3','2') ) ORDER BY id desc  [ RunTime:0.000323s ]
DEBUG: Array
(
    [0] => 11
    [1] => 10
)

SQL: SHOW COLUMNS FROM `mgqa_answer` [ RunTime:0.012586s ]
SQL: SELECT * FROM `mgqa_answer` WHERE `question_id` IN ('11','10') ORDER BY agree desc LIMIT 0,20   [ RunTime:0.000465s ]
SQL: SHOW COLUMNS FROM `mgqa_topic` [ RunTime:0.016638s ]
SQL: SELECT * FROM `mgqa_topic` WHERE ( id=2 ) LIMIT 1   [ RunTime:0.000309s ]
SQL: SHOW COLUMNS FROM `mgqa_topic_follow` [ RunTime:0.010812s ]
SQL: SELECT COUNT(*) AS tp_count FROM `mgqa_topic_follow` WHERE ( username="SmileC" AND topic_id=2 ) LIMIT 1   [ RunTime:0.000277s ]
SQL: SELECT COUNT(*) AS tp_count FROM `mgqa_topic_follow` WHERE ( topic_id=2 ) LIMIT 1   [ RunTime:0.000188s ]
SQL: SELECT COUNT(*) AS tp_count FROM `mgqa_question` WHERE ( topic1=2 OR topic2=2 OR topic3=2 ) LIMIT 1   [ RunTime:0.000191s ]
INFO: [ view_parse ] --START--
INFO: [ template_filter ] --START--
INFO: Run Behavior\ContentReplaceBehavior [ RunTime:0.000137s ]
INFO: [ template_filter ] --END-- [ RunTime:0.000239s ]
SQL: SHOW COLUMNS FROM `mgqa_user_login` [ RunTime:0.008292s ]
SQL: SHOW COLUMNS FROM `mgqa_user_login` [ RunTime:0.007306s ]
SQL: SELECT * FROM `mgqa_user_login` WHERE ( username="SmileC" ) LIMIT 1   [ RunTime:0.000282s ]
NOTIC: [8] Undefined index: title D:\php\Code\MoeGirl_Q-A\Application\Runtime\Cache\Home\55599bdc7636cddc314e30f87cab3d57.php 第 315 行.
NOTIC: [8] Undefined index: title D:\php\Code\MoeGirl_Q-A\Application\Runtime\Cache\Home\55599bdc7636cddc314e30f87cab3d57.php 第 315 行.
INFO: Run Behavior\ParseTemplateBehavior [ RunTime:0.058648s ]
INFO: [ view_parse ] --END-- [ RunTime:0.058765s ]
INFO: [ view_filter ] --START--
INFO: Run Behavior\WriteHtmlCacheBehavior [ RunTime:0.000681s ]
INFO: [ view_filter ] --END-- [ RunTime:0.000788s ]
INFO: [ app_end ] --START--
INFO: Run Behavior\ShowPageTraceBehavior [ RunTime:0.001061s ]
INFO: [ app_end ] --END-- [ RunTime:0.001214s ]

[ 2015-02-08T13:43:32+08:00 ] 127.0.0.1 /Home/Topic/2/hot
INFO: [ app_init ] --START--
INFO: Run Behavior\BuildLiteBehavior [ RunTime:0.000021s ]
INFO: [ app_init ] --END-- [ RunTime:0.000398s ]
INFO: [ app_begin ] --START--
INFO: Run Behavior\ReadHtmlCacheBehavior [ RunTime:0.000777s ]
INFO: [ app_begin ] --END-- [ RunTime:0.000868s ]
SQL: SHOW COLUMNS FROM `mgqa_topic` [ RunTime:0.021605s ]
SQL: SELECT `id` FROM `mgqa_topic` WHERE ( father_topic=2 )  [ RunTime:0.000314s ]
DEBUG: Array
(
    [0] => 3
    [1] => 2
)

SQL: SHOW COLUMNS FROM `mgqa_question` [ RunTime:0.020284s ]
SQL: SELECT `id` FROM `mgqa_question` WHERE ( `topic1` IN ('3','2') OR `topic2` IN ('3','2') OR `topic3` IN ('3','2') ) ORDER BY id desc  [ RunTime:0.000382s ]
DEBUG: Array
(
    [0] => 11
    [1] => 10
)

SQL: SHOW COLUMNS FROM `mgqa_answer` [ RunTime:0.018873s ]
SQL: SELECT * FROM `mgqa_answer` WHERE `question_id` IN ('11','10') ORDER BY agree desc LIMIT 0,20   [ RunTime:0.000433s ]
SQL: SHOW COLUMNS FROM `mgqa_topic` [ RunTime:0.028004s ]
SQL: SELECT * FROM `mgqa_topic` WHERE ( id=2 ) LIMIT 1   [ RunTime:0.000581s ]
SQL: SHOW COLUMNS FROM `mgqa_topic_follow` [ RunTime:0.012751s ]
SQL: SELECT COUNT(*) AS tp_count FROM `mgqa_topic_follow` WHERE ( username="SmileC" AND topic_id=2 ) LIMIT 1   [ RunTime:0.000297s ]
SQL: SELECT COUNT(*) AS tp_count FROM `mgqa_topic_follow` WHERE ( topic_id=2 ) LIMIT 1   [ RunTime:0.000208s ]
SQL: SELECT COUNT(*) AS tp_count FROM `mgqa_question` WHERE ( topic1=2 OR topic2=2 OR topic3=2 ) LIMIT 1   [ RunTime:0.000216s ]
INFO: [ view_parse ] --START--
INFO: [ template_filter ] --START--
INFO: Run Behavior\ContentReplaceBehavior [ RunTime:0.000109s ]
INFO: [ template_filter ] --END-- [ RunTime:0.000220s ]
SQL: SHOW COLUMNS FROM `mgqa_user_login` [ RunTime:0.008933s ]
SQL: SHOW COLUMNS FROM `mgqa_user_login` [ RunTime:0.006127s ]
SQL: SELECT * FROM `mgqa_user_login` WHERE ( username="SmileC" ) LIMIT 1   [ RunTime:0.000332s ]
SQL: SELECT * FROM `mgqa_question` WHERE ( id=10 ) LIMIT 1   [ RunTime:0.000363s ]
SQL: SELECT * FROM `mgqa_question` WHERE ( id=11 ) LIMIT 1   [ RunTime:0.000268s ]
INFO: Run Behavior\ParseTemplateBehavior [ RunTime:0.097688s ]
INFO: [ view_parse ] --END-- [ RunTime:0.097793s ]
INFO: [ view_filter ] --START--
INFO: Run Behavior\WriteHtmlCacheBehavior [ RunTime:0.000609s ]
INFO: [ view_filter ] --END-- [ RunTime:0.000716s ]
INFO: [ app_end ] --START--
INFO: Run Behavior\ShowPageTraceBehavior [ RunTime:0.001063s ]
INFO: [ app_end ] --END-- [ RunTime:0.001213s ]

[ 2015-02-08T13:43:37+08:00 ] 127.0.0.1 /index.php/Home/Question/get_comment.html?id=4&mode=answer
INFO: [ app_init ] --START--
INFO: Run Behavior\BuildLiteBehavior [ RunTime:0.000037s ]
INFO: [ app_init ] --END-- [ RunTime:0.000650s ]
INFO: [ app_begin ] --START--
INFO: Run Behavior\ReadHtmlCacheBehavior [ RunTime:0.001060s ]
INFO: [ app_begin ] --END-- [ RunTime:0.001205s ]
SQL: SHOW COLUMNS FROM `mgqa_comment` [ RunTime:0.017664s ]
SQL: SELECT * FROM `mgqa_comment` WHERE ( project_id=4 AND mode=1 ) ORDER BY id  [ RunTime:0.000504s ]
INFO: [ view_parse ] --START--
INFO: [ template_filter ] --START--
INFO: Run Behavior\ContentReplaceBehavior [ RunTime:0.000070s ]
INFO: [ template_filter ] --END-- [ RunTime:0.000180s ]
INFO: Run Behavior\ParseTemplateBehavior [ RunTime:0.009511s ]
INFO: [ view_parse ] --END-- [ RunTime:0.009625s ]
INFO: [ view_filter ] --START--
INFO: Run Behavior\WriteHtmlCacheBehavior [ RunTime:0.000374s ]
INFO: [ view_filter ] --END-- [ RunTime:0.000437s ]
INFO: [ app_end ] --START--
INFO: Run Behavior\ShowPageTraceBehavior [ RunTime:0.000625s ]
INFO: [ app_end ] --END-- [ RunTime:0.000686s ]

[ 2015-02-08T13:43:39+08:00 ] 127.0.0.1 /index.php/Home/Question/get_comment.html?id=4&mode=answer
INFO: [ app_init ] --START--
INFO: Run Behavior\BuildLiteBehavior [ RunTime:0.000020s ]
INFO: [ app_init ] --END-- [ RunTime:0.000349s ]
INFO: [ app_begin ] --START--
INFO: Run Behavior\ReadHtmlCacheBehavior [ RunTime:0.000469s ]
INFO: [ app_begin ] --END-- [ RunTime:0.000538s ]
SQL: SHOW COLUMNS FROM `mgqa_comment` [ RunTime:0.015147s ]
SQL: SELECT * FROM `mgqa_comment` WHERE ( project_id=4 AND mode=1 ) ORDER BY id  [ RunTime:0.000394s ]
INFO: [ view_parse ] --START--
INFO: [ template_filter ] --START--
INFO: Run Behavior\ContentReplaceBehavior [ RunTime:0.000046s ]
INFO: [ template_filter ] --END-- [ RunTime:0.000124s ]
INFO: Run Behavior\ParseTemplateBehavior [ RunTime:0.008397s ]
INFO: [ view_parse ] --END-- [ RunTime:0.008523s ]
INFO: [ view_filter ] --START--
INFO: Run Behavior\WriteHtmlCacheBehavior [ RunTime:0.000421s ]
INFO: [ view_filter ] --END-- [ RunTime:0.000521s ]
INFO: [ app_end ] --START--
INFO: Run Behavior\ShowPageTraceBehavior [ RunTime:0.000835s ]
INFO: [ app_end ] --END-- [ RunTime:0.000961s ]

[ 2015-02-08T13:44:30+08:00 ] 127.0.0.1 /Home/Topic/2/hot
INFO: [ app_init ] --START--
INFO: Run Behavior\BuildLiteBehavior [ RunTime:0.000026s ]
INFO: [ app_init ] --END-- [ RunTime:0.000497s ]
INFO: [ app_begin ] --START--
INFO: Run Behavior\ReadHtmlCacheBehavior [ RunTime:0.000634s ]
INFO: [ app_begin ] --END-- [ RunTime:0.000740s ]
SQL: SHOW COLUMNS FROM `mgqa_topic` [ RunTime:0.021064s ]
SQL: SELECT `id` FROM `mgqa_topic` WHERE ( father_topic=2 )  [ RunTime:0.000251s ]
DEBUG: Array
(
    [0] => 3
    [1] => 2
)

SQL: SHOW COLUMNS FROM `mgqa_question` [ RunTime:0.020202s ]
SQL: SELECT `id` FROM `mgqa_question` WHERE ( `topic1` IN ('3','2') OR `topic2` IN ('3','2') OR `topic3` IN ('3','2') ) ORDER BY id desc  [ RunTime:0.000356s ]
DEBUG: Array
(
    [0] => 11
    [1] => 10
)

SQL: SHOW COLUMNS FROM `mgqa_answer` [ RunTime:0.015171s ]
SQL: SELECT * FROM `mgqa_answer` WHERE `question_id` IN ('11','10') ORDER BY agree desc LIMIT 0,20   [ RunTime:0.000331s ]
SQL: SHOW COLUMNS FROM `mgqa_topic` [ RunTime:0.025316s ]
SQL: SELECT * FROM `mgqa_topic` WHERE ( id=2 ) LIMIT 1   [ RunTime:0.000447s ]
SQL: SHOW COLUMNS FROM `mgqa_topic_follow` [ RunTime:0.014928s ]
SQL: SELECT COUNT(*) AS tp_count FROM `mgqa_topic_follow` WHERE ( username="SmileC" AND topic_id=2 ) LIMIT 1   [ RunTime:0.000269s ]
SQL: SELECT COUNT(*) AS tp_count FROM `mgqa_topic_follow` WHERE ( topic_id=2 ) LIMIT 1   [ RunTime:0.000143s ]
SQL: SELECT COUNT(*) AS tp_count FROM `mgqa_question` WHERE ( topic1=2 OR topic2=2 OR topic3=2 ) LIMIT 1   [ RunTime:0.000176s ]
INFO: [ view_parse ] --START--
INFO: [ template_filter ] --START--
INFO: Run Behavior\ContentReplaceBehavior [ RunTime:0.000134s ]
INFO: [ template_filter ] --END-- [ RunTime:0.000288s ]
SQL: SHOW COLUMNS FROM `mgqa_user_login` [ RunTime:0.009048s ]
SQL: SHOW COLUMNS FROM `mgqa_user_login` [ RunTime:0.006462s ]
SQL: SELECT * FROM `mgqa_user_login` WHERE ( username="SmileC" ) LIMIT 1   [ RunTime:0.000344s ]
SQL: SELECT * FROM `mgqa_question` WHERE ( id=10 ) LIMIT 1   [ RunTime:0.000452s ]
SQL: SELECT * FROM `mgqa_question` WHERE ( id=11 ) LIMIT 1   [ RunTime:0.000384s ]
INFO: Run Behavior\ParseTemplateBehavior [ RunTime:0.080033s ]
INFO: [ view_parse ] --END-- [ RunTime:0.080162s ]
INFO: [ view_filter ] --START--
INFO: Run Behavior\WriteHtmlCacheBehavior [ RunTime:0.000393s ]
INFO: [ view_filter ] --END-- [ RunTime:0.000477s ]
INFO: [ app_end ] --START--
INFO: Run Behavior\ShowPageTraceBehavior [ RunTime:0.000944s ]
INFO: [ app_end ] --END-- [ RunTime:0.001080s ]

[ 2015-02-08T13:57:35+08:00 ] 127.0.0.1 /index.php/Home/Question/4
INFO: [ app_init ] --START--
INFO: Run Behavior\BuildLiteBehavior [ RunTime:0.000022s ]
INFO: [ app_init ] --END-- [ RunTime:0.000424s ]
INFO: [ app_begin ] --START--
INFO: Run Behavior\ReadHtmlCacheBehavior [ RunTime:0.000546s ]
INFO: [ app_begin ] --END-- [ RunTime:0.000622s ]
SQL: SHOW COLUMNS FROM `mgqa_question` [ RunTime:0.017178s ]
SQL: SELECT * FROM `mgqa_question` WHERE ( id=4 ) LIMIT 1   [ RunTime:0.000328s ]
SQL: SHOW COLUMNS FROM `mgqa_answer` [ RunTime:0.011842s ]
SQL: SELECT COUNT(*) AS tp_count FROM `mgqa_answer` WHERE ( question_id=4 ) LIMIT 1   [ RunTime:0.025762s ]
SQL: SHOW COLUMNS FROM `mgqa_question_user_status` [ RunTime:0.048621s ]
SQL: SELECT * FROM `mgqa_question_user_status` WHERE ( username="SmileC" AND question_id=4 ) LIMIT 1   [ RunTime:0.000300s ]
SQL: SELECT * FROM `mgqa_answer` WHERE ( username="SmileC" AND question_id=4 ) LIMIT 1   [ RunTime:0.000268s ]
SQL: SELECT * FROM `mgqa_answer` WHERE ( question_id=4 )  [ RunTime:0.000226s ]
INFO: [ view_parse ] --START--
INFO: [ template_filter ] --START--
INFO: Run Behavior\ContentReplaceBehavior [ RunTime:0.000092s ]
INFO: [ template_filter ] --END-- [ RunTime:0.000202s ]
SQL: SHOW COLUMNS FROM `mgqa_user_login` [ RunTime:0.006901s ]
SQL: SHOW COLUMNS FROM `mgqa_user_login` [ RunTime:0.005655s ]
SQL: SELECT * FROM `mgqa_user_login` WHERE ( username="SmileC" ) LIMIT 1   [ RunTime:0.000339s ]
NOTIC: [8] Undefined index: title D:\php\Code\MoeGirl_Q-A\Application\Runtime\Cache\Home\93ef6f4e0883454498eb7273983f50b5.php 第 251 行.
NOTIC: [8] Undefined index: title D:\php\Code\MoeGirl_Q-A\Application\Runtime\Cache\Home\93ef6f4e0883454498eb7273983f50b5.php 第 257 行.
NOTIC: [8] Undefined index: id D:\php\Code\MoeGirl_Q-A\Application\Runtime\Cache\Home\93ef6f4e0883454498eb7273983f50b5.php 第 258 行.
NOTIC: [8] Undefined index: id D:\php\Code\MoeGirl_Q-A\Application\Runtime\Cache\Home\93ef6f4e0883454498eb7273983f50b5.php 第 264 行.
NOTIC: [8] Undefined index: time D:\php\Code\MoeGirl_Q-A\Application\Runtime\Cache\Home\93ef6f4e0883454498eb7273983f50b5.php 第 265 行.
NOTIC: [8] Undefined index: id D:\php\Code\MoeGirl_Q-A\Application\Runtime\Cache\Home\93ef6f4e0883454498eb7273983f50b5.php 第 298 行.
NOTIC: [8] Undefined index: id D:\php\Code\MoeGirl_Q-A\Application\Runtime\Cache\Home\93ef6f4e0883454498eb7273983f50b5.php 第 304 行.
NOTIC: [8] Undefined index: id D:\php\Code\MoeGirl_Q-A\Application\Runtime\Cache\Home\93ef6f4e0883454498eb7273983f50b5.php 第 305 行.
NOTIC: [8] Undefined index: anonymous D:\php\Code\MoeGirl_Q-A\Application\Runtime\Cache\Home\93ef6f4e0883454498eb7273983f50b5.php 第 307 行.
NOTIC: [8] Undefined index: username D:\php\Code\MoeGirl_Q-A\Application\Runtime\Cache\Home\93ef6f4e0883454498eb7273983f50b5.php 第 307 行.
INFO: Run Behavior\ParseTemplateBehavior [ RunTime:0.053224s ]
INFO: [ view_parse ] --END-- [ RunTime:0.053311s ]
INFO: [ view_filter ] --START--
INFO: Run Behavior\WriteHtmlCacheBehavior [ RunTime:0.000411s ]
INFO: [ view_filter ] --END-- [ RunTime:0.000468s ]
INFO: [ app_end ] --START--
INFO: Run Behavior\ShowPageTraceBehavior [ RunTime:0.000968s ]
INFO: [ app_end ] --END-- [ RunTime:0.001108s ]

[ 2015-02-08T13:57:46+08:00 ] 127.0.0.1 /index.php/Home/Question/5
INFO: [ app_init ] --START--
INFO: Run Behavior\BuildLiteBehavior [ RunTime:0.000030s ]
INFO: [ app_init ] --END-- [ RunTime:0.000534s ]
INFO: [ app_begin ] --START--
INFO: Run Behavior\ReadHtmlCacheBehavior [ RunTime:0.000658s ]
INFO: [ app_begin ] --END-- [ RunTime:0.000744s ]
SQL: SHOW COLUMNS FROM `mgqa_question` [ RunTime:0.019409s ]
SQL: SELECT * FROM `mgqa_question` WHERE ( id=5 ) LIMIT 1   [ RunTime:0.000348s ]
SQL: SHOW COLUMNS FROM `mgqa_answer` [ RunTime:0.014424s ]
SQL: SELECT COUNT(*) AS tp_count FROM `mgqa_answer` WHERE ( question_id=5 ) LIMIT 1   [ RunTime:0.000293s ]
SQL: SHOW COLUMNS FROM `mgqa_question_user_status` [ RunTime:0.007927s ]
SQL: SELECT * FROM `mgqa_question_user_status` WHERE ( username="SmileC" AND question_id=5 ) LIMIT 1   [ RunTime:0.000311s ]
SQL: SELECT * FROM `mgqa_answer` WHERE ( username="SmileC" AND question_id=5 ) LIMIT 1   [ RunTime:0.000254s ]
SQL: SELECT * FROM `mgqa_answer` WHERE ( question_id=5 )  [ RunTime:0.000200s ]
INFO: [ view_parse ] --START--
INFO: [ template_filter ] --START--
INFO: Run Behavior\ContentReplaceBehavior [ RunTime:0.000115s ]
INFO: [ template_filter ] --END-- [ RunTime:0.000235s ]
SQL: SHOW COLUMNS FROM `mgqa_user_login` [ RunTime:0.007838s ]
SQL: SHOW COLUMNS FROM `mgqa_user_login` [ RunTime:0.005766s ]
SQL: SELECT * FROM `mgqa_user_login` WHERE ( username="SmileC" ) LIMIT 1   [ RunTime:0.000268s ]
NOTIC: [8] Undefined index: title D:\php\Code\MoeGirl_Q-A\Application\Runtime\Cache\Home\93ef6f4e0883454498eb7273983f50b5.php 第 251 行.
NOTIC: [8] Undefined index: title D:\php\Code\MoeGirl_Q-A\Application\Runtime\Cache\Home\93ef6f4e0883454498eb7273983f50b5.php 第 257 行.
NOTIC: [8] Undefined index: id D:\php\Code\MoeGirl_Q-A\Application\Runtime\Cache\Home\93ef6f4e0883454498eb7273983f50b5.php 第 258 行.
NOTIC: [8] Undefined index: id D:\php\Code\MoeGirl_Q-A\Application\Runtime\Cache\Home\93ef6f4e0883454498eb7273983f50b5.php 第 264 行.
NOTIC: [8] Undefined index: time D:\php\Code\MoeGirl_Q-A\Application\Runtime\Cache\Home\93ef6f4e0883454498eb7273983f50b5.php 第 265 行.
NOTIC: [8] Undefined index: id D:\php\Code\MoeGirl_Q-A\Application\Runtime\Cache\Home\93ef6f4e0883454498eb7273983f50b5.php 第 293 行.
NOTIC: [8] Use of undefined constant my_answer - assumed 'my_answer' D:\php\Code\MoeGirl_Q-A\Application\Runtime\Cache\Home\93ef6f4e0883454498eb7273983f50b5.php 第 293 行.
NOTIC: [8] Undefined index: id D:\php\Code\MoeGirl_Q-A\Application\Runtime\Cache\Home\93ef6f4e0883454498eb7273983f50b5.php 第 304 行.
NOTIC: [8] Undefined index: id D:\php\Code\MoeGirl_Q-A\Application\Runtime\Cache\Home\93ef6f4e0883454498eb7273983f50b5.php 第 305 行.
NOTIC: [8] Undefined index: anonymous D:\php\Code\MoeGirl_Q-A\Application\Runtime\Cache\Home\93ef6f4e0883454498eb7273983f50b5.php 第 307 行.
NOTIC: [8] Undefined index: username D:\php\Code\MoeGirl_Q-A\Application\Runtime\Cache\Home\93ef6f4e0883454498eb7273983f50b5.php 第 307 行.
INFO: Run Behavior\ParseTemplateBehavior [ RunTime:0.061475s ]
INFO: [ view_parse ] --END-- [ RunTime:0.061592s ]
INFO: [ view_filter ] --START--
INFO: Run Behavior\WriteHtmlCacheBehavior [ RunTime:0.000515s ]
INFO: [ view_filter ] --END-- [ RunTime:0.000596s ]
INFO: [ app_end ] --START--
INFO: Run Behavior\ShowPageTraceBehavior [ RunTime:0.000949s ]
INFO: [ app_end ] --END-- [ RunTime:0.001080s ]

[ 2015-02-08T13:57:51+08:00 ] 127.0.0.1 /Home/Topic/2/hot
INFO: [ app_init ] --START--
INFO: Run Behavior\BuildLiteBehavior [ RunTime:0.000015s ]
INFO: [ app_init ] --END-- [ RunTime:0.000337s ]
INFO: [ app_begin ] --START--
INFO: Run Behavior\ReadHtmlCacheBehavior [ RunTime:0.000424s ]
INFO: [ app_begin ] --END-- [ RunTime:0.000484s ]
SQL: SHOW COLUMNS FROM `mgqa_topic` [ RunTime:0.017449s ]
SQL: SELECT `id` FROM `mgqa_topic` WHERE ( father_topic=2 )  [ RunTime:0.000290s ]
DEBUG: Array
(
    [0] => 3
    [1] => 2
)

SQL: SHOW COLUMNS FROM `mgqa_question` [ RunTime:0.013839s ]
SQL: SELECT `id` FROM `mgqa_question` WHERE ( `topic1` IN ('3','2') OR `topic2` IN ('3','2') OR `topic3` IN ('3','2') ) ORDER BY id desc  [ RunTime:0.000360s ]
DEBUG: Array
(
    [0] => 11
    [1] => 10
)

SQL: SHOW COLUMNS FROM `mgqa_answer` [ RunTime:0.011371s ]
SQL: SELECT * FROM `mgqa_answer` WHERE `question_id` IN ('11','10') ORDER BY agree desc LIMIT 0,20   [ RunTime:0.000397s ]
SQL: SHOW COLUMNS FROM `mgqa_topic` [ RunTime:0.015626s ]
SQL: SELECT * FROM `mgqa_topic` WHERE ( id=2 ) LIMIT 1   [ RunTime:0.000298s ]
SQL: SHOW COLUMNS FROM `mgqa_topic_follow` [ RunTime:0.009224s ]
SQL: SELECT COUNT(*) AS tp_count FROM `mgqa_topic_follow` WHERE ( username="SmileC" AND topic_id=2 ) LIMIT 1   [ RunTime:0.000296s ]
SQL: SELECT COUNT(*) AS tp_count FROM `mgqa_topic_follow` WHERE ( topic_id=2 ) LIMIT 1   [ RunTime:0.000194s ]
SQL: SELECT COUNT(*) AS tp_count FROM `mgqa_question` WHERE ( topic1=2 OR topic2=2 OR topic3=2 ) LIMIT 1   [ RunTime:0.000198s ]
INFO: [ view_parse ] --START--
INFO: [ template_filter ] --START--
INFO: Run Behavior\ContentReplaceBehavior [ RunTime:0.000095s ]
INFO: [ template_filter ] --END-- [ RunTime:0.000177s ]
SQL: SHOW COLUMNS FROM `mgqa_user_login` [ RunTime:0.007099s ]
SQL: SHOW COLUMNS FROM `mgqa_user_login` [ RunTime:0.005090s ]
SQL: SELECT * FROM `mgqa_user_login` WHERE ( username="SmileC" ) LIMIT 1   [ RunTime:0.000289s ]
SQL: SELECT * FROM `mgqa_question` WHERE ( id=10 ) LIMIT 1   [ RunTime:0.000308s ]
SQL: SELECT * FROM `mgqa_question` WHERE ( id=11 ) LIMIT 1   [ RunTime:0.000231s ]
INFO: Run Behavior\ParseTemplateBehavior [ RunTime:0.050177s ]
INFO: [ view_parse ] --END-- [ RunTime:0.050255s ]
INFO: [ view_filter ] --START--
INFO: Run Behavior\WriteHtmlCacheBehavior [ RunTime:0.000397s ]
INFO: [ view_filter ] --END-- [ RunTime:0.000456s ]
INFO: [ app_end ] --START--
INFO: Run Behavior\ShowPageTraceBehavior [ RunTime:0.000686s ]
INFO: [ app_end ] --END-- [ RunTime:0.000803s ]

[ 2015-02-08T13:58:01+08:00 ] 127.0.0.1 /index.php/Home/Question/5
INFO: [ app_init ] --START--
INFO: Run Behavior\BuildLiteBehavior [ RunTime:0.000019s ]
INFO: [ app_init ] --END-- [ RunTime:0.000377s ]
INFO: [ app_begin ] --START--
INFO: Run Behavior\ReadHtmlCacheBehavior [ RunTime:0.000535s ]
INFO: [ app_begin ] --END-- [ RunTime:0.000610s ]
SQL: SHOW COLUMNS FROM `mgqa_question` [ RunTime:0.015821s ]
SQL: SELECT * FROM `mgqa_question` WHERE ( id=5 ) LIMIT 1   [ RunTime:0.000276s ]
SQL: SHOW COLUMNS FROM `mgqa_answer` [ RunTime:0.011951s ]
SQL: SELECT COUNT(*) AS tp_count FROM `mgqa_answer` WHERE ( question_id=5 ) LIMIT 1   [ RunTime:0.000302s ]
SQL: SHOW COLUMNS FROM `mgqa_question_user_status` [ RunTime:0.007244s ]
SQL: SELECT * FROM `mgqa_question_user_status` WHERE ( username="SmileC" AND question_id=5 ) LIMIT 1   [ RunTime:0.000359s ]
SQL: SELECT * FROM `mgqa_answer` WHERE ( username="SmileC" AND question_id=5 ) LIMIT 1   [ RunTime:0.000281s ]
SQL: SELECT * FROM `mgqa_answer` WHERE ( question_id=5 )  [ RunTime:0.000324s ]
INFO: [ view_parse ] --START--
INFO: [ template_filter ] --START--
INFO: Run Behavior\ContentReplaceBehavior [ RunTime:0.000100s ]
INFO: [ template_filter ] --END-- [ RunTime:0.000221s ]
SQL: SHOW COLUMNS FROM `mgqa_user_login` [ RunTime:0.006535s ]
SQL: SHOW COLUMNS FROM `mgqa_user_login` [ RunTime:0.005581s ]
SQL: SELECT * FROM `mgqa_user_login` WHERE ( username="SmileC" ) LIMIT 1   [ RunTime:0.000259s ]
NOTIC: [8] Undefined index: title D:\php\Code\MoeGirl_Q-A\Application\Runtime\Cache\Home\93ef6f4e0883454498eb7273983f50b5.php 第 251 行.
NOTIC: [8] Undefined index: title D:\php\Code\MoeGirl_Q-A\Application\Runtime\Cache\Home\93ef6f4e0883454498eb7273983f50b5.php 第 257 行.
NOTIC: [8] Undefined index: id D:\php\Code\MoeGirl_Q-A\Application\Runtime\Cache\Home\93ef6f4e0883454498eb7273983f50b5.php 第 258 行.
NOTIC: [8] Undefined index: id D:\php\Code\MoeGirl_Q-A\Application\Runtime\Cache\Home\93ef6f4e0883454498eb7273983f50b5.php 第 264 行.
NOTIC: [8] Undefined index: time D:\php\Code\MoeGirl_Q-A\Application\Runtime\Cache\Home\93ef6f4e0883454498eb7273983f50b5.php 第 265 行.
NOTIC: [8] Undefined index: id D:\php\Code\MoeGirl_Q-A\Application\Runtime\Cache\Home\93ef6f4e0883454498eb7273983f50b5.php 第 293 行.
NOTIC: [8] Use of undefined constant my_answer - assumed 'my_answer' D:\php\Code\MoeGirl_Q-A\Application\Runtime\Cache\Home\93ef6f4e0883454498eb7273983f50b5.php 第 293 行.
NOTIC: [8] Undefined index: id D:\php\Code\MoeGirl_Q-A\Application\Runtime\Cache\Home\93ef6f4e0883454498eb7273983f50b5.php 第 304 行.
NOTIC: [8] Undefined index: id D:\php\Code\MoeGirl_Q-A\Application\Runtime\Cache\Home\93ef6f4e0883454498eb7273983f50b5.php 第 305 行.
NOTIC: [8] Undefined index: anonymous D:\php\Code\MoeGirl_Q-A\Application\Runtime\Cache\Home\93ef6f4e0883454498eb7273983f50b5.php 第 307 行.
NOTIC: [8] Undefined index: username D:\php\Code\MoeGirl_Q-A\Application\Runtime\Cache\Home\93ef6f4e0883454498eb7273983f50b5.php 第 307 行.
INFO: Run Behavior\ParseTemplateBehavior [ RunTime:0.047154s ]
INFO: [ view_parse ] --END-- [ RunTime:0.047242s ]
INFO: [ view_filter ] --START--
INFO: Run Behavior\WriteHtmlCacheBehavior [ RunTime:0.000420s ]
INFO: [ view_filter ] --END-- [ RunTime:0.000479s ]
INFO: [ app_end ] --START--
INFO: Run Behavior\ShowPageTraceBehavior [ RunTime:0.001377s ]
INFO: [ app_end ] --END-- [ RunTime:0.001567s ]

[ 2015-02-08T13:58:10+08:00 ] 127.0.0.1 /Home/Topic/2/hot
INFO: [ app_init ] --START--
INFO: Run Behavior\BuildLiteBehavior [ RunTime:0.000025s ]
INFO: [ app_init ] --END-- [ RunTime:0.000337s ]
INFO: [ app_begin ] --START--
INFO: Run Behavior\ReadHtmlCacheBehavior [ RunTime:0.000444s ]
INFO: [ app_begin ] --END-- [ RunTime:0.000504s ]
SQL: SHOW COLUMNS FROM `mgqa_topic` [ RunTime:0.018226s ]
SQL: SELECT `id` FROM `mgqa_topic` WHERE ( father_topic=2 )  [ RunTime:0.000271s ]
DEBUG: Array
(
    [0] => 3
    [1] => 2
)

SQL: SHOW COLUMNS FROM `mgqa_question` [ RunTime:0.014285s ]
SQL: SELECT `id` FROM `mgqa_question` WHERE ( `topic1` IN ('3','2') OR `topic2` IN ('3','2') OR `topic3` IN ('3','2') ) ORDER BY id desc  [ RunTime:0.000304s ]
DEBUG: Array
(
    [0] => 11
    [1] => 10
)

SQL: SHOW COLUMNS FROM `mgqa_answer` [ RunTime:0.011655s ]
SQL: SELECT * FROM `mgqa_answer` WHERE `question_id` IN ('11','10') ORDER BY agree desc LIMIT 0,20   [ RunTime:0.000353s ]
SQL: SHOW COLUMNS FROM `mgqa_topic` [ RunTime:0.020028s ]
SQL: SELECT * FROM `mgqa_topic` WHERE ( id=2 ) LIMIT 1   [ RunTime:0.000375s ]
SQL: SHOW COLUMNS FROM `mgqa_topic_follow` [ RunTime:0.009457s ]
SQL: SELECT COUNT(*) AS tp_count FROM `mgqa_topic_follow` WHERE ( username="SmileC" AND topic_id=2 ) LIMIT 1   [ RunTime:0.000283s ]
SQL: SELECT COUNT(*) AS tp_count FROM `mgqa_topic_follow` WHERE ( topic_id=2 ) LIMIT 1   [ RunTime:0.000204s ]
SQL: SELECT COUNT(*) AS tp_count FROM `mgqa_question` WHERE ( topic1=2 OR topic2=2 OR topic3=2 ) LIMIT 1   [ RunTime:0.000198s ]
INFO: [ view_parse ] --START--
INFO: [ template_filter ] --START--
INFO: Run Behavior\ContentReplaceBehavior [ RunTime:0.000142s ]
INFO: [ template_filter ] --END-- [ RunTime:0.000262s ]
SQL: SHOW COLUMNS FROM `mgqa_user_login` [ RunTime:0.006463s ]
SQL: SHOW COLUMNS FROM `mgqa_user_login` [ RunTime:0.006066s ]
SQL: SELECT * FROM `mgqa_user_login` WHERE ( username="SmileC" ) LIMIT 1   [ RunTime:0.000270s ]
SQL: SELECT * FROM `mgqa_question` WHERE ( id=10 ) LIMIT 1   [ RunTime:0.000256s ]
SQL: SELECT * FROM `mgqa_question` WHERE ( id=11 ) LIMIT 1   [ RunTime:0.000206s ]
INFO: Run Behavior\ParseTemplateBehavior [ RunTime:0.059262s ]
INFO: [ view_parse ] --END-- [ RunTime:0.059349s ]
INFO: [ view_filter ] --START--
INFO: Run Behavior\WriteHtmlCacheBehavior [ RunTime:0.000333s ]
INFO: [ view_filter ] --END-- [ RunTime:0.000391s ]
INFO: [ app_end ] --START--
INFO: Run Behavior\ShowPageTraceBehavior [ RunTime:0.000827s ]
INFO: [ app_end ] --END-- [ RunTime:0.000953s ]

[ 2015-02-08T16:32:53+08:00 ] 192.168.1.107 /
INFO: [ app_init ] --START--
INFO: Run Behavior\BuildLiteBehavior [ RunTime:0.000029s ]
INFO: [ app_init ] --END-- [ RunTime:0.000602s ]
INFO: [ app_begin ] --START--
INFO: Run Behavior\ReadHtmlCacheBehavior [ RunTime:0.000733s ]
INFO: [ app_begin ] --END-- [ RunTime:0.000804s ]
INFO: [ view_parse ] --START--
INFO: [ template_filter ] --START--
INFO: Run Behavior\ContentReplaceBehavior [ RunTime:0.000069s ]
INFO: [ template_filter ] --END-- [ RunTime:0.000137s ]
SQL: SHOW COLUMNS FROM `mgqa_user_login` [ RunTime:0.049553s ]
NOTIC: [8] Undefined index: HTTP_HOST D:\php\Code\MoeGirl_Q-A\Application\Runtime\Cache\Home\2a94b8bda04ff446dcedd42276fc99ee.php 第 240 行.
INFO: Run Behavior\ParseTemplateBehavior [ RunTime:0.262579s ]
INFO: [ view_parse ] --END-- [ RunTime:0.262661s ]
INFO: [ view_filter ] --START--
INFO: Run Behavior\WriteHtmlCacheBehavior [ RunTime:0.000651s ]
INFO: [ view_filter ] --END-- [ RunTime:0.000709s ]
INFO: [ app_end ] --START--
INFO: Run Behavior\ShowPageTraceBehavior [ RunTime:0.000768s ]
INFO: [ app_end ] --END-- [ RunTime:0.000826s ]

[ 2015-02-08T18:23:57+08:00 ] 127.0.0.1 /
INFO: [ app_init ] --START--
INFO: Run Behavior\BuildLiteBehavior [ RunTime:0.000020s ]
INFO: [ app_init ] --END-- [ RunTime:0.000596s ]
INFO: [ app_begin ] --START--
INFO: Run Behavior\ReadHtmlCacheBehavior [ RunTime:0.001047s ]
INFO: [ app_begin ] --END-- [ RunTime:0.001147s ]
INFO: [ view_parse ] --START--
INFO: [ template_filter ] --START--
INFO: Run Behavior\ContentReplaceBehavior [ RunTime:0.000070s ]
INFO: [ template_filter ] --END-- [ RunTime:0.000146s ]
SQL: SHOW COLUMNS FROM `mgqa_user_login` [ RunTime:0.025619s ]
SQL: SHOW COLUMNS FROM `mgqa_user_login` [ RunTime:0.006112s ]
SQL: SELECT * FROM `mgqa_user_login` WHERE ( username="SmileC" ) LIMIT 1   [ RunTime:0.000360s ]
INFO: Run Behavior\ParseTemplateBehavior [ RunTime:0.125629s ]
INFO: [ view_parse ] --END-- [ RunTime:0.125716s ]
INFO: [ view_filter ] --START--
INFO: Run Behavior\WriteHtmlCacheBehavior [ RunTime:0.000725s ]
INFO: [ view_filter ] --END-- [ RunTime:0.000789s ]
INFO: [ app_end ] --START--
INFO: Run Behavior\ShowPageTraceBehavior [ RunTime:0.000819s ]
INFO: [ app_end ] --END-- [ RunTime:0.000881s ]

[ 2015-02-08T18:24:03+08:00 ] 127.0.0.1 /index.php/Home/Question/5
INFO: [ app_init ] --START--
INFO: Run Behavior\BuildLiteBehavior [ RunTime:0.000021s ]
INFO: [ app_init ] --END-- [ RunTime:0.000515s ]
INFO: [ app_begin ] --START--
INFO: Run Behavior\ReadHtmlCacheBehavior [ RunTime:0.000835s ]
INFO: [ app_begin ] --END-- [ RunTime:0.000962s ]
SQL: SHOW COLUMNS FROM `mgqa_question` [ RunTime:0.031460s ]
SQL: SELECT * FROM `mgqa_question` WHERE ( id=5 ) LIMIT 1   [ RunTime:0.000386s ]
SQL: SHOW COLUMNS FROM `mgqa_answer` [ RunTime:0.036937s ]
SQL: SELECT COUNT(*) AS tp_count FROM `mgqa_answer` WHERE ( question_id=5 ) LIMIT 1   [ RunTime:0.000431s ]
SQL: SHOW COLUMNS FROM `mgqa_question_user_status` [ RunTime:0.046625s ]
SQL: SELECT * FROM `mgqa_question_user_status` WHERE ( username="SmileC" AND question_id=5 ) LIMIT 1   [ RunTime:0.000413s ]
SQL: SELECT * FROM `mgqa_answer` WHERE ( username="SmileC" AND question_id=5 ) LIMIT 1   [ RunTime:0.000296s ]
SQL: SELECT * FROM `mgqa_answer` WHERE ( question_id=5 )  [ RunTime:0.000268s ]
INFO: [ view_parse ] --START--
INFO: [ template_filter ] --START--
INFO: Run Behavior\ContentReplaceBehavior [ RunTime:0.000089s ]
INFO: [ template_filter ] --END-- [ RunTime:0.000165s ]
SQL: SHOW COLUMNS FROM `mgqa_user_login` [ RunTime:0.007616s ]
SQL: SHOW COLUMNS FROM `mgqa_user_login` [ RunTime:0.005557s ]
SQL: SELECT * FROM `mgqa_user_login` WHERE ( username="SmileC" ) LIMIT 1   [ RunTime:0.000279s ]
NOTIC: [8] Undefined index: title D:\php\Code\MoeGirl_Q-A\Application\Runtime\Cache\Home\93ef6f4e0883454498eb7273983f50b5.php 第 251 行.
NOTIC: [8] Undefined index: title D:\php\Code\MoeGirl_Q-A\Application\Runtime\Cache\Home\93ef6f4e0883454498eb7273983f50b5.php 第 257 行.
NOTIC: [8] Undefined index: id D:\php\Code\MoeGirl_Q-A\Application\Runtime\Cache\Home\93ef6f4e0883454498eb7273983f50b5.php 第 258 行.
NOTIC: [8] Undefined index: id D:\php\Code\MoeGirl_Q-A\Application\Runtime\Cache\Home\93ef6f4e0883454498eb7273983f50b5.php 第 264 行.
NOTIC: [8] Undefined index: time D:\php\Code\MoeGirl_Q-A\Application\Runtime\Cache\Home\93ef6f4e0883454498eb7273983f50b5.php 第 265 行.
NOTIC: [8] Undefined index: id D:\php\Code\MoeGirl_Q-A\Application\Runtime\Cache\Home\93ef6f4e0883454498eb7273983f50b5.php 第 293 行.
NOTIC: [8] Use of undefined constant my_answer - assumed 'my_answer' D:\php\Code\MoeGirl_Q-A\Application\Runtime\Cache\Home\93ef6f4e0883454498eb7273983f50b5.php 第 293 行.
NOTIC: [8] Undefined index: id D:\php\Code\MoeGirl_Q-A\Application\Runtime\Cache\Home\93ef6f4e0883454498eb7273983f50b5.php 第 304 行.
NOTIC: [8] Undefined index: id D:\php\Code\MoeGirl_Q-A\Application\Runtime\Cache\Home\93ef6f4e0883454498eb7273983f50b5.php 第 305 行.
NOTIC: [8] Undefined index: anonymous D:\php\Code\MoeGirl_Q-A\Application\Runtime\Cache\Home\93ef6f4e0883454498eb7273983f50b5.php 第 307 行.
NOTIC: [8] Undefined index: username D:\php\Code\MoeGirl_Q-A\Application\Runtime\Cache\Home\93ef6f4e0883454498eb7273983f50b5.php 第 307 行.
INFO: Run Behavior\ParseTemplateBehavior [ RunTime:0.048014s ]
INFO: [ view_parse ] --END-- [ RunTime:0.048153s ]
INFO: [ view_filter ] --START--
INFO: Run Behavior\WriteHtmlCacheBehavior [ RunTime:0.000500s ]
INFO: [ view_filter ] --END-- [ RunTime:0.000598s ]
INFO: [ app_end ] --START--
INFO: Run Behavior\ShowPageTraceBehavior [ RunTime:0.001075s ]
INFO: [ app_end ] --END-- [ RunTime:0.001224s ]

