[ 2015-03-09T00:15:43+08:00 ] 127.0.0.1 /Home/Topic.html
INFO: [ app_init ] --START--
INFO: Run Behavior\BuildLiteBehavior [ RunTime:0.000036s ]
INFO: [ app_init ] --END-- [ RunTime:0.000941s ]
INFO: [ app_begin ] --START--
INFO: Run Behavior\ReadHtmlCacheBehavior [ RunTime:0.002479s ]
INFO: [ app_begin ] --END-- [ RunTime:0.002675s ]
SQL: SHOW COLUMNS FROM `mgqa_topic_follow` [ RunTime:0.024554s ]
SQL: SELECT * FROM `mgqa_topic_follow` WHERE ( username="SmileC" )  [ RunTime:0.017917s ]
INFO: [ view_parse ] --START--
INFO: [ template_filter ] --START--
INFO: Run Behavior\ContentReplaceBehavior [ RunTime:0.000079s ]
INFO: [ template_filter ] --END-- [ RunTime:0.000157s ]
SQL: SHOW COLUMNS FROM `mgqa_user` [ RunTime:0.010307s ]
SQL: SHOW COLUMNS FROM `mgqa_topic` [ RunTime:0.028128s ]
SQL: SELECT * FROM `mgqa_topic`  [ RunTime:0.000325s ]
SQL: SELECT * FROM `mgqa_topic` WHERE ( id=2 ) LIMIT 1   [ RunTime:0.009409s ]
SQL: SELECT * FROM `mgqa_topic` WHERE ( id=3 ) LIMIT 1   [ RunTime:0.000220s ]
INFO: Run Behavior\ParseTemplateBehavior [ RunTime:0.132860s ]
INFO: [ view_parse ] --END-- [ RunTime:0.132954s ]
INFO: [ view_filter ] --START--
INFO: Run Behavior\WriteHtmlCacheBehavior [ RunTime:0.000857s ]
INFO: [ view_filter ] --END-- [ RunTime:0.000935s ]
INFO: [ app_end ] --START--
INFO: Run Behavior\ShowPageTraceBehavior [ RunTime:0.001402s ]
INFO: [ app_end ] --END-- [ RunTime:0.001530s ]

[ 2015-03-09T00:15:44+08:00 ] 127.0.0.1 /Home/Topic/2.html
INFO: [ app_init ] --START--
INFO: Run Behavior\BuildLiteBehavior [ RunTime:0.000035s ]
INFO: [ app_init ] --END-- [ RunTime:0.000885s ]
INFO: [ app_begin ] --START--
INFO: Run Behavior\ReadHtmlCacheBehavior [ RunTime:0.000866s ]
INFO: [ app_begin ] --END-- [ RunTime:0.000967s ]
SQL: SHOW COLUMNS FROM `mgqa_topic` [ RunTime:0.019606s ]
SQL: SELECT `id` FROM `mgqa_topic` WHERE ( father_topic=2 )  [ RunTime:0.000237s ]
DEBUG: Array
(
    [0] => 3
    [1] => 2
)

SQL: SHOW COLUMNS FROM `mgqa_question` [ RunTime:0.039423s ]
SQL: SELECT * FROM `mgqa_question` WHERE ( `topic1` IN ('3','2') OR `topic2` IN ('3','2') OR `topic3` IN ('3','2') ) AND ( 1423239344 < unix_timestamp(time) ) ORDER BY id LIMIT 0,20   [ RunTime:0.042424s ]
NOTIC: [2] Invalid argument supplied for foreach() D:\php\Code\MoeGirl_Q-A\Application\Home\Model\TopicModel.class.php 第 22 行.
SQL: SHOW COLUMNS FROM `mgqa_topic` [ RunTime:0.018183s ]
SQL: SELECT * FROM `mgqa_topic` WHERE ( id=2 ) LIMIT 1   [ RunTime:0.000400s ]
SQL: SHOW COLUMNS FROM `mgqa_topic_follow` [ RunTime:0.011642s ]
SQL: SELECT COUNT(*) AS tp_count FROM `mgqa_topic_follow` WHERE ( username="SmileC" AND topic_id=2 ) LIMIT 1   [ RunTime:0.012508s ]
SQL: SELECT COUNT(*) AS tp_count FROM `mgqa_topic_follow` WHERE ( topic_id=2 ) LIMIT 1   [ RunTime:0.000257s ]
SQL: SELECT COUNT(*) AS tp_count FROM `mgqa_question` WHERE ( topic1=2 OR topic2=2 OR topic3=2 ) LIMIT 1   [ RunTime:0.000213s ]
INFO: [ view_parse ] --START--
INFO: [ template_filter ] --START--
INFO: Run Behavior\ContentReplaceBehavior [ RunTime:0.000109s ]
INFO: [ template_filter ] --END-- [ RunTime:0.000197s ]
SQL: SHOW COLUMNS FROM `mgqa_user` [ RunTime:0.008177s ]
SQL: SELECT * FROM `mgqa_topic`  [ RunTime:0.000269s ]
INFO: Run Behavior\ParseTemplateBehavior [ RunTime:0.121402s ]
INFO: [ view_parse ] --END-- [ RunTime:0.121471s ]
INFO: [ view_filter ] --START--
INFO: Run Behavior\WriteHtmlCacheBehavior [ RunTime:0.000540s ]
INFO: [ view_filter ] --END-- [ RunTime:0.000610s ]
INFO: [ app_end ] --START--
INFO: Run Behavior\ShowPageTraceBehavior [ RunTime:0.001158s ]
INFO: [ app_end ] --END-- [ RunTime:0.001267s ]

[ 2015-03-09T00:15:46+08:00 ] 127.0.0.1 /Home/Topic/2/hot.html
INFO: [ app_init ] --START--
INFO: Run Behavior\BuildLiteBehavior [ RunTime:0.000030s ]
INFO: [ app_init ] --END-- [ RunTime:0.000701s ]
INFO: [ app_begin ] --START--
INFO: Run Behavior\ReadHtmlCacheBehavior [ RunTime:0.000667s ]
INFO: [ app_begin ] --END-- [ RunTime:0.000744s ]
SQL: SHOW COLUMNS FROM `mgqa_topic` [ RunTime:0.023780s ]
SQL: SELECT `id` FROM `mgqa_topic` WHERE ( father_topic=2 )  [ RunTime:0.000240s ]
DEBUG: Array
(
    [0] => 3
    [1] => 2
)

SQL: SHOW COLUMNS FROM `mgqa_question` [ RunTime:0.021963s ]
SQL: SELECT `id` FROM `mgqa_question` WHERE ( `topic1` IN ('3','2') OR `topic2` IN ('3','2') OR `topic3` IN ('3','2') ) ORDER BY id desc  [ RunTime:0.000328s ]
DEBUG: Array
(
    [0] => 11
    [1] => 10
)

SQL: SHOW COLUMNS FROM `mgqa_answer` [ RunTime:0.029370s ]
SQL: SELECT * FROM `mgqa_answer` WHERE `question_id` IN ('11','10') ORDER BY agree desc LIMIT 0,20   [ RunTime:0.014076s ]
SQL: SHOW COLUMNS FROM `mgqa_topic` [ RunTime:0.026725s ]
SQL: SELECT * FROM `mgqa_topic` WHERE ( id=2 ) LIMIT 1   [ RunTime:0.000323s ]
SQL: SHOW COLUMNS FROM `mgqa_topic_follow` [ RunTime:0.009671s ]
SQL: SELECT COUNT(*) AS tp_count FROM `mgqa_topic_follow` WHERE ( username="SmileC" AND topic_id=2 ) LIMIT 1   [ RunTime:0.000283s ]
SQL: SELECT COUNT(*) AS tp_count FROM `mgqa_topic_follow` WHERE ( topic_id=2 ) LIMIT 1   [ RunTime:0.000134s ]
SQL: SELECT COUNT(*) AS tp_count FROM `mgqa_question` WHERE ( topic1=2 OR topic2=2 OR topic3=2 ) LIMIT 1   [ RunTime:0.000198s ]
INFO: [ view_parse ] --START--
INFO: [ template_filter ] --START--
INFO: Run Behavior\ContentReplaceBehavior [ RunTime:0.000109s ]
INFO: [ template_filter ] --END-- [ RunTime:0.000187s ]
SQL: SHOW COLUMNS FROM `mgqa_user` [ RunTime:0.008260s ]
SQL: SELECT * FROM `mgqa_topic`  [ RunTime:0.000216s ]
SQL: SHOW COLUMNS FROM `mgqa_answer_agree` [ RunTime:0.017416s ]
SQL: SELECT `is_agree` FROM `mgqa_answer_agree` WHERE ( answer_id=4 AND username="SmileC" ) LIMIT 1   [ RunTime:0.000253s ]
SQL: SELECT `is_agree` FROM `mgqa_answer_agree` WHERE ( answer_id=4 AND username="SmileC" ) LIMIT 1   [ RunTime:0.000135s ]
SQL: SELECT * FROM `mgqa_question` WHERE ( id=10 ) LIMIT 1   [ RunTime:0.000218s ]
SQL: SELECT `is_agree` FROM `mgqa_answer_agree` WHERE ( answer_id=5 AND username="SmileC" ) LIMIT 1   [ RunTime:0.000324s ]
SQL: SELECT `is_agree` FROM `mgqa_answer_agree` WHERE ( answer_id=5 AND username="SmileC" ) LIMIT 1   [ RunTime:0.000257s ]
SQL: SELECT * FROM `mgqa_question` WHERE ( id=11 ) LIMIT 1   [ RunTime:0.000201s ]
INFO: Run Behavior\ParseTemplateBehavior [ RunTime:0.094483s ]
INFO: [ view_parse ] --END-- [ RunTime:0.094572s ]
INFO: [ view_filter ] --START--
INFO: Run Behavior\WriteHtmlCacheBehavior [ RunTime:0.000622s ]
INFO: [ view_filter ] --END-- [ RunTime:0.000689s ]
INFO: [ app_end ] --START--
INFO: Run Behavior\ShowPageTraceBehavior [ RunTime:0.001074s ]
INFO: [ app_end ] --END-- [ RunTime:0.001174s ]

[ 2015-03-09T00:15:47+08:00 ] 127.0.0.1 /index.php/Home/Question/10/Answer/4
INFO: [ app_init ] --START--
INFO: Run Behavior\BuildLiteBehavior [ RunTime:0.000029s ]
INFO: [ app_init ] --END-- [ RunTime:0.000668s ]
INFO: [ app_begin ] --START--
INFO: Run Behavior\ReadHtmlCacheBehavior [ RunTime:0.001157s ]
INFO: [ app_begin ] --END-- [ RunTime:0.001295s ]
SQL: SHOW COLUMNS FROM `mgqa_question` [ RunTime:0.022380s ]
SQL: SELECT * FROM `mgqa_question` WHERE ( id=10 ) LIMIT 1   [ RunTime:0.000278s ]
SQL: SHOW COLUMNS FROM `mgqa_answer` [ RunTime:0.012564s ]
SQL: SELECT COUNT(*) AS tp_count FROM `mgqa_answer` WHERE ( question_id=10 ) LIMIT 1   [ RunTime:0.000329s ]
SQL: SHOW COLUMNS FROM `mgqa_question_user_status` [ RunTime:0.014306s ]
SQL: SELECT * FROM `mgqa_question_user_status` WHERE ( username="SmileC" AND question_id=10 ) LIMIT 1   [ RunTime:0.000919s ]
SQL: SELECT * FROM `mgqa_answer` WHERE ( username="SmileC" AND question_id=10 ) LIMIT 1   [ RunTime:0.000317s ]
SQL: SELECT * FROM `mgqa_answer` WHERE ( id=4 ) LIMIT 1   [ RunTime:0.000248s ]
INFO: [ view_parse ] --START--
INFO: [ template_filter ] --START--
INFO: Run Behavior\ContentReplaceBehavior [ RunTime:0.000122s ]
INFO: [ template_filter ] --END-- [ RunTime:0.000210s ]
SQL: SHOW COLUMNS FROM `mgqa_user` [ RunTime:0.009933s ]
SQL: SHOW COLUMNS FROM `mgqa_topic` [ RunTime:0.019090s ]
SQL: SELECT * FROM `mgqa_topic`  [ RunTime:0.000282s ]
SQL: SHOW COLUMNS FROM `mgqa_answer_agree` [ RunTime:0.011356s ]
SQL: SELECT `is_agree` FROM `mgqa_answer_agree` WHERE ( answer_id=4 AND username="SmileC" ) LIMIT 1   [ RunTime:0.000386s ]
SQL: SELECT `is_agree` FROM `mgqa_answer_agree` WHERE ( answer_id=4 AND username="SmileC" ) LIMIT 1   [ RunTime:0.000236s ]
NOTIC: [8] Use of undefined constant my_answer - assumed 'my_answer' D:\php\Code\MoeGirl_Q-A\Application\Runtime\Cache\Home\93ef6f4e0883454498eb7273983f50b5.php 第 303 行.
INFO: Run Behavior\ParseTemplateBehavior [ RunTime:0.098277s ]
INFO: [ view_parse ] --END-- [ RunTime:0.098411s ]
INFO: [ view_filter ] --START--
INFO: Run Behavior\WriteHtmlCacheBehavior [ RunTime:0.000751s ]
INFO: [ view_filter ] --END-- [ RunTime:0.000842s ]
INFO: [ app_end ] --START--
INFO: Run Behavior\ShowPageTraceBehavior [ RunTime:0.001230s ]
INFO: [ app_end ] --END-- [ RunTime:0.001413s ]

[ 2015-03-09T00:15:49+08:00 ] 127.0.0.1 /index.php/Home/Question/set_question_user_status.html?question_id=10&follow=1&anonymous=0
INFO: [ app_init ] --START--
INFO: Run Behavior\BuildLiteBehavior [ RunTime:0.000020s ]
INFO: [ app_init ] --END-- [ RunTime:0.000435s ]
INFO: [ app_begin ] --START--
INFO: Run Behavior\ReadHtmlCacheBehavior [ RunTime:0.000670s ]
INFO: [ app_begin ] --END-- [ RunTime:0.000743s ]
SQL: SHOW COLUMNS FROM `mgqa_user` [ RunTime:0.017185s ]
SQL: SELECT `random` FROM `mgqa_user` WHERE ( username="SmileC" ) LIMIT 1   [ RunTime:0.000467s ]
SQL: SHOW COLUMNS FROM `mgqa_question_user_status` [ RunTime:0.010106s ]
SQL: SELECT COUNT(*) AS tp_count FROM `mgqa_question_user_status` WHERE ( username="SmileC" AND question_id=10 ) LIMIT 1   [ RunTime:0.000320s ]
SQL: INSERT INTO `mgqa_question_user_status` (`username`,`question_id`,`follow`,`anonymous`) VALUES ('SmileC',10,1,0) [ RunTime:0.027791s ]
SQL: SHOW COLUMNS FROM `mgqa_timeline` [ RunTime:0.019504s ]
SQL: SELECT `id` FROM `mgqa_timeline` WHERE `username` = 'SmileC' AND `mode` = 1 AND `project_id` = 10 AND `status` = 2 LIMIT 1   [ RunTime:0.000238s ]
SQL: INSERT INTO `mgqa_timeline` (`username`,`mode`,`project_id`,`status`) VALUES ('SmileC',1,10,2) [ RunTime:0.000279s ]
INFO: [ app_end ] --START--
INFO: Run Behavior\ShowPageTraceBehavior [ RunTime:0.000849s ]
INFO: [ app_end ] --END-- [ RunTime:0.000934s ]

[ 2015-03-09T00:15:50+08:00 ] 127.0.0.1 /index.php/Home/Question/10/Answer/4
INFO: [ app_init ] --START--
INFO: Run Behavior\BuildLiteBehavior [ RunTime:0.000017s ]
INFO: [ app_init ] --END-- [ RunTime:0.000367s ]
INFO: [ app_begin ] --START--
INFO: Run Behavior\ReadHtmlCacheBehavior [ RunTime:0.000623s ]
INFO: [ app_begin ] --END-- [ RunTime:0.000692s ]
SQL: SHOW COLUMNS FROM `mgqa_question` [ RunTime:0.019093s ]
SQL: SELECT * FROM `mgqa_question` WHERE ( id=10 ) LIMIT 1   [ RunTime:0.000350s ]
SQL: SHOW COLUMNS FROM `mgqa_answer` [ RunTime:0.011523s ]
SQL: SELECT COUNT(*) AS tp_count FROM `mgqa_answer` WHERE ( question_id=10 ) LIMIT 1   [ RunTime:0.000314s ]
SQL: SHOW COLUMNS FROM `mgqa_question_user_status` [ RunTime:0.007398s ]
SQL: SELECT * FROM `mgqa_question_user_status` WHERE ( username="SmileC" AND question_id=10 ) LIMIT 1   [ RunTime:0.000275s ]
SQL: SELECT * FROM `mgqa_answer` WHERE ( username="SmileC" AND question_id=10 ) LIMIT 1   [ RunTime:0.000228s ]
SQL: SELECT * FROM `mgqa_answer` WHERE ( id=4 ) LIMIT 1   [ RunTime:0.000196s ]
INFO: [ view_parse ] --START--
INFO: [ template_filter ] --START--
INFO: Run Behavior\ContentReplaceBehavior [ RunTime:0.000133s ]
INFO: [ template_filter ] --END-- [ RunTime:0.000296s ]
SQL: SHOW COLUMNS FROM `mgqa_user` [ RunTime:0.009887s ]
SQL: SHOW COLUMNS FROM `mgqa_topic` [ RunTime:0.022035s ]
SQL: SELECT * FROM `mgqa_topic`  [ RunTime:0.000252s ]
SQL: SHOW COLUMNS FROM `mgqa_answer_agree` [ RunTime:0.010425s ]
SQL: SELECT `is_agree` FROM `mgqa_answer_agree` WHERE ( answer_id=4 AND username="SmileC" ) LIMIT 1   [ RunTime:0.000336s ]
SQL: SELECT `is_agree` FROM `mgqa_answer_agree` WHERE ( answer_id=4 AND username="SmileC" ) LIMIT 1   [ RunTime:0.000297s ]
NOTIC: [8] Use of undefined constant my_answer - assumed 'my_answer' D:\php\Code\MoeGirl_Q-A\Application\Runtime\Cache\Home\93ef6f4e0883454498eb7273983f50b5.php 第 303 行.
INFO: Run Behavior\ParseTemplateBehavior [ RunTime:0.083978s ]
INFO: [ view_parse ] --END-- [ RunTime:0.084060s ]
INFO: [ view_filter ] --START--
INFO: Run Behavior\WriteHtmlCacheBehavior [ RunTime:0.000887s ]
INFO: [ view_filter ] --END-- [ RunTime:0.000980s ]
INFO: [ app_end ] --START--
INFO: Run Behavior\ShowPageTraceBehavior [ RunTime:0.001370s ]
INFO: [ app_end ] --END-- [ RunTime:0.001474s ]

[ 2015-03-09T00:16:18+08:00 ] 127.0.0.1 /index.php/Home/Question/set_question_user_status.html?question_id=10&follow=0&anonymous=0
INFO: [ app_init ] --START--
INFO: Run Behavior\BuildLiteBehavior [ RunTime:0.000019s ]
INFO: [ app_init ] --END-- [ RunTime:0.000449s ]
INFO: [ app_begin ] --START--
INFO: Run Behavior\ReadHtmlCacheBehavior [ RunTime:0.000661s ]
INFO: [ app_begin ] --END-- [ RunTime:0.000725s ]
SQL: SHOW COLUMNS FROM `mgqa_user` [ RunTime:0.012598s ]
SQL: SELECT `random` FROM `mgqa_user` WHERE ( username="SmileC" ) LIMIT 1   [ RunTime:0.000294s ]
SQL: SHOW COLUMNS FROM `mgqa_question_user_status` [ RunTime:0.008884s ]
SQL: SELECT COUNT(*) AS tp_count FROM `mgqa_question_user_status` WHERE ( username="SmileC" AND question_id=10 ) LIMIT 1   [ RunTime:0.000275s ]
SQL: UPDATE `mgqa_question_user_status` SET `username`='SmileC',`follow`=0,`anonymous`=0 WHERE `question_id` = 10 [ RunTime:0.041163s ]
SQL: SHOW COLUMNS FROM `mgqa_timeline` [ RunTime:0.014968s ]
SQL: SELECT `id` FROM `mgqa_timeline` WHERE `username` = 'SmileC' AND `mode` = 1 AND `project_id` = 10 AND `status` = 2 LIMIT 1   [ RunTime:0.000357s ]
SQL: DELETE FROM `mgqa_timeline` WHERE ( id=1 ) [ RunTime:0.005407s ]
INFO: [ app_end ] --START--
INFO: Run Behavior\ShowPageTraceBehavior [ RunTime:0.000944s ]
INFO: [ app_end ] --END-- [ RunTime:0.001019s ]

[ 2015-03-09T00:16:23+08:00 ] 127.0.0.1 /index.php/Home/Question/set_question_user_status.html?question_id=10&follow=1&anonymous=0
INFO: [ app_init ] --START--
INFO: Run Behavior\BuildLiteBehavior [ RunTime:0.000019s ]
INFO: [ app_init ] --END-- [ RunTime:0.000438s ]
INFO: [ app_begin ] --START--
INFO: Run Behavior\ReadHtmlCacheBehavior [ RunTime:0.000767s ]
INFO: [ app_begin ] --END-- [ RunTime:0.000872s ]
SQL: SHOW COLUMNS FROM `mgqa_user` [ RunTime:0.012037s ]
SQL: SELECT `random` FROM `mgqa_user` WHERE ( username="SmileC" ) LIMIT 1   [ RunTime:0.000369s ]
SQL: SHOW COLUMNS FROM `mgqa_question_user_status` [ RunTime:0.012132s ]
SQL: SELECT COUNT(*) AS tp_count FROM `mgqa_question_user_status` WHERE ( username="SmileC" AND question_id=10 ) LIMIT 1   [ RunTime:0.000608s ]
SQL: UPDATE `mgqa_question_user_status` SET `username`='SmileC',`follow`=1,`anonymous`=0 WHERE `question_id` = 10 [ RunTime:0.000931s ]
SQL: SHOW COLUMNS FROM `mgqa_timeline` [ RunTime:0.015170s ]
SQL: SELECT `id` FROM `mgqa_timeline` WHERE `username` = 'SmileC' AND `mode` = 1 AND `project_id` = 10 AND `status` = 2 LIMIT 1   [ RunTime:0.000335s ]
SQL: INSERT INTO `mgqa_timeline` (`username`,`mode`,`project_id`,`status`) VALUES ('SmileC',1,10,2) [ RunTime:0.000245s ]
INFO: [ app_end ] --START--
INFO: Run Behavior\ShowPageTraceBehavior [ RunTime:0.001316s ]
INFO: [ app_end ] --END-- [ RunTime:0.001437s ]

