[ 2015-03-14T09:29:33+08:00 ] 127.0.0.1 /
INFO: [ app_init ] --START--
INFO: Run Behavior\BuildLiteBehavior [ RunTime:0.000051s ]
INFO: [ app_init ] --END-- [ RunTime:0.003190s ]

[ 2015-03-14T09:29:34+08:00 ] 127.0.0.1 /index.php/Home/index/get_timeline.html?page=1
INFO: [ app_init ] --START--
INFO: Run Behavior\BuildLiteBehavior [ RunTime:0.000031s ]
INFO: [ app_init ] --END-- [ RunTime:0.000555s ]
INFO: [ app_begin ] --START--
INFO: Run Behavior\ReadHtmlCacheBehavior [ RunTime:0.000810s ]
INFO: [ app_begin ] --END-- [ RunTime:0.000896s ]
SQL: SHOW COLUMNS FROM `mgqa_timeline` [ RunTime:0.028637s ]
SQL: SHOW COLUMNS FROM `mgqa_follow` [ RunTime:0.021320s ]
SQL: SELECT * FROM `mgqa_follow` WHERE ( us1="SmileC" OR us2="SmileC" )  [ RunTime:0.012185s ]
SQL: SHOW COLUMNS FROM `mgqa_timeline` [ RunTime:0.010370s ]
SQL: SELECT * FROM `mgqa_timeline` WHERE `username` IN ('Testc') ORDER BY id desc LIMIT 0,30   [ RunTime:0.002284s ]
SQL: SHOW COLUMNS FROM `mgqa_question` [ RunTime:0.027774s ]
SQL: SELECT * FROM `mgqa_question` WHERE ( id=1 ) LIMIT 1   [ RunTime:0.000526s ]
SQL: SELECT * FROM `mgqa_question` WHERE ( id=1 ) LIMIT 1   [ RunTime:0.000375s ]
SQL: SHOW COLUMNS FROM `mgqa_answer` [ RunTime:0.031761s ]
SQL: SELECT * FROM `mgqa_answer` WHERE ( id=1 ) LIMIT 1   [ RunTime:0.012131s ]
SQL: SELECT * FROM `mgqa_question` WHERE ( id=1 ) LIMIT 1   [ RunTime:0.000395s ]
DEBUG: Array
(
    [0] => Array
        (
            [id] => 8
            [username] => Testc
            [mode] => 1
            [project_id] => 1
            [status] => 3
            [pushtime] => 2015-03-12 13:43:27
            [content] => Array
                (
                    [id] => 1
                    [username] => SmileC
                    [anonymous] => 0
                    [title] => index的push测试
                    [content] => 
                    [answer] => 0
                    [follow] => 0
                    [status] => 0
                    [time] => 2015-03-12 12:15:31
                    [topic1] => 1
                    [topic2] => 
                    [topic3] => 
                )

            [us_array] => Array
                (
                    [0] => Testc
                )

        )

    [1] => Array
        (
            [id] => 2
            [username] => Testc
            [mode] => 2
            [project_id] => 1
            [status] => 1
            [pushtime] => 2015-03-12 12:15:55
            [content] => Array
                (
                    [id] => 1
                    [question_id] => 1
                    [username] => Testc
                    [content] => 回答测试
                    [agree] => 0
                    [unagree] => 0
                    [time] => 2015-03-12 12:15:55
                    [question_title] => index的push测试
                )

            [us_array] => Array
                (
                    [0] => Testc
                )

        )

)

INFO: [ view_parse ] --START--
INFO: [ template_filter ] --START--
INFO: Run Behavior\ContentReplaceBehavior [ RunTime:0.000059s ]
INFO: [ template_filter ] --END-- [ RunTime:0.000130s ]
SQL: SHOW COLUMNS FROM `mgqa_answer_agree` [ RunTime:0.023473s ]
SQL: SELECT `is_agree` FROM `mgqa_answer_agree` WHERE ( answer_id=1 AND username="SmileC" ) LIMIT 1   [ RunTime:0.000294s ]
SQL: SELECT `is_agree` FROM `mgqa_answer_agree` WHERE ( answer_id=1 AND username="SmileC" ) LIMIT 1   [ RunTime:0.000171s ]
INFO: Run Behavior\ParseTemplateBehavior [ RunTime:0.068161s ]
INFO: [ view_parse ] --END-- [ RunTime:0.068283s ]
INFO: [ view_filter ] --START--
INFO: Run Behavior\WriteHtmlCacheBehavior [ RunTime:0.000712s ]
INFO: [ view_filter ] --END-- [ RunTime:0.000795s ]
INFO: [ app_end ] --START--
INFO: Run Behavior\ShowPageTraceBehavior [ RunTime:0.000929s ]
INFO: [ app_end ] --END-- [ RunTime:0.001011s ]

[ 2015-03-14T09:30:39+08:00 ] 127.0.0.1 /
INFO: [ app_init ] --START--
INFO: Run Behavior\BuildLiteBehavior [ RunTime:0.000032s ]
INFO: [ app_init ] --END-- [ RunTime:0.000511s ]

[ 2015-03-14T09:30:39+08:00 ] 127.0.0.1 /index.php/Home/index/get_timeline.html?page=1
INFO: [ app_init ] --START--
INFO: Run Behavior\BuildLiteBehavior [ RunTime:0.000020s ]
INFO: [ app_init ] --END-- [ RunTime:0.000411s ]
INFO: [ app_begin ] --START--
INFO: Run Behavior\ReadHtmlCacheBehavior [ RunTime:0.000681s ]
INFO: [ app_begin ] --END-- [ RunTime:0.000770s ]
SQL: SHOW COLUMNS FROM `mgqa_timeline` [ RunTime:0.019364s ]
SQL: SHOW COLUMNS FROM `mgqa_follow` [ RunTime:0.011060s ]
SQL: SELECT * FROM `mgqa_follow` WHERE ( us1="SmileC" OR us2="SmileC" )  [ RunTime:0.000274s ]
SQL: SHOW COLUMNS FROM `mgqa_timeline` [ RunTime:0.015974s ]
SQL: SELECT * FROM `mgqa_timeline` WHERE `username` IN ('Testc') ORDER BY id desc LIMIT 0,30   [ RunTime:0.001008s ]
SQL: SHOW COLUMNS FROM `mgqa_question` [ RunTime:0.032290s ]
SQL: SELECT * FROM `mgqa_question` WHERE ( id=1 ) LIMIT 1   [ RunTime:0.000306s ]
SQL: SELECT * FROM `mgqa_question` WHERE ( id=1 ) LIMIT 1   [ RunTime:0.000312s ]
SQL: SHOW COLUMNS FROM `mgqa_answer` [ RunTime:0.015547s ]
SQL: SELECT * FROM `mgqa_answer` WHERE ( id=1 ) LIMIT 1   [ RunTime:0.000283s ]
SQL: SELECT * FROM `mgqa_question` WHERE ( id=1 ) LIMIT 1   [ RunTime:0.000302s ]
DEBUG: Array
(
    [0] => Array
        (
            [id] => 8
            [username] => Testc
            [mode] => 1
            [project_id] => 1
            [status] => 3
            [pushtime] => 2015-03-12 13:43:27
            [content] => Array
                (
                    [id] => 1
                    [username] => SmileC
                    [anonymous] => 0
                    [title] => index的push测试
                    [content] => 
                    [answer] => 0
                    [follow] => 0
                    [status] => 0
                    [time] => 2015-03-12 12:15:31
                    [topic1] => 1
                    [topic2] => 
                    [topic3] => 
                )

            [us_array] => Array
                (
                    [0] => Testc
                )

        )

    [1] => Array
        (
            [id] => 2
            [username] => Testc
            [mode] => 2
            [project_id] => 1
            [status] => 1
            [pushtime] => 2015-03-12 12:15:55
            [content] => Array
                (
                    [id] => 1
                    [question_id] => 1
                    [username] => Testc
                    [content] => 回答测试
                    [agree] => 0
                    [unagree] => 0
                    [time] => 2015-03-12 12:15:55
                    [question_title] => index的push测试
                )

            [us_array] => Array
                (
                    [0] => Testc
                )

        )

)

INFO: [ view_parse ] --START--
INFO: [ template_filter ] --START--
INFO: Run Behavior\ContentReplaceBehavior [ RunTime:0.000098s ]
INFO: [ template_filter ] --END-- [ RunTime:0.000226s ]
SQL: SHOW COLUMNS FROM `mgqa_answer_agree` [ RunTime:0.008172s ]
SQL: SELECT `is_agree` FROM `mgqa_answer_agree` WHERE ( answer_id=1 AND username="SmileC" ) LIMIT 1   [ RunTime:0.000200s ]
SQL: SELECT `is_agree` FROM `mgqa_answer_agree` WHERE ( answer_id=1 AND username="SmileC" ) LIMIT 1   [ RunTime:0.000138s ]
INFO: Run Behavior\ParseTemplateBehavior [ RunTime:0.027353s ]
INFO: [ view_parse ] --END-- [ RunTime:0.027480s ]
INFO: [ view_filter ] --START--
INFO: Run Behavior\WriteHtmlCacheBehavior [ RunTime:0.000514s ]
INFO: [ view_filter ] --END-- [ RunTime:0.000581s ]
INFO: [ app_end ] --START--
INFO: Run Behavior\ShowPageTraceBehavior [ RunTime:0.000593s ]
INFO: [ app_end ] --END-- [ RunTime:0.000645s ]

[ 2015-03-14T09:32:14+08:00 ] 127.0.0.1 /
INFO: [ app_init ] --START--
INFO: Run Behavior\BuildLiteBehavior [ RunTime:0.000017s ]
INFO: [ app_init ] --END-- [ RunTime:0.000348s ]

[ 2015-03-14T09:32:15+08:00 ] 127.0.0.1 /index.php/Home/index/get_timeline.html?page=1
INFO: [ app_init ] --START--
INFO: Run Behavior\BuildLiteBehavior [ RunTime:0.000038s ]
INFO: [ app_init ] --END-- [ RunTime:0.001018s ]
INFO: [ app_begin ] --START--
INFO: Run Behavior\ReadHtmlCacheBehavior [ RunTime:0.000596s ]
INFO: [ app_begin ] --END-- [ RunTime:0.000682s ]
SQL: SHOW COLUMNS FROM `mgqa_timeline` [ RunTime:0.015094s ]
SQL: SHOW COLUMNS FROM `mgqa_follow` [ RunTime:0.025678s ]
SQL: SELECT * FROM `mgqa_follow` WHERE ( us1="SmileC" OR us2="SmileC" )  [ RunTime:0.000304s ]
SQL: SHOW COLUMNS FROM `mgqa_timeline` [ RunTime:0.021043s ]
SQL: SELECT * FROM `mgqa_timeline` WHERE `username` IN ('Testc') ORDER BY id desc LIMIT 0,30   [ RunTime:0.000505s ]
SQL: SHOW COLUMNS FROM `mgqa_question` [ RunTime:0.031026s ]
SQL: SELECT * FROM `mgqa_question` WHERE ( id=1 ) LIMIT 1   [ RunTime:0.000437s ]
SQL: SELECT * FROM `mgqa_question` WHERE ( id=1 ) LIMIT 1   [ RunTime:0.000339s ]
SQL: SHOW COLUMNS FROM `mgqa_answer` [ RunTime:0.016751s ]
SQL: SELECT * FROM `mgqa_answer` WHERE ( id=1 ) LIMIT 1   [ RunTime:0.000306s ]
SQL: SELECT * FROM `mgqa_question` WHERE ( id=1 ) LIMIT 1   [ RunTime:0.000387s ]
DEBUG: Array
(
    [0] => Array
        (
            [id] => 8
            [username] => Testc
            [mode] => 1
            [project_id] => 1
            [status] => 3
            [pushtime] => 2015-03-12 13:43:27
            [content] => Array
                (
                    [id] => 1
                    [username] => SmileC
                    [anonymous] => 0
                    [title] => index的push测试
                    [content] => 
                    [answer] => 0
                    [follow] => 0
                    [status] => 0
                    [time] => 2015-03-12 12:15:31
                    [topic1] => 1
                    [topic2] => 
                    [topic3] => 
                )

            [us_array] => Array
                (
                    [0] => Testc
                )

        )

    [1] => Array
        (
            [id] => 2
            [username] => Testc
            [mode] => 2
            [project_id] => 1
            [status] => 1
            [pushtime] => 2015-03-12 12:15:55
            [content] => Array
                (
                    [id] => 1
                    [question_id] => 1
                    [username] => Testc
                    [content] => 回答测试
                    [agree] => 0
                    [unagree] => 0
                    [time] => 2015-03-12 12:15:55
                    [question_title] => index的push测试
                )

            [us_array] => Array
                (
                    [0] => Testc
                )

        )

)

INFO: [ view_parse ] --START--
INFO: [ template_filter ] --START--
INFO: Run Behavior\ContentReplaceBehavior [ RunTime:0.000105s ]
INFO: [ template_filter ] --END-- [ RunTime:0.000241s ]
SQL: SHOW COLUMNS FROM `mgqa_answer_agree` [ RunTime:0.008930s ]
SQL: SELECT `is_agree` FROM `mgqa_answer_agree` WHERE ( answer_id=1 AND username="SmileC" ) LIMIT 1   [ RunTime:0.000247s ]
SQL: SELECT `is_agree` FROM `mgqa_answer_agree` WHERE ( answer_id=1 AND username="SmileC" ) LIMIT 1   [ RunTime:0.000171s ]
INFO: Run Behavior\ParseTemplateBehavior [ RunTime:0.037214s ]
INFO: [ view_parse ] --END-- [ RunTime:0.037291s ]
INFO: [ view_filter ] --START--
INFO: Run Behavior\WriteHtmlCacheBehavior [ RunTime:0.000436s ]
INFO: [ view_filter ] --END-- [ RunTime:0.000536s ]
INFO: [ app_end ] --START--
INFO: Run Behavior\ShowPageTraceBehavior [ RunTime:0.000926s ]
INFO: [ app_end ] --END-- [ RunTime:0.001031s ]

[ 2015-03-14T09:33:23+08:00 ] 127.0.0.1 /
INFO: [ app_init ] --START--
INFO: Run Behavior\BuildLiteBehavior [ RunTime:0.000033s ]
INFO: [ app_init ] --END-- [ RunTime:0.000558s ]

[ 2015-03-14T09:33:24+08:00 ] 127.0.0.1 /index.php/Home/index/get_timeline.html?page=1
INFO: [ app_init ] --START--
INFO: Run Behavior\BuildLiteBehavior [ RunTime:0.000022s ]
INFO: [ app_init ] --END-- [ RunTime:0.000467s ]
INFO: [ app_begin ] --START--
INFO: Run Behavior\ReadHtmlCacheBehavior [ RunTime:0.000863s ]
INFO: [ app_begin ] --END-- [ RunTime:0.000991s ]
SQL: SHOW COLUMNS FROM `mgqa_timeline` [ RunTime:0.013593s ]
SQL: SHOW COLUMNS FROM `mgqa_follow` [ RunTime:0.014284s ]
SQL: SELECT * FROM `mgqa_follow` WHERE ( us1="SmileC" OR us2="SmileC" )  [ RunTime:0.000351s ]
SQL: SHOW COLUMNS FROM `mgqa_timeline` [ RunTime:0.016292s ]
SQL: SELECT * FROM `mgqa_timeline` WHERE `username` IN ('Testc') ORDER BY id desc LIMIT 0,30   [ RunTime:0.000301s ]
SQL: SHOW COLUMNS FROM `mgqa_question` [ RunTime:0.031945s ]
SQL: SELECT * FROM `mgqa_question` WHERE ( id=1 ) LIMIT 1   [ RunTime:0.000367s ]
SQL: SELECT * FROM `mgqa_question` WHERE ( id=1 ) LIMIT 1   [ RunTime:0.000416s ]
SQL: SHOW COLUMNS FROM `mgqa_answer` [ RunTime:0.016588s ]
SQL: SELECT * FROM `mgqa_answer` WHERE ( id=1 ) LIMIT 1   [ RunTime:0.000265s ]
SQL: SELECT * FROM `mgqa_question` WHERE ( id=1 ) LIMIT 1   [ RunTime:0.000257s ]
DEBUG: Array
(
    [0] => Array
        (
            [id] => 8
            [username] => Testc
            [mode] => 1
            [project_id] => 1
            [status] => 3
            [pushtime] => 2015-03-12 13:43:27
            [content] => Array
                (
                    [id] => 1
                    [username] => SmileC
                    [anonymous] => 0
                    [title] => index的push测试
                    [content] => 
                    [answer] => 0
                    [follow] => 0
                    [status] => 0
                    [time] => 2015-03-12 12:15:31
                    [topic1] => 1
                    [topic2] => 
                    [topic3] => 
                )

            [us_array] => Array
                (
                    [0] => Testc
                )

        )

    [1] => Array
        (
            [id] => 2
            [username] => Testc
            [mode] => 2
            [project_id] => 1
            [status] => 1
            [pushtime] => 2015-03-12 12:15:55
            [content] => Array
                (
                    [id] => 1
                    [question_id] => 1
                    [username] => Testc
                    [content] => 回答测试
                    [agree] => 0
                    [unagree] => 0
                    [time] => 2015-03-12 12:15:55
                    [question_title] => index的push测试
                )

            [us_array] => Array
                (
                    [0] => Testc
                )

        )

)

INFO: [ view_parse ] --START--
INFO: [ template_filter ] --START--
INFO: Run Behavior\ContentReplaceBehavior [ RunTime:0.000092s ]
INFO: [ template_filter ] --END-- [ RunTime:0.000213s ]
SQL: SHOW COLUMNS FROM `mgqa_answer_agree` [ RunTime:0.008799s ]
SQL: SELECT `is_agree` FROM `mgqa_answer_agree` WHERE ( answer_id=1 AND username="SmileC" ) LIMIT 1   [ RunTime:0.000209s ]
SQL: SELECT `is_agree` FROM `mgqa_answer_agree` WHERE ( answer_id=1 AND username="SmileC" ) LIMIT 1   [ RunTime:0.000130s ]
INFO: Run Behavior\ParseTemplateBehavior [ RunTime:0.023006s ]
INFO: [ view_parse ] --END-- [ RunTime:0.023093s ]
INFO: [ view_filter ] --START--
INFO: Run Behavior\WriteHtmlCacheBehavior [ RunTime:0.000358s ]
INFO: [ view_filter ] --END-- [ RunTime:0.000422s ]
INFO: [ app_end ] --START--
INFO: Run Behavior\ShowPageTraceBehavior [ RunTime:0.000662s ]
INFO: [ app_end ] --END-- [ RunTime:0.000752s ]

[ 2015-03-14T09:36:44+08:00 ] 127.0.0.1 /
INFO: [ app_init ] --START--
INFO: Run Behavior\BuildLiteBehavior [ RunTime:0.000022s ]
INFO: [ app_init ] --END-- [ RunTime:0.000462s ]

[ 2015-03-14T09:36:45+08:00 ] 127.0.0.1 /index.php/Home/index/get_timeline.html?page=1
INFO: [ app_init ] --START--
INFO: Run Behavior\BuildLiteBehavior [ RunTime:0.000022s ]
INFO: [ app_init ] --END-- [ RunTime:0.000463s ]
INFO: [ app_begin ] --START--
INFO: Run Behavior\ReadHtmlCacheBehavior [ RunTime:0.000703s ]
INFO: [ app_begin ] --END-- [ RunTime:0.000788s ]
SQL: SHOW COLUMNS FROM `mgqa_timeline` [ RunTime:0.018788s ]
SQL: SHOW COLUMNS FROM `mgqa_follow` [ RunTime:0.012438s ]
SQL: SELECT * FROM `mgqa_follow` WHERE ( us1="SmileC" OR us2="SmileC" )  [ RunTime:0.000257s ]
SQL: SHOW COLUMNS FROM `mgqa_timeline` [ RunTime:0.021828s ]
SQL: SELECT * FROM `mgqa_timeline` WHERE `username` IN ('Testc') ORDER BY id desc LIMIT 0,30   [ RunTime:0.000759s ]
SQL: SHOW COLUMNS FROM `mgqa_question` [ RunTime:0.026552s ]
SQL: SELECT * FROM `mgqa_question` WHERE ( id=1 ) LIMIT 1   [ RunTime:0.000292s ]
SQL: SELECT * FROM `mgqa_question` WHERE ( id=1 ) LIMIT 1   [ RunTime:0.000194s ]
SQL: SHOW COLUMNS FROM `mgqa_answer` [ RunTime:0.014982s ]
SQL: SELECT * FROM `mgqa_answer` WHERE ( id=1 ) LIMIT 1   [ RunTime:0.000245s ]
SQL: SELECT * FROM `mgqa_question` WHERE ( id=1 ) LIMIT 1   [ RunTime:0.000170s ]
DEBUG: Array
(
    [0] => Array
        (
            [id] => 8
            [username] => Testc
            [mode] => 1
            [project_id] => 1
            [status] => 3
            [pushtime] => 2015-03-12 13:43:27
            [content] => Array
                (
                    [id] => 1
                    [username] => SmileC
                    [anonymous] => 0
                    [title] => index的push测试
                    [content] => 
                    [answer] => 0
                    [follow] => 0
                    [status] => 0
                    [time] => 2015-03-12 12:15:31
                    [topic1] => 1
                    [topic2] => 
                    [topic3] => 
                )

            [us_array] => Array
                (
                    [0] => Testc
                )

        )

    [1] => Array
        (
            [id] => 2
            [username] => Testc
            [mode] => 2
            [project_id] => 1
            [status] => 1
            [pushtime] => 2015-03-12 12:15:55
            [content] => Array
                (
                    [id] => 1
                    [question_id] => 1
                    [username] => Testc
                    [content] => 回答测试
                    [agree] => 0
                    [unagree] => 0
                    [time] => 2015-03-12 12:15:55
                    [question_title] => index的push测试
                )

            [us_array] => Array
                (
                    [0] => Testc
                )

        )

)

INFO: [ view_parse ] --START--
INFO: [ template_filter ] --START--
INFO: Run Behavior\ContentReplaceBehavior [ RunTime:0.000061s ]
INFO: [ template_filter ] --END-- [ RunTime:0.000146s ]
SQL: SHOW COLUMNS FROM `mgqa_answer_agree` [ RunTime:0.011683s ]
SQL: SELECT `is_agree` FROM `mgqa_answer_agree` WHERE ( answer_id=1 AND username="SmileC" ) LIMIT 1   [ RunTime:0.000372s ]
SQL: SELECT `is_agree` FROM `mgqa_answer_agree` WHERE ( answer_id=1 AND username="SmileC" ) LIMIT 1   [ RunTime:0.000307s ]
INFO: Run Behavior\ParseTemplateBehavior [ RunTime:0.029076s ]
INFO: [ view_parse ] --END-- [ RunTime:0.029155s ]
INFO: [ view_filter ] --START--
INFO: Run Behavior\WriteHtmlCacheBehavior [ RunTime:0.000520s ]
INFO: [ view_filter ] --END-- [ RunTime:0.000626s ]
INFO: [ app_end ] --START--
INFO: Run Behavior\ShowPageTraceBehavior [ RunTime:0.000741s ]
INFO: [ app_end ] --END-- [ RunTime:0.000851s ]

[ 2015-03-14T09:41:05+08:00 ] 61.160.247.181 http://www.baidu.com/
INFO: [ app_init ] --START--
INFO: Run Behavior\BuildLiteBehavior [ RunTime:0.000025s ]
INFO: [ app_init ] --END-- [ RunTime:0.000611s ]

[ 2015-03-14T09:47:05+08:00 ] 127.0.0.1 /
INFO: [ app_init ] --START--
INFO: Run Behavior\BuildLiteBehavior [ RunTime:0.000022s ]
INFO: [ app_init ] --END-- [ RunTime:0.000418s ]

[ 2015-03-14T09:47:05+08:00 ] 127.0.0.1 /index.php/Home/index/get_timeline.html?page=1
INFO: [ app_init ] --START--
INFO: Run Behavior\BuildLiteBehavior [ RunTime:0.000031s ]
INFO: [ app_init ] --END-- [ RunTime:0.000573s ]
INFO: [ app_begin ] --START--
INFO: Run Behavior\ReadHtmlCacheBehavior [ RunTime:0.000638s ]
INFO: [ app_begin ] --END-- [ RunTime:0.000713s ]
SQL: SHOW COLUMNS FROM `mgqa_timeline` [ RunTime:0.021641s ]
SQL: SHOW COLUMNS FROM `mgqa_follow` [ RunTime:0.014127s ]
SQL: SELECT * FROM `mgqa_follow` WHERE ( us1="SmileC" OR us2="SmileC" )  [ RunTime:0.000342s ]
SQL: SHOW COLUMNS FROM `mgqa_timeline` [ RunTime:0.012931s ]
SQL: SELECT * FROM `mgqa_timeline` WHERE `username` IN ('Testc') ORDER BY id desc LIMIT 0,30   [ RunTime:0.000385s ]
SQL: SHOW COLUMNS FROM `mgqa_question` [ RunTime:0.033604s ]
SQL: SELECT * FROM `mgqa_question` WHERE ( id=1 ) LIMIT 1   [ RunTime:0.000429s ]
SQL: SELECT * FROM `mgqa_question` WHERE ( id=1 ) LIMIT 1   [ RunTime:0.000399s ]
SQL: SHOW COLUMNS FROM `mgqa_answer` [ RunTime:0.022092s ]
SQL: SELECT * FROM `mgqa_answer` WHERE ( id=1 ) LIMIT 1   [ RunTime:0.000396s ]
SQL: SELECT * FROM `mgqa_question` WHERE ( id=1 ) LIMIT 1   [ RunTime:0.000315s ]
DEBUG: Array
(
    [0] => Array
        (
            [id] => 8
            [username] => Testc
            [mode] => 1
            [project_id] => 1
            [status] => 3
            [pushtime] => 2015-03-12 13:43:27
            [content] => Array
                (
                    [id] => 1
                    [username] => SmileC
                    [anonymous] => 0
                    [title] => index的push测试
                    [content] => 
                    [answer] => 0
                    [follow] => 0
                    [status] => 0
                    [time] => 2015-03-12 12:15:31
                    [topic1] => 1
                    [topic2] => 
                    [topic3] => 
                )

            [us_array] => Array
                (
                    [0] => Testc
                )

        )

    [1] => Array
        (
            [id] => 2
            [username] => Testc
            [mode] => 2
            [project_id] => 1
            [status] => 1
            [pushtime] => 2015-03-12 12:15:55
            [content] => Array
                (
                    [id] => 1
                    [question_id] => 1
                    [username] => Testc
                    [content] => 回答测试
                    [agree] => 0
                    [unagree] => 0
                    [time] => 2015-03-12 12:15:55
                    [question_title] => index的push测试
                )

            [us_array] => Array
                (
                    [0] => Testc
                )

        )

)

INFO: [ view_parse ] --START--
INFO: [ template_filter ] --START--
INFO: Run Behavior\ContentReplaceBehavior [ RunTime:0.000062s ]
INFO: [ template_filter ] --END-- [ RunTime:0.000145s ]
SQL: SHOW COLUMNS FROM `mgqa_answer_agree` [ RunTime:0.008279s ]
SQL: SELECT `is_agree` FROM `mgqa_answer_agree` WHERE ( answer_id=1 AND username="SmileC" ) LIMIT 1   [ RunTime:0.000293s ]
SQL: SELECT `is_agree` FROM `mgqa_answer_agree` WHERE ( answer_id=1 AND username="SmileC" ) LIMIT 1   [ RunTime:0.000150s ]
INFO: Run Behavior\ParseTemplateBehavior [ RunTime:0.026101s ]
INFO: [ view_parse ] --END-- [ RunTime:0.026184s ]
INFO: [ view_filter ] --START--
INFO: Run Behavior\WriteHtmlCacheBehavior [ RunTime:0.000504s ]
INFO: [ view_filter ] --END-- [ RunTime:0.000559s ]
INFO: [ app_end ] --START--
INFO: Run Behavior\ShowPageTraceBehavior [ RunTime:0.000593s ]
INFO: [ app_end ] --END-- [ RunTime:0.000649s ]

[ 2015-03-14T09:47:54+08:00 ] 127.0.0.1 /
INFO: [ app_init ] --START--
INFO: Run Behavior\BuildLiteBehavior [ RunTime:0.000021s ]
INFO: [ app_init ] --END-- [ RunTime:0.000465s ]

[ 2015-03-14T09:47:54+08:00 ] 127.0.0.1 /index.php/Home/index/get_timeline.html?page=1
INFO: [ app_init ] --START--
INFO: Run Behavior\BuildLiteBehavior [ RunTime:0.000035s ]
INFO: [ app_init ] --END-- [ RunTime:0.000717s ]
INFO: [ app_begin ] --START--
INFO: Run Behavior\ReadHtmlCacheBehavior [ RunTime:0.000707s ]
INFO: [ app_begin ] --END-- [ RunTime:0.000798s ]
SQL: SHOW COLUMNS FROM `mgqa_timeline` [ RunTime:0.015543s ]
SQL: SHOW COLUMNS FROM `mgqa_follow` [ RunTime:0.012464s ]
SQL: SELECT * FROM `mgqa_follow` WHERE ( us1="SmileC" OR us2="SmileC" )  [ RunTime:0.000318s ]
SQL: SHOW COLUMNS FROM `mgqa_timeline` [ RunTime:0.016166s ]
SQL: SELECT * FROM `mgqa_timeline` WHERE `username` IN ('Testc') ORDER BY id desc LIMIT 0,30   [ RunTime:0.000418s ]
SQL: SHOW COLUMNS FROM `mgqa_question` [ RunTime:0.036417s ]
SQL: SELECT * FROM `mgqa_question` WHERE ( id=1 ) LIMIT 1   [ RunTime:0.000418s ]
SQL: SELECT * FROM `mgqa_question` WHERE ( id=1 ) LIMIT 1   [ RunTime:0.000349s ]
SQL: SHOW COLUMNS FROM `mgqa_answer` [ RunTime:0.036502s ]
SQL: SELECT * FROM `mgqa_answer` WHERE ( id=1 ) LIMIT 1   [ RunTime:0.000272s ]
SQL: SELECT * FROM `mgqa_question` WHERE ( id=1 ) LIMIT 1   [ RunTime:0.000239s ]
DEBUG: Array
(
    [0] => Array
        (
            [id] => 8
            [username] => Testc
            [mode] => 1
            [project_id] => 1
            [status] => 3
            [pushtime] => 2015-03-12 13:43:27
            [content] => Array
                (
                    [id] => 1
                    [username] => SmileC
                    [anonymous] => 0
                    [title] => index的push测试
                    [content] => 
                    [answer] => 0
                    [follow] => 0
                    [status] => 0
                    [time] => 2015-03-12 12:15:31
                    [topic1] => 1
                    [topic2] => 
                    [topic3] => 
                )

            [us_array] => Array
                (
                    [0] => Testc
                )

        )

    [1] => Array
        (
            [id] => 2
            [username] => Testc
            [mode] => 2
            [project_id] => 1
            [status] => 1
            [pushtime] => 2015-03-12 12:15:55
            [content] => Array
                (
                    [id] => 1
                    [question_id] => 1
                    [username] => Testc
                    [content] => 回答测试
                    [agree] => 0
                    [unagree] => 0
                    [time] => 2015-03-12 12:15:55
                    [question_title] => index的push测试
                )

            [us_array] => Array
                (
                    [0] => Testc
                )

        )

)

INFO: [ view_parse ] --START--
INFO: [ template_filter ] --START--
INFO: Run Behavior\ContentReplaceBehavior [ RunTime:0.000090s ]
INFO: [ template_filter ] --END-- [ RunTime:0.000200s ]
SQL: SHOW COLUMNS FROM `mgqa_answer_agree` [ RunTime:0.010947s ]
SQL: SELECT `is_agree` FROM `mgqa_answer_agree` WHERE ( answer_id=1 AND username="SmileC" ) LIMIT 1   [ RunTime:0.000316s ]
SQL: SELECT `is_agree` FROM `mgqa_answer_agree` WHERE ( answer_id=1 AND username="SmileC" ) LIMIT 1   [ RunTime:0.000240s ]
INFO: Run Behavior\ParseTemplateBehavior [ RunTime:0.029275s ]
INFO: [ view_parse ] --END-- [ RunTime:0.029369s ]
INFO: [ view_filter ] --START--
INFO: Run Behavior\WriteHtmlCacheBehavior [ RunTime:0.000645s ]
INFO: [ view_filter ] --END-- [ RunTime:0.000732s ]
INFO: [ app_end ] --START--
INFO: Run Behavior\ShowPageTraceBehavior [ RunTime:0.000895s ]
INFO: [ app_end ] --END-- [ RunTime:0.000999s ]

[ 2015-03-14T09:48:20+08:00 ] 127.0.0.1 /
INFO: [ app_init ] --START--
INFO: Run Behavior\BuildLiteBehavior [ RunTime:0.000019s ]
INFO: [ app_init ] --END-- [ RunTime:0.000368s ]

[ 2015-03-14T09:48:20+08:00 ] 127.0.0.1 /index.php/Home/index/get_timeline.html?page=1
INFO: [ app_init ] --START--
INFO: Run Behavior\BuildLiteBehavior [ RunTime:0.000022s ]
INFO: [ app_init ] --END-- [ RunTime:0.000587s ]
INFO: [ app_begin ] --START--
INFO: Run Behavior\ReadHtmlCacheBehavior [ RunTime:0.001133s ]
INFO: [ app_begin ] --END-- [ RunTime:0.001245s ]
SQL: SHOW COLUMNS FROM `mgqa_timeline` [ RunTime:0.014272s ]
SQL: SHOW COLUMNS FROM `mgqa_follow` [ RunTime:0.013995s ]
SQL: SELECT * FROM `mgqa_follow` WHERE ( us1="SmileC" OR us2="SmileC" )  [ RunTime:0.000274s ]
SQL: SHOW COLUMNS FROM `mgqa_timeline` [ RunTime:0.026376s ]
SQL: SELECT * FROM `mgqa_timeline` WHERE `username` IN ('Testc') ORDER BY id desc LIMIT 0,30   [ RunTime:0.000398s ]
SQL: SHOW COLUMNS FROM `mgqa_question` [ RunTime:0.032772s ]
SQL: SELECT * FROM `mgqa_question` WHERE ( id=1 ) LIMIT 1   [ RunTime:0.000404s ]
SQL: SELECT * FROM `mgqa_question` WHERE ( id=1 ) LIMIT 1   [ RunTime:0.000377s ]
SQL: SHOW COLUMNS FROM `mgqa_answer` [ RunTime:0.013457s ]
SQL: SELECT * FROM `mgqa_answer` WHERE ( id=1 ) LIMIT 1   [ RunTime:0.000247s ]
SQL: SELECT * FROM `mgqa_question` WHERE ( id=1 ) LIMIT 1   [ RunTime:0.000170s ]
DEBUG: Array
(
    [0] => Array
        (
            [id] => 8
            [username] => Testc
            [mode] => 1
            [project_id] => 1
            [status] => 3
            [pushtime] => 2015-03-12 13:43:27
            [content] => Array
                (
                    [id] => 1
                    [username] => SmileC
                    [anonymous] => 0
                    [title] => index的push测试
                    [content] => 
                    [answer] => 0
                    [follow] => 0
                    [status] => 0
                    [time] => 2015-03-12 12:15:31
                    [topic1] => 1
                    [topic2] => 
                    [topic3] => 
                )

            [us_array] => Array
                (
                    [0] => Testc
                )

        )

    [1] => Array
        (
            [id] => 2
            [username] => Testc
            [mode] => 2
            [project_id] => 1
            [status] => 1
            [pushtime] => 2015-03-12 12:15:55
            [content] => Array
                (
                    [id] => 1
                    [question_id] => 1
                    [username] => Testc
                    [content] => 回答测试
                    [agree] => 0
                    [unagree] => 0
                    [time] => 2015-03-12 12:15:55
                    [question_title] => index的push测试
                )

            [us_array] => Array
                (
                    [0] => Testc
                )

        )

)

INFO: [ view_parse ] --START--
INFO: [ template_filter ] --START--
INFO: Run Behavior\ContentReplaceBehavior [ RunTime:0.000060s ]
INFO: [ template_filter ] --END-- [ RunTime:0.000132s ]
SQL: SHOW COLUMNS FROM `mgqa_answer_agree` [ RunTime:0.008269s ]
SQL: SELECT `is_agree` FROM `mgqa_answer_agree` WHERE ( answer_id=1 AND username="SmileC" ) LIMIT 1   [ RunTime:0.000205s ]
SQL: SELECT `is_agree` FROM `mgqa_answer_agree` WHERE ( answer_id=1 AND username="SmileC" ) LIMIT 1   [ RunTime:0.000118s ]
INFO: Run Behavior\ParseTemplateBehavior [ RunTime:0.021831s ]
INFO: [ view_parse ] --END-- [ RunTime:0.021895s ]
INFO: [ view_filter ] --START--
INFO: Run Behavior\WriteHtmlCacheBehavior [ RunTime:0.000559s ]
INFO: [ view_filter ] --END-- [ RunTime:0.000613s ]
INFO: [ app_end ] --START--
INFO: Run Behavior\ShowPageTraceBehavior [ RunTime:0.000664s ]
INFO: [ app_end ] --END-- [ RunTime:0.000719s ]

[ 2015-03-14T09:48:33+08:00 ] 127.0.0.1 /
INFO: [ app_init ] --START--
INFO: Run Behavior\BuildLiteBehavior [ RunTime:0.000031s ]
INFO: [ app_init ] --END-- [ RunTime:0.000614s ]

[ 2015-03-14T09:48:34+08:00 ] 127.0.0.1 /index.php/Home/index/get_timeline.html?page=1
INFO: [ app_init ] --START--
INFO: Run Behavior\BuildLiteBehavior [ RunTime:0.000019s ]
INFO: [ app_init ] --END-- [ RunTime:0.000383s ]
INFO: [ app_begin ] --START--
INFO: Run Behavior\ReadHtmlCacheBehavior [ RunTime:0.000595s ]
INFO: [ app_begin ] --END-- [ RunTime:0.000670s ]
SQL: SHOW COLUMNS FROM `mgqa_timeline` [ RunTime:0.012242s ]
SQL: SHOW COLUMNS FROM `mgqa_follow` [ RunTime:0.011480s ]
SQL: SELECT * FROM `mgqa_follow` WHERE ( us1="SmileC" OR us2="SmileC" )  [ RunTime:0.000303s ]
SQL: SHOW COLUMNS FROM `mgqa_timeline` [ RunTime:0.011536s ]
SQL: SELECT * FROM `mgqa_timeline` WHERE `username` IN ('Testc') ORDER BY id desc LIMIT 0,30   [ RunTime:0.000324s ]
SQL: SHOW COLUMNS FROM `mgqa_question` [ RunTime:0.033224s ]
SQL: SELECT * FROM `mgqa_question` WHERE ( id=1 ) LIMIT 1   [ RunTime:0.000780s ]
SQL: SELECT * FROM `mgqa_question` WHERE ( id=1 ) LIMIT 1   [ RunTime:0.000411s ]
SQL: SHOW COLUMNS FROM `mgqa_answer` [ RunTime:0.018585s ]
SQL: SELECT * FROM `mgqa_answer` WHERE ( id=1 ) LIMIT 1   [ RunTime:0.000490s ]
SQL: SELECT * FROM `mgqa_question` WHERE ( id=1 ) LIMIT 1   [ RunTime:0.000655s ]
DEBUG: Array
(
    [0] => Array
        (
            [id] => 8
            [username] => Testc
            [mode] => 1
            [project_id] => 1
            [status] => 3
            [pushtime] => 2015-03-12 13:43:27
            [content] => Array
                (
                    [id] => 1
                    [username] => SmileC
                    [anonymous] => 0
                    [title] => index的push测试
                    [content] => 
                    [answer] => 0
                    [follow] => 0
                    [status] => 0
                    [time] => 2015-03-12 12:15:31
                    [topic1] => 1
                    [topic2] => 
                    [topic3] => 
                )

            [us_array] => Array
                (
                    [0] => Testc
                )

        )

    [1] => Array
        (
            [id] => 2
            [username] => Testc
            [mode] => 2
            [project_id] => 1
            [status] => 1
            [pushtime] => 2015-03-12 12:15:55
            [content] => Array
                (
                    [id] => 1
                    [question_id] => 1
                    [username] => Testc
                    [content] => 回答测试
                    [agree] => 0
                    [unagree] => 0
                    [time] => 2015-03-12 12:15:55
                    [question_title] => index的push测试
                )

            [us_array] => Array
                (
                    [0] => Testc
                )

        )

)

INFO: [ view_parse ] --START--
INFO: [ template_filter ] --START--
INFO: Run Behavior\ContentReplaceBehavior [ RunTime:0.000064s ]
INFO: [ template_filter ] --END-- [ RunTime:0.000152s ]
SQL: SHOW COLUMNS FROM `mgqa_answer_agree` [ RunTime:0.016497s ]
SQL: SELECT `is_agree` FROM `mgqa_answer_agree` WHERE ( answer_id=1 AND username="SmileC" ) LIMIT 1   [ RunTime:0.000266s ]
SQL: SELECT `is_agree` FROM `mgqa_answer_agree` WHERE ( answer_id=1 AND username="SmileC" ) LIMIT 1   [ RunTime:0.000159s ]
INFO: Run Behavior\ParseTemplateBehavior [ RunTime:0.035798s ]
INFO: [ view_parse ] --END-- [ RunTime:0.035887s ]
INFO: [ view_filter ] --START--
INFO: Run Behavior\WriteHtmlCacheBehavior [ RunTime:0.000729s ]
INFO: [ view_filter ] --END-- [ RunTime:0.000840s ]
INFO: [ app_end ] --START--
INFO: Run Behavior\ShowPageTraceBehavior [ RunTime:0.001014s ]
INFO: [ app_end ] --END-- [ RunTime:0.001147s ]

[ 2015-03-14T09:49:46+08:00 ] 127.0.0.1 /
INFO: [ app_init ] --START--
INFO: Run Behavior\BuildLiteBehavior [ RunTime:0.000021s ]
INFO: [ app_init ] --END-- [ RunTime:0.000425s ]

[ 2015-03-14T09:49:46+08:00 ] 127.0.0.1 /index.php/Home/index/get_timeline.html?page=1
INFO: [ app_init ] --START--
INFO: Run Behavior\BuildLiteBehavior [ RunTime:0.000020s ]
INFO: [ app_init ] --END-- [ RunTime:0.000423s ]
INFO: [ app_begin ] --START--
INFO: Run Behavior\ReadHtmlCacheBehavior [ RunTime:0.001128s ]
INFO: [ app_begin ] --END-- [ RunTime:0.001285s ]
SQL: SHOW COLUMNS FROM `mgqa_timeline` [ RunTime:0.015091s ]
SQL: SHOW COLUMNS FROM `mgqa_follow` [ RunTime:0.015331s ]
SQL: SELECT * FROM `mgqa_follow` WHERE ( us1="SmileC" OR us2="SmileC" )  [ RunTime:0.000268s ]
SQL: SHOW COLUMNS FROM `mgqa_timeline` [ RunTime:0.016616s ]
SQL: SELECT * FROM `mgqa_timeline` WHERE `username` IN ('Testc') ORDER BY id desc LIMIT 0,30   [ RunTime:0.000663s ]
SQL: SHOW COLUMNS FROM `mgqa_question` [ RunTime:0.024753s ]
SQL: SELECT * FROM `mgqa_question` WHERE ( id=1 ) LIMIT 1   [ RunTime:0.000288s ]
SQL: SELECT * FROM `mgqa_question` WHERE ( id=1 ) LIMIT 1   [ RunTime:0.000194s ]
SQL: SHOW COLUMNS FROM `mgqa_answer` [ RunTime:0.016151s ]
SQL: SELECT * FROM `mgqa_answer` WHERE ( id=1 ) LIMIT 1   [ RunTime:0.001078s ]
SQL: SELECT * FROM `mgqa_question` WHERE ( id=1 ) LIMIT 1   [ RunTime:0.000425s ]
DEBUG: Array
(
    [0] => Array
        (
            [id] => 8
            [username] => Testc
            [mode] => 1
            [project_id] => 1
            [status] => 3
            [pushtime] => 2015-03-12 13:43:27
            [content] => Array
                (
                    [id] => 1
                    [username] => SmileC
                    [anonymous] => 0
                    [title] => index的push测试
                    [content] => 
                    [answer] => 0
                    [follow] => 0
                    [status] => 0
                    [time] => 2015-03-12 12:15:31
                    [topic1] => 1
                    [topic2] => 
                    [topic3] => 
                )

            [us_array] => Array
                (
                    [0] => Testc
                )

        )

    [1] => Array
        (
            [id] => 2
            [username] => Testc
            [mode] => 2
            [project_id] => 1
            [status] => 1
            [pushtime] => 2015-03-12 12:15:55
            [content] => Array
                (
                    [id] => 1
                    [question_id] => 1
                    [username] => Testc
                    [content] => 回答测试
                    [agree] => 0
                    [unagree] => 0
                    [time] => 2015-03-12 12:15:55
                    [question_title] => index的push测试
                )

            [us_array] => Array
                (
                    [0] => Testc
                )

        )

)

INFO: [ view_parse ] --START--
INFO: [ template_filter ] --START--
INFO: Run Behavior\ContentReplaceBehavior [ RunTime:0.000062s ]
INFO: [ template_filter ] --END-- [ RunTime:0.000146s ]
SQL: SHOW COLUMNS FROM `mgqa_answer_agree` [ RunTime:0.009446s ]
SQL: SELECT `is_agree` FROM `mgqa_answer_agree` WHERE ( answer_id=1 AND username="SmileC" ) LIMIT 1   [ RunTime:0.000314s ]
SQL: SELECT `is_agree` FROM `mgqa_answer_agree` WHERE ( answer_id=1 AND username="SmileC" ) LIMIT 1   [ RunTime:0.000122s ]
INFO: Run Behavior\ParseTemplateBehavior [ RunTime:0.028445s ]
INFO: [ view_parse ] --END-- [ RunTime:0.028530s ]
INFO: [ view_filter ] --START--
INFO: Run Behavior\WriteHtmlCacheBehavior [ RunTime:0.000579s ]
INFO: [ view_filter ] --END-- [ RunTime:0.000633s ]
INFO: [ app_end ] --START--
INFO: Run Behavior\ShowPageTraceBehavior [ RunTime:0.000660s ]
INFO: [ app_end ] --END-- [ RunTime:0.000714s ]

[ 2015-03-14T09:50:14+08:00 ] 127.0.0.1 /
INFO: [ app_init ] --START--
INFO: Run Behavior\BuildLiteBehavior [ RunTime:0.000022s ]
INFO: [ app_init ] --END-- [ RunTime:0.000510s ]

[ 2015-03-14T09:50:14+08:00 ] 127.0.0.1 /index.php/Home/index/get_timeline.html?page=1
INFO: [ app_init ] --START--
INFO: Run Behavior\BuildLiteBehavior [ RunTime:0.000037s ]
INFO: [ app_init ] --END-- [ RunTime:0.000724s ]
INFO: [ app_begin ] --START--
INFO: Run Behavior\ReadHtmlCacheBehavior [ RunTime:0.001366s ]
INFO: [ app_begin ] --END-- [ RunTime:0.001520s ]
SQL: SHOW COLUMNS FROM `mgqa_timeline` [ RunTime:0.014896s ]
SQL: SHOW COLUMNS FROM `mgqa_follow` [ RunTime:0.017715s ]
SQL: SELECT * FROM `mgqa_follow` WHERE ( us1="SmileC" OR us2="SmileC" )  [ RunTime:0.000285s ]
SQL: SHOW COLUMNS FROM `mgqa_timeline` [ RunTime:0.015326s ]
SQL: SELECT * FROM `mgqa_timeline` WHERE `username` IN ('Testc') ORDER BY id desc LIMIT 0,30   [ RunTime:0.000436s ]
SQL: SHOW COLUMNS FROM `mgqa_question` [ RunTime:0.033114s ]
SQL: SELECT * FROM `mgqa_question` WHERE ( id=1 ) LIMIT 1   [ RunTime:0.002097s ]
SQL: SELECT * FROM `mgqa_question` WHERE ( id=1 ) LIMIT 1   [ RunTime:0.000718s ]
SQL: SHOW COLUMNS FROM `mgqa_answer` [ RunTime:0.030090s ]
SQL: SELECT * FROM `mgqa_answer` WHERE ( id=1 ) LIMIT 1   [ RunTime:0.000602s ]
SQL: SELECT * FROM `mgqa_question` WHERE ( id=1 ) LIMIT 1   [ RunTime:0.000466s ]
DEBUG: Array
(
    [0] => Array
        (
            [id] => 8
            [username] => Testc
            [mode] => 1
            [project_id] => 1
            [status] => 3
            [pushtime] => 2015-03-12 13:43:27
            [content] => Array
                (
                    [id] => 1
                    [username] => SmileC
                    [anonymous] => 0
                    [title] => index的push测试
                    [content] => 
                    [answer] => 0
                    [follow] => 0
                    [status] => 0
                    [time] => 2015-03-12 12:15:31
                    [topic1] => 1
                    [topic2] => 
                    [topic3] => 
                )

            [us_array] => Array
                (
                    [0] => Testc
                )

        )

    [1] => Array
        (
            [id] => 2
            [username] => Testc
            [mode] => 2
            [project_id] => 1
            [status] => 1
            [pushtime] => 2015-03-12 12:15:55
            [content] => Array
                (
                    [id] => 1
                    [question_id] => 1
                    [username] => Testc
                    [content] => 回答测试
                    [agree] => 0
                    [unagree] => 0
                    [time] => 2015-03-12 12:15:55
                    [question_title] => index的push测试
                )

            [us_array] => Array
                (
                    [0] => Testc
                )

        )

)

INFO: [ view_parse ] --START--
INFO: [ template_filter ] --START--
INFO: Run Behavior\ContentReplaceBehavior [ RunTime:0.000098s ]
INFO: [ template_filter ] --END-- [ RunTime:0.000225s ]
SQL: SHOW COLUMNS FROM `mgqa_answer_agree` [ RunTime:0.012577s ]
SQL: SELECT `is_agree` FROM `mgqa_answer_agree` WHERE ( answer_id=1 AND username="SmileC" ) LIMIT 1   [ RunTime:0.000709s ]
SQL: SELECT `is_agree` FROM `mgqa_answer_agree` WHERE ( answer_id=1 AND username="SmileC" ) LIMIT 1   [ RunTime:0.000244s ]
INFO: Run Behavior\ParseTemplateBehavior [ RunTime:0.032219s ]
INFO: [ view_parse ] --END-- [ RunTime:0.032308s ]
INFO: [ view_filter ] --START--
INFO: Run Behavior\WriteHtmlCacheBehavior [ RunTime:0.000637s ]
INFO: [ view_filter ] --END-- [ RunTime:0.000735s ]
INFO: [ app_end ] --START--
INFO: Run Behavior\ShowPageTraceBehavior [ RunTime:0.000841s ]
INFO: [ app_end ] --END-- [ RunTime:0.000908s ]

[ 2015-03-14T09:55:58+08:00 ] 127.0.0.1 /
INFO: [ app_init ] --START--
INFO: Run Behavior\BuildLiteBehavior [ RunTime:0.000040s ]
INFO: [ app_init ] --END-- [ RunTime:0.000794s ]

[ 2015-03-14T09:55:58+08:00 ] 127.0.0.1 /index.php/Home/index/get_timeline.html?page=1
INFO: [ app_init ] --START--
INFO: Run Behavior\BuildLiteBehavior [ RunTime:0.000034s ]
INFO: [ app_init ] --END-- [ RunTime:0.000670s ]
INFO: [ app_begin ] --START--
INFO: Run Behavior\ReadHtmlCacheBehavior [ RunTime:0.000687s ]
INFO: [ app_begin ] --END-- [ RunTime:0.000773s ]
SQL: SHOW COLUMNS FROM `mgqa_timeline` [ RunTime:0.019619s ]
SQL: SHOW COLUMNS FROM `mgqa_follow` [ RunTime:0.015683s ]
SQL: SELECT * FROM `mgqa_follow` WHERE ( us1="SmileC" OR us2="SmileC" )  [ RunTime:0.000433s ]
SQL: SHOW COLUMNS FROM `mgqa_timeline` [ RunTime:0.018712s ]
SQL: SELECT * FROM `mgqa_timeline` WHERE `username` IN ('Testc') ORDER BY id desc LIMIT 0,30   [ RunTime:0.000587s ]
SQL: SHOW COLUMNS FROM `mgqa_question` [ RunTime:0.037407s ]
SQL: SELECT * FROM `mgqa_question` WHERE ( id=1 ) LIMIT 1   [ RunTime:0.000273s ]
SQL: SELECT * FROM `mgqa_question` WHERE ( id=1 ) LIMIT 1   [ RunTime:0.000220s ]
SQL: SHOW COLUMNS FROM `mgqa_answer` [ RunTime:0.011967s ]
SQL: SELECT * FROM `mgqa_answer` WHERE ( id=1 ) LIMIT 1   [ RunTime:0.000337s ]
SQL: SELECT * FROM `mgqa_question` WHERE ( id=1 ) LIMIT 1   [ RunTime:0.000219s ]
DEBUG: Array
(
    [0] => Array
        (
            [id] => 8
            [username] => Testc
            [mode] => 1
            [project_id] => 1
            [status] => 3
            [pushtime] => 2015-03-12 13:43:27
            [content] => Array
                (
                    [id] => 1
                    [username] => SmileC
                    [anonymous] => 0
                    [title] => index的push测试
                    [content] => 
                    [answer] => 0
                    [follow] => 0
                    [status] => 0
                    [time] => 2015-03-12 12:15:31
                    [topic1] => 1
                    [topic2] => 
                    [topic3] => 
                )

            [us_array] => Array
                (
                    [0] => Testc
                )

        )

    [1] => Array
        (
            [id] => 2
            [username] => Testc
            [mode] => 2
            [project_id] => 1
            [status] => 1
            [pushtime] => 2015-03-12 12:15:55
            [content] => Array
                (
                    [id] => 1
                    [question_id] => 1
                    [username] => Testc
                    [content] => 回答测试
                    [agree] => 0
                    [unagree] => 0
                    [time] => 2015-03-12 12:15:55
                    [question_title] => index的push测试
                )

            [us_array] => Array
                (
                    [0] => Testc
                )

        )

)

INFO: [ view_parse ] --START--
INFO: [ template_filter ] --START--
INFO: Run Behavior\ContentReplaceBehavior [ RunTime:0.000060s ]
INFO: [ template_filter ] --END-- [ RunTime:0.000129s ]
SQL: SHOW COLUMNS FROM `mgqa_answer_agree` [ RunTime:0.008446s ]
SQL: SELECT `is_agree` FROM `mgqa_answer_agree` WHERE ( answer_id=1 AND username="SmileC" ) LIMIT 1   [ RunTime:0.000221s ]
SQL: SELECT `is_agree` FROM `mgqa_answer_agree` WHERE ( answer_id=1 AND username="SmileC" ) LIMIT 1   [ RunTime:0.000118s ]
INFO: Run Behavior\ParseTemplateBehavior [ RunTime:0.021137s ]
INFO: [ view_parse ] --END-- [ RunTime:0.021202s ]
INFO: [ view_filter ] --START--
INFO: Run Behavior\WriteHtmlCacheBehavior [ RunTime:0.000458s ]
INFO: [ view_filter ] --END-- [ RunTime:0.000512s ]
INFO: [ app_end ] --START--
INFO: Run Behavior\ShowPageTraceBehavior [ RunTime:0.000582s ]
INFO: [ app_end ] --END-- [ RunTime:0.000637s ]

[ 2015-03-14T09:58:28+08:00 ] 127.0.0.1 /
INFO: [ app_init ] --START--
INFO: Run Behavior\BuildLiteBehavior [ RunTime:0.000021s ]
INFO: [ app_init ] --END-- [ RunTime:0.000418s ]

[ 2015-03-14T09:58:28+08:00 ] 127.0.0.1 /index.php/Home/index/get_timeline.html?page=1
INFO: [ app_init ] --START--
INFO: Run Behavior\BuildLiteBehavior [ RunTime:0.000034s ]
INFO: [ app_init ] --END-- [ RunTime:0.001866s ]
INFO: [ app_begin ] --START--
INFO: Run Behavior\ReadHtmlCacheBehavior [ RunTime:0.001254s ]
INFO: [ app_begin ] --END-- [ RunTime:0.001446s ]
SQL: SHOW COLUMNS FROM `mgqa_timeline` [ RunTime:0.018545s ]
SQL: SHOW COLUMNS FROM `mgqa_follow` [ RunTime:0.018135s ]
SQL: SELECT * FROM `mgqa_follow` WHERE ( us1="SmileC" OR us2="SmileC" )  [ RunTime:0.000371s ]
SQL: SHOW COLUMNS FROM `mgqa_timeline` [ RunTime:0.013656s ]
SQL: SELECT * FROM `mgqa_timeline` WHERE `username` IN ('Testc') ORDER BY id desc LIMIT 0,30   [ RunTime:0.000456s ]
SQL: SHOW COLUMNS FROM `mgqa_question` [ RunTime:0.044698s ]
SQL: SELECT * FROM `mgqa_question` WHERE ( id=1 ) LIMIT 1   [ RunTime:0.000374s ]
SQL: SELECT * FROM `mgqa_question` WHERE ( id=1 ) LIMIT 1   [ RunTime:0.000348s ]
SQL: SHOW COLUMNS FROM `mgqa_answer` [ RunTime:0.020181s ]
SQL: SELECT * FROM `mgqa_answer` WHERE ( id=1 ) LIMIT 1   [ RunTime:0.000670s ]
SQL: SELECT * FROM `mgqa_question` WHERE ( id=1 ) LIMIT 1   [ RunTime:0.000561s ]
DEBUG: Array
(
    [0] => Array
        (
            [id] => 8
            [username] => Testc
            [mode] => 1
            [project_id] => 1
            [status] => 3
            [pushtime] => 2015-03-12 13:43:27
            [content] => Array
                (
                    [id] => 1
                    [username] => SmileC
                    [anonymous] => 0
                    [title] => index的push测试
                    [content] => 
                    [answer] => 0
                    [follow] => 0
                    [status] => 0
                    [time] => 2015-03-12 12:15:31
                    [topic1] => 1
                    [topic2] => 
                    [topic3] => 
                )

            [us_array] => Array
                (
                    [0] => Testc
                )

        )

    [1] => Array
        (
            [id] => 2
            [username] => Testc
            [mode] => 2
            [project_id] => 1
            [status] => 1
            [pushtime] => 2015-03-12 12:15:55
            [content] => Array
                (
                    [id] => 1
                    [question_id] => 1
                    [username] => Testc
                    [content] => 回答测试
                    [agree] => 0
                    [unagree] => 0
                    [time] => 2015-03-12 12:15:55
                    [question_title] => index的push测试
                )

            [us_array] => Array
                (
                    [0] => Testc
                )

        )

)

INFO: [ view_parse ] --START--
INFO: [ template_filter ] --START--
INFO: Run Behavior\ContentReplaceBehavior [ RunTime:0.000113s ]
INFO: [ template_filter ] --END-- [ RunTime:0.000275s ]
SQL: SHOW COLUMNS FROM `mgqa_answer_agree` [ RunTime:0.010152s ]
SQL: SELECT `is_agree` FROM `mgqa_answer_agree` WHERE ( answer_id=1 AND username="SmileC" ) LIMIT 1   [ RunTime:0.000285s ]
SQL: SELECT `is_agree` FROM `mgqa_answer_agree` WHERE ( answer_id=1 AND username="SmileC" ) LIMIT 1   [ RunTime:0.000297s ]
INFO: Run Behavior\ParseTemplateBehavior [ RunTime:0.030715s ]
INFO: [ view_parse ] --END-- [ RunTime:0.030801s ]
INFO: [ view_filter ] --START--
INFO: Run Behavior\WriteHtmlCacheBehavior [ RunTime:0.000841s ]
INFO: [ view_filter ] --END-- [ RunTime:0.000918s ]
INFO: [ app_end ] --START--
INFO: Run Behavior\ShowPageTraceBehavior [ RunTime:0.000914s ]
INFO: [ app_end ] --END-- [ RunTime:0.000990s ]

[ 2015-03-14T09:59:42+08:00 ] 127.0.0.1 /
INFO: [ app_init ] --START--
INFO: Run Behavior\BuildLiteBehavior [ RunTime:0.000020s ]
INFO: [ app_init ] --END-- [ RunTime:0.000426s ]

[ 2015-03-14T09:59:42+08:00 ] 127.0.0.1 /index.php/Home/index/get_timeline.html?page=1
INFO: [ app_init ] --START--
INFO: Run Behavior\BuildLiteBehavior [ RunTime:0.000024s ]
INFO: [ app_init ] --END-- [ RunTime:0.000619s ]
INFO: [ app_begin ] --START--
INFO: Run Behavior\ReadHtmlCacheBehavior [ RunTime:0.000687s ]
INFO: [ app_begin ] --END-- [ RunTime:0.000770s ]
SQL: SHOW COLUMNS FROM `mgqa_timeline` [ RunTime:0.015207s ]
SQL: SHOW COLUMNS FROM `mgqa_follow` [ RunTime:0.025362s ]
SQL: SELECT * FROM `mgqa_follow` WHERE ( us1="SmileC" OR us2="SmileC" )  [ RunTime:0.000319s ]
SQL: SHOW COLUMNS FROM `mgqa_timeline` [ RunTime:0.017150s ]
SQL: SELECT * FROM `mgqa_timeline` WHERE `username` IN ('Testc') ORDER BY id desc LIMIT 0,30   [ RunTime:0.000349s ]
SQL: SHOW COLUMNS FROM `mgqa_question` [ RunTime:0.022706s ]
SQL: SELECT * FROM `mgqa_question` WHERE ( id=1 ) LIMIT 1   [ RunTime:0.000250s ]
SQL: SELECT * FROM `mgqa_question` WHERE ( id=1 ) LIMIT 1   [ RunTime:0.000165s ]
SQL: SHOW COLUMNS FROM `mgqa_answer` [ RunTime:0.012603s ]
SQL: SELECT * FROM `mgqa_answer` WHERE ( id=1 ) LIMIT 1   [ RunTime:0.000234s ]
SQL: SELECT * FROM `mgqa_question` WHERE ( id=1 ) LIMIT 1   [ RunTime:0.000174s ]
DEBUG: Array
(
    [0] => Array
        (
            [id] => 8
            [username] => Testc
            [mode] => 1
            [project_id] => 1
            [status] => 3
            [pushtime] => 2015-03-12 13:43:27
            [content] => Array
                (
                    [id] => 1
                    [username] => SmileC
                    [anonymous] => 0
                    [title] => index的push测试
                    [content] => 
                    [answer] => 0
                    [follow] => 0
                    [status] => 0
                    [time] => 2015-03-12 12:15:31
                    [topic1] => 1
                    [topic2] => 
                    [topic3] => 
                )

            [us_array] => Array
                (
                    [0] => Testc
                )

        )

    [1] => Array
        (
            [id] => 2
            [username] => Testc
            [mode] => 2
            [project_id] => 1
            [status] => 1
            [pushtime] => 2015-03-12 12:15:55
            [content] => Array
                (
                    [id] => 1
                    [question_id] => 1
                    [username] => Testc
                    [content] => 回答测试
                    [agree] => 0
                    [unagree] => 0
                    [time] => 2015-03-12 12:15:55
                    [question_title] => index的push测试
                )

            [us_array] => Array
                (
                    [0] => Testc
                )

        )

)

INFO: [ view_parse ] --START--
INFO: [ template_filter ] --START--
INFO: Run Behavior\ContentReplaceBehavior [ RunTime:0.000102s ]
INFO: [ template_filter ] --END-- [ RunTime:0.000231s ]
SQL: SHOW COLUMNS FROM `mgqa_answer_agree` [ RunTime:0.007553s ]
SQL: SELECT `is_agree` FROM `mgqa_answer_agree` WHERE ( answer_id=1 AND username="SmileC" ) LIMIT 1   [ RunTime:0.000202s ]
SQL: SELECT `is_agree` FROM `mgqa_answer_agree` WHERE ( answer_id=1 AND username="SmileC" ) LIMIT 1   [ RunTime:0.000117s ]
INFO: Run Behavior\ParseTemplateBehavior [ RunTime:0.021920s ]
INFO: [ view_parse ] --END-- [ RunTime:0.021984s ]
INFO: [ view_filter ] --START--
INFO: Run Behavior\WriteHtmlCacheBehavior [ RunTime:0.000572s ]
INFO: [ view_filter ] --END-- [ RunTime:0.000660s ]
INFO: [ app_end ] --START--
INFO: Run Behavior\ShowPageTraceBehavior [ RunTime:0.001075s ]
INFO: [ app_end ] --END-- [ RunTime:0.001196s ]

[ 2015-03-14T10:17:12+08:00 ] 202.105.21.220 /
INFO: [ app_init ] --START--
INFO: Run Behavior\BuildLiteBehavior [ RunTime:0.000031s ]
INFO: [ app_init ] --END-- [ RunTime:0.000586s ]

[ 2015-03-14T10:17:13+08:00 ] 202.105.21.220 /
INFO: [ app_init ] --START--
INFO: Run Behavior\BuildLiteBehavior [ RunTime:0.000036s ]
INFO: [ app_init ] --END-- [ RunTime:0.000854s ]

[ 2015-03-14T10:30:37+08:00 ] 127.0.0.1 /
INFO: [ app_init ] --START--
INFO: Run Behavior\BuildLiteBehavior [ RunTime:0.000028s ]
INFO: [ app_init ] --END-- [ RunTime:0.006407s ]

[ 2015-03-14T10:30:37+08:00 ] 127.0.0.1 /index.php/Home/index/get_timeline.html?page=1
INFO: [ app_init ] --START--
INFO: Run Behavior\BuildLiteBehavior [ RunTime:0.000020s ]
INFO: [ app_init ] --END-- [ RunTime:0.000416s ]
INFO: [ app_begin ] --START--
INFO: Run Behavior\ReadHtmlCacheBehavior [ RunTime:0.000621s ]
INFO: [ app_begin ] --END-- [ RunTime:0.000696s ]
SQL: SHOW COLUMNS FROM `mgqa_timeline` [ RunTime:0.021292s ]
SQL: SHOW COLUMNS FROM `mgqa_follow` [ RunTime:0.020260s ]
SQL: SELECT * FROM `mgqa_follow` WHERE ( us1="SmileC" OR us2="SmileC" )  [ RunTime:0.000287s ]
SQL: SHOW COLUMNS FROM `mgqa_timeline` [ RunTime:0.015055s ]
SQL: SELECT * FROM `mgqa_timeline` WHERE `username` IN ('Testc') ORDER BY id desc LIMIT 0,30   [ RunTime:0.000366s ]
SQL: SHOW COLUMNS FROM `mgqa_question` [ RunTime:0.034540s ]
SQL: SELECT * FROM `mgqa_question` WHERE ( id=1 ) LIMIT 1   [ RunTime:0.000267s ]
SQL: SELECT * FROM `mgqa_question` WHERE ( id=1 ) LIMIT 1   [ RunTime:0.000166s ]
SQL: SHOW COLUMNS FROM `mgqa_answer` [ RunTime:0.015583s ]
SQL: SELECT * FROM `mgqa_answer` WHERE ( id=1 ) LIMIT 1   [ RunTime:0.000260s ]
SQL: SELECT * FROM `mgqa_question` WHERE ( id=1 ) LIMIT 1   [ RunTime:0.000234s ]
DEBUG: Array
(
    [0] => Array
        (
            [id] => 8
            [username] => Testc
            [mode] => 1
            [project_id] => 1
            [status] => 3
            [pushtime] => 2015-03-12 13:43:27
            [content] => Array
                (
                    [id] => 1
                    [username] => SmileC
                    [anonymous] => 0
                    [title] => index的push测试
                    [content] => 
                    [answer] => 0
                    [follow] => 0
                    [status] => 0
                    [time] => 2015-03-12 12:15:31
                    [topic1] => 1
                    [topic2] => 
                    [topic3] => 
                )

            [us_array] => Array
                (
                    [0] => Testc
                )

        )

    [1] => Array
        (
            [id] => 2
            [username] => Testc
            [mode] => 2
            [project_id] => 1
            [status] => 1
            [pushtime] => 2015-03-12 12:15:55
            [content] => Array
                (
                    [id] => 1
                    [question_id] => 1
                    [username] => Testc
                    [content] => 回答测试
                    [agree] => 0
                    [unagree] => 0
                    [time] => 2015-03-12 12:15:55
                    [question_title] => index的push测试
                )

            [us_array] => Array
                (
                    [0] => Testc
                )

        )

)

INFO: [ view_parse ] --START--
INFO: [ template_filter ] --START--
INFO: Run Behavior\ContentReplaceBehavior [ RunTime:0.000061s ]
INFO: [ template_filter ] --END-- [ RunTime:0.000141s ]
SQL: SHOW COLUMNS FROM `mgqa_answer_agree` [ RunTime:0.010805s ]
SQL: SELECT `is_agree` FROM `mgqa_answer_agree` WHERE ( answer_id=1 AND username="SmileC" ) LIMIT 1   [ RunTime:0.000219s ]
SQL: SELECT `is_agree` FROM `mgqa_answer_agree` WHERE ( answer_id=1 AND username="SmileC" ) LIMIT 1   [ RunTime:0.000118s ]
INFO: Run Behavior\ParseTemplateBehavior [ RunTime:0.052087s ]
INFO: [ view_parse ] --END-- [ RunTime:0.052158s ]
INFO: [ view_filter ] --START--
INFO: Run Behavior\WriteHtmlCacheBehavior [ RunTime:0.000469s ]
INFO: [ view_filter ] --END-- [ RunTime:0.000521s ]
INFO: [ app_end ] --START--
INFO: Run Behavior\ShowPageTraceBehavior [ RunTime:0.000641s ]
INFO: [ app_end ] --END-- [ RunTime:0.000696s ]

[ 2015-03-14T10:40:33+08:00 ] 127.0.0.1 /
INFO: [ app_init ] --START--
INFO: Run Behavior\BuildLiteBehavior [ RunTime:0.000022s ]
INFO: [ app_init ] --END-- [ RunTime:0.000515s ]

[ 2015-03-14T10:40:34+08:00 ] 127.0.0.1 /index.php/Home/index/get_timeline.html?page=1
INFO: [ app_init ] --START--
INFO: Run Behavior\BuildLiteBehavior [ RunTime:0.000030s ]
INFO: [ app_init ] --END-- [ RunTime:0.000614s ]
INFO: [ app_begin ] --START--
INFO: Run Behavior\ReadHtmlCacheBehavior [ RunTime:0.001112s ]
INFO: [ app_begin ] --END-- [ RunTime:0.001263s ]
SQL: SHOW COLUMNS FROM `mgqa_timeline` [ RunTime:0.015214s ]
SQL: SHOW COLUMNS FROM `mgqa_follow` [ RunTime:0.020123s ]
SQL: SELECT * FROM `mgqa_follow` WHERE ( us1="SmileC" OR us2="SmileC" )  [ RunTime:0.000521s ]
SQL: SHOW COLUMNS FROM `mgqa_timeline` [ RunTime:0.017876s ]
SQL: SELECT * FROM `mgqa_timeline` WHERE `username` IN ('Testc') ORDER BY id desc LIMIT 0,30   [ RunTime:0.000499s ]
SQL: SHOW COLUMNS FROM `mgqa_question` [ RunTime:0.032930s ]
SQL: SELECT * FROM `mgqa_question` WHERE ( id=1 ) LIMIT 1   [ RunTime:0.000251s ]
SQL: SELECT * FROM `mgqa_question` WHERE ( id=1 ) LIMIT 1   [ RunTime:0.000202s ]
SQL: SHOW COLUMNS FROM `mgqa_answer` [ RunTime:0.013194s ]
SQL: SELECT * FROM `mgqa_answer` WHERE ( id=1 ) LIMIT 1   [ RunTime:0.000261s ]
SQL: SELECT * FROM `mgqa_question` WHERE ( id=1 ) LIMIT 1   [ RunTime:0.000172s ]
DEBUG: Array
(
    [0] => Array
        (
            [id] => 8
            [username] => Testc
            [mode] => 1
            [project_id] => 1
            [status] => 3
            [pushtime] => 2015-03-12 13:43:27
            [content] => Array
                (
                    [id] => 1
                    [username] => SmileC
                    [anonymous] => 0
                    [title] => index的push测试
                    [content] => 
                    [answer] => 0
                    [follow] => 0
                    [status] => 0
                    [time] => 2015-03-12 12:15:31
                    [topic1] => 1
                    [topic2] => 
                    [topic3] => 
                )

            [us_array] => Array
                (
                    [0] => Testc
                )

        )

    [1] => Array
        (
            [id] => 2
            [username] => Testc
            [mode] => 2
            [project_id] => 1
            [status] => 1
            [pushtime] => 2015-03-12 12:15:55
            [content] => Array
                (
                    [id] => 1
                    [question_id] => 1
                    [username] => Testc
                    [content] => 回答测试
                    [agree] => 0
                    [unagree] => 0
                    [time] => 2015-03-12 12:15:55
                    [question_title] => index的push测试
                )

            [us_array] => Array
                (
                    [0] => Testc
                )

        )

)

INFO: [ view_parse ] --START--
INFO: [ template_filter ] --START--
INFO: Run Behavior\ContentReplaceBehavior [ RunTime:0.000067s ]
INFO: [ template_filter ] --END-- [ RunTime:0.000157s ]
SQL: SHOW COLUMNS FROM `mgqa_answer_agree` [ RunTime:0.008681s ]
SQL: SELECT `is_agree` FROM `mgqa_answer_agree` WHERE ( answer_id=1 AND username="SmileC" ) LIMIT 1   [ RunTime:0.000223s ]
SQL: SELECT `is_agree` FROM `mgqa_answer_agree` WHERE ( answer_id=1 AND username="SmileC" ) LIMIT 1   [ RunTime:0.000126s ]
INFO: Run Behavior\ParseTemplateBehavior [ RunTime:0.021869s ]
INFO: [ view_parse ] --END-- [ RunTime:0.021934s ]
INFO: [ view_filter ] --START--
INFO: Run Behavior\WriteHtmlCacheBehavior [ RunTime:0.000463s ]
INFO: [ view_filter ] --END-- [ RunTime:0.000518s ]
INFO: [ app_end ] --START--
INFO: Run Behavior\ShowPageTraceBehavior [ RunTime:0.000588s ]
INFO: [ app_end ] --END-- [ RunTime:0.000641s ]

[ 2015-03-14T10:42:56+08:00 ] 127.0.0.1 /
INFO: [ app_init ] --START--
INFO: Run Behavior\BuildLiteBehavior [ RunTime:0.000021s ]
INFO: [ app_init ] --END-- [ RunTime:0.000433s ]

[ 2015-03-14T10:42:56+08:00 ] 127.0.0.1 /index.php/Home/index/get_timeline.html?page=1
INFO: [ app_init ] --START--
INFO: Run Behavior\BuildLiteBehavior [ RunTime:0.000037s ]
INFO: [ app_init ] --END-- [ RunTime:0.000718s ]
INFO: [ app_begin ] --START--
INFO: Run Behavior\ReadHtmlCacheBehavior [ RunTime:0.001235s ]
INFO: [ app_begin ] --END-- [ RunTime:0.001366s ]
SQL: SHOW COLUMNS FROM `mgqa_timeline` [ RunTime:0.016787s ]
SQL: SHOW COLUMNS FROM `mgqa_follow` [ RunTime:0.013570s ]
SQL: SELECT * FROM `mgqa_follow` WHERE ( us1="SmileC" OR us2="SmileC" )  [ RunTime:0.000273s ]
SQL: SHOW COLUMNS FROM `mgqa_timeline` [ RunTime:0.019694s ]
SQL: SELECT * FROM `mgqa_timeline` WHERE `username` IN ('Testc') ORDER BY id desc LIMIT 0,30   [ RunTime:0.000362s ]
SQL: SHOW COLUMNS FROM `mgqa_question` [ RunTime:0.022962s ]
SQL: SELECT * FROM `mgqa_question` WHERE ( id=1 ) LIMIT 1   [ RunTime:0.000337s ]
SQL: SELECT * FROM `mgqa_question` WHERE ( id=1 ) LIMIT 1   [ RunTime:0.000864s ]
SQL: SHOW COLUMNS FROM `mgqa_answer` [ RunTime:0.026577s ]
SQL: SELECT * FROM `mgqa_answer` WHERE ( id=1 ) LIMIT 1   [ RunTime:0.000287s ]
SQL: SELECT * FROM `mgqa_question` WHERE ( id=1 ) LIMIT 1   [ RunTime:0.000280s ]
DEBUG: Array
(
    [0] => Array
        (
            [id] => 8
            [username] => Testc
            [mode] => 1
            [project_id] => 1
            [status] => 3
            [pushtime] => 2015-03-12 13:43:27
            [content] => Array
                (
                    [id] => 1
                    [username] => SmileC
                    [anonymous] => 0
                    [title] => index的push测试
                    [content] => 
                    [answer] => 0
                    [follow] => 0
                    [status] => 0
                    [time] => 2015-03-12 12:15:31
                    [topic1] => 1
                    [topic2] => 
                    [topic3] => 
                )

            [us_array] => Array
                (
                    [0] => Testc
                )

        )

    [1] => Array
        (
            [id] => 2
            [username] => Testc
            [mode] => 2
            [project_id] => 1
            [status] => 1
            [pushtime] => 2015-03-12 12:15:55
            [content] => Array
                (
                    [id] => 1
                    [question_id] => 1
                    [username] => Testc
                    [content] => 回答测试
                    [agree] => 0
                    [unagree] => 0
                    [time] => 2015-03-12 12:15:55
                    [question_title] => index的push测试
                )

            [us_array] => Array
                (
                    [0] => Testc
                )

        )

)

INFO: [ view_parse ] --START--
INFO: [ template_filter ] --START--
INFO: Run Behavior\ContentReplaceBehavior [ RunTime:0.000092s ]
INFO: [ template_filter ] --END-- [ RunTime:0.000209s ]
SQL: SHOW COLUMNS FROM `mgqa_answer_agree` [ RunTime:0.009638s ]
SQL: SELECT `is_agree` FROM `mgqa_answer_agree` WHERE ( answer_id=1 AND username="SmileC" ) LIMIT 1   [ RunTime:0.000271s ]
SQL: SELECT `is_agree` FROM `mgqa_answer_agree` WHERE ( answer_id=1 AND username="SmileC" ) LIMIT 1   [ RunTime:0.000195s ]
INFO: Run Behavior\ParseTemplateBehavior [ RunTime:0.026340s ]
INFO: [ view_parse ] --END-- [ RunTime:0.026425s ]
INFO: [ view_filter ] --START--
INFO: Run Behavior\WriteHtmlCacheBehavior [ RunTime:0.000648s ]
INFO: [ view_filter ] --END-- [ RunTime:0.000731s ]
INFO: [ app_end ] --START--
INFO: Run Behavior\ShowPageTraceBehavior [ RunTime:0.000955s ]
INFO: [ app_end ] --END-- [ RunTime:0.001044s ]

[ 2015-03-14T10:49:40+08:00 ] 127.0.0.1 /index.php/Home/Question/1/Answer/1
INFO: [ app_init ] --START--
INFO: Run Behavior\BuildLiteBehavior [ RunTime:0.000036s ]
INFO: [ app_init ] --END-- [ RunTime:0.000694s ]

[ 2015-03-14T10:49:49+08:00 ] 127.0.0.1 /index.php/Home/index/get_timeline.html?page=2
INFO: [ app_init ] --START--
INFO: Run Behavior\BuildLiteBehavior [ RunTime:0.000021s ]
INFO: [ app_init ] --END-- [ RunTime:0.000448s ]
INFO: [ app_begin ] --START--
INFO: Run Behavior\ReadHtmlCacheBehavior [ RunTime:0.000721s ]
INFO: [ app_begin ] --END-- [ RunTime:0.000813s ]
SQL: SHOW COLUMNS FROM `mgqa_timeline` [ RunTime:0.018666s ]
SQL: SHOW COLUMNS FROM `mgqa_follow` [ RunTime:0.013055s ]
SQL: SELECT * FROM `mgqa_follow` WHERE ( us1="SmileC" OR us2="SmileC" )  [ RunTime:0.000270s ]
SQL: SHOW COLUMNS FROM `mgqa_timeline` [ RunTime:0.012058s ]
SQL: SELECT * FROM `mgqa_timeline` WHERE `username` IN ('Testc') ORDER BY id desc LIMIT 30,30   [ RunTime:0.000307s ]
NOTIC: [2] Invalid argument supplied for foreach() D:\php\Code\MoeGirl_Q-A\Application\Home\Model\TimelineModel.class.php 第 31 行.
NOTIC: [2] array_merge() [<a href='function.array-merge'>function.array-merge</a>]: Argument #1 is not an array D:\php\Code\MoeGirl_Q-A\Application\Home\Model\TimelineModel.class.php 第 65 行.
DEBUG: 
INFO: [ view_parse ] --START--
INFO: [ template_filter ] --START--
INFO: Run Behavior\ContentReplaceBehavior [ RunTime:0.000066s ]
INFO: [ template_filter ] --END-- [ RunTime:0.000178s ]
INFO: Run Behavior\ParseTemplateBehavior [ RunTime:0.012414s ]
INFO: [ view_parse ] --END-- [ RunTime:0.012510s ]
INFO: [ view_filter ] --START--
INFO: Run Behavior\WriteHtmlCacheBehavior [ RunTime:0.000439s ]
INFO: [ view_filter ] --END-- [ RunTime:0.000493s ]
INFO: [ app_end ] --START--
INFO: Run Behavior\ShowPageTraceBehavior [ RunTime:0.000723s ]
INFO: [ app_end ] --END-- [ RunTime:0.000793s ]

[ 2015-03-14T12:50:55+08:00 ] 42.156.250.110 http://www.taobao.com/
INFO: [ app_init ] --START--
INFO: Run Behavior\BuildLiteBehavior [ RunTime:0.000028s ]
INFO: [ app_init ] --END-- [ RunTime:0.001628s ]

