[ 2015-07-08T23:59:36+08:00 ] 127.0.0.1 /index.php/Home/Topic/getcontent.html?tid=4&mode=near&page=1
INFO: [ app_init ] --START--
INFO: Run Behavior\BuildLiteBehavior [ RunTime:0.000027s ]
INFO: [ app_init ] --END-- [ RunTime:0.000521s ]
INFO: [ app_begin ] --START--
INFO: Run Behavior\ReadHtmlCacheBehavior [ RunTime:0.001026s ]
INFO: [ app_begin ] --END-- [ RunTime:0.001178s ]
SQL: SHOW COLUMNS FROM `mgqa_topic` [ RunTime:0.053854s ]
SQL: SELECT `id` FROM `mgqa_topic` WHERE ( father_topic=4 )  [ RunTime:0.000395s ]
DEBUG: Array
(
    [0] => 4
)

SQL: SHOW COLUMNS FROM `mgqa_question` [ RunTime:0.094138s ]
SQL: SELECT * FROM `mgqa_question` WHERE ( `topic1` IN ('4') OR `topic2` IN ('4') OR `topic3` IN ('4') ) AND ( 1433779176 < unix_timestamp(time) ) ORDER BY id LIMIT 0,20   [ RunTime:0.000390s ]
NOTIC: [2] Invalid argument supplied for foreach() D:\php\Code\MoeGirl_Q-A\Application\Home\Model\TopicModel.class.php 第 21 行.
DEBUG: 
INFO: [ view_parse ] --START--
INFO: [ template_filter ] --START--
INFO: Run Behavior\ContentReplaceBehavior [ RunTime:0.000099s ]
INFO: [ template_filter ] --END-- [ RunTime:0.000289s ]
INFO: Run Behavior\ParseTemplateBehavior [ RunTime:0.132420s ]
INFO: [ view_parse ] --END-- [ RunTime:0.132535s ]
INFO: [ view_filter ] --START--
INFO: Run Behavior\WriteHtmlCacheBehavior [ RunTime:0.000599s ]
INFO: [ view_filter ] --END-- [ RunTime:0.000663s ]
INFO: [ app_end ] --START--
INFO: Run Behavior\ShowPageTraceBehavior [ RunTime:0.001303s ]
INFO: [ app_end ] --END-- [ RunTime:0.001877s ]

