[ 2015-03-13T16:40:26+08:00 ] 127.0.0.1 /
INFO: [ app_init ] --START--
INFO: Run Behavior\BuildLiteBehavior [ RunTime:0.000020s ]
INFO: [ app_init ] --END-- [ RunTime:0.000502s ]

[ 2015-03-13T16:40:26+08:00 ] 127.0.0.1 /index.php/Home/index/get_timeline.html?page=1
INFO: [ app_init ] --START--
INFO: Run Behavior\BuildLiteBehavior [ RunTime:0.000022s ]
INFO: [ app_init ] --END-- [ RunTime:0.000578s ]
INFO: [ app_begin ] --START--
INFO: Run Behavior\ReadHtmlCacheBehavior [ RunTime:0.001126s ]
INFO: [ app_begin ] --END-- [ RunTime:0.001268s ]
SQL: SHOW COLUMNS FROM `mgqa_timeline` [ RunTime:0.016209s ]
SQL: SHOW COLUMNS FROM `mgqa_follow` [ RunTime:0.016291s ]
SQL: SELECT * FROM `mgqa_follow` WHERE ( us1="SmileC" OR us2="SmileC" )  [ RunTime:0.000275s ]
SQL: SHOW COLUMNS FROM `mgqa_timeline` [ RunTime:0.015371s ]
SQL: SELECT * FROM `mgqa_timeline` WHERE `username` IN ('Testc') ORDER BY id desc LIMIT 0,30   [ RunTime:0.000300s ]
SQL: SHOW COLUMNS FROM `mgqa_question` [ RunTime:0.042858s ]
SQL: SELECT * FROM `mgqa_question` WHERE ( id=1 ) LIMIT 1   [ RunTime:0.000539s ]
SQL: SELECT * FROM `mgqa_question` WHERE ( id=1 ) LIMIT 1   [ RunTime:0.000393s ]
SQL: SHOW COLUMNS FROM `mgqa_answer` [ RunTime:0.019132s ]
SQL: SELECT * FROM `mgqa_answer` WHERE ( id=1 ) LIMIT 1   [ RunTime:0.000335s ]
SQL: SELECT * FROM `mgqa_question` WHERE ( id=1 ) LIMIT 1   [ RunTime:0.000425s ]
DEBUG: 3
DEBUG: For键值:0
DEBUG: 1
DEBUG: 加载Array:Testc
DEBUG: For键值:1
DEBUG: 
INFO: [ view_parse ] --START--
INFO: [ template_filter ] --START--
INFO: Run Behavior\ContentReplaceBehavior [ RunTime:0.000194s ]
INFO: [ template_filter ] --END-- [ RunTime:0.000529s ]
SQL: SHOW COLUMNS FROM `mgqa_answer_agree` [ RunTime:0.009551s ]
SQL: SELECT `is_agree` FROM `mgqa_answer_agree` WHERE ( answer_id=1 AND username="SmileC" ) LIMIT 1   [ RunTime:0.000317s ]
SQL: SELECT `is_agree` FROM `mgqa_answer_agree` WHERE ( answer_id=1 AND username="SmileC" ) LIMIT 1   [ RunTime:0.000249s ]
NOTIC: [8] Undefined index: us_array D:\php\Code\MoeGirl_Q-A\Application\Runtime\Cache\Home\28b1ef330ef0403dcf40049b46fc6a98.php 第 13 行.
INFO: Run Behavior\ParseTemplateBehavior [ RunTime:0.024831s ]
INFO: [ view_parse ] --END-- [ RunTime:0.024915s ]
INFO: [ view_filter ] --START--
INFO: Run Behavior\WriteHtmlCacheBehavior [ RunTime:0.000756s ]
INFO: [ view_filter ] --END-- [ RunTime:0.000848s ]
INFO: [ app_end ] --START--
INFO: Run Behavior\ShowPageTraceBehavior [ RunTime:0.000804s ]
INFO: [ app_end ] --END-- [ RunTime:0.000884s ]

[ 2015-03-13T16:43:05+08:00 ] 127.0.0.1 /
INFO: [ app_init ] --START--
INFO: Run Behavior\BuildLiteBehavior [ RunTime:0.000030s ]
INFO: [ app_init ] --END-- [ RunTime:0.000415s ]

[ 2015-03-13T16:43:05+08:00 ] 127.0.0.1 /index.php/Home/index/get_timeline.html?page=1
INFO: [ app_init ] --START--
INFO: Run Behavior\BuildLiteBehavior [ RunTime:0.000035s ]
INFO: [ app_init ] --END-- [ RunTime:0.000878s ]
INFO: [ app_begin ] --START--
INFO: Run Behavior\ReadHtmlCacheBehavior [ RunTime:0.002141s ]
INFO: [ app_begin ] --END-- [ RunTime:0.002509s ]
SQL: SHOW COLUMNS FROM `mgqa_timeline` [ RunTime:0.019414s ]
SQL: SHOW COLUMNS FROM `mgqa_follow` [ RunTime:0.021388s ]
SQL: SELECT * FROM `mgqa_follow` WHERE ( us1="SmileC" OR us2="SmileC" )  [ RunTime:0.000467s ]
SQL: SHOW COLUMNS FROM `mgqa_timeline` [ RunTime:0.030597s ]
SQL: SELECT * FROM `mgqa_timeline` WHERE `username` IN ('Testc') ORDER BY id desc LIMIT 0,30   [ RunTime:0.000632s ]
SQL: SHOW COLUMNS FROM `mgqa_question` [ RunTime:0.038211s ]
SQL: SELECT * FROM `mgqa_question` WHERE ( id=1 ) LIMIT 1   [ RunTime:0.000481s ]
SQL: SELECT * FROM `mgqa_question` WHERE ( id=1 ) LIMIT 1   [ RunTime:0.000372s ]
SQL: SHOW COLUMNS FROM `mgqa_answer` [ RunTime:0.016110s ]
SQL: SELECT * FROM `mgqa_answer` WHERE ( id=1 ) LIMIT 1   [ RunTime:0.000328s ]
SQL: SELECT * FROM `mgqa_question` WHERE ( id=1 ) LIMIT 1   [ RunTime:0.000204s ]
DEBUG: 3
DEBUG: For键值:0
DEBUG: 键值存在:1
DEBUG: 加载Array:Testc
DEBUG: For键值:1
DEBUG: 键值存在:
INFO: [ view_parse ] --START--
INFO: [ template_filter ] --START--
INFO: Run Behavior\ContentReplaceBehavior [ RunTime:0.000066s ]
INFO: [ template_filter ] --END-- [ RunTime:0.000147s ]
SQL: SHOW COLUMNS FROM `mgqa_answer_agree` [ RunTime:0.010781s ]
SQL: SELECT `is_agree` FROM `mgqa_answer_agree` WHERE ( answer_id=1 AND username="SmileC" ) LIMIT 1   [ RunTime:0.001083s ]
SQL: SELECT `is_agree` FROM `mgqa_answer_agree` WHERE ( answer_id=1 AND username="SmileC" ) LIMIT 1   [ RunTime:0.000353s ]
NOTIC: [8] Undefined index: us_array D:\php\Code\MoeGirl_Q-A\Application\Runtime\Cache\Home\28b1ef330ef0403dcf40049b46fc6a98.php 第 13 行.
INFO: Run Behavior\ParseTemplateBehavior [ RunTime:0.027734s ]
INFO: [ view_parse ] --END-- [ RunTime:0.027811s ]
INFO: [ view_filter ] --START--
INFO: Run Behavior\WriteHtmlCacheBehavior [ RunTime:0.000766s ]
INFO: [ view_filter ] --END-- [ RunTime:0.000862s ]
INFO: [ app_end ] --START--
INFO: Run Behavior\ShowPageTraceBehavior [ RunTime:0.001327s ]
INFO: [ app_end ] --END-- [ RunTime:0.001458s ]

[ 2015-03-13T16:45:52+08:00 ] 127.0.0.1 /
INFO: [ app_init ] --START--
INFO: Run Behavior\BuildLiteBehavior [ RunTime:0.000023s ]
INFO: [ app_init ] --END-- [ RunTime:0.000741s ]

[ 2015-03-13T16:45:52+08:00 ] 127.0.0.1 /index.php/Home/index/get_timeline.html?page=1
INFO: [ app_init ] --START--
INFO: Run Behavior\BuildLiteBehavior [ RunTime:0.000021s ]
INFO: [ app_init ] --END-- [ RunTime:0.000522s ]
INFO: [ app_begin ] --START--
INFO: Run Behavior\ReadHtmlCacheBehavior [ RunTime:0.000642s ]
INFO: [ app_begin ] --END-- [ RunTime:0.000715s ]

[ 2015-03-13T16:46:03+08:00 ] 127.0.0.1 /
INFO: [ app_init ] --START--
INFO: Run Behavior\BuildLiteBehavior [ RunTime:0.000019s ]
INFO: [ app_init ] --END-- [ RunTime:0.000347s ]

[ 2015-03-13T16:46:03+08:00 ] 127.0.0.1 /index.php/Home/index/get_timeline.html?page=1
INFO: [ app_init ] --START--
INFO: Run Behavior\BuildLiteBehavior [ RunTime:0.000154s ]
INFO: [ app_init ] --END-- [ RunTime:0.001778s ]
INFO: [ app_begin ] --START--
INFO: Run Behavior\ReadHtmlCacheBehavior [ RunTime:0.001055s ]
INFO: [ app_begin ] --END-- [ RunTime:0.001195s ]
SQL: SHOW COLUMNS FROM `mgqa_timeline` [ RunTime:0.019341s ]
SQL: SHOW COLUMNS FROM `mgqa_follow` [ RunTime:0.014222s ]
SQL: SELECT * FROM `mgqa_follow` WHERE ( us1="SmileC" OR us2="SmileC" )  [ RunTime:0.000334s ]
SQL: SHOW COLUMNS FROM `mgqa_timeline` [ RunTime:0.016531s ]
SQL: SELECT * FROM `mgqa_timeline` WHERE `username` IN ('Testc') ORDER BY id desc LIMIT 0,30   [ RunTime:0.000704s ]
SQL: SHOW COLUMNS FROM `mgqa_question` [ RunTime:0.031502s ]
SQL: SELECT * FROM `mgqa_question` WHERE ( id=1 ) LIMIT 1   [ RunTime:0.000319s ]
SQL: SELECT * FROM `mgqa_question` WHERE ( id=1 ) LIMIT 1   [ RunTime:0.000204s ]
SQL: SHOW COLUMNS FROM `mgqa_answer` [ RunTime:0.016033s ]
SQL: SELECT * FROM `mgqa_answer` WHERE ( id=1 ) LIMIT 1   [ RunTime:0.000288s ]
SQL: SELECT * FROM `mgqa_question` WHERE ( id=1 ) LIMIT 1   [ RunTime:0.000217s ]
DEBUG: For键值:0
DEBUG: 键值存在:1
DEBUG: 加载Array:Testc
DEBUG: For键值:1
DEBUG: 键值存在:
DEBUG: For键值:2
DEBUG: 键值存在:1
DEBUG: 加载Array:Testc
INFO: [ view_parse ] --START--
INFO: [ template_filter ] --START--
INFO: Run Behavior\ContentReplaceBehavior [ RunTime:0.000086s ]
INFO: [ template_filter ] --END-- [ RunTime:0.000223s ]
SQL: SHOW COLUMNS FROM `mgqa_answer_agree` [ RunTime:0.021388s ]
SQL: SELECT `is_agree` FROM `mgqa_answer_agree` WHERE ( answer_id=1 AND username="SmileC" ) LIMIT 1   [ RunTime:0.000333s ]
SQL: SELECT `is_agree` FROM `mgqa_answer_agree` WHERE ( answer_id=1 AND username="SmileC" ) LIMIT 1   [ RunTime:0.000246s ]
INFO: Run Behavior\ParseTemplateBehavior [ RunTime:0.039698s ]
INFO: [ view_parse ] --END-- [ RunTime:0.039782s ]
INFO: [ view_filter ] --START--
INFO: Run Behavior\WriteHtmlCacheBehavior [ RunTime:0.001246s ]
INFO: [ view_filter ] --END-- [ RunTime:0.001441s ]
INFO: [ app_end ] --START--
INFO: Run Behavior\ShowPageTraceBehavior [ RunTime:0.001246s ]
INFO: [ app_end ] --END-- [ RunTime:0.001367s ]

[ 2015-03-13T16:54:05+08:00 ] 127.0.0.1 /
INFO: [ app_init ] --START--
INFO: Run Behavior\BuildLiteBehavior [ RunTime:0.000026s ]
INFO: [ app_init ] --END-- [ RunTime:0.000581s ]

[ 2015-03-13T16:54:05+08:00 ] 127.0.0.1 /index.php/Home/index/get_timeline.html?page=1
INFO: [ app_init ] --START--
INFO: Run Behavior\BuildLiteBehavior [ RunTime:0.000021s ]
INFO: [ app_init ] --END-- [ RunTime:0.000557s ]
INFO: [ app_begin ] --START--
INFO: Run Behavior\ReadHtmlCacheBehavior [ RunTime:0.000658s ]
INFO: [ app_begin ] --END-- [ RunTime:0.000739s ]
SQL: SHOW COLUMNS FROM `mgqa_timeline` [ RunTime:0.014370s ]
SQL: SHOW COLUMNS FROM `mgqa_follow` [ RunTime:0.014772s ]
SQL: SELECT * FROM `mgqa_follow` WHERE ( us1="SmileC" OR us2="SmileC" )  [ RunTime:0.000485s ]
SQL: SHOW COLUMNS FROM `mgqa_timeline` [ RunTime:0.015161s ]
SQL: SELECT * FROM `mgqa_timeline` WHERE `username` IN ('Testc') ORDER BY id desc LIMIT 0,30   [ RunTime:0.000376s ]
SQL: SHOW COLUMNS FROM `mgqa_question` [ RunTime:0.040768s ]
SQL: SELECT * FROM `mgqa_question` WHERE ( id=1 ) LIMIT 1   [ RunTime:0.000382s ]
SQL: SELECT * FROM `mgqa_question` WHERE ( id=1 ) LIMIT 1   [ RunTime:0.000374s ]
SQL: SHOW COLUMNS FROM `mgqa_answer` [ RunTime:0.017075s ]
SQL: SELECT * FROM `mgqa_answer` WHERE ( id=1 ) LIMIT 1   [ RunTime:0.000295s ]
SQL: SELECT * FROM `mgqa_question` WHERE ( id=1 ) LIMIT 1   [ RunTime:0.000262s ]
INFO: [ view_parse ] --START--
INFO: [ template_filter ] --START--
INFO: Run Behavior\ContentReplaceBehavior [ RunTime:0.000060s ]
INFO: [ template_filter ] --END-- [ RunTime:0.000149s ]
SQL: SHOW COLUMNS FROM `mgqa_answer_agree` [ RunTime:0.007225s ]
SQL: SELECT `is_agree` FROM `mgqa_answer_agree` WHERE ( answer_id=1 AND username="SmileC" ) LIMIT 1   [ RunTime:0.000254s ]
SQL: SELECT `is_agree` FROM `mgqa_answer_agree` WHERE ( answer_id=1 AND username="SmileC" ) LIMIT 1   [ RunTime:0.000262s ]
INFO: Run Behavior\ParseTemplateBehavior [ RunTime:0.039749s ]
INFO: [ view_parse ] --END-- [ RunTime:0.039886s ]
INFO: [ view_filter ] --START--
INFO: Run Behavior\WriteHtmlCacheBehavior [ RunTime:0.000612s ]
INFO: [ view_filter ] --END-- [ RunTime:0.000676s ]
INFO: [ app_end ] --START--
INFO: Run Behavior\ShowPageTraceBehavior [ RunTime:0.000913s ]
INFO: [ app_end ] --END-- [ RunTime:0.001040s ]

[ 2015-03-13T16:55:17+08:00 ] 127.0.0.1 /
INFO: [ app_init ] --START--
INFO: Run Behavior\BuildLiteBehavior [ RunTime:0.000018s ]
INFO: [ app_init ] --END-- [ RunTime:0.000342s ]

[ 2015-03-13T16:55:17+08:00 ] 127.0.0.1 /index.php/Home/index/get_timeline.html?page=1
INFO: [ app_init ] --START--
INFO: Run Behavior\BuildLiteBehavior [ RunTime:0.000031s ]
INFO: [ app_init ] --END-- [ RunTime:0.000733s ]
INFO: [ app_begin ] --START--
INFO: Run Behavior\ReadHtmlCacheBehavior [ RunTime:0.000924s ]
INFO: [ app_begin ] --END-- [ RunTime:0.001047s ]
SQL: SHOW COLUMNS FROM `mgqa_timeline` [ RunTime:0.023317s ]
SQL: SHOW COLUMNS FROM `mgqa_follow` [ RunTime:0.015969s ]
SQL: SELECT * FROM `mgqa_follow` WHERE ( us1="SmileC" OR us2="SmileC" )  [ RunTime:0.000291s ]
SQL: SHOW COLUMNS FROM `mgqa_timeline` [ RunTime:0.023614s ]
SQL: SELECT * FROM `mgqa_timeline` WHERE `username` IN ('Testc') ORDER BY id desc LIMIT 0,30   [ RunTime:0.000298s ]
SQL: SHOW COLUMNS FROM `mgqa_question` [ RunTime:0.035231s ]
SQL: SELECT * FROM `mgqa_question` WHERE ( id=1 ) LIMIT 1   [ RunTime:0.000344s ]
SQL: SELECT * FROM `mgqa_question` WHERE ( id=1 ) LIMIT 1   [ RunTime:0.000265s ]
SQL: SHOW COLUMNS FROM `mgqa_answer` [ RunTime:0.016049s ]
SQL: SELECT * FROM `mgqa_answer` WHERE ( id=1 ) LIMIT 1   [ RunTime:0.000268s ]
SQL: SELECT * FROM `mgqa_question` WHERE ( id=1 ) LIMIT 1   [ RunTime:0.000228s ]
DEBUG: Array
(
    [0] => Array
        (
            [id] => 8
            [username] => Testc
            [mode] => 1
            [project_id] => 1
            [status] => 3
            [pushtime] => 2015-03-12 13:43:27
            [content] => Array
                (
                    [id] => 1
                    [username] => SmileC
                    [anonymous] => 0
                    [title] => index的push测试
                    [content] => 
                    [answer] => 0
                    [follow] => 0
                    [status] => 0
                    [time] => 2015-03-12 12:15:31
                    [topic1] => 1
                    [topic2] => 
                    [topic3] => 
                )

            [us_array] => Array
                (
                    [0] => Testc
                )

        )

    [1] => Array
        (
            [id] => 2
            [username] => Testc
            [mode] => 2
            [project_id] => 1
            [status] => 1
            [pushtime] => 2015-03-12 12:15:55
            [content] => Array
                (
                    [id] => 1
                    [question_id] => 1
                    [username] => Testc
                    [content] => 回答测试
                    [agree] => 0
                    [unagree] => 0
                    [time] => 2015-03-12 12:15:55
                    [question_title] => index的push测试
                )

            [us_array] => Array
                (
                    [0] => Testc
                )

        )

)

INFO: [ view_parse ] --START--
INFO: [ template_filter ] --START--
INFO: Run Behavior\ContentReplaceBehavior [ RunTime:0.000086s ]
INFO: [ template_filter ] --END-- [ RunTime:0.000213s ]
SQL: SHOW COLUMNS FROM `mgqa_answer_agree` [ RunTime:0.010347s ]
SQL: SELECT `is_agree` FROM `mgqa_answer_agree` WHERE ( answer_id=1 AND username="SmileC" ) LIMIT 1   [ RunTime:0.000281s ]
SQL: SELECT `is_agree` FROM `mgqa_answer_agree` WHERE ( answer_id=1 AND username="SmileC" ) LIMIT 1   [ RunTime:0.000198s ]
INFO: Run Behavior\ParseTemplateBehavior [ RunTime:0.049456s ]
INFO: [ view_parse ] --END-- [ RunTime:0.049518s ]
INFO: [ view_filter ] --START--
INFO: Run Behavior\WriteHtmlCacheBehavior [ RunTime:0.000766s ]
INFO: [ view_filter ] --END-- [ RunTime:0.000844s ]
INFO: [ app_end ] --START--
INFO: Run Behavior\ShowPageTraceBehavior [ RunTime:0.000779s ]
INFO: [ app_end ] --END-- [ RunTime:0.000852s ]

[ 2015-03-13T16:56:17+08:00 ] 127.0.0.1 /
INFO: [ app_init ] --START--
INFO: Run Behavior\BuildLiteBehavior [ RunTime:0.000021s ]
INFO: [ app_init ] --END-- [ RunTime:0.000410s ]

[ 2015-03-13T16:56:17+08:00 ] 127.0.0.1 /index.php/Home/index/get_timeline.html?page=1
INFO: [ app_init ] --START--
INFO: Run Behavior\BuildLiteBehavior [ RunTime:0.000030s ]
INFO: [ app_init ] --END-- [ RunTime:0.000450s ]
INFO: [ app_begin ] --START--
INFO: Run Behavior\ReadHtmlCacheBehavior [ RunTime:0.000678s ]
INFO: [ app_begin ] --END-- [ RunTime:0.000767s ]
SQL: SHOW COLUMNS FROM `mgqa_timeline` [ RunTime:0.014880s ]
SQL: SHOW COLUMNS FROM `mgqa_follow` [ RunTime:0.015084s ]
SQL: SELECT * FROM `mgqa_follow` WHERE ( us1="SmileC" OR us2="SmileC" )  [ RunTime:0.000347s ]
SQL: SHOW COLUMNS FROM `mgqa_timeline` [ RunTime:0.015480s ]
SQL: SELECT * FROM `mgqa_timeline` WHERE `username` IN ('Testc') ORDER BY id desc LIMIT 0,30   [ RunTime:0.000392s ]
SQL: SHOW COLUMNS FROM `mgqa_question` [ RunTime:0.037293s ]
SQL: SELECT * FROM `mgqa_question` WHERE ( id=1 ) LIMIT 1   [ RunTime:0.000254s ]
SQL: SELECT * FROM `mgqa_question` WHERE ( id=1 ) LIMIT 1   [ RunTime:0.000171s ]
SQL: SHOW COLUMNS FROM `mgqa_answer` [ RunTime:0.013454s ]
SQL: SELECT * FROM `mgqa_answer` WHERE ( id=1 ) LIMIT 1   [ RunTime:0.000252s ]
SQL: SELECT * FROM `mgqa_question` WHERE ( id=1 ) LIMIT 1   [ RunTime:0.000170s ]
DEBUG: Array
(
    [0] => Array
        (
            [id] => 8
            [username] => Testc
            [mode] => 1
            [project_id] => 1
            [status] => 3
            [pushtime] => 2015-03-12 13:43:27
            [content] => Array
                (
                    [id] => 1
                    [username] => SmileC
                    [anonymous] => 0
                    [title] => index的push测试
                    [content] => 
                    [answer] => 0
                    [follow] => 0
                    [status] => 0
                    [time] => 2015-03-12 12:15:31
                    [topic1] => 1
                    [topic2] => 
                    [topic3] => 
                )

            [us_array] => Array
                (
                    [0] => Testc
                )

        )

    [1] => Array
        (
            [id] => 2
            [username] => Testc
            [mode] => 2
            [project_id] => 1
            [status] => 1
            [pushtime] => 2015-03-12 12:15:55
            [content] => Array
                (
                    [id] => 1
                    [question_id] => 1
                    [username] => Testc
                    [content] => 回答测试
                    [agree] => 0
                    [unagree] => 0
                    [time] => 2015-03-12 12:15:55
                    [question_title] => index的push测试
                )

            [us_array] => Array
                (
                    [0] => Testc
                )

        )

)

INFO: [ view_parse ] --START--
INFO: [ template_filter ] --START--
INFO: Run Behavior\ContentReplaceBehavior [ RunTime:0.000108s ]
INFO: [ template_filter ] --END-- [ RunTime:0.000311s ]
SQL: SHOW COLUMNS FROM `mgqa_answer_agree` [ RunTime:0.009131s ]
SQL: SELECT `is_agree` FROM `mgqa_answer_agree` WHERE ( answer_id=1 AND username="SmileC" ) LIMIT 1   [ RunTime:0.000245s ]
SQL: SELECT `is_agree` FROM `mgqa_answer_agree` WHERE ( answer_id=1 AND username="SmileC" ) LIMIT 1   [ RunTime:0.000677s ]
INFO: Run Behavior\ParseTemplateBehavior [ RunTime:0.042231s ]
INFO: [ view_parse ] --END-- [ RunTime:0.042326s ]
INFO: [ view_filter ] --START--
INFO: Run Behavior\WriteHtmlCacheBehavior [ RunTime:0.000810s ]
INFO: [ view_filter ] --END-- [ RunTime:0.000928s ]
INFO: [ app_end ] --START--
INFO: Run Behavior\ShowPageTraceBehavior [ RunTime:0.001332s ]
INFO: [ app_end ] --END-- [ RunTime:0.001591s ]

[ 2015-03-13T16:56:19+08:00 ] 127.0.0.1 /Home/People/Testc.html
INFO: [ app_init ] --START--
INFO: Run Behavior\BuildLiteBehavior [ RunTime:0.000035s ]
INFO: [ app_init ] --END-- [ RunTime:0.001462s ]

