[ 2015-02-02T00:27:58+08:00 ] 127.0.0.1 /index.php/Home/Question/stu.html?imgurl=http://studemo-img.stor.sinaapp.com/test.jpg
INFO: [ app_init ] --START--
INFO: Run Behavior\BuildLiteBehavior [ RunTime:0.000037s ]
INFO: [ app_init ] --END-- [ RunTime:0.001839s ]
INFO: [ app_begin ] --START--
INFO: Run Behavior\ReadHtmlCacheBehavior [ RunTime:0.001746s ]
INFO: [ app_begin ] --END-- [ RunTime:0.001915s ]
INFO: [ view_parse ] --START--
INFO: [ template_filter ] --START--
INFO: Run Behavior\ContentReplaceBehavior [ RunTime:0.000138s ]
INFO: [ template_filter ] --END-- [ RunTime:0.000390s ]
INFO: Run Behavior\ParseTemplateBehavior [ RunTime:0.145976s ]
INFO: [ view_parse ] --END-- [ RunTime:0.146127s ]
INFO: [ view_filter ] --START--
INFO: Run Behavior\WriteHtmlCacheBehavior [ RunTime:0.000707s ]
INFO: [ view_filter ] --END-- [ RunTime:0.000798s ]
INFO: [ app_end ] --START--
INFO: Run Behavior\ShowPageTraceBehavior [ RunTime:0.001359s ]
INFO: [ app_end ] --END-- [ RunTime:0.001708s ]

[ 2015-02-02T00:28:02+08:00 ] 127.0.0.1 /index.php/Home/Stu/index.html?imgurl=http://studemo-img.stor.sinaapp.com/test.jpg
INFO: [ app_init ] --START--
INFO: Run Behavior\BuildLiteBehavior [ RunTime:0.000023s ]
INFO: [ app_init ] --END-- [ RunTime:0.000504s ]
INFO: [ app_begin ] --START--
INFO: Run Behavior\ReadHtmlCacheBehavior [ RunTime:0.000730s ]
INFO: [ app_begin ] --END-- [ RunTime:0.000812s ]
NOTIC: [8] Array to string conversion D:\php\Code\MoeGirl_Q-A\Application\Home\Controller\StuController.class.php 第 9 行.
NOTIC: [8] Undefined offset: 1 D:\php\Code\MoeGirl_Q-A\Application\Home\Controller\StuController.class.php 第 33 行.
NOTIC: [8] Undefined offset: 1 D:\php\Code\MoeGirl_Q-A\Application\Home\Controller\StuController.class.php 第 34 行.
NOTIC: [8] Undefined offset: 1 D:\php\Code\MoeGirl_Q-A\Application\Home\Controller\StuController.class.php 第 35 行.
NOTIC: [8] Undefined offset: 1 D:\php\Code\MoeGirl_Q-A\Application\Home\Controller\StuController.class.php 第 36 行.
NOTIC: [8] Undefined offset: 1 D:\php\Code\MoeGirl_Q-A\Application\Home\Controller\StuController.class.php 第 40 行.
INFO: [ app_end ] --START--
INFO: Run Behavior\ShowPageTraceBehavior [ RunTime:0.001069s ]
INFO: [ app_end ] --END-- [ RunTime:0.001275s ]

[ 2015-02-02T00:31:27+08:00 ] 127.0.0.1 /index.php/Home/Stu/index.html?imgurl=http://studemo-img.stor.sinaapp.com/test.jpg
INFO: [ app_init ] --START--
INFO: Run Behavior\BuildLiteBehavior [ RunTime:0.000021s ]
INFO: [ app_init ] --END-- [ RunTime:0.000400s ]
INFO: [ app_begin ] --START--
INFO: Run Behavior\ReadHtmlCacheBehavior [ RunTime:0.000826s ]
INFO: [ app_begin ] --END-- [ RunTime:0.000919s ]
NOTIC: [8] Array to string conversion D:\php\Code\MoeGirl_Q-A\Application\Home\Controller\StuController.class.php 第 9 行.
NOTIC: [8] Undefined offset: 1 D:\php\Code\MoeGirl_Q-A\Application\Home\Controller\StuController.class.php 第 33 行.
NOTIC: [8] Undefined offset: 1 D:\php\Code\MoeGirl_Q-A\Application\Home\Controller\StuController.class.php 第 34 行.
NOTIC: [8] Undefined offset: 1 D:\php\Code\MoeGirl_Q-A\Application\Home\Controller\StuController.class.php 第 35 行.
NOTIC: [8] Undefined offset: 1 D:\php\Code\MoeGirl_Q-A\Application\Home\Controller\StuController.class.php 第 36 行.
NOTIC: [8] Undefined offset: 1 D:\php\Code\MoeGirl_Q-A\Application\Home\Controller\StuController.class.php 第 40 行.
INFO: [ app_end ] --START--
INFO: Run Behavior\ShowPageTraceBehavior [ RunTime:0.000793s ]
INFO: [ app_end ] --END-- [ RunTime:0.000868s ]

[ 2015-02-02T00:31:49+08:00 ] 127.0.0.1 /index.php/Home/Stu/index.html?imgurl=http://studemo-img.stor.sinaapp.com/test.jpg
INFO: [ app_init ] --START--
INFO: Run Behavior\BuildLiteBehavior [ RunTime:0.000025s ]
INFO: [ app_init ] --END-- [ RunTime:0.000661s ]
INFO: [ app_begin ] --START--
INFO: Run Behavior\ReadHtmlCacheBehavior [ RunTime:0.001099s ]
INFO: [ app_begin ] --END-- [ RunTime:0.001247s ]
NOTIC: [8] Undefined offset: 1 D:\php\Code\MoeGirl_Q-A\Application\Home\Controller\StuController.class.php 第 36 行.
NOTIC: [8] Undefined offset: 1 D:\php\Code\MoeGirl_Q-A\Application\Home\Controller\StuController.class.php 第 37 行.
NOTIC: [8] Undefined offset: 1 D:\php\Code\MoeGirl_Q-A\Application\Home\Controller\StuController.class.php 第 38 行.
NOTIC: [8] Undefined offset: 1 D:\php\Code\MoeGirl_Q-A\Application\Home\Controller\StuController.class.php 第 39 行.
NOTIC: [8] Undefined offset: 1 D:\php\Code\MoeGirl_Q-A\Application\Home\Controller\StuController.class.php 第 43 行.
INFO: [ app_end ] --START--
INFO: Run Behavior\ShowPageTraceBehavior [ RunTime:0.000806s ]
INFO: [ app_end ] --END-- [ RunTime:0.000902s ]

[ 2015-02-02T00:35:03+08:00 ] 127.0.0.1 /index.php/Home/Stu/index.html?imgurl=http://studemo-img.stor.sinaapp.com/test.jpg
INFO: [ app_init ] --START--
INFO: Run Behavior\BuildLiteBehavior [ RunTime:0.000021s ]
INFO: [ app_init ] --END-- [ RunTime:0.000403s ]
INFO: [ app_begin ] --START--
INFO: Run Behavior\ReadHtmlCacheBehavior [ RunTime:0.000648s ]
INFO: [ app_begin ] --END-- [ RunTime:0.000727s ]
NOTIC: [8] Array to string conversion D:\php\Code\MoeGirl_Q-A\Application\Home\Controller\StuController.class.php 第 16 行.
NOTIC: [8] Undefined offset: 1 D:\php\Code\MoeGirl_Q-A\Application\Home\Controller\StuController.class.php 第 37 行.
NOTIC: [8] Undefined offset: 1 D:\php\Code\MoeGirl_Q-A\Application\Home\Controller\StuController.class.php 第 38 行.
NOTIC: [8] Undefined offset: 1 D:\php\Code\MoeGirl_Q-A\Application\Home\Controller\StuController.class.php 第 39 行.
NOTIC: [8] Undefined offset: 1 D:\php\Code\MoeGirl_Q-A\Application\Home\Controller\StuController.class.php 第 40 行.
NOTIC: [8] Undefined offset: 1 D:\php\Code\MoeGirl_Q-A\Application\Home\Controller\StuController.class.php 第 44 行.
INFO: [ app_end ] --START--
INFO: Run Behavior\ShowPageTraceBehavior [ RunTime:0.001026s ]
INFO: [ app_end ] --END-- [ RunTime:0.001137s ]

[ 2015-02-02T00:35:21+08:00 ] 127.0.0.1 /index.php/Home/Stu/index.html?imgurl=http://studemo-img.stor.sinaapp.com/test.jpg
INFO: [ app_init ] --START--
INFO: Run Behavior\BuildLiteBehavior [ RunTime:0.000017s ]
INFO: [ app_init ] --END-- [ RunTime:0.000375s ]
INFO: [ app_begin ] --START--
INFO: Run Behavior\ReadHtmlCacheBehavior [ RunTime:0.000673s ]
INFO: [ app_begin ] --END-- [ RunTime:0.000764s ]
NOTIC: [8] Undefined offset: 1 D:\php\Code\MoeGirl_Q-A\Application\Home\Controller\StuController.class.php 第 37 行.
NOTIC: [8] Undefined offset: 1 D:\php\Code\MoeGirl_Q-A\Application\Home\Controller\StuController.class.php 第 38 行.
NOTIC: [8] Undefined offset: 1 D:\php\Code\MoeGirl_Q-A\Application\Home\Controller\StuController.class.php 第 39 行.
NOTIC: [8] Undefined offset: 1 D:\php\Code\MoeGirl_Q-A\Application\Home\Controller\StuController.class.php 第 40 行.
NOTIC: [8] Undefined offset: 1 D:\php\Code\MoeGirl_Q-A\Application\Home\Controller\StuController.class.php 第 44 行.
INFO: [ app_end ] --START--
INFO: Run Behavior\ShowPageTraceBehavior [ RunTime:0.001420s ]
INFO: [ app_end ] --END-- [ RunTime:0.001551s ]

[ 2015-02-02T00:35:38+08:00 ] 127.0.0.1 /index.php/Home/Stu/index.html?imgurl=http://studemo-img.stor.sinaapp.com/test.jpg
INFO: [ app_init ] --START--
INFO: Run Behavior\BuildLiteBehavior [ RunTime:0.000028s ]
INFO: [ app_init ] --END-- [ RunTime:0.000816s ]
INFO: [ app_begin ] --START--
INFO: Run Behavior\ReadHtmlCacheBehavior [ RunTime:0.001544s ]
INFO: [ app_begin ] --END-- [ RunTime:0.001651s ]
NOTIC: [8] Undefined offset: 1 D:\php\Code\MoeGirl_Q-A\Application\Home\Controller\StuController.class.php 第 38 行.
NOTIC: [8] Undefined offset: 1 D:\php\Code\MoeGirl_Q-A\Application\Home\Controller\StuController.class.php 第 39 行.
NOTIC: [8] Undefined offset: 1 D:\php\Code\MoeGirl_Q-A\Application\Home\Controller\StuController.class.php 第 40 行.
NOTIC: [8] Undefined offset: 1 D:\php\Code\MoeGirl_Q-A\Application\Home\Controller\StuController.class.php 第 41 行.
NOTIC: [8] Undefined offset: 1 D:\php\Code\MoeGirl_Q-A\Application\Home\Controller\StuController.class.php 第 45 行.
INFO: [ app_end ] --START--
INFO: Run Behavior\ShowPageTraceBehavior [ RunTime:0.001019s ]
INFO: [ app_end ] --END-- [ RunTime:0.001119s ]

[ 2015-02-02T00:37:16+08:00 ] 127.0.0.1 /index.php/Home/Stu/index.html?imgurl=http://studemo-img.stor.sinaapp.com/test.jpg
INFO: [ app_init ] --START--
INFO: Run Behavior\BuildLiteBehavior [ RunTime:0.000020s ]
INFO: [ app_init ] --END-- [ RunTime:0.000394s ]
INFO: [ app_begin ] --START--
INFO: Run Behavior\ReadHtmlCacheBehavior [ RunTime:0.002905s ]
INFO: [ app_begin ] --END-- [ RunTime:0.003008s ]
NOTIC: [8] Undefined offset: 1 D:\php\Code\MoeGirl_Q-A\Application\Home\Controller\StuController.class.php 第 46 行.
NOTIC: [8] Undefined offset: 1 D:\php\Code\MoeGirl_Q-A\Application\Home\Controller\StuController.class.php 第 53 行.
INFO: [ app_end ] --START--
INFO: Run Behavior\ShowPageTraceBehavior [ RunTime:0.000846s ]
INFO: [ app_end ] --END-- [ RunTime:0.000933s ]

[ 2015-02-02T00:37:35+08:00 ] 127.0.0.1 /index.php/Home/Stu/index.html?imgurl=http://studemo-img.stor.sinaapp.com/test.jpg
INFO: [ app_init ] --START--
INFO: Run Behavior\BuildLiteBehavior [ RunTime:0.000020s ]
INFO: [ app_init ] --END-- [ RunTime:0.000386s ]
INFO: [ app_begin ] --START--
INFO: Run Behavior\ReadHtmlCacheBehavior [ RunTime:0.000892s ]
INFO: [ app_begin ] --END-- [ RunTime:0.000966s ]
NOTIC: [8] Undefined offset: 1 D:\php\Code\MoeGirl_Q-A\Application\Home\Controller\StuController.class.php 第 46 行.
NOTIC: [8] Undefined offset: 1 D:\php\Code\MoeGirl_Q-A\Application\Home\Controller\StuController.class.php 第 53 行.
INFO: [ app_end ] --START--
INFO: Run Behavior\ShowPageTraceBehavior [ RunTime:0.000824s ]
INFO: [ app_end ] --END-- [ RunTime:0.000981s ]

[ 2015-02-02T00:39:54+08:00 ] 127.0.0.1 /index.php/Home/Question/stu.html?imgurl=http://studemo-img.stor.sinaapp.com/test.jpg
INFO: [ app_init ] --START--
INFO: Run Behavior\BuildLiteBehavior [ RunTime:0.000017s ]
INFO: [ app_init ] --END-- [ RunTime:0.000357s ]
INFO: [ app_begin ] --START--
INFO: Run Behavior\ReadHtmlCacheBehavior [ RunTime:0.000736s ]
INFO: [ app_begin ] --END-- [ RunTime:0.000878s ]
INFO: [ view_parse ] --START--
INFO: [ template_filter ] --START--
INFO: Run Behavior\ContentReplaceBehavior [ RunTime:0.000138s ]
INFO: [ template_filter ] --END-- [ RunTime:0.000373s ]
INFO: Run Behavior\ParseTemplateBehavior [ RunTime:0.038960s ]
INFO: [ view_parse ] --END-- [ RunTime:0.039054s ]
INFO: [ view_filter ] --START--
INFO: Run Behavior\WriteHtmlCacheBehavior [ RunTime:0.000497s ]
INFO: [ view_filter ] --END-- [ RunTime:0.000575s ]
INFO: [ app_end ] --START--
INFO: Run Behavior\ShowPageTraceBehavior [ RunTime:0.001976s ]
INFO: [ app_end ] --END-- [ RunTime:0.002423s ]

[ 2015-02-02T00:39:55+08:00 ] 127.0.0.1 /index.php/Home/Stu/index.html?imgurl=http://studemo-img.stor.sinaapp.com/test.jpg
INFO: [ app_init ] --START--
INFO: Run Behavior\BuildLiteBehavior [ RunTime:0.000064s ]
INFO: [ app_init ] --END-- [ RunTime:0.000938s ]
INFO: [ app_begin ] --START--
INFO: Run Behavior\ReadHtmlCacheBehavior [ RunTime:0.001080s ]
INFO: [ app_begin ] --END-- [ RunTime:0.001222s ]

[ 2015-02-02T00:40:19+08:00 ] 127.0.0.1 /index.php/Home/Question/stu.html?imgurl=http://studemo-img.stor.sinaapp.com/test.jpg
INFO: [ app_init ] --START--
INFO: Run Behavior\BuildLiteBehavior [ RunTime:0.000148s ]
INFO: [ app_init ] --END-- [ RunTime:0.001638s ]
INFO: [ app_begin ] --START--
INFO: Run Behavior\ReadHtmlCacheBehavior [ RunTime:0.000588s ]
INFO: [ app_begin ] --END-- [ RunTime:0.000664s ]
INFO: [ view_parse ] --START--
INFO: [ template_filter ] --START--
INFO: Run Behavior\ContentReplaceBehavior [ RunTime:0.000079s ]
INFO: [ template_filter ] --END-- [ RunTime:0.000178s ]
INFO: Run Behavior\ParseTemplateBehavior [ RunTime:0.020108s ]
INFO: [ view_parse ] --END-- [ RunTime:0.020187s ]
INFO: [ view_filter ] --START--
INFO: Run Behavior\WriteHtmlCacheBehavior [ RunTime:0.000407s ]
INFO: [ view_filter ] --END-- [ RunTime:0.000474s ]
INFO: [ app_end ] --START--
INFO: Run Behavior\ShowPageTraceBehavior [ RunTime:0.001181s ]
INFO: [ app_end ] --END-- [ RunTime:0.001331s ]

[ 2015-02-02T00:40:20+08:00 ] 127.0.0.1 /index.php/Home/Stu/index.html?imgurl=http://studemo-img.stor.sinaapp.com/test.jpg
INFO: [ app_init ] --START--
INFO: Run Behavior\BuildLiteBehavior [ RunTime:0.000028s ]
INFO: [ app_init ] --END-- [ RunTime:0.000511s ]
INFO: [ app_begin ] --START--
INFO: Run Behavior\ReadHtmlCacheBehavior [ RunTime:0.001256s ]
INFO: [ app_begin ] --END-- [ RunTime:0.001407s ]
INFO: [ app_end ] --START--
INFO: Run Behavior\ShowPageTraceBehavior [ RunTime:0.001127s ]
INFO: [ app_end ] --END-- [ RunTime:0.001270s ]

[ 2015-02-02T00:44:05+08:00 ] 127.0.0.1 /index.php/Home/Question/stu.html?imgurl=http://studemo-img.stor.sinaapp.com/test.jpg
INFO: [ app_init ] --START--
INFO: Run Behavior\BuildLiteBehavior [ RunTime:0.000020s ]
INFO: [ app_init ] --END-- [ RunTime:0.000373s ]
INFO: [ app_begin ] --START--
INFO: Run Behavior\ReadHtmlCacheBehavior [ RunTime:0.000772s ]
INFO: [ app_begin ] --END-- [ RunTime:0.000873s ]
INFO: [ view_parse ] --START--
INFO: [ template_filter ] --START--
INFO: Run Behavior\ContentReplaceBehavior [ RunTime:0.000101s ]
INFO: [ template_filter ] --END-- [ RunTime:0.000203s ]
INFO: Run Behavior\ParseTemplateBehavior [ RunTime:0.025335s ]
INFO: [ view_parse ] --END-- [ RunTime:0.025430s ]
INFO: [ view_filter ] --START--
INFO: Run Behavior\WriteHtmlCacheBehavior [ RunTime:0.000501s ]
INFO: [ view_filter ] --END-- [ RunTime:0.000565s ]
INFO: [ app_end ] --START--
INFO: Run Behavior\ShowPageTraceBehavior [ RunTime:0.001237s ]
INFO: [ app_end ] --END-- [ RunTime:0.001378s ]

[ 2015-02-02T00:44:06+08:00 ] 127.0.0.1 /index.php/Home/Stu/index.html?imgurl=http://studemo-img.stor.sinaapp.com/test.jpg
INFO: [ app_init ] --START--
INFO: Run Behavior\BuildLiteBehavior [ RunTime:0.000027s ]
INFO: [ app_init ] --END-- [ RunTime:0.001332s ]
INFO: [ app_begin ] --START--
INFO: Run Behavior\ReadHtmlCacheBehavior [ RunTime:0.000895s ]
INFO: [ app_begin ] --END-- [ RunTime:0.000989s ]
NOTIC: [8] Undefined offset: 1 D:\php\Code\MoeGirl_Q-A\Application\Home\Controller\StuController.class.php 第 22 行.

[ 2015-02-02T00:44:38+08:00 ] 127.0.0.1 /index.php/Home/Stu/index.html?imgurl=http://studemo-img.stor.sinaapp.com/test.jpg
INFO: [ app_init ] --START--
INFO: Run Behavior\BuildLiteBehavior [ RunTime:0.000031s ]
INFO: [ app_init ] --END-- [ RunTime:0.000601s ]
INFO: [ app_begin ] --START--
INFO: Run Behavior\ReadHtmlCacheBehavior [ RunTime:0.001569s ]
INFO: [ app_begin ] --END-- [ RunTime:0.001796s ]
NOTIC: [8] Undefined offset: 1 D:\php\Code\MoeGirl_Q-A\Application\Home\Controller\StuController.class.php 第 22 行.

[ 2015-02-02T00:45:54+08:00 ] 127.0.0.1 /index.php/Home/Stu/index.html?imgurl=http://studemo-img.stor.sinaapp.com/test.jpg
INFO: [ app_init ] --START--
INFO: Run Behavior\BuildLiteBehavior [ RunTime:0.000018s ]
INFO: [ app_init ] --END-- [ RunTime:0.000375s ]
INFO: [ app_begin ] --START--
INFO: Run Behavior\ReadHtmlCacheBehavior [ RunTime:0.000537s ]
INFO: [ app_begin ] --END-- [ RunTime:0.000600s ]
NOTIC: [8] Undefined offset: 1 D:\php\Code\MoeGirl_Q-A\Application\Common\Common\function.php 第 33 行.
NOTIC: [8] Undefined offset: 1 D:\php\Code\MoeGirl_Q-A\Application\Common\Common\function.php 第 33 行.
NOTIC: [8] Undefined offset: 1 D:\php\Code\MoeGirl_Q-A\Application\Home\Controller\StuController.class.php 第 47 行.
NOTIC: [8] Undefined offset: 1 D:\php\Code\MoeGirl_Q-A\Application\Home\Controller\StuController.class.php 第 54 行.
INFO: [ app_end ] --START--
INFO: Run Behavior\ShowPageTraceBehavior [ RunTime:0.000800s ]
INFO: [ app_end ] --END-- [ RunTime:0.000878s ]

[ 2015-02-02T00:47:01+08:00 ] 127.0.0.1 /index.php/Home/Stu/index.html?imgurl=http://studemo-img.stor.sinaapp.com/test.jpg
INFO: [ app_init ] --START--
INFO: Run Behavior\BuildLiteBehavior [ RunTime:0.000018s ]
INFO: [ app_init ] --END-- [ RunTime:0.000373s ]
INFO: [ app_begin ] --START--
INFO: Run Behavior\ReadHtmlCacheBehavior [ RunTime:0.000541s ]
INFO: [ app_begin ] --END-- [ RunTime:0.000605s ]
NOTIC: [8] Undefined offset: 1 D:\php\Code\MoeGirl_Q-A\Application\Common\Common\function.php 第 34 行.
NOTIC: [8] Undefined offset: 1 D:\php\Code\MoeGirl_Q-A\Application\Common\Common\function.php 第 34 行.
NOTIC: [8] Undefined offset: 1 D:\php\Code\MoeGirl_Q-A\Application\Home\Controller\StuController.class.php 第 47 行.
NOTIC: [8] Undefined offset: 1 D:\php\Code\MoeGirl_Q-A\Application\Home\Controller\StuController.class.php 第 54 行.
INFO: [ app_end ] --START--
INFO: Run Behavior\ShowPageTraceBehavior [ RunTime:0.001241s ]
INFO: [ app_end ] --END-- [ RunTime:0.001370s ]

[ 2015-02-02T00:48:43+08:00 ] 127.0.0.1 /index.php/Home/Stu/index.html?imgurl=http://studemo-img.stor.sinaapp.com/test.jpg
INFO: [ app_init ] --START--
INFO: Run Behavior\BuildLiteBehavior [ RunTime:0.000023s ]
INFO: [ app_init ] --END-- [ RunTime:0.000663s ]
INFO: [ app_begin ] --START--
INFO: Run Behavior\ReadHtmlCacheBehavior [ RunTime:0.001214s ]
INFO: [ app_begin ] --END-- [ RunTime:0.001340s ]
NOTIC: [8] Undefined offset: 1 D:\php\Code\MoeGirl_Q-A\Application\Common\Common\function.php 第 34 行.
NOTIC: [8] Undefined offset: 1 D:\php\Code\MoeGirl_Q-A\Application\Common\Common\function.php 第 34 行.
NOTIC: [8] Undefined offset: 1 D:\php\Code\MoeGirl_Q-A\Application\Home\Controller\StuController.class.php 第 48 行.
NOTIC: [8] Undefined offset: 1 D:\php\Code\MoeGirl_Q-A\Application\Home\Controller\StuController.class.php 第 55 行.
INFO: [ app_end ] --START--
INFO: Run Behavior\ShowPageTraceBehavior [ RunTime:0.001177s ]
INFO: [ app_end ] --END-- [ RunTime:0.001311s ]

[ 2015-02-02T00:49:49+08:00 ] 127.0.0.1 /index.php/Home/Stu/index.html?imgurl=http://studemo-img.stor.sinaapp.com/test.jpg
INFO: [ app_init ] --START--
INFO: Run Behavior\BuildLiteBehavior [ RunTime:0.000024s ]
INFO: [ app_init ] --END-- [ RunTime:0.000428s ]
INFO: [ app_begin ] --START--
INFO: Run Behavior\ReadHtmlCacheBehavior [ RunTime:0.000842s ]
INFO: [ app_begin ] --END-- [ RunTime:0.000948s ]
NOTIC: [8] Undefined offset: 1 D:\php\Code\MoeGirl_Q-A\Application\Common\Common\function.php 第 33 行.
NOTIC: [8] Undefined offset: 1 D:\php\Code\MoeGirl_Q-A\Application\Common\Common\function.php 第 33 行.
NOTIC: [8] Undefined offset: 1 D:\php\Code\MoeGirl_Q-A\Application\Home\Controller\StuController.class.php 第 47 行.
NOTIC: [8] Undefined offset: 1 D:\php\Code\MoeGirl_Q-A\Application\Home\Controller\StuController.class.php 第 54 行.
INFO: [ app_end ] --START--
INFO: Run Behavior\ShowPageTraceBehavior [ RunTime:0.000855s ]
INFO: [ app_end ] --END-- [ RunTime:0.000956s ]

[ 2015-02-02T00:50:19+08:00 ] 127.0.0.1 /index.php/Home/Stu/index.html?imgurl=http://studemo-img.stor.sinaapp.com/test.jpg
INFO: [ app_init ] --START--
INFO: Run Behavior\BuildLiteBehavior [ RunTime:0.000038s ]
INFO: [ app_init ] --END-- [ RunTime:0.000504s ]
INFO: [ app_begin ] --START--
INFO: Run Behavior\ReadHtmlCacheBehavior [ RunTime:0.000826s ]
INFO: [ app_begin ] --END-- [ RunTime:0.000973s ]
NOTIC: [8] Undefined offset: 1 D:\php\Code\MoeGirl_Q-A\Application\Common\Common\function.php 第 33 行.
NOTIC: [8] Undefined offset: 1 D:\php\Code\MoeGirl_Q-A\Application\Common\Common\function.php 第 33 行.
NOTIC: [8] Undefined offset: 1 D:\php\Code\MoeGirl_Q-A\Application\Home\Controller\StuController.class.php 第 47 行.
NOTIC: [8] Undefined offset: 1 D:\php\Code\MoeGirl_Q-A\Application\Home\Controller\StuController.class.php 第 54 行.
INFO: [ app_end ] --START--
INFO: Run Behavior\ShowPageTraceBehavior [ RunTime:0.000839s ]
INFO: [ app_end ] --END-- [ RunTime:0.000924s ]

[ 2015-02-02T00:55:30+08:00 ] 127.0.0.1 /index.php/Home/Stu/index.html?imgurl=http://studemo-img.stor.sinaapp.com/test.jpg
INFO: [ app_init ] --START--
INFO: Run Behavior\BuildLiteBehavior [ RunTime:0.000035s ]
INFO: [ app_init ] --END-- [ RunTime:0.000673s ]
INFO: [ app_begin ] --START--
INFO: Run Behavior\ReadHtmlCacheBehavior [ RunTime:0.001761s ]
INFO: [ app_begin ] --END-- [ RunTime:0.002128s ]
NOTIC: [8] Undefined offset: 1 D:\php\Code\MoeGirl_Q-A\Application\Common\Common\function.php 第 33 行.
NOTIC: [8] Undefined offset: 1 D:\php\Code\MoeGirl_Q-A\Application\Common\Common\function.php 第 33 行.
NOTIC: [8] Undefined offset: 1 D:\php\Code\MoeGirl_Q-A\Application\Home\Controller\StuController.class.php 第 47 行.
NOTIC: [8] Undefined offset: 1 D:\php\Code\MoeGirl_Q-A\Application\Home\Controller\StuController.class.php 第 54 行.
INFO: [ app_end ] --START--
INFO: Run Behavior\ShowPageTraceBehavior [ RunTime:0.001913s ]
INFO: [ app_end ] --END-- [ RunTime:0.002052s ]

[ 2015-02-02T00:57:11+08:00 ] 127.0.0.1 /index.php/Home/Stu/index.html?imgurl=http://studemo-img.stor.sinaapp.com/test.jpg
INFO: [ app_init ] --START--
INFO: Run Behavior\BuildLiteBehavior [ RunTime:0.000026s ]
INFO: [ app_init ] --END-- [ RunTime:0.000369s ]
INFO: [ app_begin ] --START--
INFO: Run Behavior\ReadHtmlCacheBehavior [ RunTime:0.000581s ]
INFO: [ app_begin ] --END-- [ RunTime:0.000668s ]
NOTIC: [8] Undefined offset: 1 D:\php\Code\MoeGirl_Q-A\Application\Common\Common\function.php 第 33 行.
NOTIC: [8] Undefined offset: 1 D:\php\Code\MoeGirl_Q-A\Application\Common\Common\function.php 第 33 行.
NOTIC: [2] preg_match() [<a href='function.preg-match'>function.preg-match</a>]: Compilation failed: missing ) at offset 25 D:\php\Code\MoeGirl_Q-A\Application\Home\Controller\StuController.class.php 第 41 行.
INFO: [ app_end ] --START--
INFO: Run Behavior\ShowPageTraceBehavior [ RunTime:0.000767s ]
INFO: [ app_end ] --END-- [ RunTime:0.000852s ]

[ 2015-02-02T00:57:37+08:00 ] 127.0.0.1 /index.php/Home/Stu/index.html?imgurl=http://studemo-img.stor.sinaapp.com/test.jpg
INFO: [ app_init ] --START--
INFO: Run Behavior\BuildLiteBehavior [ RunTime:0.000018s ]
INFO: [ app_init ] --END-- [ RunTime:0.000381s ]
INFO: [ app_begin ] --START--
INFO: Run Behavior\ReadHtmlCacheBehavior [ RunTime:0.000709s ]
INFO: [ app_begin ] --END-- [ RunTime:0.000805s ]
NOTIC: [8] Undefined offset: 1 D:\php\Code\MoeGirl_Q-A\Application\Common\Common\function.php 第 33 行.
NOTIC: [8] Undefined offset: 1 D:\php\Code\MoeGirl_Q-A\Application\Common\Common\function.php 第 33 行.
NOTIC: [2] preg_match() [<a href='function.preg-match'>function.preg-match</a>]: Compilation failed: missing ) at offset 25 D:\php\Code\MoeGirl_Q-A\Application\Home\Controller\StuController.class.php 第 41 行.
INFO: [ app_end ] --START--
INFO: Run Behavior\ShowPageTraceBehavior [ RunTime:0.000815s ]
INFO: [ app_end ] --END-- [ RunTime:0.000902s ]

[ 2015-02-02T00:58:07+08:00 ] 127.0.0.1 /index.php/Home/Stu/index.html?imgurl=http://studemo-img.stor.sinaapp.com/test.jpg
INFO: [ app_init ] --START--
INFO: Run Behavior\BuildLiteBehavior [ RunTime:0.000020s ]
INFO: [ app_init ] --END-- [ RunTime:0.000682s ]
INFO: [ app_begin ] --START--
INFO: Run Behavior\ReadHtmlCacheBehavior [ RunTime:0.000802s ]
INFO: [ app_begin ] --END-- [ RunTime:0.000870s ]
NOTIC: [8] Undefined offset: 1 D:\php\Code\MoeGirl_Q-A\Application\Common\Common\function.php 第 33 行.
NOTIC: [8] Undefined offset: 1 D:\php\Code\MoeGirl_Q-A\Application\Common\Common\function.php 第 33 行.
NOTIC: [2] preg_match() [<a href='function.preg-match'>function.preg-match</a>]: Compilation failed: missing ) at offset 23 D:\php\Code\MoeGirl_Q-A\Application\Home\Controller\StuController.class.php 第 41 行.
INFO: [ app_end ] --START--
INFO: Run Behavior\ShowPageTraceBehavior [ RunTime:0.000767s ]
INFO: [ app_end ] --END-- [ RunTime:0.000855s ]

[ 2015-02-02T00:58:20+08:00 ] 127.0.0.1 /index.php/Home/Stu/index.html?imgurl=http://studemo-img.stor.sinaapp.com/test.jpg
INFO: [ app_init ] --START--
INFO: Run Behavior\BuildLiteBehavior [ RunTime:0.000018s ]
INFO: [ app_init ] --END-- [ RunTime:0.000341s ]
INFO: [ app_begin ] --START--
INFO: Run Behavior\ReadHtmlCacheBehavior [ RunTime:0.000584s ]
INFO: [ app_begin ] --END-- [ RunTime:0.000655s ]
NOTIC: [8] Undefined offset: 1 D:\php\Code\MoeGirl_Q-A\Application\Common\Common\function.php 第 33 行.
NOTIC: [8] Undefined offset: 1 D:\php\Code\MoeGirl_Q-A\Application\Common\Common\function.php 第 33 行.
INFO: [ app_end ] --START--
INFO: Run Behavior\ShowPageTraceBehavior [ RunTime:0.001145s ]
INFO: [ app_end ] --END-- [ RunTime:0.001311s ]

[ 2015-02-02T00:58:47+08:00 ] 127.0.0.1 /index.php/Home/Stu/index.html?imgurl=http://studemo-img.stor.sinaapp.com/test.jpg
INFO: [ app_init ] --START--
INFO: Run Behavior\BuildLiteBehavior [ RunTime:0.000022s ]
INFO: [ app_init ] --END-- [ RunTime:0.000463s ]
INFO: [ app_begin ] --START--
INFO: Run Behavior\ReadHtmlCacheBehavior [ RunTime:0.000588s ]
INFO: [ app_begin ] --END-- [ RunTime:0.000693s ]
NOTIC: [8] Undefined offset: 1 D:\php\Code\MoeGirl_Q-A\Application\Common\Common\function.php 第 33 行.
NOTIC: [8] Undefined offset: 1 D:\php\Code\MoeGirl_Q-A\Application\Common\Common\function.php 第 33 行.
INFO: [ app_end ] --START--
INFO: Run Behavior\ShowPageTraceBehavior [ RunTime:0.001375s ]
INFO: [ app_end ] --END-- [ RunTime:0.001596s ]

[ 2015-02-02T00:58:58+08:00 ] 127.0.0.1 /index.php/Home/Question/stu.html?imgurl=http://studemo-img.stor.sinaapp.com/test.jpg
INFO: [ app_init ] --START--
INFO: Run Behavior\BuildLiteBehavior [ RunTime:0.000022s ]
INFO: [ app_init ] --END-- [ RunTime:0.000426s ]
INFO: [ app_begin ] --START--
INFO: Run Behavior\ReadHtmlCacheBehavior [ RunTime:0.001421s ]
INFO: [ app_begin ] --END-- [ RunTime:0.001598s ]
INFO: [ view_parse ] --START--
INFO: [ template_filter ] --START--
INFO: Run Behavior\ContentReplaceBehavior [ RunTime:0.000071s ]
INFO: [ template_filter ] --END-- [ RunTime:0.000148s ]
INFO: Run Behavior\ParseTemplateBehavior [ RunTime:0.034875s ]
INFO: [ view_parse ] --END-- [ RunTime:0.034977s ]
INFO: [ view_filter ] --START--
INFO: Run Behavior\WriteHtmlCacheBehavior [ RunTime:0.000407s ]
INFO: [ view_filter ] --END-- [ RunTime:0.000488s ]
INFO: [ app_end ] --START--
INFO: Run Behavior\ShowPageTraceBehavior [ RunTime:0.001085s ]
INFO: [ app_end ] --END-- [ RunTime:0.001228s ]

[ 2015-02-02T00:58:59+08:00 ] 127.0.0.1 /index.php/Home/Stu/index.html?imgurl=http://studemo-img.stor.sinaapp.com/test.jpg
INFO: [ app_init ] --START--
INFO: Run Behavior\BuildLiteBehavior [ RunTime:0.000034s ]
INFO: [ app_init ] --END-- [ RunTime:0.000683s ]
INFO: [ app_begin ] --START--
INFO: Run Behavior\ReadHtmlCacheBehavior [ RunTime:0.000981s ]
INFO: [ app_begin ] --END-- [ RunTime:0.001107s ]
NOTIC: [8] Undefined offset: 1 D:\php\Code\MoeGirl_Q-A\Application\Common\Common\function.php 第 33 行.
NOTIC: [8] Undefined offset: 1 D:\php\Code\MoeGirl_Q-A\Application\Common\Common\function.php 第 33 行.
INFO: [ app_end ] --START--
INFO: Run Behavior\ShowPageTraceBehavior [ RunTime:0.000766s ]
INFO: [ app_end ] --END-- [ RunTime:0.000856s ]

[ 2015-02-02T00:59:10+08:00 ] 127.0.0.1 /index.php/Home/Question/stu.html?imgurl=http://studemo-img.stor.sinaapp.com/test.jpg
INFO: [ app_init ] --START--
INFO: Run Behavior\BuildLiteBehavior [ RunTime:0.000019s ]
INFO: [ app_init ] --END-- [ RunTime:0.000378s ]
INFO: [ app_begin ] --START--
INFO: Run Behavior\ReadHtmlCacheBehavior [ RunTime:0.001042s ]
INFO: [ app_begin ] --END-- [ RunTime:0.001183s ]
INFO: [ view_parse ] --START--
INFO: [ template_filter ] --START--
INFO: Run Behavior\ContentReplaceBehavior [ RunTime:0.000115s ]
INFO: [ template_filter ] --END-- [ RunTime:0.000252s ]
INFO: Run Behavior\ParseTemplateBehavior [ RunTime:0.024375s ]
INFO: [ view_parse ] --END-- [ RunTime:0.024504s ]
INFO: [ view_filter ] --START--
INFO: Run Behavior\WriteHtmlCacheBehavior [ RunTime:0.000811s ]
INFO: [ view_filter ] --END-- [ RunTime:0.000888s ]
INFO: [ app_end ] --START--
INFO: Run Behavior\ShowPageTraceBehavior [ RunTime:0.001073s ]
INFO: [ app_end ] --END-- [ RunTime:0.001227s ]

[ 2015-02-02T00:59:11+08:00 ] 127.0.0.1 /index.php/Home/Stu/index.html?imgurl=http://studemo-img.stor.sinaapp.com/test.jpg
INFO: [ app_init ] --START--
INFO: Run Behavior\BuildLiteBehavior [ RunTime:0.000028s ]
INFO: [ app_init ] --END-- [ RunTime:0.000571s ]
INFO: [ app_begin ] --START--
INFO: Run Behavior\ReadHtmlCacheBehavior [ RunTime:0.001123s ]
INFO: [ app_begin ] --END-- [ RunTime:0.001254s ]
NOTIC: [8] Undefined offset: 1 D:\php\Code\MoeGirl_Q-A\Application\Common\Common\function.php 第 33 行.
NOTIC: [8] Undefined offset: 1 D:\php\Code\MoeGirl_Q-A\Application\Common\Common\function.php 第 33 行.
INFO: [ app_end ] --START--
INFO: Run Behavior\ShowPageTraceBehavior [ RunTime:0.001366s ]
INFO: [ app_end ] --END-- [ RunTime:0.001624s ]

