[ 2015-07-02T18:28:12+08:00 ] 127.0.0.1 /
INFO: [ app_init ] --START--
INFO: Run Behavior\BuildLiteBehavior [ RunTime:0.000027s ]
INFO: [ app_init ] --END-- [ RunTime:0.005504s ]
INFO: [ app_begin ] --START--
INFO: Run Behavior\ReadHtmlCacheBehavior [ RunTime:0.007144s ]
INFO: [ app_begin ] --END-- [ RunTime:0.007246s ]
INFO: [ view_parse ] --START--
INFO: [ template_filter ] --START--
INFO: Run Behavior\ContentReplaceBehavior [ RunTime:0.000120s ]
INFO: [ template_filter ] --END-- [ RunTime:0.000198s ]
SQL: SHOW COLUMNS FROM `mgqa_user` [ RunTime:0.057335s ]
SQL: SHOW COLUMNS FROM `mgqa_user` [ RunTime:0.010679s ]
SQL: SELECT * FROM `mgqa_user` WHERE ( username="test22" ) LIMIT 1   [ RunTime:0.000426s ]
SQL: SELECT `random` FROM `mgqa_user` WHERE ( username="test22" ) LIMIT 1   [ RunTime:0.000220s ]
SQL: SHOW COLUMNS FROM `mgqa_timeline_time` [ RunTime:0.026731s ]
SQL: SELECT unix_timestamp(time) FROM `mgqa_timeline_time` WHERE ( username="test22" ) LIMIT 1   [ RunTime:0.000299s ]
SQL: SHOW COLUMNS FROM `mgqa_timeline` [ RunTime:0.026744s ]
SQL: SHOW COLUMNS FROM `mgqa_question_user_status` [ RunTime:0.046280s ]
SQL: SELECT `question_id` FROM `mgqa_question_user_status` WHERE ( username="test22" AND follow=1 )  [ RunTime:0.000326s ]
DEBUG: Array
(
    [null] => 0
)

SQL: SHOW COLUMNS FROM `mgqa_timeline_question` [ RunTime:0.031179s ]
SQL: SELECT * FROM `mgqa_timeline_question` WHERE ( (`question_id` IN (0)) AND (`type` = 1) ) OR `tousername` = 'test22' ORDER BY id desc LIMIT 200   [ RunTime:0.000410s ]
SQL: SHOW COLUMNS FROM `mgqa_timeline_follow` [ RunTime:0.032799s ]
SQL: SELECT * FROM `mgqa_timeline_follow` WHERE ( tousername="test22" ) ORDER BY id desc LIMIT 30   [ RunTime:0.000276s ]
DEBUG: debug
SQL: SHOW COLUMNS FROM `mgqa_timeline_agree` [ RunTime:0.019453s ]
SQL: SELECT * FROM `mgqa_timeline_agree` WHERE ( tousername="test22" ) ORDER BY id desc LIMIT 200   [ RunTime:0.000277s ]
DEBUG: 
DEBUG: Array
(
    [question] => 0
    [follow] => 0
    [agree] => 0
    [sum] => 0
)

SQL: SHOW COLUMNS FROM `mgqa_topic` [ RunTime:0.029654s ]
SQL: SELECT * FROM `mgqa_topic` ORDER BY id  [ RunTime:0.000468s ]
SQL: SHOW COLUMNS FROM `mgqa_inbox_alert` [ RunTime:0.042161s ]
SQL: SELECT * FROM `mgqa_inbox_alert` WHERE ( usname="test22" ) LIMIT 1   [ RunTime:0.000245s ]
SQL: SELECT * FROM `mgqa_inbox_alert` WHERE ( usname="test22" ) LIMIT 1   [ RunTime:0.000186s ]
SQL: SELECT * FROM `mgqa_inbox_alert` WHERE ( usname="test22" ) LIMIT 1   [ RunTime:0.000181s ]
INFO: Run Behavior\ParseTemplateBehavior [ RunTime:0.553118s ]
INFO: [ view_parse ] --END-- [ RunTime:0.553198s ]
INFO: [ view_filter ] --START--
INFO: Run Behavior\WriteHtmlCacheBehavior [ RunTime:0.009949s ]
INFO: [ view_filter ] --END-- [ RunTime:0.010025s ]
INFO: [ app_end ] --START--
INFO: Run Behavior\ShowPageTraceBehavior [ RunTime:0.016251s ]
INFO: [ app_end ] --END-- [ RunTime:0.016387s ]

[ 2015-07-02T18:28:12+08:00 ] 127.0.0.1 /index.php/Home/index/get_timeline.html?page=1
INFO: [ app_init ] --START--
INFO: Run Behavior\BuildLiteBehavior [ RunTime:0.000021s ]
INFO: [ app_init ] --END-- [ RunTime:0.000591s ]
INFO: [ app_begin ] --START--
INFO: Run Behavior\ReadHtmlCacheBehavior [ RunTime:0.000955s ]
INFO: [ app_begin ] --END-- [ RunTime:0.001068s ]
SQL: SHOW COLUMNS FROM `mgqa_timeline` [ RunTime:0.021002s ]
SQL: SHOW COLUMNS FROM `mgqa_follow` [ RunTime:0.083056s ]
SQL: SELECT * FROM `mgqa_follow` WHERE ( us1="test22" OR us2="test22" )  [ RunTime:0.000286s ]
NOTIC: [2] Invalid argument supplied for foreach() D:\php\Code\MoeGirl_Q-A\Application\Home\Model\FollowModel.class.php 第 84 行.
SQL: SHOW COLUMNS FROM `mgqa_timeline` [ RunTime:0.014154s ]
SQL: SELECT * FROM `mgqa_timeline` WHERE `username` IN () ORDER BY id desc LIMIT 0,30   [ RunTime:0.000193s ]
ERR: 1064:You have an error in your SQL syntax; check the manual that corresponds to your MySQL server version for the right syntax to use near ') ORDER BY id desc LIMIT 0,30' at line 1
 [ SQL语句 ] : SELECT * FROM `mgqa_timeline` WHERE `username` IN () ORDER BY id desc LIMIT 0,30  
NOTIC: [2] Invalid argument supplied for foreach() D:\php\Code\MoeGirl_Q-A\Application\Home\Model\TimelineModel.class.php 第 32 行.
NOTIC: [2] array_key_exists() expects parameter 2 to be array, boolean given D:\php\Code\MoeGirl_Q-A\Application\Home\Model\TimelineModel.class.php 第 46 行.
NOTIC: [2] array_merge() [<a href='function.array-merge'>function.array-merge</a>]: Argument #1 is not an array D:\php\Code\MoeGirl_Q-A\Application\Home\Model\TimelineModel.class.php 第 67 行.
DEBUG: 
INFO: [ view_parse ] --START--
INFO: [ template_filter ] --START--
INFO: Run Behavior\ContentReplaceBehavior [ RunTime:0.000059s ]
INFO: [ template_filter ] --END-- [ RunTime:0.000146s ]
INFO: Run Behavior\ParseTemplateBehavior [ RunTime:0.070819s ]
INFO: [ view_parse ] --END-- [ RunTime:0.070961s ]
INFO: [ view_filter ] --START--
INFO: Run Behavior\WriteHtmlCacheBehavior [ RunTime:0.000874s ]
INFO: [ view_filter ] --END-- [ RunTime:0.000970s ]
INFO: [ app_end ] --START--
INFO: Run Behavior\ShowPageTraceBehavior [ RunTime:0.001108s ]
INFO: [ app_end ] --END-- [ RunTime:0.001200s ]

[ 2015-07-02T18:28:29+08:00 ] 127.0.0.1 /index.php/Home/Find.html
INFO: [ app_init ] --START--
INFO: Run Behavior\BuildLiteBehavior [ RunTime:0.000016s ]
INFO: [ app_init ] --END-- [ RunTime:0.000391s ]
INFO: [ app_begin ] --START--
INFO: Run Behavior\ReadHtmlCacheBehavior [ RunTime:0.000570s ]
INFO: [ app_begin ] --END-- [ RunTime:0.000643s ]
SQL: SHOW COLUMNS FROM `mgqa_answer` [ RunTime:0.050113s ]
SQL: SELECT * FROM `mgqa_answer` WHERE ( 1435746508 < unix_timestamp(time) ) ORDER BY agree - unagree desc LIMIT 30   [ RunTime:0.000383s ]
SQL: SELECT * FROM `mgqa_answer` WHERE ( 1433240908 < unix_timestamp(time) ) ORDER BY agree - unagree desc LIMIT 30   [ RunTime:0.000266s ]
INFO: [ view_parse ] --START--
INFO: [ template_filter ] --START--
INFO: Run Behavior\ContentReplaceBehavior [ RunTime:0.000110s ]
INFO: [ template_filter ] --END-- [ RunTime:0.000191s ]
SQL: SHOW COLUMNS FROM `mgqa_user` [ RunTime:0.016517s ]
SQL: SHOW COLUMNS FROM `mgqa_user` [ RunTime:0.010053s ]
SQL: SELECT `random` FROM `mgqa_user` WHERE ( username="test22" ) LIMIT 1   [ RunTime:0.001001s ]
SQL: SHOW COLUMNS FROM `mgqa_timeline_time` [ RunTime:0.009565s ]
SQL: SELECT unix_timestamp(time) FROM `mgqa_timeline_time` WHERE ( username="test22" ) LIMIT 1   [ RunTime:0.000188s ]
SQL: SHOW COLUMNS FROM `mgqa_timeline` [ RunTime:0.014502s ]
SQL: SHOW COLUMNS FROM `mgqa_question_user_status` [ RunTime:0.010780s ]
SQL: SELECT `question_id` FROM `mgqa_question_user_status` WHERE ( username="test22" AND follow=1 )  [ RunTime:0.000183s ]
DEBUG: Array
(
    [null] => 0
)

SQL: SHOW COLUMNS FROM `mgqa_timeline_question` [ RunTime:0.013187s ]
SQL: SELECT * FROM `mgqa_timeline_question` WHERE ( (`question_id` IN (0)) AND (`type` = 1) ) OR `tousername` = 'test22' ORDER BY id desc LIMIT 200   [ RunTime:0.000212s ]
SQL: SHOW COLUMNS FROM `mgqa_timeline_follow` [ RunTime:0.013020s ]
SQL: SELECT * FROM `mgqa_timeline_follow` WHERE ( tousername="test22" ) ORDER BY id desc LIMIT 30   [ RunTime:0.000190s ]
DEBUG: debug
SQL: SHOW COLUMNS FROM `mgqa_timeline_agree` [ RunTime:0.008930s ]
SQL: SELECT * FROM `mgqa_timeline_agree` WHERE ( tousername="test22" ) ORDER BY id desc LIMIT 200   [ RunTime:0.000228s ]
DEBUG: 
DEBUG: Array
(
    [question] => 0
    [follow] => 0
    [agree] => 0
    [sum] => 0
)

SQL: SHOW COLUMNS FROM `mgqa_topic` [ RunTime:0.013582s ]
SQL: SELECT * FROM `mgqa_topic` ORDER BY id  [ RunTime:0.000259s ]
SQL: SHOW COLUMNS FROM `mgqa_inbox_alert` [ RunTime:0.009887s ]
SQL: SELECT * FROM `mgqa_inbox_alert` WHERE ( usname="test22" ) LIMIT 1   [ RunTime:0.000181s ]
SQL: SELECT * FROM `mgqa_inbox_alert` WHERE ( usname="test22" ) LIMIT 1   [ RunTime:0.000106s ]
SQL: SELECT * FROM `mgqa_inbox_alert` WHERE ( usname="test22" ) LIMIT 1   [ RunTime:0.000100s ]
INFO: Run Behavior\ParseTemplateBehavior [ RunTime:0.210092s ]
INFO: [ view_parse ] --END-- [ RunTime:0.210193s ]
INFO: [ view_filter ] --START--
INFO: Run Behavior\WriteHtmlCacheBehavior [ RunTime:0.000429s ]
INFO: [ view_filter ] --END-- [ RunTime:0.000484s ]
INFO: [ app_end ] --START--
INFO: Run Behavior\ShowPageTraceBehavior [ RunTime:0.000923s ]
INFO: [ app_end ] --END-- [ RunTime:0.001046s ]

[ 2015-07-02T18:28:31+08:00 ] 127.0.0.1 /index.php/Home/Topic.html
INFO: [ app_init ] --START--
INFO: Run Behavior\BuildLiteBehavior [ RunTime:0.000015s ]
INFO: [ app_init ] --END-- [ RunTime:0.000363s ]
INFO: [ app_begin ] --START--
INFO: Run Behavior\ReadHtmlCacheBehavior [ RunTime:0.000501s ]
INFO: [ app_begin ] --END-- [ RunTime:0.000565s ]
SQL: SHOW COLUMNS FROM `mgqa_topic_follow` [ RunTime:0.042108s ]
SQL: SELECT * FROM `mgqa_topic_follow` WHERE ( username="test22" )  [ RunTime:0.000270s ]
INFO: [ view_parse ] --START--
INFO: [ template_filter ] --START--
INFO: Run Behavior\ContentReplaceBehavior [ RunTime:0.000096s ]
INFO: [ template_filter ] --END-- [ RunTime:0.000179s ]
SQL: SHOW COLUMNS FROM `mgqa_user` [ RunTime:0.017643s ]
SQL: SHOW COLUMNS FROM `mgqa_user` [ RunTime:0.014130s ]
SQL: SELECT `random` FROM `mgqa_user` WHERE ( username="test22" ) LIMIT 1   [ RunTime:0.000459s ]
SQL: SHOW COLUMNS FROM `mgqa_timeline_time` [ RunTime:0.015196s ]
SQL: SELECT unix_timestamp(time) FROM `mgqa_timeline_time` WHERE ( username="test22" ) LIMIT 1   [ RunTime:0.000398s ]
SQL: SHOW COLUMNS FROM `mgqa_timeline` [ RunTime:0.018772s ]
SQL: SHOW COLUMNS FROM `mgqa_question_user_status` [ RunTime:0.012907s ]
SQL: SELECT `question_id` FROM `mgqa_question_user_status` WHERE ( username="test22" AND follow=1 )  [ RunTime:0.000187s ]
DEBUG: Array
(
    [null] => 0
)

SQL: SHOW COLUMNS FROM `mgqa_timeline_question` [ RunTime:0.015290s ]
SQL: SELECT * FROM `mgqa_timeline_question` WHERE ( (`question_id` IN (0)) AND (`type` = 1) ) OR `tousername` = 'test22' ORDER BY id desc LIMIT 200   [ RunTime:0.000224s ]
SQL: SHOW COLUMNS FROM `mgqa_timeline_follow` [ RunTime:0.014275s ]
SQL: SELECT * FROM `mgqa_timeline_follow` WHERE ( tousername="test22" ) ORDER BY id desc LIMIT 30   [ RunTime:0.000238s ]
DEBUG: debug
SQL: SHOW COLUMNS FROM `mgqa_timeline_agree` [ RunTime:0.015054s ]
SQL: SELECT * FROM `mgqa_timeline_agree` WHERE ( tousername="test22" ) ORDER BY id desc LIMIT 200   [ RunTime:0.000195s ]
DEBUG: 
DEBUG: Array
(
    [question] => 0
    [follow] => 0
    [agree] => 0
    [sum] => 0
)

SQL: SHOW COLUMNS FROM `mgqa_topic` [ RunTime:0.014760s ]
SQL: SELECT * FROM `mgqa_topic` ORDER BY id  [ RunTime:0.000272s ]
SQL: SHOW COLUMNS FROM `mgqa_inbox_alert` [ RunTime:0.010128s ]
SQL: SELECT * FROM `mgqa_inbox_alert` WHERE ( usname="test22" ) LIMIT 1   [ RunTime:0.000863s ]
SQL: SELECT * FROM `mgqa_inbox_alert` WHERE ( usname="test22" ) LIMIT 1   [ RunTime:0.000321s ]
SQL: SELECT * FROM `mgqa_inbox_alert` WHERE ( usname="test22" ) LIMIT 1   [ RunTime:0.000332s ]
INFO: Run Behavior\ParseTemplateBehavior [ RunTime:0.220406s ]
INFO: [ view_parse ] --END-- [ RunTime:0.220795s ]
INFO: [ view_filter ] --START--
INFO: Run Behavior\WriteHtmlCacheBehavior [ RunTime:0.001247s ]
INFO: [ view_filter ] --END-- [ RunTime:0.001356s ]
INFO: [ app_end ] --START--
INFO: Run Behavior\ShowPageTraceBehavior [ RunTime:0.001003s ]
INFO: [ app_end ] --END-- [ RunTime:0.001129s ]

[ 2015-07-02T18:29:05+08:00 ] 127.0.0.1 /index.php/Home/index/update_time.html
INFO: [ app_init ] --START--
INFO: Run Behavior\BuildLiteBehavior [ RunTime:0.000036s ]
INFO: [ app_init ] --END-- [ RunTime:0.000704s ]
INFO: [ app_begin ] --START--
INFO: Run Behavior\ReadHtmlCacheBehavior [ RunTime:0.000871s ]
INFO: [ app_begin ] --END-- [ RunTime:0.001035s ]
SQL: SHOW COLUMNS FROM `mgqa_timeline_time` [ RunTime:0.025644s ]
SQL: SHOW COLUMNS FROM `mgqa_timeline_time` [ RunTime:0.013345s ]
SQL: SELECT `id` FROM `mgqa_timeline_time` WHERE `username` = 'test22' LIMIT 1   [ RunTime:0.000307s ]
SQL: INSERT INTO `mgqa_timeline_time` (`username`,`temp`) VALUES ('test22',0) [ RunTime:0.000992s ]
INFO: [ app_end ] --START--
INFO: Run Behavior\ShowPageTraceBehavior [ RunTime:0.001367s ]
INFO: [ app_end ] --END-- [ RunTime:0.001487s ]

[ 2015-07-02T18:29:05+08:00 ] 127.0.0.1 /index.php/Home/index/get_question.html
INFO: [ app_init ] --START--
INFO: Run Behavior\BuildLiteBehavior [ RunTime:0.000039s ]
INFO: [ app_init ] --END-- [ RunTime:0.001205s ]
INFO: [ app_begin ] --START--
INFO: Run Behavior\ReadHtmlCacheBehavior [ RunTime:0.001651s ]
INFO: [ app_begin ] --END-- [ RunTime:0.001833s ]
SQL: SHOW COLUMNS FROM `mgqa_timeline` [ RunTime:0.021561s ]
SQL: SHOW COLUMNS FROM `mgqa_question_user_status` [ RunTime:0.021652s ]
SQL: SELECT `question_id` FROM `mgqa_question_user_status` WHERE ( username="test22" AND follow=1 )  [ RunTime:0.000360s ]
DEBUG: Array
(
    [null] => 0
)

SQL: SHOW COLUMNS FROM `mgqa_timeline_question` [ RunTime:0.021222s ]
SQL: SELECT * FROM `mgqa_timeline_question` WHERE ( (`question_id` IN (0)) AND (`type` = 1) ) OR `tousername` = 'test22' ORDER BY id desc LIMIT 200   [ RunTime:0.001173s ]
DEBUG: Array
(
)

INFO: [ view_parse ] --START--
INFO: [ template_filter ] --START--
INFO: Run Behavior\ContentReplaceBehavior [ RunTime:0.000056s ]
INFO: [ template_filter ] --END-- [ RunTime:0.000144s ]
INFO: Run Behavior\ParseTemplateBehavior [ RunTime:0.055471s ]
INFO: [ view_parse ] --END-- [ RunTime:0.055622s ]
INFO: [ view_filter ] --START--
INFO: Run Behavior\WriteHtmlCacheBehavior [ RunTime:0.000759s ]
INFO: [ view_filter ] --END-- [ RunTime:0.000826s ]
INFO: [ app_end ] --START--
INFO: Run Behavior\ShowPageTraceBehavior [ RunTime:0.000958s ]
INFO: [ app_end ] --END-- [ RunTime:0.001026s ]

[ 2015-07-02T18:29:05+08:00 ] 127.0.0.1 /index.php/Home/index/get_agree.html
INFO: [ app_init ] --START--
INFO: Run Behavior\BuildLiteBehavior [ RunTime:0.000033s ]
INFO: [ app_init ] --END-- [ RunTime:0.001292s ]
INFO: [ app_begin ] --START--
INFO: Run Behavior\ReadHtmlCacheBehavior [ RunTime:0.001668s ]
INFO: [ app_begin ] --END-- [ RunTime:0.001824s ]
SQL: SHOW COLUMNS FROM `mgqa_timeline` [ RunTime:0.019672s ]
DEBUG: debug
SQL: SHOW COLUMNS FROM `mgqa_timeline_agree` [ RunTime:0.014388s ]
SQL: SELECT * FROM `mgqa_timeline_agree` WHERE ( tousername="test22" ) ORDER BY id desc LIMIT 200   [ RunTime:0.000196s ]
DEBUG: 
INFO: [ view_parse ] --START--
INFO: [ template_filter ] --START--
INFO: Run Behavior\ContentReplaceBehavior [ RunTime:0.000045s ]
INFO: [ template_filter ] --END-- [ RunTime:0.000110s ]
INFO: Run Behavior\ParseTemplateBehavior [ RunTime:0.029894s ]
INFO: [ view_parse ] --END-- [ RunTime:0.030007s ]
INFO: [ view_filter ] --START--
INFO: Run Behavior\WriteHtmlCacheBehavior [ RunTime:0.000779s ]
INFO: [ view_filter ] --END-- [ RunTime:0.000923s ]
INFO: [ app_end ] --START--
INFO: Run Behavior\ShowPageTraceBehavior [ RunTime:0.000903s ]
INFO: [ app_end ] --END-- [ RunTime:0.000983s ]

[ 2015-07-02T18:29:05+08:00 ] 127.0.0.1 /index.php/Home/index/get_follow.html
INFO: [ app_init ] --START--
INFO: Run Behavior\BuildLiteBehavior [ RunTime:0.000035s ]
INFO: [ app_init ] --END-- [ RunTime:0.001800s ]
INFO: [ app_begin ] --START--
INFO: Run Behavior\ReadHtmlCacheBehavior [ RunTime:0.004768s ]
INFO: [ app_begin ] --END-- [ RunTime:0.005215s ]
SQL: SHOW COLUMNS FROM `mgqa_timeline` [ RunTime:0.013625s ]
SQL: SHOW COLUMNS FROM `mgqa_timeline_follow` [ RunTime:0.013330s ]
SQL: SELECT * FROM `mgqa_timeline_follow` WHERE ( tousername="test22" ) ORDER BY id desc LIMIT 30   [ RunTime:0.000219s ]
NOTIC: [2] Invalid argument supplied for foreach() D:\php\Code\MoeGirl_Q-A\Application\Home\Controller\IndexController.class.php 第 28 行.
INFO: [ view_parse ] --START--
INFO: [ template_filter ] --START--
INFO: Run Behavior\ContentReplaceBehavior [ RunTime:0.000073s ]
INFO: [ template_filter ] --END-- [ RunTime:0.000205s ]
INFO: Run Behavior\ParseTemplateBehavior [ RunTime:0.023342s ]
INFO: [ view_parse ] --END-- [ RunTime:0.023465s ]
INFO: [ view_filter ] --START--
INFO: Run Behavior\WriteHtmlCacheBehavior [ RunTime:0.000615s ]
INFO: [ view_filter ] --END-- [ RunTime:0.000678s ]
INFO: [ app_end ] --START--
INFO: Run Behavior\ShowPageTraceBehavior [ RunTime:0.000922s ]
INFO: [ app_end ] --END-- [ RunTime:0.000995s ]

[ 2015-07-02T20:48:49+08:00 ] 172.29.52.6 /
INFO: [ app_init ] --START--
INFO: Run Behavior\BuildLiteBehavior [ RunTime:0.000020s ]
INFO: [ app_init ] --END-- [ RunTime:0.000761s ]
INFO: [ app_begin ] --START--
INFO: Run Behavior\ReadHtmlCacheBehavior [ RunTime:0.000945s ]
INFO: [ app_begin ] --END-- [ RunTime:0.001048s ]
INFO: [ view_parse ] --START--
INFO: [ template_filter ] --START--
INFO: Run Behavior\ContentReplaceBehavior [ RunTime:0.000162s ]
INFO: [ template_filter ] --END-- [ RunTime:0.000390s ]
SQL: SHOW COLUMNS FROM `mgqa_user` [ RunTime:0.035109s ]
SQL: SHOW COLUMNS FROM `mgqa_user` [ RunTime:0.017066s ]
SQL: SELECT `random` FROM `mgqa_user` WHERE ( username="%s" ) LIMIT 1   [ RunTime:0.000374s ]

[ 2015-07-02T20:48:52+08:00 ] 172.29.52.6 /
INFO: [ app_init ] --START--
INFO: Run Behavior\BuildLiteBehavior [ RunTime:0.000018s ]
INFO: [ app_init ] --END-- [ RunTime:0.000507s ]
INFO: [ app_begin ] --START--
INFO: Run Behavior\ReadHtmlCacheBehavior [ RunTime:0.000643s ]
INFO: [ app_begin ] --END-- [ RunTime:0.000731s ]
INFO: [ view_parse ] --START--
INFO: [ template_filter ] --START--
INFO: Run Behavior\ContentReplaceBehavior [ RunTime:0.000098s ]
INFO: [ template_filter ] --END-- [ RunTime:0.000190s ]
SQL: SHOW COLUMNS FROM `mgqa_user` [ RunTime:0.016085s ]
SQL: SHOW COLUMNS FROM `mgqa_user` [ RunTime:0.012760s ]
SQL: SELECT `random` FROM `mgqa_user` WHERE ( username="%s" ) LIMIT 1   [ RunTime:0.000357s ]

[ 2015-07-02T22:15:25+08:00 ] 172.29.52.6 /
INFO: [ app_init ] --START--
INFO: Run Behavior\BuildLiteBehavior [ RunTime:0.000022s ]
INFO: [ app_init ] --END-- [ RunTime:0.001831s ]
INFO: [ app_begin ] --START--
INFO: Run Behavior\ReadHtmlCacheBehavior [ RunTime:0.001023s ]
INFO: [ app_begin ] --END-- [ RunTime:0.001105s ]
INFO: [ view_parse ] --START--
INFO: [ template_filter ] --START--
INFO: Run Behavior\ContentReplaceBehavior [ RunTime:0.000095s ]
INFO: [ template_filter ] --END-- [ RunTime:0.000181s ]
SQL: SHOW COLUMNS FROM `mgqa_user` [ RunTime:0.072189s ]
SQL: SHOW COLUMNS FROM `mgqa_user` [ RunTime:0.010128s ]
SQL: SELECT `random` FROM `mgqa_user` WHERE ( username="%s" ) LIMIT 1   [ RunTime:0.001467s ]

[ 2015-07-02T22:16:04+08:00 ] 172.29.52.6 /
INFO: [ app_init ] --START--
INFO: Run Behavior\BuildLiteBehavior [ RunTime:0.000027s ]
INFO: [ app_init ] --END-- [ RunTime:0.000690s ]
INFO: [ app_begin ] --START--
INFO: Run Behavior\ReadHtmlCacheBehavior [ RunTime:0.001062s ]
INFO: [ app_begin ] --END-- [ RunTime:0.001195s ]
INFO: [ view_parse ] --START--
INFO: [ template_filter ] --START--
INFO: Run Behavior\ContentReplaceBehavior [ RunTime:0.000143s ]
INFO: [ template_filter ] --END-- [ RunTime:0.000263s ]
SQL: SHOW COLUMNS FROM `mgqa_user` [ RunTime:0.019875s ]
SQL: SHOW COLUMNS FROM `mgqa_user` [ RunTime:0.012678s ]
SQL: SELECT `random` FROM `mgqa_user` WHERE ( username="%s" ) LIMIT 1   [ RunTime:0.000340s ]

[ 2015-07-02T22:57:03+08:00 ] 172.29.52.6 //
INFO: [ app_init ] --START--
INFO: Run Behavior\BuildLiteBehavior [ RunTime:0.000030s ]
INFO: [ app_init ] --END-- [ RunTime:0.000925s ]
INFO: [ app_begin ] --START--
INFO: Run Behavior\ReadHtmlCacheBehavior [ RunTime:0.001337s ]
INFO: [ app_begin ] --END-- [ RunTime:0.001466s ]
INFO: [ view_parse ] --START--
INFO: [ template_filter ] --START--
INFO: Run Behavior\ContentReplaceBehavior [ RunTime:0.000144s ]
INFO: [ template_filter ] --END-- [ RunTime:0.000254s ]
SQL: SHOW COLUMNS FROM `mgqa_user` [ RunTime:0.120423s ]
SQL: SHOW COLUMNS FROM `mgqa_user` [ RunTime:0.013388s ]
SQL: SELECT `random` FROM `mgqa_user` WHERE ( username="%s" ) LIMIT 1   [ RunTime:0.000526s ]

[ 2015-07-02T22:59:00+08:00 ] 172.29.52.6 //
INFO: [ app_init ] --START--
INFO: Run Behavior\BuildLiteBehavior [ RunTime:0.000025s ]
INFO: [ app_init ] --END-- [ RunTime:0.000574s ]
INFO: [ app_begin ] --START--
INFO: Run Behavior\ReadHtmlCacheBehavior [ RunTime:0.000752s ]
INFO: [ app_begin ] --END-- [ RunTime:0.000858s ]
INFO: [ view_parse ] --START--
INFO: [ template_filter ] --START--
INFO: Run Behavior\ContentReplaceBehavior [ RunTime:0.000137s ]
INFO: [ template_filter ] --END-- [ RunTime:0.000395s ]
SQL: SHOW COLUMNS FROM `mgqa_user` [ RunTime:0.013894s ]
SQL: SHOW COLUMNS FROM `mgqa_user` [ RunTime:0.009291s ]
SQL: SELECT `random` FROM `mgqa_user` WHERE ( username="%s" ) LIMIT 1   [ RunTime:0.000238s ]

[ 2015-07-02T23:59:00+08:00 ] 172.29.52.6 //
INFO: [ app_init ] --START--
INFO: Run Behavior\BuildLiteBehavior [ RunTime:0.000018s ]
INFO: [ app_init ] --END-- [ RunTime:0.000506s ]
INFO: [ app_begin ] --START--
INFO: Run Behavior\ReadHtmlCacheBehavior [ RunTime:0.000760s ]
INFO: [ app_begin ] --END-- [ RunTime:0.000834s ]
INFO: [ view_parse ] --START--
INFO: [ template_filter ] --START--
INFO: Run Behavior\ContentReplaceBehavior [ RunTime:0.000091s ]
INFO: [ template_filter ] --END-- [ RunTime:0.000169s ]
SQL: SHOW COLUMNS FROM `mgqa_user` [ RunTime:0.019971s ]
SQL: SHOW COLUMNS FROM `mgqa_user` [ RunTime:0.009497s ]
SQL: SELECT `random` FROM `mgqa_user` WHERE ( username="%s" ) LIMIT 1   [ RunTime:0.000255s ]

