[ 2015-02-04T12:54:10+08:00 ] 127.0.0.1 /index.php/Home/Question/get_comment.html?id=4&mode=answer
INFO: [ app_init ] --START--
INFO: Run Behavior\BuildLiteBehavior [ RunTime:0.000026s ]
INFO: [ app_init ] --END-- [ RunTime:0.006463s ]
INFO: [ app_begin ] --START--
INFO: Run Behavior\ReadHtmlCacheBehavior [ RunTime:0.006680s ]
INFO: [ app_begin ] --END-- [ RunTime:0.006797s ]
SQL: SHOW COLUMNS FROM `mgqa_comment` [ RunTime:0.057614s ]
SQL: SELECT * FROM `mgqa_comment` WHERE ( project_id=4 AND mode=1 ) ORDER BY id  [ RunTime:0.002567s ]
INFO: [ view_parse ] --START--
INFO: [ template_filter ] --START--
INFO: Run Behavior\ContentReplaceBehavior [ RunTime:0.000067s ]
INFO: [ template_filter ] --END-- [ RunTime:0.000183s ]
INFO: Run Behavior\ParseTemplateBehavior [ RunTime:0.142883s ]
INFO: [ view_parse ] --END-- [ RunTime:0.142979s ]
INFO: [ view_filter ] --START--
INFO: Run Behavior\WriteHtmlCacheBehavior [ RunTime:0.024911s ]
INFO: [ view_filter ] --END-- [ RunTime:0.024984s ]
INFO: [ app_end ] --START--
INFO: Run Behavior\ShowPageTraceBehavior [ RunTime:0.004864s ]
INFO: [ app_end ] --END-- [ RunTime:0.004961s ]

[ 2015-02-04T12:54:18+08:00 ] 127.0.0.1 /index.php/Home/Question/get_comment.html?id=4&mode=answer
INFO: [ app_init ] --START--
INFO: Run Behavior\BuildLiteBehavior [ RunTime:0.000020s ]
INFO: [ app_init ] --END-- [ RunTime:0.000412s ]
INFO: [ app_begin ] --START--
INFO: Run Behavior\ReadHtmlCacheBehavior [ RunTime:0.000938s ]
INFO: [ app_begin ] --END-- [ RunTime:0.001000s ]
SQL: SHOW COLUMNS FROM `mgqa_comment` [ RunTime:0.013258s ]
SQL: SELECT * FROM `mgqa_comment` WHERE ( project_id=4 AND mode=1 ) ORDER BY id  [ RunTime:0.000277s ]
INFO: [ view_parse ] --START--
INFO: [ template_filter ] --START--
INFO: Run Behavior\ContentReplaceBehavior [ RunTime:0.000038s ]
INFO: [ template_filter ] --END-- [ RunTime:0.000105s ]
INFO: Run Behavior\ParseTemplateBehavior [ RunTime:0.008864s ]
INFO: [ view_parse ] --END-- [ RunTime:0.008945s ]
INFO: [ view_filter ] --START--
INFO: Run Behavior\WriteHtmlCacheBehavior [ RunTime:0.000465s ]
INFO: [ view_filter ] --END-- [ RunTime:0.000518s ]
INFO: [ app_end ] --START--
INFO: Run Behavior\ShowPageTraceBehavior [ RunTime:0.000688s ]
INFO: [ app_end ] --END-- [ RunTime:0.000741s ]

[ 2015-02-04T12:54:19+08:00 ] 127.0.0.1 /index.php/Home/Question/get_comment.html?id=4&mode=answer
INFO: [ app_init ] --START--
INFO: Run Behavior\BuildLiteBehavior [ RunTime:0.000018s ]
INFO: [ app_init ] --END-- [ RunTime:0.000389s ]
INFO: [ app_begin ] --START--
INFO: Run Behavior\ReadHtmlCacheBehavior [ RunTime:0.000981s ]
INFO: [ app_begin ] --END-- [ RunTime:0.001057s ]
SQL: SHOW COLUMNS FROM `mgqa_comment` [ RunTime:0.013146s ]
SQL: SELECT * FROM `mgqa_comment` WHERE ( project_id=4 AND mode=1 ) ORDER BY id  [ RunTime:0.000346s ]
INFO: [ view_parse ] --START--
INFO: [ template_filter ] --START--
INFO: Run Behavior\ContentReplaceBehavior [ RunTime:0.000041s ]
INFO: [ template_filter ] --END-- [ RunTime:0.000110s ]
INFO: Run Behavior\ParseTemplateBehavior [ RunTime:0.007701s ]
INFO: [ view_parse ] --END-- [ RunTime:0.007785s ]
INFO: [ view_filter ] --START--
INFO: Run Behavior\WriteHtmlCacheBehavior [ RunTime:0.000456s ]
INFO: [ view_filter ] --END-- [ RunTime:0.000510s ]
INFO: [ app_end ] --START--
INFO: Run Behavior\ShowPageTraceBehavior [ RunTime:0.000759s ]
INFO: [ app_end ] --END-- [ RunTime:0.000817s ]

[ 2015-02-04T12:54:20+08:00 ] 127.0.0.1 /index.php/Home/Question/get_comment.html?id=4&mode=answer
INFO: [ app_init ] --START--
INFO: Run Behavior\BuildLiteBehavior [ RunTime:0.000021s ]
INFO: [ app_init ] --END-- [ RunTime:0.000493s ]
INFO: [ app_begin ] --START--
INFO: Run Behavior\ReadHtmlCacheBehavior [ RunTime:0.000719s ]
INFO: [ app_begin ] --END-- [ RunTime:0.000833s ]
SQL: SHOW COLUMNS FROM `mgqa_comment` [ RunTime:0.016250s ]
SQL: SELECT * FROM `mgqa_comment` WHERE ( project_id=4 AND mode=1 ) ORDER BY id  [ RunTime:0.000292s ]
INFO: [ view_parse ] --START--
INFO: [ template_filter ] --START--
INFO: Run Behavior\ContentReplaceBehavior [ RunTime:0.000043s ]
INFO: [ template_filter ] --END-- [ RunTime:0.000120s ]
INFO: Run Behavior\ParseTemplateBehavior [ RunTime:0.010943s ]
INFO: [ view_parse ] --END-- [ RunTime:0.011043s ]
INFO: [ view_filter ] --START--
INFO: Run Behavior\WriteHtmlCacheBehavior [ RunTime:0.000495s ]
INFO: [ view_filter ] --END-- [ RunTime:0.000552s ]
INFO: [ app_end ] --START--
INFO: Run Behavior\ShowPageTraceBehavior [ RunTime:0.000714s ]
INFO: [ app_end ] --END-- [ RunTime:0.000774s ]

[ 2015-02-04T13:02:21+08:00 ] 127.0.0.1 /index.php/Home/Question/10
INFO: [ app_init ] --START--
INFO: Run Behavior\BuildLiteBehavior [ RunTime:0.000019s ]
INFO: [ app_init ] --END-- [ RunTime:0.000409s ]
INFO: [ app_begin ] --START--
INFO: Run Behavior\ReadHtmlCacheBehavior [ RunTime:0.000746s ]
INFO: [ app_begin ] --END-- [ RunTime:0.000835s ]
SQL: SHOW COLUMNS FROM `mgqa_question` [ RunTime:0.066186s ]
SQL: SELECT * FROM `mgqa_question` WHERE ( id=10 ) LIMIT 1   [ RunTime:0.058405s ]
SQL: SHOW COLUMNS FROM `mgqa_answer` [ RunTime:0.026299s ]
SQL: SELECT COUNT(*) AS tp_count FROM `mgqa_answer` WHERE ( question_id=10 ) LIMIT 1   [ RunTime:0.024397s ]
SQL: SHOW COLUMNS FROM `mgqa_question_user_status` [ RunTime:0.036314s ]
SQL: SELECT * FROM `mgqa_question_user_status` WHERE ( username="SmileC" AND question_id=10 ) LIMIT 1   [ RunTime:0.000268s ]
SQL: SELECT * FROM `mgqa_answer` WHERE ( username="SmileC" AND question_id=10 ) LIMIT 1   [ RunTime:0.000600s ]
SQL: SELECT * FROM `mgqa_answer` WHERE ( question_id=10 )  [ RunTime:0.000255s ]
INFO: [ view_parse ] --START--
INFO: [ template_filter ] --START--
INFO: Run Behavior\ContentReplaceBehavior [ RunTime:0.000109s ]
INFO: [ template_filter ] --END-- [ RunTime:0.000199s ]
SQL: SHOW COLUMNS FROM `mgqa_user_login` [ RunTime:0.071038s ]
SQL: SHOW COLUMNS FROM `mgqa_topic` [ RunTime:0.028015s ]
SQL: SELECT * FROM `mgqa_topic`  [ RunTime:0.000313s ]
NOTIC: [8] Use of undefined constant my_answer - assumed 'my_answer' D:\php\Code\MoeGirl_Q-A\Application\Runtime\Cache\Home\93ef6f4e0883454498eb7273983f50b5.php 第 293 行.
INFO: Run Behavior\ParseTemplateBehavior [ RunTime:0.272041s ]
INFO: [ view_parse ] --END-- [ RunTime:0.272143s ]
INFO: [ view_filter ] --START--
INFO: Run Behavior\WriteHtmlCacheBehavior [ RunTime:0.000600s ]
INFO: [ view_filter ] --END-- [ RunTime:0.000657s ]
INFO: [ app_end ] --START--
INFO: Run Behavior\ShowPageTraceBehavior [ RunTime:0.001200s ]
INFO: [ app_end ] --END-- [ RunTime:0.001316s ]

[ 2015-02-04T13:02:27+08:00 ] 127.0.0.1 /index.php/Home/Question/11
INFO: [ app_init ] --START--
INFO: Run Behavior\BuildLiteBehavior [ RunTime:0.000022s ]
INFO: [ app_init ] --END-- [ RunTime:0.000408s ]
INFO: [ app_begin ] --START--
INFO: Run Behavior\ReadHtmlCacheBehavior [ RunTime:0.000739s ]
INFO: [ app_begin ] --END-- [ RunTime:0.000848s ]
SQL: SHOW COLUMNS FROM `mgqa_question` [ RunTime:0.031123s ]
SQL: SELECT * FROM `mgqa_question` WHERE ( id=11 ) LIMIT 1   [ RunTime:0.000322s ]
SQL: SHOW COLUMNS FROM `mgqa_answer` [ RunTime:0.011389s ]
SQL: SELECT COUNT(*) AS tp_count FROM `mgqa_answer` WHERE ( question_id=11 ) LIMIT 1   [ RunTime:0.000317s ]
SQL: SHOW COLUMNS FROM `mgqa_question_user_status` [ RunTime:0.006158s ]
SQL: SELECT * FROM `mgqa_question_user_status` WHERE ( username="SmileC" AND question_id=11 ) LIMIT 1   [ RunTime:0.000293s ]
SQL: SELECT * FROM `mgqa_answer` WHERE ( username="SmileC" AND question_id=11 ) LIMIT 1   [ RunTime:0.000269s ]
SQL: SELECT * FROM `mgqa_answer` WHERE ( question_id=11 )  [ RunTime:0.000300s ]
INFO: [ view_parse ] --START--
INFO: [ template_filter ] --START--
INFO: Run Behavior\ContentReplaceBehavior [ RunTime:0.000092s ]
INFO: [ template_filter ] --END-- [ RunTime:0.000175s ]
SQL: SHOW COLUMNS FROM `mgqa_user_login` [ RunTime:0.007146s ]
SQL: SHOW COLUMNS FROM `mgqa_topic` [ RunTime:0.016647s ]
SQL: SELECT * FROM `mgqa_topic`  [ RunTime:0.000284s ]
NOTIC: [8] Use of undefined constant my_answer - assumed 'my_answer' D:\php\Code\MoeGirl_Q-A\Application\Runtime\Cache\Home\93ef6f4e0883454498eb7273983f50b5.php 第 293 行.
INFO: Run Behavior\ParseTemplateBehavior [ RunTime:0.057438s ]
INFO: [ view_parse ] --END-- [ RunTime:0.057529s ]
INFO: [ view_filter ] --START--
INFO: Run Behavior\WriteHtmlCacheBehavior [ RunTime:0.000452s ]
INFO: [ view_filter ] --END-- [ RunTime:0.000507s ]
INFO: [ app_end ] --START--
INFO: Run Behavior\ShowPageTraceBehavior [ RunTime:0.001011s ]
INFO: [ app_end ] --END-- [ RunTime:0.001141s ]

[ 2015-02-04T13:27:49+08:00 ] 127.0.0.1 /Home/Topic/2
INFO: [ app_init ] --START--
INFO: Run Behavior\BuildLiteBehavior [ RunTime:0.000018s ]
INFO: [ app_init ] --END-- [ RunTime:0.000453s ]
INFO: [ app_begin ] --START--
INFO: Run Behavior\ReadHtmlCacheBehavior [ RunTime:0.001134s ]
INFO: [ app_begin ] --END-- [ RunTime:0.001263s ]
SQL: SHOW COLUMNS FROM `mgqa_topic` [ RunTime:0.019393s ]
SQL: SELECT `id` FROM `mgqa_topic` WHERE ( father_topic=2 )  [ RunTime:0.000367s ]
DEBUG: Array
(
    [0] => 3
    [1] => 2
)

SQL: SHOW COLUMNS FROM `mgqa_question` [ RunTime:0.014162s ]
SQL: SELECT * FROM `mgqa_question` WHERE ( `topic1` IN ('3','2') OR `topic2` IN ('3','2') OR `topic3` IN ('3','2') ) AND ( 1420435669 < unix_timestamp(time) ) ORDER BY id LIMIT 0,20   [ RunTime:0.125862s ]
SQL: SHOW COLUMNS FROM `mgqa_answer` [ RunTime:0.013289s ]
SQL: SELECT * FROM `mgqa_answer` WHERE ( question_id=10 ) ORDER BY agree desc LIMIT 1   [ RunTime:0.000347s ]
SQL: SELECT * FROM `mgqa_answer` WHERE ( question_id=11 ) ORDER BY agree desc LIMIT 1   [ RunTime:0.000259s ]
SQL: SHOW COLUMNS FROM `mgqa_topic` [ RunTime:0.015869s ]
SQL: SELECT * FROM `mgqa_topic` WHERE ( id=2 ) LIMIT 1   [ RunTime:0.000322s ]
SQL: SHOW COLUMNS FROM `mgqa_topic_follow` [ RunTime:0.020995s ]
SQL: SELECT COUNT(*) AS tp_count FROM `mgqa_topic_follow` WHERE ( username="SmileC" AND topic_id=2 ) LIMIT 1   [ RunTime:0.000388s ]
SQL: SELECT COUNT(*) AS tp_count FROM `mgqa_topic_follow` WHERE ( topic_id=2 ) LIMIT 1   [ RunTime:0.000244s ]
SQL: SELECT COUNT(*) AS tp_count FROM `mgqa_question` WHERE ( topic1=2 OR topic2=2 OR topic3=2 ) LIMIT 1   [ RunTime:0.000272s ]
INFO: [ view_parse ] --START--
INFO: [ template_filter ] --START--
INFO: Run Behavior\ContentReplaceBehavior [ RunTime:0.000084s ]
INFO: [ template_filter ] --END-- [ RunTime:0.000161s ]
SQL: SHOW COLUMNS FROM `mgqa_user_login` [ RunTime:0.006421s ]
SQL: SELECT * FROM `mgqa_topic`  [ RunTime:0.000248s ]
NOTIC: [8] Undefined index: agree D:\php\Code\MoeGirl_Q-A\Application\Runtime\Cache\Home\55599bdc7636cddc314e30f87cab3d57.php 第 270 行.
NOTIC: [8] Undefined index: agree D:\php\Code\MoeGirl_Q-A\Application\Runtime\Cache\Home\55599bdc7636cddc314e30f87cab3d57.php 第 270 行.
INFO: Run Behavior\ParseTemplateBehavior [ RunTime:0.046026s ]
INFO: [ view_parse ] --END-- [ RunTime:0.046107s ]
INFO: [ view_filter ] --START--
INFO: Run Behavior\WriteHtmlCacheBehavior [ RunTime:0.000603s ]
INFO: [ view_filter ] --END-- [ RunTime:0.000659s ]
INFO: [ app_end ] --START--
INFO: Run Behavior\ShowPageTraceBehavior [ RunTime:0.001178s ]
INFO: [ app_end ] --END-- [ RunTime:0.001308s ]

[ 2015-02-04T13:27:51+08:00 ] 127.0.0.1 /index.php/Home/Question/get_comment.html?id=4&mode=answer
INFO: [ app_init ] --START--
INFO: Run Behavior\BuildLiteBehavior [ RunTime:0.000018s ]
INFO: [ app_init ] --END-- [ RunTime:0.000392s ]
INFO: [ app_begin ] --START--
INFO: Run Behavior\ReadHtmlCacheBehavior [ RunTime:0.000649s ]
INFO: [ app_begin ] --END-- [ RunTime:0.000720s ]
SQL: SHOW COLUMNS FROM `mgqa_comment` [ RunTime:0.013592s ]
SQL: SELECT * FROM `mgqa_comment` WHERE ( project_id=4 AND mode=1 ) ORDER BY id  [ RunTime:0.000307s ]
INFO: [ view_parse ] --START--
INFO: [ template_filter ] --START--
INFO: Run Behavior\ContentReplaceBehavior [ RunTime:0.000044s ]
INFO: [ template_filter ] --END-- [ RunTime:0.000143s ]
INFO: Run Behavior\ParseTemplateBehavior [ RunTime:0.012760s ]
INFO: [ view_parse ] --END-- [ RunTime:0.012842s ]
INFO: [ view_filter ] --START--
INFO: Run Behavior\WriteHtmlCacheBehavior [ RunTime:0.000421s ]
INFO: [ view_filter ] --END-- [ RunTime:0.000472s ]
INFO: [ app_end ] --START--
INFO: Run Behavior\ShowPageTraceBehavior [ RunTime:0.000706s ]
INFO: [ app_end ] --END-- [ RunTime:0.000775s ]

[ 2015-02-04T13:27:59+08:00 ] 127.0.0.1 /index.php/Home/Question/put_comment.html
INFO: [ app_init ] --START--
INFO: Run Behavior\BuildLiteBehavior [ RunTime:0.000028s ]
INFO: [ app_init ] --END-- [ RunTime:0.000610s ]
INFO: [ app_begin ] --START--
INFO: Run Behavior\ReadHtmlCacheBehavior [ RunTime:0.000750s ]
INFO: [ app_begin ] --END-- [ RunTime:0.000830s ]
SQL: SHOW COLUMNS FROM `mgqa_user_login` [ RunTime:0.013765s ]
SQL: SELECT `random` FROM `mgqa_user_login` WHERE ( username="SmileC" ) LIMIT 1   [ RunTime:0.021426s ]
SQL: SHOW COLUMNS FROM `mgqa_comment` [ RunTime:0.012583s ]

[ 2015-02-04T13:29:57+08:00 ] 127.0.0.1 /Home/Topic/2
INFO: [ app_init ] --START--
INFO: Run Behavior\BuildLiteBehavior [ RunTime:0.000019s ]
INFO: [ app_init ] --END-- [ RunTime:0.000402s ]
INFO: [ app_begin ] --START--
INFO: Run Behavior\ReadHtmlCacheBehavior [ RunTime:0.001106s ]
INFO: [ app_begin ] --END-- [ RunTime:0.001227s ]
SQL: SHOW COLUMNS FROM `mgqa_topic` [ RunTime:0.016647s ]
SQL: SELECT `id` FROM `mgqa_topic` WHERE ( father_topic=2 )  [ RunTime:0.000201s ]
DEBUG: Array
(
    [0] => 3
    [1] => 2
)

SQL: SHOW COLUMNS FROM `mgqa_question` [ RunTime:0.013690s ]
SQL: SELECT * FROM `mgqa_question` WHERE ( `topic1` IN ('3','2') OR `topic2` IN ('3','2') OR `topic3` IN ('3','2') ) AND ( 1420435797 < unix_timestamp(time) ) ORDER BY id LIMIT 0,20   [ RunTime:0.000314s ]
SQL: SHOW COLUMNS FROM `mgqa_answer` [ RunTime:0.011028s ]
SQL: SELECT * FROM `mgqa_answer` WHERE ( question_id=10 ) ORDER BY agree desc LIMIT 1   [ RunTime:0.000305s ]
SQL: SELECT * FROM `mgqa_answer` WHERE ( question_id=11 ) ORDER BY agree desc LIMIT 1   [ RunTime:0.000215s ]
SQL: SHOW COLUMNS FROM `mgqa_topic` [ RunTime:0.017648s ]
SQL: SELECT * FROM `mgqa_topic` WHERE ( id=2 ) LIMIT 1   [ RunTime:0.000360s ]
SQL: SHOW COLUMNS FROM `mgqa_topic_follow` [ RunTime:0.008804s ]
SQL: SELECT COUNT(*) AS tp_count FROM `mgqa_topic_follow` WHERE ( username="SmileC" AND topic_id=2 ) LIMIT 1   [ RunTime:0.000306s ]
SQL: SELECT COUNT(*) AS tp_count FROM `mgqa_topic_follow` WHERE ( topic_id=2 ) LIMIT 1   [ RunTime:0.000240s ]
SQL: SELECT COUNT(*) AS tp_count FROM `mgqa_question` WHERE ( topic1=2 OR topic2=2 OR topic3=2 ) LIMIT 1   [ RunTime:0.000184s ]
INFO: [ view_parse ] --START--
INFO: [ template_filter ] --START--
INFO: Run Behavior\ContentReplaceBehavior [ RunTime:0.000082s ]
INFO: [ template_filter ] --END-- [ RunTime:0.000158s ]
SQL: SHOW COLUMNS FROM `mgqa_user_login` [ RunTime:0.007038s ]
SQL: SELECT * FROM `mgqa_topic`  [ RunTime:0.000300s ]
NOTIC: [8] Undefined index: agree D:\php\Code\MoeGirl_Q-A\Application\Runtime\Cache\Home\55599bdc7636cddc314e30f87cab3d57.php 第 270 行.
NOTIC: [8] Undefined index: agree D:\php\Code\MoeGirl_Q-A\Application\Runtime\Cache\Home\55599bdc7636cddc314e30f87cab3d57.php 第 270 行.
INFO: Run Behavior\ParseTemplateBehavior [ RunTime:0.043257s ]
INFO: [ view_parse ] --END-- [ RunTime:0.043338s ]
INFO: [ view_filter ] --START--
INFO: Run Behavior\WriteHtmlCacheBehavior [ RunTime:0.000599s ]
INFO: [ view_filter ] --END-- [ RunTime:0.000654s ]
INFO: [ app_end ] --START--
INFO: Run Behavior\ShowPageTraceBehavior [ RunTime:0.001227s ]
INFO: [ app_end ] --END-- [ RunTime:0.001377s ]

[ 2015-02-04T13:29:58+08:00 ] 127.0.0.1 /index.php/Home/Question/get_comment.html?id=4&mode=answer
INFO: [ app_init ] --START--
INFO: Run Behavior\BuildLiteBehavior [ RunTime:0.000035s ]
INFO: [ app_init ] --END-- [ RunTime:0.000703s ]
INFO: [ app_begin ] --START--
INFO: Run Behavior\ReadHtmlCacheBehavior [ RunTime:0.001392s ]
INFO: [ app_begin ] --END-- [ RunTime:0.001543s ]
SQL: SHOW COLUMNS FROM `mgqa_comment` [ RunTime:0.014986s ]
SQL: SELECT * FROM `mgqa_comment` WHERE ( project_id=4 AND mode=1 ) ORDER BY id  [ RunTime:0.000293s ]
INFO: [ view_parse ] --START--
INFO: [ template_filter ] --START--
INFO: Run Behavior\ContentReplaceBehavior [ RunTime:0.000064s ]
INFO: [ template_filter ] --END-- [ RunTime:0.000172s ]
INFO: Run Behavior\ParseTemplateBehavior [ RunTime:0.009997s ]
INFO: [ view_parse ] --END-- [ RunTime:0.010082s ]
INFO: [ view_filter ] --START--
INFO: Run Behavior\WriteHtmlCacheBehavior [ RunTime:0.000467s ]
INFO: [ view_filter ] --END-- [ RunTime:0.000521s ]
INFO: [ app_end ] --START--
INFO: Run Behavior\ShowPageTraceBehavior [ RunTime:0.000715s ]
INFO: [ app_end ] --END-- [ RunTime:0.000776s ]

[ 2015-02-04T13:30:03+08:00 ] 127.0.0.1 /index.php/Home/Question/put_comment.html
INFO: [ app_init ] --START--
INFO: Run Behavior\BuildLiteBehavior [ RunTime:0.000019s ]
INFO: [ app_init ] --END-- [ RunTime:0.000411s ]
INFO: [ app_begin ] --START--
INFO: Run Behavior\ReadHtmlCacheBehavior [ RunTime:0.000594s ]
INFO: [ app_begin ] --END-- [ RunTime:0.000673s ]
SQL: SHOW COLUMNS FROM `mgqa_user_login` [ RunTime:0.011318s ]
SQL: SELECT `random` FROM `mgqa_user_login` WHERE ( username="SmileC" ) LIMIT 1   [ RunTime:0.000347s ]
SQL: SHOW COLUMNS FROM `mgqa_comment` [ RunTime:0.011014s ]

[ 2015-02-04T13:31:07+08:00 ] 127.0.0.1 /Home/Topic/2
INFO: [ app_init ] --START--
INFO: Run Behavior\BuildLiteBehavior [ RunTime:0.000024s ]
INFO: [ app_init ] --END-- [ RunTime:0.000488s ]
INFO: [ app_begin ] --START--
INFO: Run Behavior\ReadHtmlCacheBehavior [ RunTime:0.000674s ]
INFO: [ app_begin ] --END-- [ RunTime:0.000749s ]
SQL: SHOW COLUMNS FROM `mgqa_topic` [ RunTime:0.019746s ]
SQL: SELECT `id` FROM `mgqa_topic` WHERE ( father_topic=2 )  [ RunTime:0.000372s ]
DEBUG: Array
(
    [0] => 3
    [1] => 2
)

SQL: SHOW COLUMNS FROM `mgqa_question` [ RunTime:0.018927s ]
SQL: SELECT * FROM `mgqa_question` WHERE ( `topic1` IN ('3','2') OR `topic2` IN ('3','2') OR `topic3` IN ('3','2') ) AND ( 1420435867 < unix_timestamp(time) ) ORDER BY id LIMIT 0,20   [ RunTime:0.000448s ]
SQL: SHOW COLUMNS FROM `mgqa_answer` [ RunTime:0.012707s ]
SQL: SELECT * FROM `mgqa_answer` WHERE ( question_id=10 ) ORDER BY agree desc LIMIT 1   [ RunTime:0.000398s ]
SQL: SELECT * FROM `mgqa_answer` WHERE ( question_id=11 ) ORDER BY agree desc LIMIT 1   [ RunTime:0.000306s ]
SQL: SHOW COLUMNS FROM `mgqa_topic` [ RunTime:0.015286s ]
SQL: SELECT * FROM `mgqa_topic` WHERE ( id=2 ) LIMIT 1   [ RunTime:0.000323s ]
SQL: SHOW COLUMNS FROM `mgqa_topic_follow` [ RunTime:0.009663s ]
SQL: SELECT COUNT(*) AS tp_count FROM `mgqa_topic_follow` WHERE ( username="SmileC" AND topic_id=2 ) LIMIT 1   [ RunTime:0.000321s ]
SQL: SELECT COUNT(*) AS tp_count FROM `mgqa_topic_follow` WHERE ( topic_id=2 ) LIMIT 1   [ RunTime:0.000207s ]
SQL: SELECT COUNT(*) AS tp_count FROM `mgqa_question` WHERE ( topic1=2 OR topic2=2 OR topic3=2 ) LIMIT 1   [ RunTime:0.000233s ]
INFO: [ view_parse ] --START--
INFO: [ template_filter ] --START--
INFO: Run Behavior\ContentReplaceBehavior [ RunTime:0.000085s ]
INFO: [ template_filter ] --END-- [ RunTime:0.000163s ]
SQL: SHOW COLUMNS FROM `mgqa_user_login` [ RunTime:0.007581s ]
SQL: SELECT * FROM `mgqa_topic`  [ RunTime:0.000275s ]
NOTIC: [8] Undefined index: agree D:\php\Code\MoeGirl_Q-A\Application\Runtime\Cache\Home\55599bdc7636cddc314e30f87cab3d57.php 第 270 行.
NOTIC: [8] Undefined index: agree D:\php\Code\MoeGirl_Q-A\Application\Runtime\Cache\Home\55599bdc7636cddc314e30f87cab3d57.php 第 270 行.
INFO: Run Behavior\ParseTemplateBehavior [ RunTime:0.043034s ]
INFO: [ view_parse ] --END-- [ RunTime:0.043132s ]
INFO: [ view_filter ] --START--
INFO: Run Behavior\WriteHtmlCacheBehavior [ RunTime:0.000586s ]
INFO: [ view_filter ] --END-- [ RunTime:0.000644s ]
INFO: [ app_end ] --START--
INFO: Run Behavior\ShowPageTraceBehavior [ RunTime:0.001242s ]
INFO: [ app_end ] --END-- [ RunTime:0.001373s ]

[ 2015-02-04T13:31:08+08:00 ] 127.0.0.1 /index.php/Home/Question/get_comment.html?id=4&mode=answer
INFO: [ app_init ] --START--
INFO: Run Behavior\BuildLiteBehavior [ RunTime:0.000030s ]
INFO: [ app_init ] --END-- [ RunTime:0.000665s ]
INFO: [ app_begin ] --START--
INFO: Run Behavior\ReadHtmlCacheBehavior [ RunTime:0.001047s ]
INFO: [ app_begin ] --END-- [ RunTime:0.001231s ]
SQL: SHOW COLUMNS FROM `mgqa_comment` [ RunTime:0.013684s ]
SQL: SELECT * FROM `mgqa_comment` WHERE ( project_id=4 AND mode=1 ) ORDER BY id  [ RunTime:0.000255s ]
INFO: [ view_parse ] --START--
INFO: [ template_filter ] --START--
INFO: Run Behavior\ContentReplaceBehavior [ RunTime:0.000042s ]
INFO: [ template_filter ] --END-- [ RunTime:0.000114s ]
INFO: Run Behavior\ParseTemplateBehavior [ RunTime:0.008866s ]
INFO: [ view_parse ] --END-- [ RunTime:0.008949s ]
INFO: [ view_filter ] --START--
INFO: Run Behavior\WriteHtmlCacheBehavior [ RunTime:0.000452s ]
INFO: [ view_filter ] --END-- [ RunTime:0.000509s ]
INFO: [ app_end ] --START--
INFO: Run Behavior\ShowPageTraceBehavior [ RunTime:0.000698s ]
INFO: [ app_end ] --END-- [ RunTime:0.000752s ]

[ 2015-02-04T13:31:13+08:00 ] 127.0.0.1 /index.php/Home/Question/put_comment.html
INFO: [ app_init ] --START--
INFO: Run Behavior\BuildLiteBehavior [ RunTime:0.000017s ]
INFO: [ app_init ] --END-- [ RunTime:0.000378s ]
INFO: [ app_begin ] --START--
INFO: Run Behavior\ReadHtmlCacheBehavior [ RunTime:0.000645s ]
INFO: [ app_begin ] --END-- [ RunTime:0.000719s ]
SQL: SHOW COLUMNS FROM `mgqa_user_login` [ RunTime:0.008919s ]
SQL: SELECT `random` FROM `mgqa_user_login` WHERE ( username="SmileC" ) LIMIT 1   [ RunTime:0.000294s ]
SQL: SHOW COLUMNS FROM `mgqa_comment` [ RunTime:0.012684s ]
SQL: INSERT INTO `mgqa_comment` (`username`,`project_id`,`content`,`mode`) VALUES ('SmileC',4,'评论测试',1) [ RunTime:0.035446s ]
INFO: [ app_end ] --START--
INFO: Run Behavior\ShowPageTraceBehavior [ RunTime:0.000911s ]
INFO: [ app_end ] --END-- [ RunTime:0.000997s ]

[ 2015-02-04T13:31:13+08:00 ] 127.0.0.1 /index.php/Home/Question/put_comment.html
INFO: [ app_init ] --START--
INFO: Run Behavior\BuildLiteBehavior [ RunTime:0.000018s ]
INFO: [ app_init ] --END-- [ RunTime:0.000397s ]
INFO: [ app_begin ] --START--
INFO: Run Behavior\ReadHtmlCacheBehavior [ RunTime:0.000631s ]
INFO: [ app_begin ] --END-- [ RunTime:0.000700s ]
SQL: SHOW COLUMNS FROM `mgqa_user_login` [ RunTime:0.006067s ]
SQL: SELECT `random` FROM `mgqa_user_login` WHERE ( username="SmileC" ) LIMIT 1   [ RunTime:0.000291s ]
SQL: SHOW COLUMNS FROM `mgqa_comment` [ RunTime:0.011366s ]
SQL: INSERT INTO `mgqa_comment` (`username`,`project_id`,`content`,`mode`) VALUES ('SmileC',4,'评论测试',1) [ RunTime:0.000236s ]
INFO: [ app_end ] --START--
INFO: Run Behavior\ShowPageTraceBehavior [ RunTime:0.000854s ]
INFO: [ app_end ] --END-- [ RunTime:0.000919s ]

[ 2015-02-04T13:31:17+08:00 ] 127.0.0.1 /Home/Topic/2
INFO: [ app_init ] --START--
INFO: Run Behavior\BuildLiteBehavior [ RunTime:0.000037s ]
INFO: [ app_init ] --END-- [ RunTime:0.000474s ]
INFO: [ app_begin ] --START--
INFO: Run Behavior\ReadHtmlCacheBehavior [ RunTime:0.000635s ]
INFO: [ app_begin ] --END-- [ RunTime:0.000715s ]
SQL: SHOW COLUMNS FROM `mgqa_topic` [ RunTime:0.017519s ]
SQL: SELECT `id` FROM `mgqa_topic` WHERE ( father_topic=2 )  [ RunTime:0.000321s ]
DEBUG: Array
(
    [0] => 3
    [1] => 2
)

SQL: SHOW COLUMNS FROM `mgqa_question` [ RunTime:0.015943s ]
SQL: SELECT * FROM `mgqa_question` WHERE ( `topic1` IN ('3','2') OR `topic2` IN ('3','2') OR `topic3` IN ('3','2') ) AND ( 1420435877 < unix_timestamp(time) ) ORDER BY id LIMIT 0,20   [ RunTime:0.000422s ]
SQL: SHOW COLUMNS FROM `mgqa_answer` [ RunTime:0.011638s ]
SQL: SELECT * FROM `mgqa_answer` WHERE ( question_id=10 ) ORDER BY agree desc LIMIT 1   [ RunTime:0.000335s ]
SQL: SELECT * FROM `mgqa_answer` WHERE ( question_id=11 ) ORDER BY agree desc LIMIT 1   [ RunTime:0.000262s ]
SQL: SHOW COLUMNS FROM `mgqa_topic` [ RunTime:0.014915s ]
SQL: SELECT * FROM `mgqa_topic` WHERE ( id=2 ) LIMIT 1   [ RunTime:0.000308s ]
SQL: SHOW COLUMNS FROM `mgqa_topic_follow` [ RunTime:0.009424s ]
SQL: SELECT COUNT(*) AS tp_count FROM `mgqa_topic_follow` WHERE ( username="SmileC" AND topic_id=2 ) LIMIT 1   [ RunTime:0.000254s ]
SQL: SELECT COUNT(*) AS tp_count FROM `mgqa_topic_follow` WHERE ( topic_id=2 ) LIMIT 1   [ RunTime:0.000175s ]
SQL: SELECT COUNT(*) AS tp_count FROM `mgqa_question` WHERE ( topic1=2 OR topic2=2 OR topic3=2 ) LIMIT 1   [ RunTime:0.000215s ]
INFO: [ view_parse ] --START--
INFO: [ template_filter ] --START--
INFO: Run Behavior\ContentReplaceBehavior [ RunTime:0.000081s ]
INFO: [ template_filter ] --END-- [ RunTime:0.000153s ]
SQL: SHOW COLUMNS FROM `mgqa_user_login` [ RunTime:0.007055s ]
SQL: SELECT * FROM `mgqa_topic`  [ RunTime:0.000266s ]
NOTIC: [8] Undefined index: agree D:\php\Code\MoeGirl_Q-A\Application\Runtime\Cache\Home\55599bdc7636cddc314e30f87cab3d57.php 第 270 行.
NOTIC: [8] Undefined index: agree D:\php\Code\MoeGirl_Q-A\Application\Runtime\Cache\Home\55599bdc7636cddc314e30f87cab3d57.php 第 270 行.
INFO: Run Behavior\ParseTemplateBehavior [ RunTime:0.043215s ]
INFO: [ view_parse ] --END-- [ RunTime:0.043298s ]
INFO: [ view_filter ] --START--
INFO: Run Behavior\WriteHtmlCacheBehavior [ RunTime:0.000578s ]
INFO: [ view_filter ] --END-- [ RunTime:0.000636s ]
INFO: [ app_end ] --START--
INFO: Run Behavior\ShowPageTraceBehavior [ RunTime:0.001204s ]
INFO: [ app_end ] --END-- [ RunTime:0.001332s ]

[ 2015-02-04T13:31:18+08:00 ] 127.0.0.1 /index.php/Home/Question/get_comment.html?id=4&mode=answer
INFO: [ app_init ] --START--
INFO: Run Behavior\BuildLiteBehavior [ RunTime:0.000033s ]
INFO: [ app_init ] --END-- [ RunTime:0.000716s ]
INFO: [ app_begin ] --START--
INFO: Run Behavior\ReadHtmlCacheBehavior [ RunTime:0.001050s ]
INFO: [ app_begin ] --END-- [ RunTime:0.001168s ]
SQL: SHOW COLUMNS FROM `mgqa_comment` [ RunTime:0.012006s ]
SQL: SELECT * FROM `mgqa_comment` WHERE ( project_id=4 AND mode=1 ) ORDER BY id  [ RunTime:0.000394s ]
INFO: [ view_parse ] --START--
INFO: [ template_filter ] --START--
INFO: Run Behavior\ContentReplaceBehavior [ RunTime:0.000041s ]
INFO: [ template_filter ] --END-- [ RunTime:0.000112s ]
INFO: Run Behavior\ParseTemplateBehavior [ RunTime:0.008161s ]
INFO: [ view_parse ] --END-- [ RunTime:0.008241s ]
INFO: [ view_filter ] --START--
INFO: Run Behavior\WriteHtmlCacheBehavior [ RunTime:0.000451s ]
INFO: [ view_filter ] --END-- [ RunTime:0.000504s ]
INFO: [ app_end ] --START--
INFO: Run Behavior\ShowPageTraceBehavior [ RunTime:0.000706s ]
INFO: [ app_end ] --END-- [ RunTime:0.000762s ]

[ 2015-02-04T13:31:25+08:00 ] 127.0.0.1 /index.php/Home/Question/put_comment.html
INFO: [ app_init ] --START--
INFO: Run Behavior\BuildLiteBehavior [ RunTime:0.000038s ]
INFO: [ app_init ] --END-- [ RunTime:0.000707s ]
INFO: [ app_begin ] --START--
INFO: Run Behavior\ReadHtmlCacheBehavior [ RunTime:0.000700s ]
INFO: [ app_begin ] --END-- [ RunTime:0.000780s ]
SQL: SHOW COLUMNS FROM `mgqa_user_login` [ RunTime:0.011656s ]
SQL: SELECT `random` FROM `mgqa_user_login` WHERE ( username="SmileC" ) LIMIT 1   [ RunTime:0.000294s ]
SQL: SHOW COLUMNS FROM `mgqa_comment` [ RunTime:0.013851s ]
SQL: INSERT INTO `mgqa_comment` (`username`,`project_id`,`content`,`mode`) VALUES ('SmileC',4,'哈哈哈哈\n测试',1) [ RunTime:0.000572s ]
INFO: [ app_end ] --START--
INFO: Run Behavior\ShowPageTraceBehavior [ RunTime:0.000805s ]
INFO: [ app_end ] --END-- [ RunTime:0.000863s ]

[ 2015-02-04T13:31:27+08:00 ] 127.0.0.1 /Home/Topic/2
INFO: [ app_init ] --START--
INFO: Run Behavior\BuildLiteBehavior [ RunTime:0.000017s ]
INFO: [ app_init ] --END-- [ RunTime:0.000395s ]
INFO: [ app_begin ] --START--
INFO: Run Behavior\ReadHtmlCacheBehavior [ RunTime:0.000639s ]
INFO: [ app_begin ] --END-- [ RunTime:0.000728s ]
SQL: SHOW COLUMNS FROM `mgqa_topic` [ RunTime:0.017735s ]
SQL: SELECT `id` FROM `mgqa_topic` WHERE ( father_topic=2 )  [ RunTime:0.000294s ]
DEBUG: Array
(
    [0] => 3
    [1] => 2
)

SQL: SHOW COLUMNS FROM `mgqa_question` [ RunTime:0.014200s ]
SQL: SELECT * FROM `mgqa_question` WHERE ( `topic1` IN ('3','2') OR `topic2` IN ('3','2') OR `topic3` IN ('3','2') ) AND ( 1420435886 < unix_timestamp(time) ) ORDER BY id LIMIT 0,20   [ RunTime:0.000403s ]
SQL: SHOW COLUMNS FROM `mgqa_answer` [ RunTime:0.012579s ]
SQL: SELECT * FROM `mgqa_answer` WHERE ( question_id=10 ) ORDER BY agree desc LIMIT 1   [ RunTime:0.000338s ]
SQL: SELECT * FROM `mgqa_answer` WHERE ( question_id=11 ) ORDER BY agree desc LIMIT 1   [ RunTime:0.000261s ]
SQL: SHOW COLUMNS FROM `mgqa_topic` [ RunTime:0.017015s ]
SQL: SELECT * FROM `mgqa_topic` WHERE ( id=2 ) LIMIT 1   [ RunTime:0.000303s ]
SQL: SHOW COLUMNS FROM `mgqa_topic_follow` [ RunTime:0.009040s ]
SQL: SELECT COUNT(*) AS tp_count FROM `mgqa_topic_follow` WHERE ( username="SmileC" AND topic_id=2 ) LIMIT 1   [ RunTime:0.000304s ]
SQL: SELECT COUNT(*) AS tp_count FROM `mgqa_topic_follow` WHERE ( topic_id=2 ) LIMIT 1   [ RunTime:0.000203s ]
SQL: SELECT COUNT(*) AS tp_count FROM `mgqa_question` WHERE ( topic1=2 OR topic2=2 OR topic3=2 ) LIMIT 1   [ RunTime:0.000234s ]
INFO: [ view_parse ] --START--
INFO: [ template_filter ] --START--
INFO: Run Behavior\ContentReplaceBehavior [ RunTime:0.000080s ]
INFO: [ template_filter ] --END-- [ RunTime:0.000150s ]
SQL: SHOW COLUMNS FROM `mgqa_user_login` [ RunTime:0.006464s ]
SQL: SELECT * FROM `mgqa_topic`  [ RunTime:0.000256s ]
NOTIC: [8] Undefined index: agree D:\php\Code\MoeGirl_Q-A\Application\Runtime\Cache\Home\55599bdc7636cddc314e30f87cab3d57.php 第 270 行.
NOTIC: [8] Undefined index: agree D:\php\Code\MoeGirl_Q-A\Application\Runtime\Cache\Home\55599bdc7636cddc314e30f87cab3d57.php 第 270 行.
INFO: Run Behavior\ParseTemplateBehavior [ RunTime:0.043304s ]
INFO: [ view_parse ] --END-- [ RunTime:0.043387s ]
INFO: [ view_filter ] --START--
INFO: Run Behavior\WriteHtmlCacheBehavior [ RunTime:0.000580s ]
INFO: [ view_filter ] --END-- [ RunTime:0.000640s ]
INFO: [ app_end ] --START--
INFO: Run Behavior\ShowPageTraceBehavior [ RunTime:0.001287s ]
INFO: [ app_end ] --END-- [ RunTime:0.001415s ]

[ 2015-02-04T13:31:28+08:00 ] 127.0.0.1 /index.php/Home/Question/get_comment.html?id=4&mode=answer
INFO: [ app_init ] --START--
INFO: Run Behavior\BuildLiteBehavior [ RunTime:0.000037s ]
INFO: [ app_init ] --END-- [ RunTime:0.001056s ]
INFO: [ app_begin ] --START--
INFO: Run Behavior\ReadHtmlCacheBehavior [ RunTime:0.001252s ]
INFO: [ app_begin ] --END-- [ RunTime:0.001372s ]
SQL: SHOW COLUMNS FROM `mgqa_comment` [ RunTime:0.013521s ]
SQL: SELECT * FROM `mgqa_comment` WHERE ( project_id=4 AND mode=1 ) ORDER BY id  [ RunTime:0.000394s ]
INFO: [ view_parse ] --START--
INFO: [ template_filter ] --START--
INFO: Run Behavior\ContentReplaceBehavior [ RunTime:0.000043s ]
INFO: [ template_filter ] --END-- [ RunTime:0.000113s ]
INFO: Run Behavior\ParseTemplateBehavior [ RunTime:0.008555s ]
INFO: [ view_parse ] --END-- [ RunTime:0.008646s ]
INFO: [ view_filter ] --START--
INFO: Run Behavior\WriteHtmlCacheBehavior [ RunTime:0.000472s ]
INFO: [ view_filter ] --END-- [ RunTime:0.000526s ]
INFO: [ app_end ] --START--
INFO: Run Behavior\ShowPageTraceBehavior [ RunTime:0.000816s ]
INFO: [ app_end ] --END-- [ RunTime:0.000889s ]

[ 2015-02-04T13:31:38+08:00 ] 127.0.0.1 /index.php/Home/Question/get_comment.html?id=5&mode=answer
INFO: [ app_init ] --START--
INFO: Run Behavior\BuildLiteBehavior [ RunTime:0.000028s ]
INFO: [ app_init ] --END-- [ RunTime:0.000585s ]
INFO: [ app_begin ] --START--
INFO: Run Behavior\ReadHtmlCacheBehavior [ RunTime:0.001926s ]
INFO: [ app_begin ] --END-- [ RunTime:0.002081s ]
SQL: SHOW COLUMNS FROM `mgqa_comment` [ RunTime:0.015642s ]
SQL: SELECT * FROM `mgqa_comment` WHERE ( project_id=5 AND mode=1 ) ORDER BY id  [ RunTime:0.000299s ]
INFO: [ view_parse ] --START--
INFO: [ template_filter ] --START--
INFO: Run Behavior\ContentReplaceBehavior [ RunTime:0.000042s ]
INFO: [ template_filter ] --END-- [ RunTime:0.000115s ]
INFO: Run Behavior\ParseTemplateBehavior [ RunTime:0.007876s ]
INFO: [ view_parse ] --END-- [ RunTime:0.007978s ]
INFO: [ view_filter ] --START--
INFO: Run Behavior\WriteHtmlCacheBehavior [ RunTime:0.000697s ]
INFO: [ view_filter ] --END-- [ RunTime:0.000757s ]
INFO: [ app_end ] --START--
INFO: Run Behavior\ShowPageTraceBehavior [ RunTime:0.000714s ]
INFO: [ app_end ] --END-- [ RunTime:0.000769s ]

[ 2015-02-04T13:31:42+08:00 ] 127.0.0.1 /index.php/Home/Question/put_comment.html
INFO: [ app_init ] --START--
INFO: Run Behavior\BuildLiteBehavior [ RunTime:0.000029s ]
INFO: [ app_init ] --END-- [ RunTime:0.000445s ]
INFO: [ app_begin ] --START--
INFO: Run Behavior\ReadHtmlCacheBehavior [ RunTime:0.001550s ]
INFO: [ app_begin ] --END-- [ RunTime:0.001721s ]
SQL: SHOW COLUMNS FROM `mgqa_user_login` [ RunTime:0.009293s ]
SQL: SELECT `random` FROM `mgqa_user_login` WHERE ( username="SmileC" ) LIMIT 1   [ RunTime:0.000276s ]
SQL: SHOW COLUMNS FROM `mgqa_comment` [ RunTime:0.010815s ]
SQL: INSERT INTO `mgqa_comment` (`username`,`project_id`,`content`,`mode`) VALUES ('SmileC',5,'新的评论',1) [ RunTime:0.000294s ]
INFO: [ app_end ] --START--
INFO: Run Behavior\ShowPageTraceBehavior [ RunTime:0.001696s ]
INFO: [ app_end ] --END-- [ RunTime:0.001805s ]

[ 2015-02-04T13:31:44+08:00 ] 127.0.0.1 /Home/Topic/2
INFO: [ app_init ] --START--
INFO: Run Behavior\BuildLiteBehavior [ RunTime:0.000019s ]
INFO: [ app_init ] --END-- [ RunTime:0.000395s ]
INFO: [ app_begin ] --START--
INFO: Run Behavior\ReadHtmlCacheBehavior [ RunTime:0.000591s ]
INFO: [ app_begin ] --END-- [ RunTime:0.000654s ]
SQL: SHOW COLUMNS FROM `mgqa_topic` [ RunTime:0.017050s ]
SQL: SELECT `id` FROM `mgqa_topic` WHERE ( father_topic=2 )  [ RunTime:0.000252s ]
DEBUG: Array
(
    [0] => 3
    [1] => 2
)

SQL: SHOW COLUMNS FROM `mgqa_question` [ RunTime:0.014864s ]
SQL: SELECT * FROM `mgqa_question` WHERE ( `topic1` IN ('3','2') OR `topic2` IN ('3','2') OR `topic3` IN ('3','2') ) AND ( 1420435904 < unix_timestamp(time) ) ORDER BY id LIMIT 0,20   [ RunTime:0.000582s ]
SQL: SHOW COLUMNS FROM `mgqa_answer` [ RunTime:0.011005s ]
SQL: SELECT * FROM `mgqa_answer` WHERE ( question_id=10 ) ORDER BY agree desc LIMIT 1   [ RunTime:0.000365s ]
SQL: SELECT * FROM `mgqa_answer` WHERE ( question_id=11 ) ORDER BY agree desc LIMIT 1   [ RunTime:0.000237s ]
SQL: SHOW COLUMNS FROM `mgqa_topic` [ RunTime:0.015133s ]
SQL: SELECT * FROM `mgqa_topic` WHERE ( id=2 ) LIMIT 1   [ RunTime:0.000308s ]
SQL: SHOW COLUMNS FROM `mgqa_topic_follow` [ RunTime:0.008854s ]
SQL: SELECT COUNT(*) AS tp_count FROM `mgqa_topic_follow` WHERE ( username="SmileC" AND topic_id=2 ) LIMIT 1   [ RunTime:0.000327s ]
SQL: SELECT COUNT(*) AS tp_count FROM `mgqa_topic_follow` WHERE ( topic_id=2 ) LIMIT 1   [ RunTime:0.000179s ]
SQL: SELECT COUNT(*) AS tp_count FROM `mgqa_question` WHERE ( topic1=2 OR topic2=2 OR topic3=2 ) LIMIT 1   [ RunTime:0.000206s ]
INFO: [ view_parse ] --START--
INFO: [ template_filter ] --START--
INFO: Run Behavior\ContentReplaceBehavior [ RunTime:0.000132s ]
INFO: [ template_filter ] --END-- [ RunTime:0.000274s ]
SQL: SHOW COLUMNS FROM `mgqa_user_login` [ RunTime:0.006657s ]
SQL: SELECT * FROM `mgqa_topic`  [ RunTime:0.000314s ]
NOTIC: [8] Undefined index: agree D:\php\Code\MoeGirl_Q-A\Application\Runtime\Cache\Home\55599bdc7636cddc314e30f87cab3d57.php 第 270 行.
NOTIC: [8] Undefined index: agree D:\php\Code\MoeGirl_Q-A\Application\Runtime\Cache\Home\55599bdc7636cddc314e30f87cab3d57.php 第 270 行.
INFO: Run Behavior\ParseTemplateBehavior [ RunTime:0.042417s ]
INFO: [ view_parse ] --END-- [ RunTime:0.042498s ]
INFO: [ view_filter ] --START--
INFO: Run Behavior\WriteHtmlCacheBehavior [ RunTime:0.000990s ]
INFO: [ view_filter ] --END-- [ RunTime:0.001127s ]
INFO: [ app_end ] --START--
INFO: Run Behavior\ShowPageTraceBehavior [ RunTime:0.001018s ]
INFO: [ app_end ] --END-- [ RunTime:0.001100s ]

[ 2015-02-04T13:31:45+08:00 ] 127.0.0.1 /index.php/Home/Question/get_comment.html?id=5&mode=answer
INFO: [ app_init ] --START--
INFO: Run Behavior\BuildLiteBehavior [ RunTime:0.000021s ]
INFO: [ app_init ] --END-- [ RunTime:0.000413s ]
INFO: [ app_begin ] --START--
INFO: Run Behavior\ReadHtmlCacheBehavior [ RunTime:0.001372s ]
INFO: [ app_begin ] --END-- [ RunTime:0.001517s ]
SQL: SHOW COLUMNS FROM `mgqa_comment` [ RunTime:0.012196s ]
SQL: SELECT * FROM `mgqa_comment` WHERE ( project_id=5 AND mode=1 ) ORDER BY id  [ RunTime:0.000428s ]
INFO: [ view_parse ] --START--
INFO: [ template_filter ] --START--
INFO: Run Behavior\ContentReplaceBehavior [ RunTime:0.000068s ]
INFO: [ template_filter ] --END-- [ RunTime:0.000178s ]
INFO: Run Behavior\ParseTemplateBehavior [ RunTime:0.034703s ]
INFO: [ view_parse ] --END-- [ RunTime:0.034791s ]
INFO: [ view_filter ] --START--
INFO: Run Behavior\WriteHtmlCacheBehavior [ RunTime:0.000361s ]
INFO: [ view_filter ] --END-- [ RunTime:0.000412s ]
INFO: [ app_end ] --START--
INFO: Run Behavior\ShowPageTraceBehavior [ RunTime:0.000954s ]
INFO: [ app_end ] --END-- [ RunTime:0.001038s ]

[ 2015-02-04T13:33:27+08:00 ] 127.0.0.1 /Home/Topic/2
INFO: [ app_init ] --START--
INFO: Run Behavior\BuildLiteBehavior [ RunTime:0.000020s ]
INFO: [ app_init ] --END-- [ RunTime:0.000529s ]
INFO: [ app_begin ] --START--
INFO: Run Behavior\ReadHtmlCacheBehavior [ RunTime:0.000815s ]
INFO: [ app_begin ] --END-- [ RunTime:0.000889s ]
SQL: SHOW COLUMNS FROM `mgqa_topic` [ RunTime:0.017365s ]
SQL: SELECT `id` FROM `mgqa_topic` WHERE ( father_topic=2 )  [ RunTime:0.000264s ]
DEBUG: Array
(
    [0] => 3
    [1] => 2
)

SQL: SHOW COLUMNS FROM `mgqa_question` [ RunTime:0.014141s ]
SQL: SELECT * FROM `mgqa_question` WHERE ( `topic1` IN ('3','2') OR `topic2` IN ('3','2') OR `topic3` IN ('3','2') ) AND ( 1420436007 < unix_timestamp(time) ) ORDER BY id LIMIT 0,20   [ RunTime:0.000430s ]
SQL: SHOW COLUMNS FROM `mgqa_answer` [ RunTime:0.012908s ]
SQL: SELECT * FROM `mgqa_answer` WHERE ( question_id=10 ) ORDER BY agree desc LIMIT 1   [ RunTime:0.000365s ]
SQL: SELECT * FROM `mgqa_answer` WHERE ( question_id=11 ) ORDER BY agree desc LIMIT 1   [ RunTime:0.000252s ]
SQL: SHOW COLUMNS FROM `mgqa_topic` [ RunTime:0.015592s ]
SQL: SELECT * FROM `mgqa_topic` WHERE ( id=2 ) LIMIT 1   [ RunTime:0.000274s ]
SQL: SHOW COLUMNS FROM `mgqa_topic_follow` [ RunTime:0.008680s ]
SQL: SELECT COUNT(*) AS tp_count FROM `mgqa_topic_follow` WHERE ( username="SmileC" AND topic_id=2 ) LIMIT 1   [ RunTime:0.000299s ]
SQL: SELECT COUNT(*) AS tp_count FROM `mgqa_topic_follow` WHERE ( topic_id=2 ) LIMIT 1   [ RunTime:0.000184s ]
SQL: SELECT COUNT(*) AS tp_count FROM `mgqa_question` WHERE ( topic1=2 OR topic2=2 OR topic3=2 ) LIMIT 1   [ RunTime:0.000189s ]
INFO: [ view_parse ] --START--
INFO: [ template_filter ] --START--
INFO: Run Behavior\ContentReplaceBehavior [ RunTime:0.000142s ]
INFO: [ template_filter ] --END-- [ RunTime:0.000233s ]
SQL: SHOW COLUMNS FROM `mgqa_user_login` [ RunTime:0.007802s ]
SQL: SELECT * FROM `mgqa_topic`  [ RunTime:0.000290s ]
NOTIC: [8] Undefined index: agree D:\php\Code\MoeGirl_Q-A\Application\Runtime\Cache\Home\55599bdc7636cddc314e30f87cab3d57.php 第 270 行.
NOTIC: [8] Undefined index: agree D:\php\Code\MoeGirl_Q-A\Application\Runtime\Cache\Home\55599bdc7636cddc314e30f87cab3d57.php 第 270 行.
INFO: Run Behavior\ParseTemplateBehavior [ RunTime:0.045539s ]
INFO: [ view_parse ] --END-- [ RunTime:0.045625s ]
INFO: [ view_filter ] --START--
INFO: Run Behavior\WriteHtmlCacheBehavior [ RunTime:0.000542s ]
INFO: [ view_filter ] --END-- [ RunTime:0.000602s ]
INFO: [ app_end ] --START--
INFO: Run Behavior\ShowPageTraceBehavior [ RunTime:0.001267s ]
INFO: [ app_end ] --END-- [ RunTime:0.001401s ]

[ 2015-02-04T13:33:29+08:00 ] 127.0.0.1 /index.php/Home/Question/get_comment.html?id=4&mode=answer
INFO: [ app_init ] --START--
INFO: Run Behavior\BuildLiteBehavior [ RunTime:0.000040s ]
INFO: [ app_init ] --END-- [ RunTime:0.000605s ]
INFO: [ app_begin ] --START--
INFO: Run Behavior\ReadHtmlCacheBehavior [ RunTime:0.002047s ]
INFO: [ app_begin ] --END-- [ RunTime:0.002190s ]
SQL: SHOW COLUMNS FROM `mgqa_comment` [ RunTime:0.015105s ]
SQL: SELECT * FROM `mgqa_comment` WHERE ( project_id=4 AND mode=1 ) ORDER BY id  [ RunTime:0.000392s ]
INFO: [ view_parse ] --START--
INFO: [ template_filter ] --START--
INFO: Run Behavior\ContentReplaceBehavior [ RunTime:0.000069s ]
INFO: [ template_filter ] --END-- [ RunTime:0.000176s ]
INFO: Run Behavior\ParseTemplateBehavior [ RunTime:0.010205s ]
INFO: [ view_parse ] --END-- [ RunTime:0.010293s ]
INFO: [ view_filter ] --START--
INFO: Run Behavior\WriteHtmlCacheBehavior [ RunTime:0.000456s ]
INFO: [ view_filter ] --END-- [ RunTime:0.000514s ]
INFO: [ app_end ] --START--
INFO: Run Behavior\ShowPageTraceBehavior [ RunTime:0.000684s ]
INFO: [ app_end ] --END-- [ RunTime:0.000739s ]

[ 2015-02-04T13:33:33+08:00 ] 127.0.0.1 /index.php/Home/Question/put_comment.html
INFO: [ app_init ] --START--
INFO: Run Behavior\BuildLiteBehavior [ RunTime:0.000018s ]
INFO: [ app_init ] --END-- [ RunTime:0.000516s ]
INFO: [ app_begin ] --START--
INFO: Run Behavior\ReadHtmlCacheBehavior [ RunTime:0.000659s ]
INFO: [ app_begin ] --END-- [ RunTime:0.000726s ]
SQL: SHOW COLUMNS FROM `mgqa_user_login` [ RunTime:0.008548s ]
SQL: SELECT `random` FROM `mgqa_user_login` WHERE ( username="SmileC" ) LIMIT 1   [ RunTime:0.000592s ]
SQL: SHOW COLUMNS FROM `mgqa_comment` [ RunTime:0.012995s ]
SQL: INSERT INTO `mgqa_comment` (`username`,`project_id`,`content`,`mode`) VALUES ('SmileC',4,'新的评论',1) [ RunTime:0.000312s ]
INFO: [ app_end ] --START--
INFO: Run Behavior\ShowPageTraceBehavior [ RunTime:0.000890s ]
INFO: [ app_end ] --END-- [ RunTime:0.000957s ]

[ 2015-02-04T13:33:39+08:00 ] 127.0.0.1 /Home/Topic/2
INFO: [ app_init ] --START--
INFO: Run Behavior\BuildLiteBehavior [ RunTime:0.000017s ]
INFO: [ app_init ] --END-- [ RunTime:0.000370s ]
INFO: [ app_begin ] --START--
INFO: Run Behavior\ReadHtmlCacheBehavior [ RunTime:0.000736s ]
INFO: [ app_begin ] --END-- [ RunTime:0.000824s ]
SQL: SHOW COLUMNS FROM `mgqa_topic` [ RunTime:0.017405s ]
SQL: SELECT `id` FROM `mgqa_topic` WHERE ( father_topic=2 )  [ RunTime:0.000264s ]
DEBUG: Array
(
    [0] => 3
    [1] => 2
)

SQL: SHOW COLUMNS FROM `mgqa_question` [ RunTime:0.013719s ]
SQL: SELECT * FROM `mgqa_question` WHERE ( `topic1` IN ('3','2') OR `topic2` IN ('3','2') OR `topic3` IN ('3','2') ) AND ( 1420436019 < unix_timestamp(time) ) ORDER BY id LIMIT 0,20   [ RunTime:0.000386s ]
SQL: SHOW COLUMNS FROM `mgqa_answer` [ RunTime:0.010805s ]
SQL: SELECT * FROM `mgqa_answer` WHERE ( question_id=10 ) ORDER BY agree desc LIMIT 1   [ RunTime:0.000347s ]
SQL: SELECT * FROM `mgqa_answer` WHERE ( question_id=11 ) ORDER BY agree desc LIMIT 1   [ RunTime:0.000266s ]
SQL: SHOW COLUMNS FROM `mgqa_topic` [ RunTime:0.018065s ]
SQL: SELECT * FROM `mgqa_topic` WHERE ( id=2 ) LIMIT 1   [ RunTime:0.000349s ]
SQL: SHOW COLUMNS FROM `mgqa_topic_follow` [ RunTime:0.008649s ]
SQL: SELECT COUNT(*) AS tp_count FROM `mgqa_topic_follow` WHERE ( username="SmileC" AND topic_id=2 ) LIMIT 1   [ RunTime:0.000290s ]
SQL: SELECT COUNT(*) AS tp_count FROM `mgqa_topic_follow` WHERE ( topic_id=2 ) LIMIT 1   [ RunTime:0.000170s ]
SQL: SELECT COUNT(*) AS tp_count FROM `mgqa_question` WHERE ( topic1=2 OR topic2=2 OR topic3=2 ) LIMIT 1   [ RunTime:0.000200s ]
INFO: [ view_parse ] --START--
INFO: [ template_filter ] --START--
INFO: Run Behavior\ContentReplaceBehavior [ RunTime:0.000081s ]
INFO: [ template_filter ] --END-- [ RunTime:0.000152s ]
SQL: SHOW COLUMNS FROM `mgqa_user_login` [ RunTime:0.007149s ]
SQL: SELECT * FROM `mgqa_topic`  [ RunTime:0.000293s ]
NOTIC: [8] Undefined index: agree D:\php\Code\MoeGirl_Q-A\Application\Runtime\Cache\Home\55599bdc7636cddc314e30f87cab3d57.php 第 270 行.
NOTIC: [8] Undefined index: agree D:\php\Code\MoeGirl_Q-A\Application\Runtime\Cache\Home\55599bdc7636cddc314e30f87cab3d57.php 第 270 行.
INFO: Run Behavior\ParseTemplateBehavior [ RunTime:0.042614s ]
INFO: [ view_parse ] --END-- [ RunTime:0.042697s ]
INFO: [ view_filter ] --START--
INFO: Run Behavior\WriteHtmlCacheBehavior [ RunTime:0.000608s ]
INFO: [ view_filter ] --END-- [ RunTime:0.000666s ]
INFO: [ app_end ] --START--
INFO: Run Behavior\ShowPageTraceBehavior [ RunTime:0.001192s ]
INFO: [ app_end ] --END-- [ RunTime:0.001325s ]

[ 2015-02-04T13:33:40+08:00 ] 127.0.0.1 /index.php/Home/Question/get_comment.html?id=4&mode=answer
INFO: [ app_init ] --START--
INFO: Run Behavior\BuildLiteBehavior [ RunTime:0.000023s ]
INFO: [ app_init ] --END-- [ RunTime:0.000558s ]
INFO: [ app_begin ] --START--
INFO: Run Behavior\ReadHtmlCacheBehavior [ RunTime:0.001608s ]
INFO: [ app_begin ] --END-- [ RunTime:0.001769s ]
SQL: SHOW COLUMNS FROM `mgqa_comment` [ RunTime:0.017791s ]
SQL: SELECT * FROM `mgqa_comment` WHERE ( project_id=4 AND mode=1 ) ORDER BY id  [ RunTime:0.000382s ]
INFO: [ view_parse ] --START--
INFO: [ template_filter ] --START--
INFO: Run Behavior\ContentReplaceBehavior [ RunTime:0.000067s ]
INFO: [ template_filter ] --END-- [ RunTime:0.000183s ]
INFO: Run Behavior\ParseTemplateBehavior [ RunTime:0.010060s ]
INFO: [ view_parse ] --END-- [ RunTime:0.010160s ]
INFO: [ view_filter ] --START--
INFO: Run Behavior\WriteHtmlCacheBehavior [ RunTime:0.000637s ]
INFO: [ view_filter ] --END-- [ RunTime:0.000724s ]
INFO: [ app_end ] --START--
INFO: Run Behavior\ShowPageTraceBehavior [ RunTime:0.001083s ]
INFO: [ app_end ] --END-- [ RunTime:0.001178s ]

[ 2015-02-04T13:34:23+08:00 ] 127.0.0.1 /Home/Topic/2
INFO: [ app_init ] --START--
INFO: Run Behavior\BuildLiteBehavior [ RunTime:0.000018s ]
INFO: [ app_init ] --END-- [ RunTime:0.000381s ]
INFO: [ app_begin ] --START--
INFO: Run Behavior\ReadHtmlCacheBehavior [ RunTime:0.000635s ]
INFO: [ app_begin ] --END-- [ RunTime:0.000698s ]
SQL: SHOW COLUMNS FROM `mgqa_topic` [ RunTime:0.026713s ]
SQL: SELECT `id` FROM `mgqa_topic` WHERE ( father_topic=2 )  [ RunTime:0.000206s ]
DEBUG: Array
(
    [0] => 3
    [1] => 2
)

SQL: SHOW COLUMNS FROM `mgqa_question` [ RunTime:0.019249s ]
SQL: SELECT * FROM `mgqa_question` WHERE ( `topic1` IN ('3','2') OR `topic2` IN ('3','2') OR `topic3` IN ('3','2') ) AND ( 1420436063 < unix_timestamp(time) ) ORDER BY id LIMIT 0,20   [ RunTime:0.000404s ]
SQL: SHOW COLUMNS FROM `mgqa_answer` [ RunTime:0.019053s ]
SQL: SELECT * FROM `mgqa_answer` WHERE ( question_id=10 ) ORDER BY agree desc LIMIT 1   [ RunTime:0.000257s ]
SQL: SELECT * FROM `mgqa_answer` WHERE ( question_id=11 ) ORDER BY agree desc LIMIT 1   [ RunTime:0.000207s ]
SQL: SHOW COLUMNS FROM `mgqa_topic` [ RunTime:0.021988s ]
SQL: SELECT * FROM `mgqa_topic` WHERE ( id=2 ) LIMIT 1   [ RunTime:0.000430s ]
SQL: SHOW COLUMNS FROM `mgqa_topic_follow` [ RunTime:0.011151s ]
SQL: SELECT COUNT(*) AS tp_count FROM `mgqa_topic_follow` WHERE ( username="SmileC" AND topic_id=2 ) LIMIT 1   [ RunTime:0.000329s ]
SQL: SELECT COUNT(*) AS tp_count FROM `mgqa_topic_follow` WHERE ( topic_id=2 ) LIMIT 1   [ RunTime:0.000298s ]
SQL: SELECT COUNT(*) AS tp_count FROM `mgqa_question` WHERE ( topic1=2 OR topic2=2 OR topic3=2 ) LIMIT 1   [ RunTime:0.000292s ]
INFO: [ view_parse ] --START--
INFO: [ template_filter ] --START--
INFO: Run Behavior\ContentReplaceBehavior [ RunTime:0.000094s ]
INFO: [ template_filter ] --END-- [ RunTime:0.000186s ]
SQL: SHOW COLUMNS FROM `mgqa_user_login` [ RunTime:0.010030s ]
SQL: SELECT * FROM `mgqa_topic`  [ RunTime:0.000204s ]
NOTIC: [8] Undefined index: agree D:\php\Code\MoeGirl_Q-A\Application\Runtime\Cache\Home\55599bdc7636cddc314e30f87cab3d57.php 第 270 行.
NOTIC: [8] Undefined index: agree D:\php\Code\MoeGirl_Q-A\Application\Runtime\Cache\Home\55599bdc7636cddc314e30f87cab3d57.php 第 270 行.
INFO: Run Behavior\ParseTemplateBehavior [ RunTime:0.058541s ]
INFO: [ view_parse ] --END-- [ RunTime:0.058651s ]
INFO: [ view_filter ] --START--
INFO: Run Behavior\WriteHtmlCacheBehavior [ RunTime:0.000551s ]
INFO: [ view_filter ] --END-- [ RunTime:0.000608s ]
INFO: [ app_end ] --START--
INFO: Run Behavior\ShowPageTraceBehavior [ RunTime:0.001204s ]
INFO: [ app_end ] --END-- [ RunTime:0.001349s ]

[ 2015-02-04T13:34:24+08:00 ] 127.0.0.1 /index.php/Home/Question/get_comment.html?id=4&mode=answer
INFO: [ app_init ] --START--
INFO: Run Behavior\BuildLiteBehavior [ RunTime:0.000060s ]
INFO: [ app_init ] --END-- [ RunTime:0.000965s ]
INFO: [ app_begin ] --START--
INFO: Run Behavior\ReadHtmlCacheBehavior [ RunTime:0.001373s ]
INFO: [ app_begin ] --END-- [ RunTime:0.001511s ]
SQL: SHOW COLUMNS FROM `mgqa_comment` [ RunTime:0.020112s ]
SQL: SELECT * FROM `mgqa_comment` WHERE ( project_id=4 AND mode=1 ) ORDER BY id  [ RunTime:0.000526s ]
INFO: [ view_parse ] --START--
INFO: [ template_filter ] --START--
INFO: Run Behavior\ContentReplaceBehavior [ RunTime:0.000077s ]
INFO: [ template_filter ] --END-- [ RunTime:0.000211s ]
INFO: Run Behavior\ParseTemplateBehavior [ RunTime:0.011827s ]
INFO: [ view_parse ] --END-- [ RunTime:0.011938s ]
INFO: [ view_filter ] --START--
INFO: Run Behavior\WriteHtmlCacheBehavior [ RunTime:0.000578s ]
INFO: [ view_filter ] --END-- [ RunTime:0.000658s ]
INFO: [ app_end ] --START--
INFO: Run Behavior\ShowPageTraceBehavior [ RunTime:0.001111s ]
INFO: [ app_end ] --END-- [ RunTime:0.001220s ]

[ 2015-02-04T13:34:59+08:00 ] 127.0.0.1 /Home/Topic/2
INFO: [ app_init ] --START--
INFO: Run Behavior\BuildLiteBehavior [ RunTime:0.000034s ]
INFO: [ app_init ] --END-- [ RunTime:0.000735s ]
INFO: [ app_begin ] --START--
INFO: Run Behavior\ReadHtmlCacheBehavior [ RunTime:0.001445s ]
INFO: [ app_begin ] --END-- [ RunTime:0.001567s ]
SQL: SHOW COLUMNS FROM `mgqa_topic` [ RunTime:0.020068s ]
SQL: SELECT `id` FROM `mgqa_topic` WHERE ( father_topic=2 )  [ RunTime:0.000229s ]
DEBUG: Array
(
    [0] => 3
    [1] => 2
)

SQL: SHOW COLUMNS FROM `mgqa_question` [ RunTime:0.017590s ]
SQL: SELECT * FROM `mgqa_question` WHERE ( `topic1` IN ('3','2') OR `topic2` IN ('3','2') OR `topic3` IN ('3','2') ) AND ( 1420436099 < unix_timestamp(time) ) ORDER BY id LIMIT 0,20   [ RunTime:0.000380s ]
SQL: SHOW COLUMNS FROM `mgqa_answer` [ RunTime:0.017662s ]
SQL: SELECT * FROM `mgqa_answer` WHERE ( question_id=10 ) ORDER BY agree desc LIMIT 1   [ RunTime:0.000434s ]
SQL: SELECT * FROM `mgqa_answer` WHERE ( question_id=11 ) ORDER BY agree desc LIMIT 1   [ RunTime:0.000268s ]
SQL: SHOW COLUMNS FROM `mgqa_topic` [ RunTime:0.022038s ]
SQL: SELECT * FROM `mgqa_topic` WHERE ( id=2 ) LIMIT 1   [ RunTime:0.000558s ]
SQL: SHOW COLUMNS FROM `mgqa_topic_follow` [ RunTime:0.011132s ]
SQL: SELECT COUNT(*) AS tp_count FROM `mgqa_topic_follow` WHERE ( username="SmileC" AND topic_id=2 ) LIMIT 1   [ RunTime:0.000687s ]
SQL: SELECT COUNT(*) AS tp_count FROM `mgqa_topic_follow` WHERE ( topic_id=2 ) LIMIT 1   [ RunTime:0.000378s ]
SQL: SELECT COUNT(*) AS tp_count FROM `mgqa_question` WHERE ( topic1=2 OR topic2=2 OR topic3=2 ) LIMIT 1   [ RunTime:0.000525s ]
INFO: [ view_parse ] --START--
INFO: [ template_filter ] --START--
INFO: Run Behavior\ContentReplaceBehavior [ RunTime:0.000123s ]
INFO: [ template_filter ] --END-- [ RunTime:0.000240s ]
SQL: SHOW COLUMNS FROM `mgqa_user_login` [ RunTime:0.011796s ]
SQL: SELECT * FROM `mgqa_topic`  [ RunTime:0.000489s ]
NOTIC: [8] Undefined index: agree D:\php\Code\MoeGirl_Q-A\Application\Runtime\Cache\Home\55599bdc7636cddc314e30f87cab3d57.php 第 270 行.
NOTIC: [8] Undefined index: agree D:\php\Code\MoeGirl_Q-A\Application\Runtime\Cache\Home\55599bdc7636cddc314e30f87cab3d57.php 第 270 行.
INFO: Run Behavior\ParseTemplateBehavior [ RunTime:0.055204s ]
INFO: [ view_parse ] --END-- [ RunTime:0.055354s ]
INFO: [ view_filter ] --START--
INFO: Run Behavior\WriteHtmlCacheBehavior [ RunTime:0.000634s ]
INFO: [ view_filter ] --END-- [ RunTime:0.000716s ]
INFO: [ app_end ] --START--
INFO: Run Behavior\ShowPageTraceBehavior [ RunTime:0.001196s ]
INFO: [ app_end ] --END-- [ RunTime:0.001329s ]

[ 2015-02-04T13:35:00+08:00 ] 127.0.0.1 /index.php/Home/Question/get_comment.html?id=4&mode=answer
INFO: [ app_init ] --START--
INFO: Run Behavior\BuildLiteBehavior [ RunTime:0.000043s ]
INFO: [ app_init ] --END-- [ RunTime:0.000709s ]
INFO: [ app_begin ] --START--
INFO: Run Behavior\ReadHtmlCacheBehavior [ RunTime:0.002214s ]
INFO: [ app_begin ] --END-- [ RunTime:0.002876s ]
SQL: SHOW COLUMNS FROM `mgqa_comment` [ RunTime:0.019745s ]
SQL: SELECT * FROM `mgqa_comment` WHERE ( project_id=4 AND mode=1 ) ORDER BY id  [ RunTime:0.000620s ]
INFO: [ view_parse ] --START--
INFO: [ template_filter ] --START--
INFO: Run Behavior\ContentReplaceBehavior [ RunTime:0.000076s ]
INFO: [ template_filter ] --END-- [ RunTime:0.000200s ]
INFO: Run Behavior\ParseTemplateBehavior [ RunTime:0.013265s ]
INFO: [ view_parse ] --END-- [ RunTime:0.013406s ]
INFO: [ view_filter ] --START--
INFO: Run Behavior\WriteHtmlCacheBehavior [ RunTime:0.000634s ]
INFO: [ view_filter ] --END-- [ RunTime:0.000724s ]
INFO: [ app_end ] --START--
INFO: Run Behavior\ShowPageTraceBehavior [ RunTime:0.001285s ]
INFO: [ app_end ] --END-- [ RunTime:0.001409s ]

[ 2015-02-04T13:35:05+08:00 ] 127.0.0.1 /index.php/Home/Question/put_comment.html
INFO: [ app_init ] --START--
INFO: Run Behavior\BuildLiteBehavior [ RunTime:0.000020s ]
INFO: [ app_init ] --END-- [ RunTime:0.000418s ]
INFO: [ app_begin ] --START--
INFO: Run Behavior\ReadHtmlCacheBehavior [ RunTime:0.000656s ]
INFO: [ app_begin ] --END-- [ RunTime:0.000727s ]
SQL: SHOW COLUMNS FROM `mgqa_user_login` [ RunTime:0.014647s ]
SQL: SELECT `random` FROM `mgqa_user_login` WHERE ( username="SmileC" ) LIMIT 1   [ RunTime:0.000418s ]
SQL: SHOW COLUMNS FROM `mgqa_comment` [ RunTime:0.022808s ]
SQL: INSERT INTO `mgqa_comment` (`username`,`project_id`,`content`,`mode`) VALUES ('SmileC',4,'再次测试',1) [ RunTime:0.000314s ]
INFO: [ app_end ] --START--
INFO: Run Behavior\ShowPageTraceBehavior [ RunTime:0.001145s ]
INFO: [ app_end ] --END-- [ RunTime:0.001234s ]

[ 2015-02-04T13:35:05+08:00 ] 127.0.0.1 /index.php/Home/Question/get_comment.html?id=4&mode=answer
INFO: [ app_init ] --START--
INFO: Run Behavior\BuildLiteBehavior [ RunTime:0.000032s ]
INFO: [ app_init ] --END-- [ RunTime:0.000850s ]
INFO: [ app_begin ] --START--
INFO: Run Behavior\ReadHtmlCacheBehavior [ RunTime:0.001032s ]
INFO: [ app_begin ] --END-- [ RunTime:0.001143s ]
SQL: SHOW COLUMNS FROM `mgqa_comment` [ RunTime:0.018166s ]
SQL: SELECT * FROM `mgqa_comment` WHERE ( project_id=4 AND mode=1 ) ORDER BY id  [ RunTime:0.000547s ]
INFO: [ view_parse ] --START--
INFO: [ template_filter ] --START--
INFO: Run Behavior\ContentReplaceBehavior [ RunTime:0.000046s ]
INFO: [ template_filter ] --END-- [ RunTime:0.000129s ]
INFO: Run Behavior\ParseTemplateBehavior [ RunTime:0.009985s ]
INFO: [ view_parse ] --END-- [ RunTime:0.010104s ]
INFO: [ view_filter ] --START--
INFO: Run Behavior\WriteHtmlCacheBehavior [ RunTime:0.000518s ]
INFO: [ view_filter ] --END-- [ RunTime:0.000589s ]
INFO: [ app_end ] --START--
INFO: Run Behavior\ShowPageTraceBehavior [ RunTime:0.000693s ]
INFO: [ app_end ] --END-- [ RunTime:0.000749s ]

[ 2015-02-04T13:37:27+08:00 ] 127.0.0.1 /Home/Topic/2
INFO: [ app_init ] --START--
INFO: Run Behavior\BuildLiteBehavior [ RunTime:0.000019s ]
INFO: [ app_init ] --END-- [ RunTime:0.000440s ]
INFO: [ app_begin ] --START--
INFO: Run Behavior\ReadHtmlCacheBehavior [ RunTime:0.000852s ]
INFO: [ app_begin ] --END-- [ RunTime:0.000971s ]
SQL: SHOW COLUMNS FROM `mgqa_topic` [ RunTime:0.023822s ]
SQL: SELECT `id` FROM `mgqa_topic` WHERE ( father_topic=2 )  [ RunTime:0.000289s ]
DEBUG: Array
(
    [0] => 3
    [1] => 2
)

SQL: SHOW COLUMNS FROM `mgqa_question` [ RunTime:0.020594s ]
SQL: SELECT * FROM `mgqa_question` WHERE ( `topic1` IN ('3','2') OR `topic2` IN ('3','2') OR `topic3` IN ('3','2') ) AND ( 1420436247 < unix_timestamp(time) ) ORDER BY id LIMIT 0,20   [ RunTime:0.000614s ]
SQL: SHOW COLUMNS FROM `mgqa_answer` [ RunTime:0.012321s ]
SQL: SELECT * FROM `mgqa_answer` WHERE ( question_id=10 ) ORDER BY agree desc LIMIT 1   [ RunTime:0.000355s ]
SQL: SELECT * FROM `mgqa_answer` WHERE ( question_id=11 ) ORDER BY agree desc LIMIT 1   [ RunTime:0.000520s ]
SQL: SHOW COLUMNS FROM `mgqa_topic` [ RunTime:0.027151s ]
SQL: SELECT * FROM `mgqa_topic` WHERE ( id=2 ) LIMIT 1   [ RunTime:0.000223s ]
SQL: SHOW COLUMNS FROM `mgqa_topic_follow` [ RunTime:0.014494s ]
SQL: SELECT COUNT(*) AS tp_count FROM `mgqa_topic_follow` WHERE ( username="SmileC" AND topic_id=2 ) LIMIT 1   [ RunTime:0.000236s ]
SQL: SELECT COUNT(*) AS tp_count FROM `mgqa_topic_follow` WHERE ( topic_id=2 ) LIMIT 1   [ RunTime:0.000114s ]
SQL: SELECT COUNT(*) AS tp_count FROM `mgqa_question` WHERE ( topic1=2 OR topic2=2 OR topic3=2 ) LIMIT 1   [ RunTime:0.000139s ]
INFO: [ view_parse ] --START--
INFO: [ template_filter ] --START--
INFO: Run Behavior\ContentReplaceBehavior [ RunTime:0.000089s ]
INFO: [ template_filter ] --END-- [ RunTime:0.000173s ]
SQL: SHOW COLUMNS FROM `mgqa_user_login` [ RunTime:0.010062s ]
SQL: SELECT * FROM `mgqa_topic`  [ RunTime:0.000258s ]
NOTIC: [8] Undefined index: agree D:\php\Code\MoeGirl_Q-A\Application\Runtime\Cache\Home\55599bdc7636cddc314e30f87cab3d57.php 第 270 行.
NOTIC: [8] Undefined index: agree D:\php\Code\MoeGirl_Q-A\Application\Runtime\Cache\Home\55599bdc7636cddc314e30f87cab3d57.php 第 270 行.
INFO: Run Behavior\ParseTemplateBehavior [ RunTime:0.066080s ]
INFO: [ view_parse ] --END-- [ RunTime:0.066179s ]
INFO: [ view_filter ] --START--
INFO: Run Behavior\WriteHtmlCacheBehavior [ RunTime:0.000619s ]
INFO: [ view_filter ] --END-- [ RunTime:0.000680s ]
INFO: [ app_end ] --START--
INFO: Run Behavior\ShowPageTraceBehavior [ RunTime:0.001256s ]
INFO: [ app_end ] --END-- [ RunTime:0.001395s ]

[ 2015-02-04T13:37:28+08:00 ] 127.0.0.1 /index.php/Home/Question/get_comment.html?id=4&mode=answer
INFO: [ app_init ] --START--
INFO: Run Behavior\BuildLiteBehavior [ RunTime:0.000034s ]
INFO: [ app_init ] --END-- [ RunTime:0.000805s ]
INFO: [ app_begin ] --START--
INFO: Run Behavior\ReadHtmlCacheBehavior [ RunTime:0.001275s ]
INFO: [ app_begin ] --END-- [ RunTime:0.001436s ]
SQL: SHOW COLUMNS FROM `mgqa_comment` [ RunTime:0.033981s ]
SQL: SELECT * FROM `mgqa_comment` WHERE ( project_id=4 AND mode=1 ) ORDER BY id  [ RunTime:0.000483s ]
INFO: [ view_parse ] --START--
INFO: [ template_filter ] --START--
INFO: Run Behavior\ContentReplaceBehavior [ RunTime:0.000046s ]
INFO: [ template_filter ] --END-- [ RunTime:0.000124s ]
INFO: Run Behavior\ParseTemplateBehavior [ RunTime:0.012205s ]
INFO: [ view_parse ] --END-- [ RunTime:0.012336s ]
INFO: [ view_filter ] --START--
INFO: Run Behavior\WriteHtmlCacheBehavior [ RunTime:0.000560s ]
INFO: [ view_filter ] --END-- [ RunTime:0.000634s ]
INFO: [ app_end ] --START--
INFO: Run Behavior\ShowPageTraceBehavior [ RunTime:0.000839s ]
INFO: [ app_end ] --END-- [ RunTime:0.000924s ]

[ 2015-02-04T13:37:39+08:00 ] 127.0.0.1 /index.php/Home/Question/get_comment.html?id=5&mode=answer
INFO: [ app_init ] --START--
INFO: Run Behavior\BuildLiteBehavior [ RunTime:0.000018s ]
INFO: [ app_init ] --END-- [ RunTime:0.000453s ]
INFO: [ app_begin ] --START--
INFO: Run Behavior\ReadHtmlCacheBehavior [ RunTime:0.000713s ]
INFO: [ app_begin ] --END-- [ RunTime:0.000783s ]
SQL: SHOW COLUMNS FROM `mgqa_comment` [ RunTime:0.018116s ]
SQL: SELECT * FROM `mgqa_comment` WHERE ( project_id=5 AND mode=1 ) ORDER BY id  [ RunTime:0.000345s ]
INFO: [ view_parse ] --START--
INFO: [ template_filter ] --START--
INFO: Run Behavior\ContentReplaceBehavior [ RunTime:0.000068s ]
INFO: [ template_filter ] --END-- [ RunTime:0.000182s ]
INFO: Run Behavior\ParseTemplateBehavior [ RunTime:0.010686s ]
INFO: [ view_parse ] --END-- [ RunTime:0.010804s ]
INFO: [ view_filter ] --START--
INFO: Run Behavior\WriteHtmlCacheBehavior [ RunTime:0.000458s ]
INFO: [ view_filter ] --END-- [ RunTime:0.000510s ]
INFO: [ app_end ] --START--
INFO: Run Behavior\ShowPageTraceBehavior [ RunTime:0.000668s ]
INFO: [ app_end ] --END-- [ RunTime:0.000721s ]

[ 2015-02-04T13:37:51+08:00 ] 127.0.0.1 /index.php/Home/Question/put_comment.html
INFO: [ app_init ] --START--
INFO: Run Behavior\BuildLiteBehavior [ RunTime:0.000020s ]
INFO: [ app_init ] --END-- [ RunTime:0.000469s ]
INFO: [ app_begin ] --START--
INFO: Run Behavior\ReadHtmlCacheBehavior [ RunTime:0.003966s ]
INFO: [ app_begin ] --END-- [ RunTime:0.004198s ]
SQL: SHOW COLUMNS FROM `mgqa_user_login` [ RunTime:0.016407s ]
SQL: SELECT `random` FROM `mgqa_user_login` WHERE ( username="SmileC" ) LIMIT 1   [ RunTime:0.000441s ]
SQL: SHOW COLUMNS FROM `mgqa_comment` [ RunTime:0.016119s ]
SQL: INSERT INTO `mgqa_comment` (`username`,`project_id`,`content`,`mode`) VALUES ('SmileC',5,'测试哈哈\',1) [ RunTime:0.000474s ]
INFO: [ app_end ] --START--
INFO: Run Behavior\ShowPageTraceBehavior [ RunTime:0.001271s ]
INFO: [ app_end ] --END-- [ RunTime:0.001386s ]

[ 2015-02-04T13:37:51+08:00 ] 127.0.0.1 /index.php/Home/Question/get_comment.html?id=5&mode=answer
INFO: [ app_init ] --START--
INFO: Run Behavior\BuildLiteBehavior [ RunTime:0.000021s ]
INFO: [ app_init ] --END-- [ RunTime:0.000586s ]
INFO: [ app_begin ] --START--
INFO: Run Behavior\ReadHtmlCacheBehavior [ RunTime:0.000700s ]
INFO: [ app_begin ] --END-- [ RunTime:0.000783s ]
SQL: SHOW COLUMNS FROM `mgqa_comment` [ RunTime:0.014418s ]
SQL: SELECT * FROM `mgqa_comment` WHERE ( project_id=5 AND mode=1 ) ORDER BY id  [ RunTime:0.000497s ]
INFO: [ view_parse ] --START--
INFO: [ template_filter ] --START--
INFO: Run Behavior\ContentReplaceBehavior [ RunTime:0.000042s ]
INFO: [ template_filter ] --END-- [ RunTime:0.000112s ]
INFO: Run Behavior\ParseTemplateBehavior [ RunTime:0.008431s ]
INFO: [ view_parse ] --END-- [ RunTime:0.008538s ]
INFO: [ view_filter ] --START--
INFO: Run Behavior\WriteHtmlCacheBehavior [ RunTime:0.000430s ]
INFO: [ view_filter ] --END-- [ RunTime:0.000481s ]
INFO: [ app_end ] --START--
INFO: Run Behavior\ShowPageTraceBehavior [ RunTime:0.000715s ]
INFO: [ app_end ] --END-- [ RunTime:0.000773s ]

[ 2015-02-04T13:46:07+08:00 ] 127.0.0.1 /Home/Topic/2
INFO: [ app_init ] --START--
INFO: Run Behavior\BuildLiteBehavior [ RunTime:0.000032s ]
INFO: [ app_init ] --END-- [ RunTime:0.007545s ]
INFO: [ app_begin ] --START--
INFO: Run Behavior\ReadHtmlCacheBehavior [ RunTime:0.007290s ]
INFO: [ app_begin ] --END-- [ RunTime:0.007439s ]
SQL: SHOW COLUMNS FROM `mgqa_topic` [ RunTime:0.022442s ]
SQL: SELECT `id` FROM `mgqa_topic` WHERE ( father_topic=2 )  [ RunTime:0.000289s ]
DEBUG: Array
(
    [0] => 3
    [1] => 2
)

SQL: SHOW COLUMNS FROM `mgqa_question` [ RunTime:0.024187s ]
SQL: SELECT * FROM `mgqa_question` WHERE ( `topic1` IN ('3','2') OR `topic2` IN ('3','2') OR `topic3` IN ('3','2') ) AND ( 1420436767 < unix_timestamp(time) ) ORDER BY id LIMIT 0,20   [ RunTime:0.000415s ]
SQL: SHOW COLUMNS FROM `mgqa_answer` [ RunTime:0.017722s ]
SQL: SELECT * FROM `mgqa_answer` WHERE ( question_id=10 ) ORDER BY agree desc LIMIT 1   [ RunTime:0.000376s ]
SQL: SELECT * FROM `mgqa_answer` WHERE ( question_id=11 ) ORDER BY agree desc LIMIT 1   [ RunTime:0.000307s ]
SQL: SHOW COLUMNS FROM `mgqa_topic` [ RunTime:0.018509s ]
SQL: SELECT * FROM `mgqa_topic` WHERE ( id=2 ) LIMIT 1   [ RunTime:0.000264s ]
SQL: SHOW COLUMNS FROM `mgqa_topic_follow` [ RunTime:0.010832s ]
SQL: SELECT COUNT(*) AS tp_count FROM `mgqa_topic_follow` WHERE ( username="SmileC" AND topic_id=2 ) LIMIT 1   [ RunTime:0.000338s ]
SQL: SELECT COUNT(*) AS tp_count FROM `mgqa_topic_follow` WHERE ( topic_id=2 ) LIMIT 1   [ RunTime:0.000497s ]
SQL: SELECT COUNT(*) AS tp_count FROM `mgqa_question` WHERE ( topic1=2 OR topic2=2 OR topic3=2 ) LIMIT 1   [ RunTime:0.000470s ]
INFO: [ view_parse ] --START--
INFO: [ template_filter ] --START--
INFO: Run Behavior\ContentReplaceBehavior [ RunTime:0.000149s ]
INFO: [ template_filter ] --END-- [ RunTime:0.000292s ]
SQL: SHOW COLUMNS FROM `mgqa_user_login` [ RunTime:0.023063s ]
SQL: SELECT * FROM `mgqa_topic`  [ RunTime:0.000478s ]
NOTIC: [8] Undefined index: agree D:\php\Code\MoeGirl_Q-A\Application\Runtime\Cache\Home\55599bdc7636cddc314e30f87cab3d57.php 第 270 行.
NOTIC: [8] Undefined index: agree D:\php\Code\MoeGirl_Q-A\Application\Runtime\Cache\Home\55599bdc7636cddc314e30f87cab3d57.php 第 270 行.
INFO: Run Behavior\ParseTemplateBehavior [ RunTime:0.199971s ]
INFO: [ view_parse ] --END-- [ RunTime:0.200132s ]
INFO: [ view_filter ] --START--
INFO: Run Behavior\WriteHtmlCacheBehavior [ RunTime:0.001526s ]
INFO: [ view_filter ] --END-- [ RunTime:0.001663s ]
INFO: [ app_end ] --START--
INFO: Run Behavior\ShowPageTraceBehavior [ RunTime:0.001553s ]
INFO: [ app_end ] --END-- [ RunTime:0.001690s ]

[ 2015-02-04T13:46:13+08:00 ] 127.0.0.1 /Home/Topic/2/all
INFO: [ app_init ] --START--
INFO: Run Behavior\BuildLiteBehavior [ RunTime:0.000034s ]
INFO: [ app_init ] --END-- [ RunTime:0.000725s ]
INFO: [ app_begin ] --START--
INFO: Run Behavior\ReadHtmlCacheBehavior [ RunTime:0.001171s ]
INFO: [ app_begin ] --END-- [ RunTime:0.001317s ]
SQL: SHOW COLUMNS FROM `mgqa_topic` [ RunTime:0.040280s ]
SQL: SELECT `id` FROM `mgqa_topic` WHERE ( father_topic=2 )  [ RunTime:0.000360s ]
DEBUG: Array
(
    [0] => 3
    [1] => 2
)

SQL: SHOW COLUMNS FROM `mgqa_question` [ RunTime:0.023280s ]
SQL: SELECT * FROM `mgqa_question` WHERE ( `topic1` IN ('3','2') OR `topic2` IN ('3','2') OR `topic3` IN ('3','2') ) ORDER BY id desc LIMIT 0,20   [ RunTime:0.000458s ]
SQL: SHOW COLUMNS FROM `mgqa_topic` [ RunTime:0.022816s ]
SQL: SELECT * FROM `mgqa_topic` WHERE ( id=2 ) LIMIT 1   [ RunTime:0.000349s ]
SQL: SHOW COLUMNS FROM `mgqa_topic_follow` [ RunTime:0.016179s ]
SQL: SELECT COUNT(*) AS tp_count FROM `mgqa_topic_follow` WHERE ( username="SmileC" AND topic_id=2 ) LIMIT 1   [ RunTime:0.000271s ]
SQL: SELECT COUNT(*) AS tp_count FROM `mgqa_topic_follow` WHERE ( topic_id=2 ) LIMIT 1   [ RunTime:0.000193s ]
SQL: SELECT COUNT(*) AS tp_count FROM `mgqa_question` WHERE ( topic1=2 OR topic2=2 OR topic3=2 ) LIMIT 1   [ RunTime:0.000234s ]
INFO: [ view_parse ] --START--
INFO: [ template_filter ] --START--
INFO: Run Behavior\ContentReplaceBehavior [ RunTime:0.000274s ]
INFO: [ template_filter ] --END-- [ RunTime:0.000588s ]
SQL: SHOW COLUMNS FROM `mgqa_user_login` [ RunTime:0.007877s ]
SQL: SELECT * FROM `mgqa_topic`  [ RunTime:0.000204s ]
INFO: Run Behavior\ParseTemplateBehavior [ RunTime:0.055865s ]
INFO: [ view_parse ] --END-- [ RunTime:0.055969s ]
INFO: [ view_filter ] --START--
INFO: Run Behavior\WriteHtmlCacheBehavior [ RunTime:0.000876s ]
INFO: [ view_filter ] --END-- [ RunTime:0.000998s ]
INFO: [ app_end ] --START--
INFO: Run Behavior\ShowPageTraceBehavior [ RunTime:0.001496s ]
INFO: [ app_end ] --END-- [ RunTime:0.001672s ]

[ 2015-02-04T13:46:19+08:00 ] 127.0.0.1 /Home/Topic/2/hot
INFO: [ app_init ] --START--
INFO: Run Behavior\BuildLiteBehavior [ RunTime:0.000030s ]
INFO: [ app_init ] --END-- [ RunTime:0.000611s ]
INFO: [ app_begin ] --START--
INFO: Run Behavior\ReadHtmlCacheBehavior [ RunTime:0.000938s ]
INFO: [ app_begin ] --END-- [ RunTime:0.001047s ]
SQL: SHOW COLUMNS FROM `mgqa_topic` [ RunTime:0.020599s ]
SQL: SELECT `id` FROM `mgqa_topic` WHERE ( father_topic=2 )  [ RunTime:0.000260s ]
DEBUG: Array
(
    [0] => 3
    [1] => 2
)

SQL: SHOW COLUMNS FROM `mgqa_question` [ RunTime:0.015802s ]
SQL: SELECT `id` FROM `mgqa_question` WHERE ( `topic1` IN ('3','2') OR `topic2` IN ('3','2') OR `topic3` IN ('3','2') ) ORDER BY id desc  [ RunTime:0.000312s ]
DEBUG: Array
(
    [0] => 11
    [1] => 10
)

SQL: SHOW COLUMNS FROM `mgqa_answer` [ RunTime:0.015554s ]
SQL: SELECT * FROM `mgqa_answer` WHERE `question_id` IN ('11','10') ORDER BY agree desc LIMIT 0,20   [ RunTime:0.000414s ]
SQL: SHOW COLUMNS FROM `mgqa_topic` [ RunTime:0.025425s ]
SQL: SELECT * FROM `mgqa_topic` WHERE ( id=2 ) LIMIT 1   [ RunTime:0.000376s ]
SQL: SHOW COLUMNS FROM `mgqa_topic_follow` [ RunTime:0.012468s ]
SQL: SELECT COUNT(*) AS tp_count FROM `mgqa_topic_follow` WHERE ( username="SmileC" AND topic_id=2 ) LIMIT 1   [ RunTime:0.000296s ]
SQL: SELECT COUNT(*) AS tp_count FROM `mgqa_topic_follow` WHERE ( topic_id=2 ) LIMIT 1   [ RunTime:0.000178s ]
SQL: SELECT COUNT(*) AS tp_count FROM `mgqa_question` WHERE ( topic1=2 OR topic2=2 OR topic3=2 ) LIMIT 1   [ RunTime:0.000303s ]
INFO: [ view_parse ] --START--
INFO: [ template_filter ] --START--
INFO: Run Behavior\ContentReplaceBehavior [ RunTime:0.000099s ]
INFO: [ template_filter ] --END-- [ RunTime:0.000181s ]
SQL: SHOW COLUMNS FROM `mgqa_user_login` [ RunTime:0.008221s ]
SQL: SELECT * FROM `mgqa_topic`  [ RunTime:0.000301s ]
INFO: Run Behavior\ParseTemplateBehavior [ RunTime:0.048115s ]
INFO: [ view_parse ] --END-- [ RunTime:0.048254s ]
INFO: [ view_filter ] --START--
INFO: Run Behavior\WriteHtmlCacheBehavior [ RunTime:0.000475s ]
INFO: [ view_filter ] --END-- [ RunTime:0.000550s ]
INFO: [ app_end ] --START--
INFO: Run Behavior\ShowPageTraceBehavior [ RunTime:0.001045s ]
INFO: [ app_end ] --END-- [ RunTime:0.001180s ]

[ 2015-02-04T13:49:12+08:00 ] 127.0.0.1 /Home/Topic/2/hot
INFO: [ app_init ] --START--
INFO: Run Behavior\BuildLiteBehavior [ RunTime:0.000018s ]
INFO: [ app_init ] --END-- [ RunTime:0.000442s ]
INFO: [ app_begin ] --START--
INFO: Run Behavior\ReadHtmlCacheBehavior [ RunTime:0.000733s ]
INFO: [ app_begin ] --END-- [ RunTime:0.000815s ]
SQL: SHOW COLUMNS FROM `mgqa_topic` [ RunTime:0.019924s ]
SQL: SELECT `id` FROM `mgqa_topic` WHERE ( father_topic=2 )  [ RunTime:0.000253s ]
DEBUG: Array
(
    [0] => 3
    [1] => 2
)

SQL: SHOW COLUMNS FROM `mgqa_question` [ RunTime:0.014546s ]
SQL: SELECT `id` FROM `mgqa_question` WHERE ( `topic1` IN ('3','2') OR `topic2` IN ('3','2') OR `topic3` IN ('3','2') ) ORDER BY id desc  [ RunTime:0.000329s ]
DEBUG: Array
(
    [0] => 11
    [1] => 10
)

SQL: SHOW COLUMNS FROM `mgqa_answer` [ RunTime:0.011998s ]
SQL: SELECT * FROM `mgqa_answer` WHERE `question_id` IN ('11','10') ORDER BY agree desc LIMIT 0,20   [ RunTime:0.000354s ]
SQL: SHOW COLUMNS FROM `mgqa_topic` [ RunTime:0.015701s ]
SQL: SELECT * FROM `mgqa_topic` WHERE ( id=2 ) LIMIT 1   [ RunTime:0.000273s ]
SQL: SHOW COLUMNS FROM `mgqa_topic_follow` [ RunTime:0.010440s ]
SQL: SELECT COUNT(*) AS tp_count FROM `mgqa_topic_follow` WHERE ( username="SmileC" AND topic_id=2 ) LIMIT 1   [ RunTime:0.000480s ]
SQL: SELECT COUNT(*) AS tp_count FROM `mgqa_topic_follow` WHERE ( topic_id=2 ) LIMIT 1   [ RunTime:0.000273s ]
SQL: SELECT COUNT(*) AS tp_count FROM `mgqa_question` WHERE ( topic1=2 OR topic2=2 OR topic3=2 ) LIMIT 1   [ RunTime:0.000340s ]
INFO: [ view_parse ] --START--
INFO: [ template_filter ] --START--
INFO: Run Behavior\ContentReplaceBehavior [ RunTime:0.000082s ]
INFO: [ template_filter ] --END-- [ RunTime:0.000218s ]
SQL: SHOW COLUMNS FROM `mgqa_user_login` [ RunTime:0.009992s ]
SQL: SELECT * FROM `mgqa_topic`  [ RunTime:0.000357s ]
INFO: Run Behavior\ParseTemplateBehavior [ RunTime:0.050950s ]
INFO: [ view_parse ] --END-- [ RunTime:0.051057s ]
INFO: [ view_filter ] --START--
INFO: Run Behavior\WriteHtmlCacheBehavior [ RunTime:0.000624s ]
INFO: [ view_filter ] --END-- [ RunTime:0.000683s ]
INFO: [ app_end ] --START--
INFO: Run Behavior\ShowPageTraceBehavior [ RunTime:0.001159s ]
INFO: [ app_end ] --END-- [ RunTime:0.001290s ]

[ 2015-02-04T13:49:43+08:00 ] 127.0.0.1 /Home/Topic/2
INFO: [ app_init ] --START--
INFO: Run Behavior\BuildLiteBehavior [ RunTime:0.000021s ]
INFO: [ app_init ] --END-- [ RunTime:0.000469s ]
INFO: [ app_begin ] --START--
INFO: Run Behavior\ReadHtmlCacheBehavior [ RunTime:0.000876s ]
INFO: [ app_begin ] --END-- [ RunTime:0.000978s ]
SQL: SHOW COLUMNS FROM `mgqa_topic` [ RunTime:0.024539s ]
SQL: SELECT `id` FROM `mgqa_topic` WHERE ( father_topic=2 )  [ RunTime:0.000314s ]
DEBUG: Array
(
    [0] => 3
    [1] => 2
)

SQL: SHOW COLUMNS FROM `mgqa_question` [ RunTime:0.020140s ]
SQL: SELECT * FROM `mgqa_question` WHERE ( `topic1` IN ('3','2') OR `topic2` IN ('3','2') OR `topic3` IN ('3','2') ) AND ( 1420436983 < unix_timestamp(time) ) ORDER BY id LIMIT 0,20   [ RunTime:0.000458s ]
SQL: SHOW COLUMNS FROM `mgqa_answer` [ RunTime:0.016274s ]
SQL: SELECT * FROM `mgqa_answer` WHERE ( question_id=10 ) ORDER BY agree desc LIMIT 1   [ RunTime:0.000315s ]
SQL: SELECT * FROM `mgqa_answer` WHERE ( question_id=11 ) ORDER BY agree desc LIMIT 1   [ RunTime:0.000311s ]
SQL: SHOW COLUMNS FROM `mgqa_topic` [ RunTime:0.022824s ]
SQL: SELECT * FROM `mgqa_topic` WHERE ( id=2 ) LIMIT 1   [ RunTime:0.000231s ]
SQL: SHOW COLUMNS FROM `mgqa_topic_follow` [ RunTime:0.008248s ]
SQL: SELECT COUNT(*) AS tp_count FROM `mgqa_topic_follow` WHERE ( username="SmileC" AND topic_id=2 ) LIMIT 1   [ RunTime:0.000254s ]
SQL: SELECT COUNT(*) AS tp_count FROM `mgqa_topic_follow` WHERE ( topic_id=2 ) LIMIT 1   [ RunTime:0.000123s ]
SQL: SELECT COUNT(*) AS tp_count FROM `mgqa_question` WHERE ( topic1=2 OR topic2=2 OR topic3=2 ) LIMIT 1   [ RunTime:0.000144s ]
INFO: [ view_parse ] --START--
INFO: [ template_filter ] --START--
INFO: Run Behavior\ContentReplaceBehavior [ RunTime:0.000096s ]
INFO: [ template_filter ] --END-- [ RunTime:0.000172s ]
SQL: SHOW COLUMNS FROM `mgqa_user_login` [ RunTime:0.006222s ]
SQL: SELECT * FROM `mgqa_topic`  [ RunTime:0.000217s ]
NOTIC: [8] Undefined index: agree D:\php\Code\MoeGirl_Q-A\Application\Runtime\Cache\Home\55599bdc7636cddc314e30f87cab3d57.php 第 270 行.
NOTIC: [8] Undefined index: agree D:\php\Code\MoeGirl_Q-A\Application\Runtime\Cache\Home\55599bdc7636cddc314e30f87cab3d57.php 第 270 行.
INFO: Run Behavior\ParseTemplateBehavior [ RunTime:0.043801s ]
INFO: [ view_parse ] --END-- [ RunTime:0.043880s ]
INFO: [ view_filter ] --START--
INFO: Run Behavior\WriteHtmlCacheBehavior [ RunTime:0.000594s ]
INFO: [ view_filter ] --END-- [ RunTime:0.000662s ]
INFO: [ app_end ] --START--
INFO: Run Behavior\ShowPageTraceBehavior [ RunTime:0.001177s ]
INFO: [ app_end ] --END-- [ RunTime:0.001305s ]

[ 2015-02-04T13:49:45+08:00 ] 127.0.0.1 /index.php/Home/Question/10
INFO: [ app_init ] --START--
INFO: Run Behavior\BuildLiteBehavior [ RunTime:0.000025s ]
INFO: [ app_init ] --END-- [ RunTime:0.000478s ]
INFO: [ app_begin ] --START--
INFO: Run Behavior\ReadHtmlCacheBehavior [ RunTime:0.000860s ]
INFO: [ app_begin ] --END-- [ RunTime:0.000949s ]
SQL: SHOW COLUMNS FROM `mgqa_question` [ RunTime:0.019724s ]
SQL: SELECT * FROM `mgqa_question` WHERE ( id=10 ) LIMIT 1   [ RunTime:0.000302s ]
SQL: SHOW COLUMNS FROM `mgqa_answer` [ RunTime:0.011740s ]
SQL: SELECT COUNT(*) AS tp_count FROM `mgqa_answer` WHERE ( question_id=10 ) LIMIT 1   [ RunTime:0.000308s ]
SQL: SHOW COLUMNS FROM `mgqa_question_user_status` [ RunTime:0.038188s ]
SQL: SELECT * FROM `mgqa_question_user_status` WHERE ( username="SmileC" AND question_id=10 ) LIMIT 1   [ RunTime:0.000247s ]
SQL: SELECT * FROM `mgqa_answer` WHERE ( username="SmileC" AND question_id=10 ) LIMIT 1   [ RunTime:0.000198s ]
SQL: SELECT * FROM `mgqa_answer` WHERE ( question_id=10 )  [ RunTime:0.000168s ]
INFO: [ view_parse ] --START--
INFO: [ template_filter ] --START--
INFO: Run Behavior\ContentReplaceBehavior [ RunTime:0.000169s ]
INFO: [ template_filter ] --END-- [ RunTime:0.000312s ]
SQL: SHOW COLUMNS FROM `mgqa_user_login` [ RunTime:0.008490s ]
SQL: SHOW COLUMNS FROM `mgqa_topic` [ RunTime:0.023782s ]
SQL: SELECT * FROM `mgqa_topic`  [ RunTime:0.000479s ]
NOTIC: [8] Use of undefined constant my_answer - assumed 'my_answer' D:\php\Code\MoeGirl_Q-A\Application\Runtime\Cache\Home\93ef6f4e0883454498eb7273983f50b5.php 第 293 行.
INFO: Run Behavior\ParseTemplateBehavior [ RunTime:0.120366s ]
INFO: [ view_parse ] --END-- [ RunTime:0.120528s ]
INFO: [ view_filter ] --START--
INFO: Run Behavior\WriteHtmlCacheBehavior [ RunTime:0.000842s ]
INFO: [ view_filter ] --END-- [ RunTime:0.000956s ]
INFO: [ app_end ] --START--
INFO: Run Behavior\ShowPageTraceBehavior [ RunTime:0.001308s ]
INFO: [ app_end ] --END-- [ RunTime:0.001588s ]

[ 2015-02-04T13:49:49+08:00 ] 127.0.0.1 /index.php/Home/Question/11
INFO: [ app_init ] --START--
INFO: Run Behavior\BuildLiteBehavior [ RunTime:0.000018s ]
INFO: [ app_init ] --END-- [ RunTime:0.000381s ]
INFO: [ app_begin ] --START--
INFO: Run Behavior\ReadHtmlCacheBehavior [ RunTime:0.000629s ]
INFO: [ app_begin ] --END-- [ RunTime:0.000717s ]
SQL: SHOW COLUMNS FROM `mgqa_question` [ RunTime:0.024781s ]
SQL: SELECT * FROM `mgqa_question` WHERE ( id=11 ) LIMIT 1   [ RunTime:0.000362s ]
SQL: SHOW COLUMNS FROM `mgqa_answer` [ RunTime:0.015735s ]
SQL: SELECT COUNT(*) AS tp_count FROM `mgqa_answer` WHERE ( question_id=11 ) LIMIT 1   [ RunTime:0.000298s ]
SQL: SHOW COLUMNS FROM `mgqa_question_user_status` [ RunTime:0.008127s ]
SQL: SELECT * FROM `mgqa_question_user_status` WHERE ( username="SmileC" AND question_id=11 ) LIMIT 1   [ RunTime:0.000242s ]
SQL: SELECT * FROM `mgqa_answer` WHERE ( username="SmileC" AND question_id=11 ) LIMIT 1   [ RunTime:0.000280s ]
SQL: SELECT * FROM `mgqa_answer` WHERE ( question_id=11 )  [ RunTime:0.000203s ]
INFO: [ view_parse ] --START--
INFO: [ template_filter ] --START--
INFO: Run Behavior\ContentReplaceBehavior [ RunTime:0.000112s ]
INFO: [ template_filter ] --END-- [ RunTime:0.000228s ]
SQL: SHOW COLUMNS FROM `mgqa_user_login` [ RunTime:0.008301s ]
SQL: SHOW COLUMNS FROM `mgqa_topic` [ RunTime:0.028609s ]
SQL: SELECT * FROM `mgqa_topic`  [ RunTime:0.000305s ]
NOTIC: [8] Use of undefined constant my_answer - assumed 'my_answer' D:\php\Code\MoeGirl_Q-A\Application\Runtime\Cache\Home\93ef6f4e0883454498eb7273983f50b5.php 第 293 行.
INFO: Run Behavior\ParseTemplateBehavior [ RunTime:0.088182s ]
INFO: [ view_parse ] --END-- [ RunTime:0.088316s ]
INFO: [ view_filter ] --START--
INFO: Run Behavior\WriteHtmlCacheBehavior [ RunTime:0.000821s ]
INFO: [ view_filter ] --END-- [ RunTime:0.000925s ]
INFO: [ app_end ] --START--
INFO: Run Behavior\ShowPageTraceBehavior [ RunTime:0.001189s ]
INFO: [ app_end ] --END-- [ RunTime:0.001318s ]

[ 2015-02-04T13:49:56+08:00 ] 127.0.0.1 /Home/Topic/hot
INFO: [ app_init ] --START--
INFO: Run Behavior\BuildLiteBehavior [ RunTime:0.000018s ]
INFO: [ app_init ] --END-- [ RunTime:0.000399s ]
INFO: [ app_begin ] --START--
INFO: Run Behavior\ReadHtmlCacheBehavior [ RunTime:0.000631s ]
INFO: [ app_begin ] --END-- [ RunTime:0.000700s ]
ERR: 非法操作:hot

[ 2015-02-04T13:50:03+08:00 ] 127.0.0.1 /Home/Topic/2/hot
INFO: [ app_init ] --START--
INFO: Run Behavior\BuildLiteBehavior [ RunTime:0.000019s ]
INFO: [ app_init ] --END-- [ RunTime:0.000467s ]
INFO: [ app_begin ] --START--
INFO: Run Behavior\ReadHtmlCacheBehavior [ RunTime:0.000896s ]
INFO: [ app_begin ] --END-- [ RunTime:0.001018s ]
SQL: SHOW COLUMNS FROM `mgqa_topic` [ RunTime:0.026903s ]
SQL: SELECT `id` FROM `mgqa_topic` WHERE ( father_topic=2 )  [ RunTime:0.000321s ]
DEBUG: Array
(
    [0] => 3
    [1] => 2
)

SQL: SHOW COLUMNS FROM `mgqa_question` [ RunTime:0.019175s ]
SQL: SELECT `id` FROM `mgqa_question` WHERE ( `topic1` IN ('3','2') OR `topic2` IN ('3','2') OR `topic3` IN ('3','2') ) ORDER BY id desc  [ RunTime:0.000336s ]
DEBUG: Array
(
    [0] => 11
    [1] => 10
)

SQL: SHOW COLUMNS FROM `mgqa_answer` [ RunTime:0.013975s ]
SQL: SELECT * FROM `mgqa_answer` WHERE `question_id` IN ('11','10') ORDER BY agree desc LIMIT 0,20   [ RunTime:0.000412s ]
SQL: SHOW COLUMNS FROM `mgqa_topic` [ RunTime:0.021286s ]
SQL: SELECT * FROM `mgqa_topic` WHERE ( id=2 ) LIMIT 1   [ RunTime:0.000356s ]
SQL: SHOW COLUMNS FROM `mgqa_topic_follow` [ RunTime:0.010211s ]
SQL: SELECT COUNT(*) AS tp_count FROM `mgqa_topic_follow` WHERE ( username="SmileC" AND topic_id=2 ) LIMIT 1   [ RunTime:0.000247s ]
SQL: SELECT COUNT(*) AS tp_count FROM `mgqa_topic_follow` WHERE ( topic_id=2 ) LIMIT 1   [ RunTime:0.000156s ]
SQL: SELECT COUNT(*) AS tp_count FROM `mgqa_question` WHERE ( topic1=2 OR topic2=2 OR topic3=2 ) LIMIT 1   [ RunTime:0.000181s ]
INFO: [ view_parse ] --START--
INFO: [ template_filter ] --START--
INFO: Run Behavior\ContentReplaceBehavior [ RunTime:0.000103s ]
INFO: [ template_filter ] --END-- [ RunTime:0.000185s ]
SQL: SHOW COLUMNS FROM `mgqa_user_login` [ RunTime:0.007913s ]
SQL: SELECT * FROM `mgqa_topic`  [ RunTime:0.000264s ]
INFO: Run Behavior\ParseTemplateBehavior [ RunTime:0.052221s ]
INFO: [ view_parse ] --END-- [ RunTime:0.052326s ]
INFO: [ view_filter ] --START--
INFO: Run Behavior\WriteHtmlCacheBehavior [ RunTime:0.000736s ]
INFO: [ view_filter ] --END-- [ RunTime:0.000819s ]
INFO: [ app_end ] --START--
INFO: Run Behavior\ShowPageTraceBehavior [ RunTime:0.001103s ]
INFO: [ app_end ] --END-- [ RunTime:0.001224s ]

[ 2015-02-04T13:58:30+08:00 ] 127.0.0.1 /Home/Topic/2/hot
INFO: [ app_init ] --START--
INFO: Run Behavior\BuildLiteBehavior [ RunTime:0.000019s ]
INFO: [ app_init ] --END-- [ RunTime:0.000423s ]
INFO: [ app_begin ] --START--
INFO: Run Behavior\ReadHtmlCacheBehavior [ RunTime:0.000644s ]
INFO: [ app_begin ] --END-- [ RunTime:0.000737s ]
SQL: SHOW COLUMNS FROM `mgqa_topic` [ RunTime:0.020564s ]
SQL: SELECT `id` FROM `mgqa_topic` WHERE ( father_topic=2 )  [ RunTime:0.000320s ]
DEBUG: Array
(
    [0] => 3
    [1] => 2
)

SQL: SHOW COLUMNS FROM `mgqa_question` [ RunTime:0.015210s ]
SQL: SELECT `id` FROM `mgqa_question` WHERE ( `topic1` IN ('3','2') OR `topic2` IN ('3','2') OR `topic3` IN ('3','2') ) ORDER BY id desc  [ RunTime:0.000442s ]
DEBUG: Array
(
    [0] => 11
    [1] => 10
)

SQL: SHOW COLUMNS FROM `mgqa_answer` [ RunTime:0.014913s ]
SQL: SELECT * FROM `mgqa_answer` WHERE `question_id` IN ('11','10') ORDER BY agree desc LIMIT 0,20   [ RunTime:0.000296s ]
SQL: SHOW COLUMNS FROM `mgqa_topic` [ RunTime:0.022550s ]
SQL: SELECT * FROM `mgqa_topic` WHERE ( id=2 ) LIMIT 1   [ RunTime:0.000230s ]
SQL: SHOW COLUMNS FROM `mgqa_topic_follow` [ RunTime:0.009823s ]
SQL: SELECT COUNT(*) AS tp_count FROM `mgqa_topic_follow` WHERE ( username="SmileC" AND topic_id=2 ) LIMIT 1   [ RunTime:0.000255s ]
SQL: SELECT COUNT(*) AS tp_count FROM `mgqa_topic_follow` WHERE ( topic_id=2 ) LIMIT 1   [ RunTime:0.000125s ]
SQL: SELECT COUNT(*) AS tp_count FROM `mgqa_question` WHERE ( topic1=2 OR topic2=2 OR topic3=2 ) LIMIT 1   [ RunTime:0.000144s ]
INFO: [ view_parse ] --START--
INFO: [ template_filter ] --START--
INFO: Run Behavior\ContentReplaceBehavior [ RunTime:0.000090s ]
INFO: [ template_filter ] --END-- [ RunTime:0.000188s ]
SQL: SHOW COLUMNS FROM `mgqa_user_login` [ RunTime:0.007750s ]
SQL: SELECT * FROM `mgqa_topic`  [ RunTime:0.000213s ]
INFO: Run Behavior\ParseTemplateBehavior [ RunTime:0.062833s ]
INFO: [ view_parse ] --END-- [ RunTime:0.062914s ]
INFO: [ view_filter ] --START--
INFO: Run Behavior\WriteHtmlCacheBehavior [ RunTime:0.000511s ]
INFO: [ view_filter ] --END-- [ RunTime:0.000575s ]
INFO: [ app_end ] --START--
INFO: Run Behavior\ShowPageTraceBehavior [ RunTime:0.001014s ]
INFO: [ app_end ] --END-- [ RunTime:0.001148s ]

[ 2015-02-04T17:38:41+08:00 ] 127.0.0.1 /Home/Topic/2
INFO: [ app_init ] --START--
INFO: Run Behavior\BuildLiteBehavior [ RunTime:0.000039s ]
INFO: [ app_init ] --END-- [ RunTime:0.004194s ]
INFO: [ app_begin ] --START--
INFO: Run Behavior\ReadHtmlCacheBehavior [ RunTime:0.001227s ]
INFO: [ app_begin ] --END-- [ RunTime:0.001331s ]
SQL: SHOW COLUMNS FROM `mgqa_topic` [ RunTime:0.059453s ]
SQL: SELECT `id` FROM `mgqa_topic` WHERE ( father_topic=2 )  [ RunTime:0.000572s ]
DEBUG: Array
(
    [0] => 3
    [1] => 2
)

SQL: SHOW COLUMNS FROM `mgqa_question` [ RunTime:0.034972s ]
SQL: SELECT * FROM `mgqa_question` WHERE ( `topic1` IN ('3','2') OR `topic2` IN ('3','2') OR `topic3` IN ('3','2') ) AND ( 1420450720 < unix_timestamp(time) ) ORDER BY id LIMIT 0,20   [ RunTime:0.001381s ]
SQL: SHOW COLUMNS FROM `mgqa_answer` [ RunTime:0.020703s ]
SQL: SELECT * FROM `mgqa_answer` WHERE ( question_id=10 ) ORDER BY agree desc LIMIT 1   [ RunTime:0.000735s ]
SQL: SELECT * FROM `mgqa_answer` WHERE ( question_id=11 ) ORDER BY agree desc LIMIT 1   [ RunTime:0.000252s ]
SQL: SHOW COLUMNS FROM `mgqa_topic` [ RunTime:0.016844s ]
SQL: SELECT * FROM `mgqa_topic` WHERE ( id=2 ) LIMIT 1   [ RunTime:0.001105s ]
SQL: SHOW COLUMNS FROM `mgqa_topic_follow` [ RunTime:0.016143s ]
SQL: SELECT COUNT(*) AS tp_count FROM `mgqa_topic_follow` WHERE ( username="SmileC" AND topic_id=2 ) LIMIT 1   [ RunTime:0.000860s ]
SQL: SELECT COUNT(*) AS tp_count FROM `mgqa_topic_follow` WHERE ( topic_id=2 ) LIMIT 1   [ RunTime:0.000204s ]
SQL: SELECT COUNT(*) AS tp_count FROM `mgqa_question` WHERE ( topic1=2 OR topic2=2 OR topic3=2 ) LIMIT 1   [ RunTime:0.000207s ]
INFO: [ view_parse ] --START--
INFO: [ template_filter ] --START--
INFO: Run Behavior\ContentReplaceBehavior [ RunTime:0.000091s ]
INFO: [ template_filter ] --END-- [ RunTime:0.000169s ]
SQL: SHOW COLUMNS FROM `mgqa_user_login` [ RunTime:0.021727s ]
SQL: SELECT * FROM `mgqa_topic`  [ RunTime:0.000232s ]
NOTIC: [8] Undefined index: agree D:\php\Code\MoeGirl_Q-A\Application\Runtime\Cache\Home\55599bdc7636cddc314e30f87cab3d57.php 第 270 行.
NOTIC: [8] Undefined index: agree D:\php\Code\MoeGirl_Q-A\Application\Runtime\Cache\Home\55599bdc7636cddc314e30f87cab3d57.php 第 270 行.
INFO: Run Behavior\ParseTemplateBehavior [ RunTime:0.275170s ]
INFO: [ view_parse ] --END-- [ RunTime:0.275268s ]
INFO: [ view_filter ] --START--
INFO: Run Behavior\WriteHtmlCacheBehavior [ RunTime:0.015498s ]
INFO: [ view_filter ] --END-- [ RunTime:0.015604s ]
INFO: [ app_end ] --START--
INFO: Run Behavior\ShowPageTraceBehavior [ RunTime:0.008683s ]
INFO: [ app_end ] --END-- [ RunTime:0.008834s ]

