[ 2015-07-05T21:32:26+08:00 ] 127.0.0.1 /index.php/Admin
INFO: [ app_init ] --START--
INFO: Run Behavior\BuildLiteBehavior [ RunTime:0.000020s ]
INFO: [ app_init ] --END-- [ RunTime:0.000611s ]
INFO: [ app_begin ] --START--
INFO: Run Behavior\ReadHtmlCacheBehavior [ RunTime:0.002032s ]
INFO: [ app_begin ] --END-- [ RunTime:0.002500s ]
INFO: [ view_parse ] --START--
INFO: [ template_filter ] --START--
INFO: Run Behavior\ContentReplaceBehavior [ RunTime:0.000117s ]
INFO: [ template_filter ] --END-- [ RunTime:0.000207s ]
INFO: Run Behavior\ParseTemplateBehavior [ RunTime:0.027278s ]
INFO: [ view_parse ] --END-- [ RunTime:0.027422s ]
INFO: [ view_filter ] --START--
INFO: Run Behavior\WriteHtmlCacheBehavior [ RunTime:0.000588s ]
INFO: [ view_filter ] --END-- [ RunTime:0.000644s ]
INFO: [ app_end ] --START--
INFO: Run Behavior\ShowPageTraceBehavior [ RunTime:0.004723s ]
INFO: [ app_end ] --END-- [ RunTime:0.004974s ]

[ 2015-07-05T21:34:06+08:00 ] 127.0.0.1 /index.php/Admin
INFO: [ app_init ] --START--
INFO: Run Behavior\BuildLiteBehavior [ RunTime:0.000020s ]
INFO: [ app_init ] --END-- [ RunTime:0.000462s ]
INFO: [ app_begin ] --START--
INFO: Run Behavior\ReadHtmlCacheBehavior [ RunTime:0.001031s ]
INFO: [ app_begin ] --END-- [ RunTime:0.001182s ]
INFO: [ view_parse ] --START--
INFO: [ template_filter ] --START--
INFO: Run Behavior\ContentReplaceBehavior [ RunTime:0.000136s ]
INFO: [ template_filter ] --END-- [ RunTime:0.000231s ]
INFO: Run Behavior\ParseTemplateBehavior [ RunTime:0.022912s ]
INFO: [ view_parse ] --END-- [ RunTime:0.023095s ]
INFO: [ view_filter ] --START--
INFO: Run Behavior\WriteHtmlCacheBehavior [ RunTime:0.000930s ]
INFO: [ view_filter ] --END-- [ RunTime:0.001129s ]
INFO: [ app_end ] --START--
INFO: Run Behavior\ShowPageTraceBehavior [ RunTime:0.003174s ]
INFO: [ app_end ] --END-- [ RunTime:0.003625s ]

[ 2015-07-05T21:34:36+08:00 ] 127.0.0.1 /index.php/Admin
INFO: [ app_init ] --START--
INFO: Run Behavior\BuildLiteBehavior [ RunTime:0.000018s ]
INFO: [ app_init ] --END-- [ RunTime:0.000480s ]
INFO: [ app_begin ] --START--
INFO: Run Behavior\ReadHtmlCacheBehavior [ RunTime:0.001393s ]
INFO: [ app_begin ] --END-- [ RunTime:0.001528s ]
INFO: [ view_parse ] --START--
INFO: [ template_filter ] --START--
INFO: Run Behavior\ContentReplaceBehavior [ RunTime:0.000162s ]
INFO: [ template_filter ] --END-- [ RunTime:0.000293s ]
INFO: Run Behavior\ParseTemplateBehavior [ RunTime:0.024696s ]
INFO: [ view_parse ] --END-- [ RunTime:0.024797s ]
INFO: [ view_filter ] --START--
INFO: Run Behavior\WriteHtmlCacheBehavior [ RunTime:0.000502s ]
INFO: [ view_filter ] --END-- [ RunTime:0.000557s ]
INFO: [ app_end ] --START--
INFO: Run Behavior\ShowPageTraceBehavior [ RunTime:0.002699s ]
INFO: [ app_end ] --END-- [ RunTime:0.002862s ]

[ 2015-07-05T21:36:39+08:00 ] 127.0.0.1 /index.php/Admin
INFO: [ app_init ] --START--
INFO: Run Behavior\BuildLiteBehavior [ RunTime:0.000019s ]
INFO: [ app_init ] --END-- [ RunTime:0.000499s ]
INFO: [ app_begin ] --START--
INFO: Run Behavior\ReadHtmlCacheBehavior [ RunTime:0.000822s ]
INFO: [ app_begin ] --END-- [ RunTime:0.000895s ]
INFO: [ view_parse ] --START--
INFO: [ template_filter ] --START--
INFO: Run Behavior\ContentReplaceBehavior [ RunTime:0.000184s ]
INFO: [ template_filter ] --END-- [ RunTime:0.000326s ]
INFO: Run Behavior\ParseTemplateBehavior [ RunTime:0.024878s ]
INFO: [ view_parse ] --END-- [ RunTime:0.025017s ]
INFO: [ view_filter ] --START--
INFO: Run Behavior\WriteHtmlCacheBehavior [ RunTime:0.001413s ]
INFO: [ view_filter ] --END-- [ RunTime:0.001605s ]
INFO: [ app_end ] --START--
INFO: Run Behavior\ShowPageTraceBehavior [ RunTime:0.001490s ]
INFO: [ app_end ] --END-- [ RunTime:0.001666s ]

[ 2015-07-05T21:38:01+08:00 ] 127.0.0.1 /index.php/Admin
INFO: [ app_init ] --START--
INFO: Run Behavior\BuildLiteBehavior [ RunTime:0.000020s ]
INFO: [ app_init ] --END-- [ RunTime:0.000665s ]
INFO: [ app_begin ] --START--
INFO: Run Behavior\ReadHtmlCacheBehavior [ RunTime:0.001702s ]
INFO: [ app_begin ] --END-- [ RunTime:0.002066s ]
INFO: [ view_parse ] --START--
INFO: [ template_filter ] --START--
INFO: Run Behavior\ContentReplaceBehavior [ RunTime:0.000136s ]
INFO: [ template_filter ] --END-- [ RunTime:0.000336s ]
INFO: Run Behavior\ParseTemplateBehavior [ RunTime:0.059661s ]
INFO: [ view_parse ] --END-- [ RunTime:0.059791s ]
INFO: [ view_filter ] --START--
INFO: Run Behavior\WriteHtmlCacheBehavior [ RunTime:0.000953s ]
INFO: [ view_filter ] --END-- [ RunTime:0.001054s ]
INFO: [ app_end ] --START--
INFO: Run Behavior\ShowPageTraceBehavior [ RunTime:0.001611s ]
INFO: [ app_end ] --END-- [ RunTime:0.001854s ]

[ 2015-07-05T21:38:27+08:00 ] 127.0.0.1 /index.php/Admin
INFO: [ app_init ] --START--
INFO: Run Behavior\BuildLiteBehavior [ RunTime:0.000023s ]
INFO: [ app_init ] --END-- [ RunTime:0.000492s ]
INFO: [ app_begin ] --START--
INFO: Run Behavior\ReadHtmlCacheBehavior [ RunTime:0.001269s ]
INFO: [ app_begin ] --END-- [ RunTime:0.001446s ]
INFO: [ view_parse ] --START--
INFO: [ template_filter ] --START--
INFO: Run Behavior\ContentReplaceBehavior [ RunTime:0.000221s ]
INFO: [ template_filter ] --END-- [ RunTime:0.000579s ]
INFO: Run Behavior\ParseTemplateBehavior [ RunTime:0.030273s ]
INFO: [ view_parse ] --END-- [ RunTime:0.030633s ]
INFO: [ view_filter ] --START--
INFO: Run Behavior\WriteHtmlCacheBehavior [ RunTime:0.000562s ]
INFO: [ view_filter ] --END-- [ RunTime:0.000758s ]
INFO: [ app_end ] --START--
INFO: Run Behavior\ShowPageTraceBehavior [ RunTime:0.001178s ]
INFO: [ app_end ] --END-- [ RunTime:0.001348s ]

[ 2015-07-05T21:39:46+08:00 ] 127.0.0.1 /index.php/Admin
INFO: [ app_init ] --START--
INFO: Run Behavior\BuildLiteBehavior [ RunTime:0.000137s ]
INFO: [ app_init ] --END-- [ RunTime:0.002219s ]
INFO: [ app_begin ] --START--
INFO: Run Behavior\ReadHtmlCacheBehavior [ RunTime:0.002090s ]
INFO: [ app_begin ] --END-- [ RunTime:0.002419s ]
INFO: [ view_parse ] --START--
INFO: [ template_filter ] --START--
INFO: Run Behavior\ContentReplaceBehavior [ RunTime:0.000122s ]
INFO: [ template_filter ] --END-- [ RunTime:0.000256s ]
INFO: Run Behavior\ParseTemplateBehavior [ RunTime:0.081061s ]
INFO: [ view_parse ] --END-- [ RunTime:0.081221s ]
INFO: [ view_filter ] --START--
INFO: Run Behavior\WriteHtmlCacheBehavior [ RunTime:0.001060s ]
INFO: [ view_filter ] --END-- [ RunTime:0.001179s ]
INFO: [ app_end ] --START--
INFO: Run Behavior\ShowPageTraceBehavior [ RunTime:0.006997s ]
INFO: [ app_end ] --END-- [ RunTime:0.007170s ]

[ 2015-07-05T21:40:15+08:00 ] 127.0.0.1 /index.php/Admin
INFO: [ app_init ] --START--
INFO: Run Behavior\BuildLiteBehavior [ RunTime:0.000048s ]
INFO: [ app_init ] --END-- [ RunTime:0.001399s ]
INFO: [ app_begin ] --START--
INFO: Run Behavior\ReadHtmlCacheBehavior [ RunTime:0.002359s ]
INFO: [ app_begin ] --END-- [ RunTime:0.002528s ]
INFO: [ view_parse ] --START--
INFO: [ template_filter ] --START--
INFO: Run Behavior\ContentReplaceBehavior [ RunTime:0.000141s ]
INFO: [ template_filter ] --END-- [ RunTime:0.000367s ]
INFO: Run Behavior\ParseTemplateBehavior [ RunTime:0.019033s ]
INFO: [ view_parse ] --END-- [ RunTime:0.019127s ]
INFO: [ view_filter ] --START--
INFO: Run Behavior\WriteHtmlCacheBehavior [ RunTime:0.000732s ]
INFO: [ view_filter ] --END-- [ RunTime:0.000801s ]
INFO: [ app_end ] --START--
INFO: Run Behavior\ShowPageTraceBehavior [ RunTime:0.002295s ]
INFO: [ app_end ] --END-- [ RunTime:0.002709s ]

[ 2015-07-05T21:40:52+08:00 ] 127.0.0.1 /index.php/Admin
INFO: [ app_init ] --START--
INFO: Run Behavior\BuildLiteBehavior [ RunTime:0.000020s ]
INFO: [ app_init ] --END-- [ RunTime:0.000494s ]
INFO: [ app_begin ] --START--
INFO: Run Behavior\ReadHtmlCacheBehavior [ RunTime:0.001134s ]
INFO: [ app_begin ] --END-- [ RunTime:0.001238s ]
INFO: [ view_parse ] --START--
INFO: [ template_filter ] --START--
INFO: Run Behavior\ContentReplaceBehavior [ RunTime:0.000082s ]
INFO: [ template_filter ] --END-- [ RunTime:0.000209s ]
INFO: Run Behavior\ParseTemplateBehavior [ RunTime:0.026996s ]
INFO: [ view_parse ] --END-- [ RunTime:0.027157s ]
INFO: [ view_filter ] --START--
INFO: Run Behavior\WriteHtmlCacheBehavior [ RunTime:0.000916s ]
INFO: [ view_filter ] --END-- [ RunTime:0.001022s ]
INFO: [ app_end ] --START--
INFO: Run Behavior\ShowPageTraceBehavior [ RunTime:0.003286s ]
INFO: [ app_end ] --END-- [ RunTime:0.003599s ]

[ 2015-07-05T21:41:20+08:00 ] 127.0.0.1 /index.php/Admin
INFO: [ app_init ] --START--
INFO: Run Behavior\BuildLiteBehavior [ RunTime:0.000017s ]
INFO: [ app_init ] --END-- [ RunTime:0.000393s ]
INFO: [ app_begin ] --START--
INFO: Run Behavior\ReadHtmlCacheBehavior [ RunTime:0.001916s ]
INFO: [ app_begin ] --END-- [ RunTime:0.002112s ]
INFO: [ view_parse ] --START--
INFO: [ template_filter ] --START--
INFO: Run Behavior\ContentReplaceBehavior [ RunTime:0.000171s ]
INFO: [ template_filter ] --END-- [ RunTime:0.000477s ]
INFO: Run Behavior\ParseTemplateBehavior [ RunTime:0.024974s ]
INFO: [ view_parse ] --END-- [ RunTime:0.025065s ]
INFO: [ view_filter ] --START--
INFO: Run Behavior\WriteHtmlCacheBehavior [ RunTime:0.000575s ]
INFO: [ view_filter ] --END-- [ RunTime:0.000633s ]
INFO: [ app_end ] --START--
INFO: Run Behavior\ShowPageTraceBehavior [ RunTime:0.003729s ]
INFO: [ app_end ] --END-- [ RunTime:0.004443s ]

[ 2015-07-05T21:41:22+08:00 ] 127.0.0.1 /index.php/Admin/Index.html
INFO: [ app_init ] --START--
INFO: Run Behavior\BuildLiteBehavior [ RunTime:0.000020s ]
INFO: [ app_init ] --END-- [ RunTime:0.000500s ]
INFO: [ app_begin ] --START--
INFO: Run Behavior\ReadHtmlCacheBehavior [ RunTime:0.000659s ]
INFO: [ app_begin ] --END-- [ RunTime:0.000883s ]
INFO: [ view_parse ] --START--
INFO: [ template_filter ] --START--
INFO: Run Behavior\ContentReplaceBehavior [ RunTime:0.000079s ]
INFO: [ template_filter ] --END-- [ RunTime:0.000163s ]
INFO: Run Behavior\ParseTemplateBehavior [ RunTime:0.024945s ]
INFO: [ view_parse ] --END-- [ RunTime:0.025099s ]
INFO: [ view_filter ] --START--
INFO: Run Behavior\WriteHtmlCacheBehavior [ RunTime:0.000532s ]
INFO: [ view_filter ] --END-- [ RunTime:0.000704s ]
INFO: [ app_end ] --START--
INFO: Run Behavior\ShowPageTraceBehavior [ RunTime:0.001087s ]
INFO: [ app_end ] --END-- [ RunTime:0.002651s ]

[ 2015-07-05T21:42:11+08:00 ] 127.0.0.1 /index.php/Admin/Index.html
INFO: [ app_init ] --START--
INFO: Run Behavior\BuildLiteBehavior [ RunTime:0.000036s ]
INFO: [ app_init ] --END-- [ RunTime:0.000968s ]
INFO: [ app_begin ] --START--
INFO: Run Behavior\ReadHtmlCacheBehavior [ RunTime:0.002984s ]
INFO: [ app_begin ] --END-- [ RunTime:0.003469s ]
INFO: [ view_parse ] --START--
INFO: [ template_filter ] --START--
INFO: Run Behavior\ContentReplaceBehavior [ RunTime:0.001387s ]
INFO: [ template_filter ] --END-- [ RunTime:0.001915s ]
INFO: Run Behavior\ParseTemplateBehavior [ RunTime:0.059055s ]
INFO: [ view_parse ] --END-- [ RunTime:0.059236s ]
INFO: [ view_filter ] --START--
INFO: Run Behavior\WriteHtmlCacheBehavior [ RunTime:0.000706s ]
INFO: [ view_filter ] --END-- [ RunTime:0.000827s ]
INFO: [ app_end ] --START--
INFO: Run Behavior\ShowPageTraceBehavior [ RunTime:0.009299s ]
INFO: [ app_end ] --END-- [ RunTime:0.015995s ]

[ 2015-07-05T21:42:59+08:00 ] 127.0.0.1 /index.php/Admin/Index.html
INFO: [ app_init ] --START--
INFO: Run Behavior\BuildLiteBehavior [ RunTime:0.000016s ]
INFO: [ app_init ] --END-- [ RunTime:0.000390s ]
INFO: [ app_begin ] --START--
INFO: Run Behavior\ReadHtmlCacheBehavior [ RunTime:0.000496s ]
INFO: [ app_begin ] --END-- [ RunTime:0.000561s ]
INFO: [ view_parse ] --START--
INFO: [ template_filter ] --START--
INFO: Run Behavior\ContentReplaceBehavior [ RunTime:0.000072s ]
INFO: [ template_filter ] --END-- [ RunTime:0.000146s ]
INFO: Run Behavior\ParseTemplateBehavior [ RunTime:0.015928s ]
INFO: [ view_parse ] --END-- [ RunTime:0.016149s ]
INFO: [ view_filter ] --START--
INFO: Run Behavior\WriteHtmlCacheBehavior [ RunTime:0.001128s ]
INFO: [ view_filter ] --END-- [ RunTime:0.001360s ]
INFO: [ app_end ] --START--
INFO: Run Behavior\ShowPageTraceBehavior [ RunTime:0.001719s ]
INFO: [ app_end ] --END-- [ RunTime:0.002000s ]

[ 2015-07-05T21:43:13+08:00 ] 127.0.0.1 /index.php/Admin/Index.html
INFO: [ app_init ] --START--
INFO: Run Behavior\BuildLiteBehavior [ RunTime:0.000027s ]
INFO: [ app_init ] --END-- [ RunTime:0.000665s ]
INFO: [ app_begin ] --START--
INFO: Run Behavior\ReadHtmlCacheBehavior [ RunTime:0.000888s ]
INFO: [ app_begin ] --END-- [ RunTime:0.000989s ]
INFO: [ view_parse ] --START--
INFO: [ template_filter ] --START--
INFO: Run Behavior\ContentReplaceBehavior [ RunTime:0.000073s ]
INFO: [ template_filter ] --END-- [ RunTime:0.000160s ]
INFO: Run Behavior\ParseTemplateBehavior [ RunTime:0.026446s ]
INFO: [ view_parse ] --END-- [ RunTime:0.026759s ]
INFO: [ view_filter ] --START--
INFO: Run Behavior\WriteHtmlCacheBehavior [ RunTime:0.001001s ]
INFO: [ view_filter ] --END-- [ RunTime:0.001167s ]
INFO: [ app_end ] --START--
INFO: Run Behavior\ShowPageTraceBehavior [ RunTime:0.002367s ]
INFO: [ app_end ] --END-- [ RunTime:0.002687s ]

[ 2015-07-05T21:43:30+08:00 ] 127.0.0.1 /index.php/Admin/Index.html
INFO: [ app_init ] --START--
INFO: Run Behavior\BuildLiteBehavior [ RunTime:0.000018s ]
INFO: [ app_init ] --END-- [ RunTime:0.000429s ]
INFO: [ app_begin ] --START--
INFO: Run Behavior\ReadHtmlCacheBehavior [ RunTime:0.001855s ]
INFO: [ app_begin ] --END-- [ RunTime:0.002163s ]
INFO: [ view_parse ] --START--
INFO: [ template_filter ] --START--
INFO: Run Behavior\ContentReplaceBehavior [ RunTime:0.000222s ]
INFO: [ template_filter ] --END-- [ RunTime:0.000612s ]
INFO: Run Behavior\ParseTemplateBehavior [ RunTime:0.021609s ]
INFO: [ view_parse ] --END-- [ RunTime:0.021786s ]
INFO: [ view_filter ] --START--
INFO: Run Behavior\WriteHtmlCacheBehavior [ RunTime:0.000430s ]
INFO: [ view_filter ] --END-- [ RunTime:0.000513s ]
INFO: [ app_end ] --START--
INFO: Run Behavior\ShowPageTraceBehavior [ RunTime:0.011135s ]
INFO: [ app_end ] --END-- [ RunTime:0.015927s ]

[ 2015-07-05T21:44:32+08:00 ] 127.0.0.1 /index.php/Admin/Index.html
INFO: [ app_init ] --START--
INFO: Run Behavior\BuildLiteBehavior [ RunTime:0.000017s ]
INFO: [ app_init ] --END-- [ RunTime:0.000485s ]
INFO: [ app_begin ] --START--
INFO: Run Behavior\ReadHtmlCacheBehavior [ RunTime:0.000628s ]
INFO: [ app_begin ] --END-- [ RunTime:0.000710s ]
INFO: [ view_parse ] --START--
INFO: [ template_filter ] --START--
INFO: Run Behavior\ContentReplaceBehavior [ RunTime:0.000075s ]
INFO: [ template_filter ] --END-- [ RunTime:0.000164s ]
INFO: Run Behavior\ParseTemplateBehavior [ RunTime:0.020773s ]
INFO: [ view_parse ] --END-- [ RunTime:0.020902s ]
INFO: [ view_filter ] --START--
INFO: Run Behavior\WriteHtmlCacheBehavior [ RunTime:0.000342s ]
INFO: [ view_filter ] --END-- [ RunTime:0.000411s ]
INFO: [ app_end ] --START--
INFO: Run Behavior\ShowPageTraceBehavior [ RunTime:0.001097s ]
INFO: [ app_end ] --END-- [ RunTime:0.001266s ]

[ 2015-07-05T21:45:06+08:00 ] 127.0.0.1 /index.php/Admin/Index.html
INFO: [ app_init ] --START--
INFO: Run Behavior\BuildLiteBehavior [ RunTime:0.000016s ]
INFO: [ app_init ] --END-- [ RunTime:0.000555s ]
INFO: [ app_begin ] --START--
INFO: Run Behavior\ReadHtmlCacheBehavior [ RunTime:0.000736s ]
INFO: [ app_begin ] --END-- [ RunTime:0.000798s ]
INFO: [ view_parse ] --START--
INFO: [ template_filter ] --START--
INFO: Run Behavior\ContentReplaceBehavior [ RunTime:0.000065s ]
INFO: [ template_filter ] --END-- [ RunTime:0.000135s ]
INFO: Run Behavior\ParseTemplateBehavior [ RunTime:0.026028s ]
INFO: [ view_parse ] --END-- [ RunTime:0.026209s ]
INFO: [ view_filter ] --START--
INFO: Run Behavior\WriteHtmlCacheBehavior [ RunTime:0.000546s ]
INFO: [ view_filter ] --END-- [ RunTime:0.000605s ]
INFO: [ app_end ] --START--
INFO: Run Behavior\ShowPageTraceBehavior [ RunTime:0.002817s ]
INFO: [ app_end ] --END-- [ RunTime:0.002976s ]

[ 2015-07-05T21:46:31+08:00 ] 127.0.0.1 /index.php/Admin/Index.html
INFO: [ app_init ] --START--
INFO: Run Behavior\BuildLiteBehavior [ RunTime:0.000016s ]
INFO: [ app_init ] --END-- [ RunTime:0.000377s ]
INFO: [ app_begin ] --START--
INFO: Run Behavior\ReadHtmlCacheBehavior [ RunTime:0.000684s ]
INFO: [ app_begin ] --END-- [ RunTime:0.000755s ]
INFO: [ view_parse ] --START--
INFO: [ template_filter ] --START--
INFO: Run Behavior\ContentReplaceBehavior [ RunTime:0.000069s ]
INFO: [ template_filter ] --END-- [ RunTime:0.000144s ]
INFO: Run Behavior\ParseTemplateBehavior [ RunTime:0.014586s ]
INFO: [ view_parse ] --END-- [ RunTime:0.014683s ]
INFO: [ view_filter ] --START--
INFO: Run Behavior\WriteHtmlCacheBehavior [ RunTime:0.001279s ]
INFO: [ view_filter ] --END-- [ RunTime:0.001464s ]
INFO: [ app_end ] --START--
INFO: Run Behavior\ShowPageTraceBehavior [ RunTime:0.002352s ]
INFO: [ app_end ] --END-- [ RunTime:0.002580s ]

[ 2015-07-05T21:47:36+08:00 ] 127.0.0.1 /index.php/Admin/Index.html
INFO: [ app_init ] --START--
INFO: Run Behavior\BuildLiteBehavior [ RunTime:0.000079s ]
INFO: [ app_init ] --END-- [ RunTime:0.003436s ]
INFO: [ app_begin ] --START--
INFO: Run Behavior\ReadHtmlCacheBehavior [ RunTime:0.001660s ]
INFO: [ app_begin ] --END-- [ RunTime:0.001788s ]
INFO: [ view_parse ] --START--
INFO: [ template_filter ] --START--
INFO: Run Behavior\ContentReplaceBehavior [ RunTime:0.002080s ]
INFO: [ template_filter ] --END-- [ RunTime:0.003923s ]
INFO: Run Behavior\ParseTemplateBehavior [ RunTime:0.046459s ]
INFO: [ view_parse ] --END-- [ RunTime:0.046986s ]
INFO: [ view_filter ] --START--
INFO: Run Behavior\WriteHtmlCacheBehavior [ RunTime:0.002826s ]
INFO: [ view_filter ] --END-- [ RunTime:0.002942s ]
INFO: [ app_end ] --START--
INFO: Run Behavior\ShowPageTraceBehavior [ RunTime:0.002210s ]
INFO: [ app_end ] --END-- [ RunTime:0.002409s ]

[ 2015-07-05T21:48:02+08:00 ] 127.0.0.1 /index.php/Admin/Index.html
INFO: [ app_init ] --START--
INFO: Run Behavior\BuildLiteBehavior [ RunTime:0.000027s ]
INFO: [ app_init ] --END-- [ RunTime:0.000577s ]
INFO: [ app_begin ] --START--
INFO: Run Behavior\ReadHtmlCacheBehavior [ RunTime:0.001080s ]
INFO: [ app_begin ] --END-- [ RunTime:0.001184s ]
INFO: [ view_parse ] --START--
INFO: [ template_filter ] --START--
INFO: Run Behavior\ContentReplaceBehavior [ RunTime:0.000186s ]
INFO: [ template_filter ] --END-- [ RunTime:0.000451s ]
INFO: Run Behavior\ParseTemplateBehavior [ RunTime:0.016161s ]
INFO: [ view_parse ] --END-- [ RunTime:0.016265s ]
INFO: [ view_filter ] --START--
INFO: Run Behavior\WriteHtmlCacheBehavior [ RunTime:0.000466s ]
INFO: [ view_filter ] --END-- [ RunTime:0.000534s ]
INFO: [ app_end ] --START--
INFO: Run Behavior\ShowPageTraceBehavior [ RunTime:0.002314s ]
INFO: [ app_end ] --END-- [ RunTime:0.002468s ]

[ 2015-07-05T21:48:11+08:00 ] 127.0.0.1 /index.php/Admin/Index.html
INFO: [ app_init ] --START--
INFO: Run Behavior\BuildLiteBehavior [ RunTime:0.000039s ]
INFO: [ app_init ] --END-- [ RunTime:0.000681s ]
INFO: [ app_begin ] --START--
INFO: Run Behavior\ReadHtmlCacheBehavior [ RunTime:0.000814s ]
INFO: [ app_begin ] --END-- [ RunTime:0.000921s ]
INFO: [ view_parse ] --START--
INFO: [ template_filter ] --START--
INFO: Run Behavior\ContentReplaceBehavior [ RunTime:0.000073s ]
INFO: [ template_filter ] --END-- [ RunTime:0.000158s ]
INFO: Run Behavior\ParseTemplateBehavior [ RunTime:0.026399s ]
INFO: [ view_parse ] --END-- [ RunTime:0.026528s ]
INFO: [ view_filter ] --START--
INFO: Run Behavior\WriteHtmlCacheBehavior [ RunTime:0.000613s ]
INFO: [ view_filter ] --END-- [ RunTime:0.000694s ]
INFO: [ app_end ] --START--
INFO: Run Behavior\ShowPageTraceBehavior [ RunTime:0.002274s ]
INFO: [ app_end ] --END-- [ RunTime:0.002423s ]

[ 2015-07-05T21:48:55+08:00 ] 127.0.0.1 /index.php/Admin/Index.html
INFO: [ app_init ] --START--
INFO: Run Behavior\BuildLiteBehavior [ RunTime:0.000017s ]
INFO: [ app_init ] --END-- [ RunTime:0.000462s ]
INFO: [ app_begin ] --START--
INFO: Run Behavior\ReadHtmlCacheBehavior [ RunTime:0.000721s ]
INFO: [ app_begin ] --END-- [ RunTime:0.000832s ]
INFO: [ view_parse ] --START--
INFO: [ template_filter ] --START--
INFO: Run Behavior\ContentReplaceBehavior [ RunTime:0.000072s ]
INFO: [ template_filter ] --END-- [ RunTime:0.000161s ]
INFO: Run Behavior\ParseTemplateBehavior [ RunTime:0.028414s ]
INFO: [ view_parse ] --END-- [ RunTime:0.028671s ]
INFO: [ view_filter ] --START--
INFO: Run Behavior\WriteHtmlCacheBehavior [ RunTime:0.000603s ]
INFO: [ view_filter ] --END-- [ RunTime:0.000710s ]
INFO: [ app_end ] --START--
INFO: Run Behavior\ShowPageTraceBehavior [ RunTime:0.001643s ]
INFO: [ app_end ] --END-- [ RunTime:0.001777s ]

[ 2015-07-05T21:50:27+08:00 ] 127.0.0.1 /index.php/Admin/Index.html
INFO: [ app_init ] --START--
INFO: Run Behavior\BuildLiteBehavior [ RunTime:0.000033s ]
INFO: [ app_init ] --END-- [ RunTime:0.002540s ]
INFO: [ app_begin ] --START--
INFO: Run Behavior\ReadHtmlCacheBehavior [ RunTime:0.002688s ]
INFO: [ app_begin ] --END-- [ RunTime:0.002941s ]
INFO: [ view_parse ] --START--
INFO: [ template_filter ] --START--
INFO: Run Behavior\ContentReplaceBehavior [ RunTime:0.000080s ]
INFO: [ template_filter ] --END-- [ RunTime:0.000173s ]
INFO: Run Behavior\ParseTemplateBehavior [ RunTime:0.035882s ]
INFO: [ view_parse ] --END-- [ RunTime:0.035983s ]
INFO: [ view_filter ] --START--
INFO: Run Behavior\WriteHtmlCacheBehavior [ RunTime:0.000646s ]
INFO: [ view_filter ] --END-- [ RunTime:0.000712s ]
INFO: [ app_end ] --START--
INFO: Run Behavior\ShowPageTraceBehavior [ RunTime:0.002656s ]
INFO: [ app_end ] --END-- [ RunTime:0.002800s ]

[ 2015-07-05T21:51:40+08:00 ] 127.0.0.1 /index.php/Admin/Index.html
INFO: [ app_init ] --START--
INFO: Run Behavior\BuildLiteBehavior [ RunTime:0.000031s ]
INFO: [ app_init ] --END-- [ RunTime:0.000833s ]
INFO: [ app_begin ] --START--
INFO: Run Behavior\ReadHtmlCacheBehavior [ RunTime:0.001579s ]
INFO: [ app_begin ] --END-- [ RunTime:0.001739s ]
INFO: [ view_parse ] --START--
INFO: [ template_filter ] --START--
INFO: Run Behavior\ContentReplaceBehavior [ RunTime:0.000229s ]
INFO: [ template_filter ] --END-- [ RunTime:0.000583s ]
INFO: Run Behavior\ParseTemplateBehavior [ RunTime:0.043384s ]
INFO: [ view_parse ] --END-- [ RunTime:0.043722s ]
INFO: [ view_filter ] --START--
INFO: Run Behavior\WriteHtmlCacheBehavior [ RunTime:0.002942s ]
INFO: [ view_filter ] --END-- [ RunTime:0.003080s ]
INFO: [ app_end ] --START--
INFO: Run Behavior\ShowPageTraceBehavior [ RunTime:0.022451s ]
INFO: [ app_end ] --END-- [ RunTime:0.022913s ]

[ 2015-07-05T21:52:12+08:00 ] 127.0.0.1 /index.php/Admin/Index.html
INFO: [ app_init ] --START--
INFO: Run Behavior\BuildLiteBehavior [ RunTime:0.000034s ]
INFO: [ app_init ] --END-- [ RunTime:0.001818s ]
INFO: [ app_begin ] --START--
INFO: Run Behavior\ReadHtmlCacheBehavior [ RunTime:0.003486s ]
INFO: [ app_begin ] --END-- [ RunTime:0.003839s ]
INFO: [ view_parse ] --START--
INFO: [ template_filter ] --START--
INFO: Run Behavior\ContentReplaceBehavior [ RunTime:0.000075s ]
INFO: [ template_filter ] --END-- [ RunTime:0.000160s ]
INFO: Run Behavior\ParseTemplateBehavior [ RunTime:0.067678s ]
INFO: [ view_parse ] --END-- [ RunTime:0.068147s ]
INFO: [ view_filter ] --START--
INFO: Run Behavior\WriteHtmlCacheBehavior [ RunTime:0.005952s ]
INFO: [ view_filter ] --END-- [ RunTime:0.006088s ]
INFO: [ app_end ] --START--
INFO: Run Behavior\ShowPageTraceBehavior [ RunTime:0.012056s ]
INFO: [ app_end ] --END-- [ RunTime:0.015092s ]

[ 2015-07-05T21:57:02+08:00 ] 127.0.0.1 /index.php/Admin/Index.html
INFO: [ app_init ] --START--
INFO: Run Behavior\BuildLiteBehavior [ RunTime:0.000021s ]
INFO: [ app_init ] --END-- [ RunTime:0.000688s ]
INFO: [ app_begin ] --START--
INFO: Run Behavior\ReadHtmlCacheBehavior [ RunTime:0.001705s ]
INFO: [ app_begin ] --END-- [ RunTime:0.001880s ]
INFO: [ view_parse ] --START--
INFO: [ template_filter ] --START--
INFO: Run Behavior\ContentReplaceBehavior [ RunTime:0.000094s ]
INFO: [ template_filter ] --END-- [ RunTime:0.000198s ]
SQL: SHOW COLUMNS FROM `mgqa_user` [ RunTime:0.047509s ]
SQL: SHOW COLUMNS FROM `mgqa_user` [ RunTime:0.027190s ]
SQL: SELECT `random` FROM `mgqa_user` WHERE ( username="test" ) LIMIT 1   [ RunTime:0.000358s ]
INFO: Run Behavior\ParseTemplateBehavior [ RunTime:0.164336s ]
INFO: [ view_parse ] --END-- [ RunTime:0.164433s ]
INFO: [ view_filter ] --START--
INFO: Run Behavior\WriteHtmlCacheBehavior [ RunTime:0.000742s ]
INFO: [ view_filter ] --END-- [ RunTime:0.000820s ]
INFO: [ app_end ] --START--
INFO: Run Behavior\ShowPageTraceBehavior [ RunTime:0.005192s ]
INFO: [ app_end ] --END-- [ RunTime:0.006019s ]

[ 2015-07-05T21:57:27+08:00 ] 127.0.0.1 /index.php/Admin/Index.html
INFO: [ app_init ] --START--
INFO: Run Behavior\BuildLiteBehavior [ RunTime:0.000034s ]
INFO: [ app_init ] --END-- [ RunTime:0.000851s ]
INFO: [ app_begin ] --START--
INFO: Run Behavior\ReadHtmlCacheBehavior [ RunTime:0.001687s ]
INFO: [ app_begin ] --END-- [ RunTime:0.001931s ]
INFO: [ view_parse ] --START--
INFO: [ template_filter ] --START--
INFO: Run Behavior\ContentReplaceBehavior [ RunTime:0.000875s ]
INFO: [ template_filter ] --END-- [ RunTime:0.009465s ]
SQL: SHOW COLUMNS FROM `mgqa_user` [ RunTime:0.042532s ]
SQL: SHOW COLUMNS FROM `mgqa_user` [ RunTime:0.019390s ]
SQL: SELECT `random` FROM `mgqa_user` WHERE ( username="test" ) LIMIT 1   [ RunTime:0.000376s ]
INFO: Run Behavior\ParseTemplateBehavior [ RunTime:0.184089s ]
INFO: [ view_parse ] --END-- [ RunTime:0.184248s ]
INFO: [ view_filter ] --START--
INFO: Run Behavior\WriteHtmlCacheBehavior [ RunTime:0.001038s ]
INFO: [ view_filter ] --END-- [ RunTime:0.001162s ]
INFO: [ app_end ] --START--
INFO: Run Behavior\ShowPageTraceBehavior [ RunTime:0.001495s ]
INFO: [ app_end ] --END-- [ RunTime:0.001829s ]

[ 2015-07-05T21:57:48+08:00 ] 127.0.0.1 /index.php/Admin/Index.html
INFO: [ app_init ] --START--
INFO: Run Behavior\BuildLiteBehavior [ RunTime:0.000034s ]
INFO: [ app_init ] --END-- [ RunTime:0.001057s ]
INFO: [ app_begin ] --START--
INFO: Run Behavior\ReadHtmlCacheBehavior [ RunTime:0.005715s ]
INFO: [ app_begin ] --END-- [ RunTime:0.005891s ]
INFO: [ view_parse ] --START--
INFO: [ template_filter ] --START--
INFO: Run Behavior\ContentReplaceBehavior [ RunTime:0.000656s ]
INFO: [ template_filter ] --END-- [ RunTime:0.001006s ]
SQL: SHOW COLUMNS FROM `mgqa_user` [ RunTime:0.081879s ]
SQL: SHOW COLUMNS FROM `mgqa_user` [ RunTime:0.048718s ]
SQL: SELECT `random` FROM `mgqa_user` WHERE ( username="test" ) LIMIT 1   [ RunTime:0.000308s ]
INFO: Run Behavior\ParseTemplateBehavior [ RunTime:0.268114s ]
INFO: [ view_parse ] --END-- [ RunTime:0.268244s ]
INFO: [ view_filter ] --START--
INFO: Run Behavior\WriteHtmlCacheBehavior [ RunTime:0.002542s ]
INFO: [ view_filter ] --END-- [ RunTime:0.002705s ]
INFO: [ app_end ] --START--
INFO: Run Behavior\ShowPageTraceBehavior [ RunTime:0.002303s ]
INFO: [ app_end ] --END-- [ RunTime:0.002514s ]

[ 2015-07-05T21:58:16+08:00 ] 127.0.0.1 /index.php/Admin/Index.html
INFO: [ app_init ] --START--
INFO: Run Behavior\BuildLiteBehavior [ RunTime:0.000032s ]
INFO: [ app_init ] --END-- [ RunTime:0.001206s ]
INFO: [ app_begin ] --START--
INFO: Run Behavior\ReadHtmlCacheBehavior [ RunTime:0.001860s ]
INFO: [ app_begin ] --END-- [ RunTime:0.002186s ]
INFO: [ view_parse ] --START--
INFO: [ template_filter ] --START--
INFO: Run Behavior\ContentReplaceBehavior [ RunTime:0.000078s ]
INFO: [ template_filter ] --END-- [ RunTime:0.000174s ]
SQL: SHOW COLUMNS FROM `mgqa_user` [ RunTime:0.063123s ]
SQL: SHOW COLUMNS FROM `mgqa_user` [ RunTime:0.073386s ]
SQL: SELECT `random` FROM `mgqa_user` WHERE ( username="test" ) LIMIT 1   [ RunTime:0.000370s ]
INFO: Run Behavior\ParseTemplateBehavior [ RunTime:0.221927s ]
INFO: [ view_parse ] --END-- [ RunTime:0.222048s ]
INFO: [ view_filter ] --START--
INFO: Run Behavior\WriteHtmlCacheBehavior [ RunTime:0.000796s ]
INFO: [ view_filter ] --END-- [ RunTime:0.000931s ]
INFO: [ app_end ] --START--
INFO: Run Behavior\ShowPageTraceBehavior [ RunTime:0.001658s ]
INFO: [ app_end ] --END-- [ RunTime:0.001828s ]

[ 2015-07-05T21:58:49+08:00 ] 127.0.0.1 /index.php/Admin/Index.html
INFO: [ app_init ] --START--
INFO: Run Behavior\BuildLiteBehavior [ RunTime:0.000030s ]
INFO: [ app_init ] --END-- [ RunTime:0.001353s ]
INFO: [ app_begin ] --START--
INFO: Run Behavior\ReadHtmlCacheBehavior [ RunTime:0.002817s ]
INFO: [ app_begin ] --END-- [ RunTime:0.003031s ]
INFO: [ view_parse ] --START--
INFO: [ template_filter ] --START--
INFO: Run Behavior\ContentReplaceBehavior [ RunTime:0.000085s ]
INFO: [ template_filter ] --END-- [ RunTime:0.000174s ]
SQL: SHOW COLUMNS FROM `mgqa_user` [ RunTime:0.066132s ]
SQL: SHOW COLUMNS FROM `mgqa_user` [ RunTime:0.058583s ]
SQL: SELECT `random` FROM `mgqa_user` WHERE ( username="test" ) LIMIT 1   [ RunTime:0.000443s ]
INFO: Run Behavior\ParseTemplateBehavior [ RunTime:0.242847s ]
INFO: [ view_parse ] --END-- [ RunTime:0.243100s ]
INFO: [ view_filter ] --START--
INFO: Run Behavior\WriteHtmlCacheBehavior [ RunTime:0.001125s ]
INFO: [ view_filter ] --END-- [ RunTime:0.001262s ]
INFO: [ app_end ] --START--
INFO: Run Behavior\ShowPageTraceBehavior [ RunTime:0.003321s ]
INFO: [ app_end ] --END-- [ RunTime:0.003497s ]

[ 2015-07-05T22:01:47+08:00 ] 127.0.0.1 /index.php/Admin/Index.html
INFO: [ app_init ] --START--
INFO: Run Behavior\BuildLiteBehavior [ RunTime:0.000032s ]
INFO: [ app_init ] --END-- [ RunTime:0.000736s ]
INFO: [ app_begin ] --START--
INFO: Run Behavior\ReadHtmlCacheBehavior [ RunTime:0.001770s ]
INFO: [ app_begin ] --END-- [ RunTime:0.005867s ]
SQL: SHOW COLUMNS FROM `mgqa_question` [ RunTime:0.069571s ]
SQL: SELECT COUNT(*) AS tp_count FROM `mgqa_question` LIMIT 1   [ RunTime:0.000364s ]
SQL: SHOW COLUMNS FROM `mgqa_answer` [ RunTime:0.037113s ]
SQL: SELECT COUNT(*) AS tp_count FROM `mgqa_answer` LIMIT 1   [ RunTime:0.000348s ]
SQL: SHOW COLUMNS FROM `mgqa_user` [ RunTime:0.022023s ]
SQL: SELECT COUNT(*) AS tp_count FROM `mgqa_user` LIMIT 1   [ RunTime:0.000792s ]
INFO: [ view_parse ] --START--
INFO: [ template_filter ] --START--
INFO: Run Behavior\ContentReplaceBehavior [ RunTime:0.000280s ]
INFO: [ template_filter ] --END-- [ RunTime:0.000599s ]
SQL: SHOW COLUMNS FROM `mgqa_user` [ RunTime:0.021503s ]
SQL: SELECT `random` FROM `mgqa_user` WHERE ( username="test" ) LIMIT 1   [ RunTime:0.000321s ]
INFO: Run Behavior\ParseTemplateBehavior [ RunTime:0.061416s ]
INFO: [ view_parse ] --END-- [ RunTime:0.061632s ]
INFO: [ view_filter ] --START--
INFO: Run Behavior\WriteHtmlCacheBehavior [ RunTime:0.002442s ]
INFO: [ view_filter ] --END-- [ RunTime:0.002688s ]
INFO: [ app_end ] --START--
INFO: Run Behavior\ShowPageTraceBehavior [ RunTime:0.001323s ]
INFO: [ app_end ] --END-- [ RunTime:0.001597s ]

[ 2015-07-05T22:02:20+08:00 ] 127.0.0.1 /index.php/Admin/Index.html
INFO: [ app_init ] --START--
INFO: Run Behavior\BuildLiteBehavior [ RunTime:0.000036s ]
INFO: [ app_init ] --END-- [ RunTime:0.000847s ]
INFO: [ app_begin ] --START--
INFO: Run Behavior\ReadHtmlCacheBehavior [ RunTime:0.002413s ]
INFO: [ app_begin ] --END-- [ RunTime:0.002722s ]
SQL: SHOW COLUMNS FROM `mgqa_question` [ RunTime:0.102078s ]
SQL: SELECT COUNT(*) AS tp_count FROM `mgqa_question` LIMIT 1   [ RunTime:0.001361s ]
SQL: SHOW COLUMNS FROM `mgqa_answer` [ RunTime:0.057316s ]
SQL: SELECT COUNT(*) AS tp_count FROM `mgqa_answer` LIMIT 1   [ RunTime:0.000268s ]
SQL: SHOW COLUMNS FROM `mgqa_user` [ RunTime:0.026006s ]
SQL: SELECT COUNT(*) AS tp_count FROM `mgqa_user` LIMIT 1   [ RunTime:0.000295s ]
INFO: [ view_parse ] --START--
INFO: [ template_filter ] --START--
INFO: Run Behavior\ContentReplaceBehavior [ RunTime:0.000223s ]
INFO: [ template_filter ] --END-- [ RunTime:0.000472s ]
SQL: SHOW COLUMNS FROM `mgqa_user` [ RunTime:0.023471s ]
SQL: SELECT `random` FROM `mgqa_user` WHERE ( username="test" ) LIMIT 1   [ RunTime:0.000388s ]
INFO: Run Behavior\ParseTemplateBehavior [ RunTime:0.068648s ]
INFO: [ view_parse ] --END-- [ RunTime:0.068780s ]
INFO: [ view_filter ] --START--
INFO: Run Behavior\WriteHtmlCacheBehavior [ RunTime:0.001050s ]
INFO: [ view_filter ] --END-- [ RunTime:0.001168s ]
INFO: [ app_end ] --START--
INFO: Run Behavior\ShowPageTraceBehavior [ RunTime:0.002817s ]
INFO: [ app_end ] --END-- [ RunTime:0.003058s ]

[ 2015-07-05T22:02:56+08:00 ] 127.0.0.1 /index.php/Admin/Index.html
INFO: [ app_init ] --START--
INFO: Run Behavior\BuildLiteBehavior [ RunTime:0.000078s ]
INFO: [ app_init ] --END-- [ RunTime:0.001406s ]
INFO: [ app_begin ] --START--
INFO: Run Behavior\ReadHtmlCacheBehavior [ RunTime:0.001237s ]
INFO: [ app_begin ] --END-- [ RunTime:0.001365s ]
SQL: SHOW COLUMNS FROM `mgqa_question` [ RunTime:0.066220s ]
SQL: SELECT COUNT(*) AS tp_count FROM `mgqa_question` LIMIT 1   [ RunTime:0.000563s ]
SQL: SHOW COLUMNS FROM `mgqa_answer` [ RunTime:0.049054s ]
SQL: SELECT COUNT(*) AS tp_count FROM `mgqa_answer` LIMIT 1   [ RunTime:0.000397s ]
SQL: SHOW COLUMNS FROM `mgqa_user` [ RunTime:0.033527s ]
SQL: SELECT COUNT(*) AS tp_count FROM `mgqa_user` LIMIT 1   [ RunTime:0.000882s ]
INFO: [ view_parse ] --START--
INFO: [ template_filter ] --START--
INFO: Run Behavior\ContentReplaceBehavior [ RunTime:0.000078s ]
INFO: [ template_filter ] --END-- [ RunTime:0.000160s ]
SQL: SHOW COLUMNS FROM `mgqa_user` [ RunTime:0.032832s ]
SQL: SELECT `random` FROM `mgqa_user` WHERE ( username="test" ) LIMIT 1   [ RunTime:0.000504s ]
INFO: Run Behavior\ParseTemplateBehavior [ RunTime:0.077364s ]
INFO: [ view_parse ] --END-- [ RunTime:0.077715s ]
INFO: [ view_filter ] --START--
INFO: Run Behavior\WriteHtmlCacheBehavior [ RunTime:0.001189s ]
INFO: [ view_filter ] --END-- [ RunTime:0.001349s ]
INFO: [ app_end ] --START--
INFO: Run Behavior\ShowPageTraceBehavior [ RunTime:0.001442s ]
INFO: [ app_end ] --END-- [ RunTime:0.001590s ]

[ 2015-07-05T22:03:29+08:00 ] 127.0.0.1 /index.php/Admin/Index.html
INFO: [ app_init ] --START--
INFO: Run Behavior\BuildLiteBehavior [ RunTime:0.000036s ]
INFO: [ app_init ] --END-- [ RunTime:0.000806s ]
INFO: [ app_begin ] --START--
INFO: Run Behavior\ReadHtmlCacheBehavior [ RunTime:0.001275s ]
INFO: [ app_begin ] --END-- [ RunTime:0.001435s ]
SQL: SHOW COLUMNS FROM `mgqa_question` [ RunTime:0.068877s ]
SQL: SELECT COUNT(*) AS tp_count FROM `mgqa_question` LIMIT 1   [ RunTime:0.000237s ]
SQL: SHOW COLUMNS FROM `mgqa_answer` [ RunTime:0.045442s ]
SQL: SELECT COUNT(*) AS tp_count FROM `mgqa_answer` LIMIT 1   [ RunTime:0.000182s ]
SQL: SHOW COLUMNS FROM `mgqa_user` [ RunTime:0.021726s ]
SQL: SELECT COUNT(*) AS tp_count FROM `mgqa_user` LIMIT 1   [ RunTime:0.000275s ]
INFO: [ view_parse ] --START--
INFO: [ template_filter ] --START--
INFO: Run Behavior\ContentReplaceBehavior [ RunTime:0.000112s ]
INFO: [ template_filter ] --END-- [ RunTime:0.000248s ]
SQL: SHOW COLUMNS FROM `mgqa_user` [ RunTime:0.027112s ]
SQL: SELECT `random` FROM `mgqa_user` WHERE ( username="test" ) LIMIT 1   [ RunTime:0.000385s ]
INFO: Run Behavior\ParseTemplateBehavior [ RunTime:0.079773s ]
INFO: [ view_parse ] --END-- [ RunTime:0.080089s ]
INFO: [ view_filter ] --START--
INFO: Run Behavior\WriteHtmlCacheBehavior [ RunTime:0.000974s ]
INFO: [ view_filter ] --END-- [ RunTime:0.001095s ]
INFO: [ app_end ] --START--
INFO: Run Behavior\ShowPageTraceBehavior [ RunTime:0.002602s ]
INFO: [ app_end ] --END-- [ RunTime:0.002872s ]

[ 2015-07-05T22:04:20+08:00 ] 127.0.0.1 /index.php/Admin/Index.html
INFO: [ app_init ] --START--
INFO: Run Behavior\BuildLiteBehavior [ RunTime:0.000053s ]
INFO: [ app_init ] --END-- [ RunTime:0.001063s ]
INFO: [ app_begin ] --START--
INFO: Run Behavior\ReadHtmlCacheBehavior [ RunTime:0.002840s ]
INFO: [ app_begin ] --END-- [ RunTime:0.002962s ]
SQL: SHOW COLUMNS FROM `mgqa_question` [ RunTime:0.080434s ]
SQL: SELECT COUNT(*) AS tp_count FROM `mgqa_question` LIMIT 1   [ RunTime:0.000393s ]
SQL: SHOW COLUMNS FROM `mgqa_answer` [ RunTime:0.023699s ]
SQL: SELECT COUNT(*) AS tp_count FROM `mgqa_answer` LIMIT 1   [ RunTime:0.000527s ]
SQL: SHOW COLUMNS FROM `mgqa_topic` [ RunTime:0.048830s ]
SQL: SELECT COUNT(*) AS tp_count FROM `mgqa_topic` LIMIT 1   [ RunTime:0.001010s ]
SQL: SHOW COLUMNS FROM `mgqa_user` [ RunTime:0.018637s ]
SQL: SELECT COUNT(*) AS tp_count FROM `mgqa_user` LIMIT 1   [ RunTime:0.001026s ]
INFO: [ view_parse ] --START--
INFO: [ template_filter ] --START--
INFO: Run Behavior\ContentReplaceBehavior [ RunTime:0.000171s ]
INFO: [ template_filter ] --END-- [ RunTime:0.000442s ]
SQL: SHOW COLUMNS FROM `mgqa_user` [ RunTime:0.017893s ]
SQL: SELECT `random` FROM `mgqa_user` WHERE ( username="test" ) LIMIT 1   [ RunTime:0.001170s ]
INFO: Run Behavior\ParseTemplateBehavior [ RunTime:0.058905s ]
INFO: [ view_parse ] --END-- [ RunTime:0.059088s ]
INFO: [ view_filter ] --START--
INFO: Run Behavior\WriteHtmlCacheBehavior [ RunTime:0.001233s ]
INFO: [ view_filter ] --END-- [ RunTime:0.001400s ]
INFO: [ app_end ] --START--
INFO: Run Behavior\ShowPageTraceBehavior [ RunTime:0.001862s ]
INFO: [ app_end ] --END-- [ RunTime:0.002011s ]

[ 2015-07-05T22:04:52+08:00 ] 127.0.0.1 /index.php/Admin/Index.html
INFO: [ app_init ] --START--
INFO: Run Behavior\BuildLiteBehavior [ RunTime:0.000092s ]
INFO: [ app_init ] --END-- [ RunTime:0.001263s ]
INFO: [ app_begin ] --START--
INFO: Run Behavior\ReadHtmlCacheBehavior [ RunTime:0.002561s ]
INFO: [ app_begin ] --END-- [ RunTime:0.002750s ]
SQL: SHOW COLUMNS FROM `mgqa_question` [ RunTime:0.071722s ]
SQL: SELECT COUNT(*) AS tp_count FROM `mgqa_question` LIMIT 1   [ RunTime:0.000314s ]
SQL: SHOW COLUMNS FROM `mgqa_answer` [ RunTime:0.047060s ]
SQL: SELECT COUNT(*) AS tp_count FROM `mgqa_answer` LIMIT 1   [ RunTime:0.000269s ]
SQL: SHOW COLUMNS FROM `mgqa_topic` [ RunTime:0.038755s ]
SQL: SELECT COUNT(*) AS tp_count FROM `mgqa_topic` LIMIT 1   [ RunTime:0.000266s ]
SQL: SHOW COLUMNS FROM `mgqa_user` [ RunTime:0.021584s ]
SQL: SELECT COUNT(*) AS tp_count FROM `mgqa_user` LIMIT 1   [ RunTime:0.000248s ]
INFO: [ view_parse ] --START--
INFO: [ template_filter ] --START--
INFO: Run Behavior\ContentReplaceBehavior [ RunTime:0.000119s ]
INFO: [ template_filter ] --END-- [ RunTime:0.000237s ]
SQL: SHOW COLUMNS FROM `mgqa_user` [ RunTime:0.023591s ]
SQL: SELECT `random` FROM `mgqa_user` WHERE ( username="test" ) LIMIT 1   [ RunTime:0.001535s ]
INFO: Run Behavior\ParseTemplateBehavior [ RunTime:0.064172s ]
INFO: [ view_parse ] --END-- [ RunTime:0.064267s ]
INFO: [ view_filter ] --START--
INFO: Run Behavior\WriteHtmlCacheBehavior [ RunTime:0.000595s ]
INFO: [ view_filter ] --END-- [ RunTime:0.000689s ]
INFO: [ app_end ] --START--
INFO: Run Behavior\ShowPageTraceBehavior [ RunTime:0.001025s ]
INFO: [ app_end ] --END-- [ RunTime:0.001154s ]

[ 2015-07-05T22:07:02+08:00 ] 127.0.0.1 /index.php/Admin/Index.html
INFO: [ app_init ] --START--
INFO: Run Behavior\BuildLiteBehavior [ RunTime:0.000110s ]
INFO: [ app_init ] --END-- [ RunTime:0.001930s ]
INFO: [ app_begin ] --START--
INFO: Run Behavior\ReadHtmlCacheBehavior [ RunTime:0.001762s ]
INFO: [ app_begin ] --END-- [ RunTime:0.002091s ]
SQL: SHOW COLUMNS FROM `mgqa_question` [ RunTime:0.076444s ]
SQL: SELECT COUNT(*) AS tp_count FROM `mgqa_question` LIMIT 1   [ RunTime:0.000292s ]
SQL: SHOW COLUMNS FROM `mgqa_answer` [ RunTime:0.055235s ]
SQL: SELECT COUNT(*) AS tp_count FROM `mgqa_answer` LIMIT 1   [ RunTime:0.000327s ]
SQL: SHOW COLUMNS FROM `mgqa_topic` [ RunTime:0.028399s ]
SQL: SELECT COUNT(*) AS tp_count FROM `mgqa_topic` LIMIT 1   [ RunTime:0.000275s ]
SQL: SHOW COLUMNS FROM `mgqa_user` [ RunTime:0.026747s ]
SQL: SELECT COUNT(*) AS tp_count FROM `mgqa_user` LIMIT 1   [ RunTime:0.000268s ]
SQL: SHOW COLUMNS FROM `mgqa_admin` [ RunTime:0.042831s ]
SQL: SELECT * FROM `mgqa_admin`  [ RunTime:0.000581s ]
INFO: [ view_parse ] --START--
NOTIC: [8] Undefined index: item D:\php\Code\MoeGirl_Q-A\ThinkPHP\Library\Think\Template\TagLib\Cx.class.php 第 113 行.
INFO: [ template_filter ] --START--
INFO: Run Behavior\ContentReplaceBehavior [ RunTime:0.000254s ]
INFO: [ template_filter ] --END-- [ RunTime:0.000671s ]

[ 2015-07-05T22:07:09+08:00 ] 127.0.0.1 /index.php/Admin/Index.html
INFO: [ app_init ] --START--
INFO: Run Behavior\BuildLiteBehavior [ RunTime:0.000017s ]
INFO: [ app_init ] --END-- [ RunTime:0.000441s ]
INFO: [ app_begin ] --START--
INFO: Run Behavior\ReadHtmlCacheBehavior [ RunTime:0.000492s ]
INFO: [ app_begin ] --END-- [ RunTime:0.000550s ]
SQL: SHOW COLUMNS FROM `mgqa_question` [ RunTime:0.032703s ]
SQL: SELECT COUNT(*) AS tp_count FROM `mgqa_question` LIMIT 1   [ RunTime:0.000199s ]
SQL: SHOW COLUMNS FROM `mgqa_answer` [ RunTime:0.026061s ]
SQL: SELECT COUNT(*) AS tp_count FROM `mgqa_answer` LIMIT 1   [ RunTime:0.000170s ]
SQL: SHOW COLUMNS FROM `mgqa_topic` [ RunTime:0.033531s ]
SQL: SELECT COUNT(*) AS tp_count FROM `mgqa_topic` LIMIT 1   [ RunTime:0.000196s ]
SQL: SHOW COLUMNS FROM `mgqa_user` [ RunTime:0.017910s ]
SQL: SELECT COUNT(*) AS tp_count FROM `mgqa_user` LIMIT 1   [ RunTime:0.000222s ]
SQL: SHOW COLUMNS FROM `mgqa_admin` [ RunTime:0.027043s ]
SQL: SELECT * FROM `mgqa_admin`  [ RunTime:0.000312s ]
INFO: [ view_parse ] --START--
NOTIC: [8] Undefined index: item D:\php\Code\MoeGirl_Q-A\ThinkPHP\Library\Think\Template\TagLib\Cx.class.php 第 113 行.
INFO: [ template_filter ] --START--
INFO: Run Behavior\ContentReplaceBehavior [ RunTime:0.000118s ]
INFO: [ template_filter ] --END-- [ RunTime:0.000247s ]

[ 2015-07-05T22:08:56+08:00 ] 127.0.0.1 /index.php/Admin/Index.html
INFO: [ app_init ] --START--
INFO: Run Behavior\BuildLiteBehavior [ RunTime:0.000018s ]
INFO: [ app_init ] --END-- [ RunTime:0.000426s ]
INFO: [ app_begin ] --START--
INFO: Run Behavior\ReadHtmlCacheBehavior [ RunTime:0.000505s ]
INFO: [ app_begin ] --END-- [ RunTime:0.000569s ]
SQL: SHOW COLUMNS FROM `mgqa_question` [ RunTime:0.039952s ]
SQL: SELECT COUNT(*) AS tp_count FROM `mgqa_question` LIMIT 1   [ RunTime:0.000735s ]
SQL: SHOW COLUMNS FROM `mgqa_answer` [ RunTime:0.042772s ]
SQL: SELECT COUNT(*) AS tp_count FROM `mgqa_answer` LIMIT 1   [ RunTime:0.000323s ]
SQL: SHOW COLUMNS FROM `mgqa_topic` [ RunTime:0.031546s ]
SQL: SELECT COUNT(*) AS tp_count FROM `mgqa_topic` LIMIT 1   [ RunTime:0.000247s ]
SQL: SHOW COLUMNS FROM `mgqa_user` [ RunTime:0.037037s ]
SQL: SELECT COUNT(*) AS tp_count FROM `mgqa_user` LIMIT 1   [ RunTime:0.000564s ]
SQL: SHOW COLUMNS FROM `mgqa_admin` [ RunTime:0.052482s ]
SQL: SELECT * FROM `mgqa_admin`  [ RunTime:0.000317s ]
INFO: [ view_parse ] --START--
INFO: [ template_filter ] --START--
INFO: Run Behavior\ContentReplaceBehavior [ RunTime:0.000202s ]
INFO: [ template_filter ] --END-- [ RunTime:0.000507s ]
SQL: SHOW COLUMNS FROM `mgqa_user` [ RunTime:0.017367s ]
SQL: SELECT `random` FROM `mgqa_user` WHERE ( username="test" ) LIMIT 1   [ RunTime:0.000327s ]
INFO: Run Behavior\ParseTemplateBehavior [ RunTime:0.069217s ]
INFO: [ view_parse ] --END-- [ RunTime:0.069335s ]
INFO: [ view_filter ] --START--
INFO: Run Behavior\WriteHtmlCacheBehavior [ RunTime:0.000855s ]
INFO: [ view_filter ] --END-- [ RunTime:0.000963s ]
INFO: [ app_end ] --START--
INFO: Run Behavior\ShowPageTraceBehavior [ RunTime:0.001220s ]
INFO: [ app_end ] --END-- [ RunTime:0.001349s ]

[ 2015-07-05T22:09:48+08:00 ] 127.0.0.1 /index.php/Admin/Index.html
INFO: [ app_init ] --START--
INFO: Run Behavior\BuildLiteBehavior [ RunTime:0.000020s ]
INFO: [ app_init ] --END-- [ RunTime:0.000499s ]
INFO: [ app_begin ] --START--
INFO: Run Behavior\ReadHtmlCacheBehavior [ RunTime:0.003823s ]
INFO: [ app_begin ] --END-- [ RunTime:0.004144s ]
SQL: SHOW COLUMNS FROM `mgqa_question` [ RunTime:0.076132s ]
SQL: SELECT COUNT(*) AS tp_count FROM `mgqa_question` LIMIT 1   [ RunTime:0.000297s ]
SQL: SHOW COLUMNS FROM `mgqa_answer` [ RunTime:0.030548s ]
SQL: SELECT COUNT(*) AS tp_count FROM `mgqa_answer` LIMIT 1   [ RunTime:0.000399s ]
SQL: SHOW COLUMNS FROM `mgqa_topic` [ RunTime:0.040070s ]
SQL: SELECT COUNT(*) AS tp_count FROM `mgqa_topic` LIMIT 1   [ RunTime:0.000243s ]
SQL: SHOW COLUMNS FROM `mgqa_user` [ RunTime:0.035881s ]
SQL: SELECT COUNT(*) AS tp_count FROM `mgqa_user` LIMIT 1   [ RunTime:0.000531s ]
SQL: SHOW COLUMNS FROM `mgqa_admin` [ RunTime:0.029388s ]
SQL: SELECT * FROM `mgqa_admin`  [ RunTime:0.000230s ]
INFO: [ view_parse ] --START--
INFO: [ template_filter ] --START--
INFO: Run Behavior\ContentReplaceBehavior [ RunTime:0.000116s ]
INFO: [ template_filter ] --END-- [ RunTime:0.000238s ]
SQL: SHOW COLUMNS FROM `mgqa_user` [ RunTime:0.018992s ]
SQL: SELECT `random` FROM `mgqa_user` WHERE ( username="test" ) LIMIT 1   [ RunTime:0.000592s ]
INFO: Run Behavior\ParseTemplateBehavior [ RunTime:0.068435s ]
INFO: [ view_parse ] --END-- [ RunTime:0.068649s ]
INFO: [ view_filter ] --START--
INFO: Run Behavior\WriteHtmlCacheBehavior [ RunTime:0.001844s ]
INFO: [ view_filter ] --END-- [ RunTime:0.001975s ]
INFO: [ app_end ] --START--
INFO: Run Behavior\ShowPageTraceBehavior [ RunTime:0.001400s ]
INFO: [ app_end ] --END-- [ RunTime:0.001572s ]

[ 2015-07-05T22:10:19+08:00 ] 127.0.0.1 /index.php/Admin/Index.html
INFO: [ app_init ] --START--
INFO: Run Behavior\BuildLiteBehavior [ RunTime:0.000025s ]
INFO: [ app_init ] --END-- [ RunTime:0.000954s ]
INFO: [ app_begin ] --START--
INFO: Run Behavior\ReadHtmlCacheBehavior [ RunTime:0.001043s ]
INFO: [ app_begin ] --END-- [ RunTime:0.001139s ]
SQL: SHOW COLUMNS FROM `mgqa_question` [ RunTime:0.110360s ]
SQL: SELECT COUNT(*) AS tp_count FROM `mgqa_question` LIMIT 1   [ RunTime:0.000280s ]
SQL: SHOW COLUMNS FROM `mgqa_answer` [ RunTime:0.060119s ]
SQL: SELECT COUNT(*) AS tp_count FROM `mgqa_answer` LIMIT 1   [ RunTime:0.001289s ]
SQL: SHOW COLUMNS FROM `mgqa_topic` [ RunTime:0.042689s ]
SQL: SELECT COUNT(*) AS tp_count FROM `mgqa_topic` LIMIT 1   [ RunTime:0.000230s ]
SQL: SHOW COLUMNS FROM `mgqa_user` [ RunTime:0.034995s ]
SQL: SELECT COUNT(*) AS tp_count FROM `mgqa_user` LIMIT 1   [ RunTime:0.000366s ]
SQL: SHOW COLUMNS FROM `mgqa_admin` [ RunTime:0.062088s ]
SQL: SELECT * FROM `mgqa_admin`  [ RunTime:0.000255s ]
INFO: [ view_parse ] --START--
INFO: [ template_filter ] --START--
INFO: Run Behavior\ContentReplaceBehavior [ RunTime:0.000117s ]
INFO: [ template_filter ] --END-- [ RunTime:0.000279s ]
SQL: SHOW COLUMNS FROM `mgqa_user` [ RunTime:0.025847s ]
SQL: SELECT `random` FROM `mgqa_user` WHERE ( username="test" ) LIMIT 1   [ RunTime:0.000280s ]
INFO: Run Behavior\ParseTemplateBehavior [ RunTime:0.081031s ]
INFO: [ view_parse ] --END-- [ RunTime:0.081250s ]
INFO: [ view_filter ] --START--
INFO: Run Behavior\WriteHtmlCacheBehavior [ RunTime:0.000649s ]
INFO: [ view_filter ] --END-- [ RunTime:0.000718s ]
INFO: [ app_end ] --START--
INFO: Run Behavior\ShowPageTraceBehavior [ RunTime:0.003392s ]
INFO: [ app_end ] --END-- [ RunTime:0.003772s ]

[ 2015-07-05T22:10:46+08:00 ] 127.0.0.1 /index.php/Admin/Index.html
INFO: [ app_init ] --START--
INFO: Run Behavior\BuildLiteBehavior [ RunTime:0.000028s ]
INFO: [ app_init ] --END-- [ RunTime:0.000789s ]
INFO: [ app_begin ] --START--
INFO: Run Behavior\ReadHtmlCacheBehavior [ RunTime:0.002244s ]
INFO: [ app_begin ] --END-- [ RunTime:0.003595s ]
SQL: SHOW COLUMNS FROM `mgqa_question` [ RunTime:0.085428s ]
SQL: SELECT COUNT(*) AS tp_count FROM `mgqa_question` LIMIT 1   [ RunTime:0.000259s ]
SQL: SHOW COLUMNS FROM `mgqa_answer` [ RunTime:0.051140s ]
SQL: SELECT COUNT(*) AS tp_count FROM `mgqa_answer` LIMIT 1   [ RunTime:0.000300s ]
SQL: SHOW COLUMNS FROM `mgqa_topic` [ RunTime:0.043292s ]
SQL: SELECT COUNT(*) AS tp_count FROM `mgqa_topic` LIMIT 1   [ RunTime:0.000267s ]
SQL: SHOW COLUMNS FROM `mgqa_user` [ RunTime:0.027035s ]
SQL: SELECT COUNT(*) AS tp_count FROM `mgqa_user` LIMIT 1   [ RunTime:0.000926s ]
SQL: SHOW COLUMNS FROM `mgqa_admin` [ RunTime:0.032468s ]
SQL: SELECT * FROM `mgqa_admin`  [ RunTime:0.001845s ]
INFO: [ view_parse ] --START--
INFO: [ template_filter ] --START--
INFO: Run Behavior\ContentReplaceBehavior [ RunTime:0.000099s ]
INFO: [ template_filter ] --END-- [ RunTime:0.000217s ]
SQL: SHOW COLUMNS FROM `mgqa_user` [ RunTime:0.046994s ]
SQL: SELECT `random` FROM `mgqa_user` WHERE ( username="test" ) LIMIT 1   [ RunTime:0.000382s ]
INFO: Run Behavior\ParseTemplateBehavior [ RunTime:0.099325s ]
INFO: [ view_parse ] --END-- [ RunTime:0.099521s ]
INFO: [ view_filter ] --START--
INFO: Run Behavior\WriteHtmlCacheBehavior [ RunTime:0.000530s ]
INFO: [ view_filter ] --END-- [ RunTime:0.000614s ]
INFO: [ app_end ] --START--
INFO: Run Behavior\ShowPageTraceBehavior [ RunTime:0.001066s ]
INFO: [ app_end ] --END-- [ RunTime:0.001215s ]

[ 2015-07-05T22:10:58+08:00 ] 127.0.0.1 /index.php/Admin/Index.html
INFO: [ app_init ] --START--
INFO: Run Behavior\BuildLiteBehavior [ RunTime:0.000023s ]
INFO: [ app_init ] --END-- [ RunTime:0.000697s ]
INFO: [ app_begin ] --START--
INFO: Run Behavior\ReadHtmlCacheBehavior [ RunTime:0.004458s ]
INFO: [ app_begin ] --END-- [ RunTime:0.004802s ]
SQL: SHOW COLUMNS FROM `mgqa_question` [ RunTime:0.070914s ]
SQL: SELECT COUNT(*) AS tp_count FROM `mgqa_question` LIMIT 1   [ RunTime:0.000784s ]
SQL: SHOW COLUMNS FROM `mgqa_answer` [ RunTime:0.040948s ]
SQL: SELECT COUNT(*) AS tp_count FROM `mgqa_answer` LIMIT 1   [ RunTime:0.000278s ]
SQL: SHOW COLUMNS FROM `mgqa_topic` [ RunTime:0.025355s ]
SQL: SELECT COUNT(*) AS tp_count FROM `mgqa_topic` LIMIT 1   [ RunTime:0.000233s ]
SQL: SHOW COLUMNS FROM `mgqa_user` [ RunTime:0.019273s ]
SQL: SELECT COUNT(*) AS tp_count FROM `mgqa_user` LIMIT 1   [ RunTime:0.000242s ]
SQL: SHOW COLUMNS FROM `mgqa_admin` [ RunTime:0.024873s ]
SQL: SELECT * FROM `mgqa_admin`  [ RunTime:0.000292s ]
INFO: [ view_parse ] --START--
INFO: [ template_filter ] --START--
INFO: Run Behavior\ContentReplaceBehavior [ RunTime:0.000146s ]
INFO: [ template_filter ] --END-- [ RunTime:0.000404s ]
SQL: SHOW COLUMNS FROM `mgqa_user` [ RunTime:0.027125s ]
SQL: SELECT `random` FROM `mgqa_user` WHERE ( username="test" ) LIMIT 1   [ RunTime:0.000808s ]
INFO: Run Behavior\ParseTemplateBehavior [ RunTime:0.072403s ]
INFO: [ view_parse ] --END-- [ RunTime:0.072495s ]
INFO: [ view_filter ] --START--
INFO: Run Behavior\WriteHtmlCacheBehavior [ RunTime:0.000925s ]
INFO: [ view_filter ] --END-- [ RunTime:0.001029s ]
INFO: [ app_end ] --START--
INFO: Run Behavior\ShowPageTraceBehavior [ RunTime:0.001329s ]
INFO: [ app_end ] --END-- [ RunTime:0.001489s ]

[ 2015-07-05T22:15:51+08:00 ] 127.0.0.1 /index.php/Admin/Index.html
INFO: [ app_init ] --START--
INFO: Run Behavior\BuildLiteBehavior [ RunTime:0.000038s ]
INFO: [ app_init ] --END-- [ RunTime:0.001167s ]
INFO: [ app_begin ] --START--
INFO: Run Behavior\ReadHtmlCacheBehavior [ RunTime:0.002573s ]
INFO: [ app_begin ] --END-- [ RunTime:0.003115s ]
SQL: SHOW COLUMNS FROM `mgqa_question` [ RunTime:0.060025s ]
SQL: SELECT COUNT(*) AS tp_count FROM `mgqa_question` LIMIT 1   [ RunTime:0.000407s ]
SQL: SHOW COLUMNS FROM `mgqa_answer` [ RunTime:0.067044s ]
SQL: SELECT COUNT(*) AS tp_count FROM `mgqa_answer` LIMIT 1   [ RunTime:0.000282s ]
SQL: SHOW COLUMNS FROM `mgqa_topic` [ RunTime:0.030529s ]
SQL: SELECT COUNT(*) AS tp_count FROM `mgqa_topic` LIMIT 1   [ RunTime:0.000403s ]
SQL: SHOW COLUMNS FROM `mgqa_user` [ RunTime:0.027552s ]
SQL: SELECT COUNT(*) AS tp_count FROM `mgqa_user` LIMIT 1   [ RunTime:0.000436s ]
SQL: SHOW COLUMNS FROM `mgqa_admin` [ RunTime:0.029198s ]
SQL: SELECT * FROM `mgqa_admin`  [ RunTime:0.000261s ]

[ 2015-07-05T22:16:38+08:00 ] 127.0.0.1 /index.php/Admin/Index.html
INFO: [ app_init ] --START--
INFO: Run Behavior\BuildLiteBehavior [ RunTime:0.000050s ]
INFO: [ app_init ] --END-- [ RunTime:0.000598s ]
INFO: [ app_begin ] --START--
INFO: Run Behavior\ReadHtmlCacheBehavior [ RunTime:0.001714s ]
INFO: [ app_begin ] --END-- [ RunTime:0.002021s ]
SQL: SHOW COLUMNS FROM `mgqa_question` [ RunTime:0.046117s ]
SQL: SELECT COUNT(*) AS tp_count FROM `mgqa_question` LIMIT 1   [ RunTime:0.000281s ]
SQL: SHOW COLUMNS FROM `mgqa_answer` [ RunTime:0.046298s ]
SQL: SELECT COUNT(*) AS tp_count FROM `mgqa_answer` LIMIT 1   [ RunTime:0.000255s ]
SQL: SHOW COLUMNS FROM `mgqa_topic` [ RunTime:0.035484s ]
SQL: SELECT COUNT(*) AS tp_count FROM `mgqa_topic` LIMIT 1   [ RunTime:0.001817s ]
SQL: SHOW COLUMNS FROM `mgqa_user` [ RunTime:0.028696s ]
SQL: SELECT COUNT(*) AS tp_count FROM `mgqa_user` LIMIT 1   [ RunTime:0.000274s ]
SQL: SHOW COLUMNS FROM `mgqa_admin` [ RunTime:0.029581s ]
SQL: SELECT * FROM `mgqa_admin`  [ RunTime:0.000280s ]

[ 2015-07-05T22:18:01+08:00 ] 127.0.0.1 /index.php/Admin/Index.html
INFO: [ app_init ] --START--
INFO: Run Behavior\BuildLiteBehavior [ RunTime:0.000019s ]
INFO: [ app_init ] --END-- [ RunTime:0.000510s ]
INFO: [ app_begin ] --START--
INFO: Run Behavior\ReadHtmlCacheBehavior [ RunTime:0.003725s ]
INFO: [ app_begin ] --END-- [ RunTime:0.004259s ]
SQL: SHOW COLUMNS FROM `mgqa_question` [ RunTime:0.040895s ]
SQL: SELECT COUNT(*) AS tp_count FROM `mgqa_question` LIMIT 1   [ RunTime:0.000406s ]
SQL: SHOW COLUMNS FROM `mgqa_answer` [ RunTime:0.022692s ]
SQL: SELECT COUNT(*) AS tp_count FROM `mgqa_answer` LIMIT 1   [ RunTime:0.000246s ]
SQL: SHOW COLUMNS FROM `mgqa_topic` [ RunTime:0.024575s ]
SQL: SELECT COUNT(*) AS tp_count FROM `mgqa_topic` LIMIT 1   [ RunTime:0.000318s ]
SQL: SHOW COLUMNS FROM `mgqa_user` [ RunTime:0.017733s ]
SQL: SELECT COUNT(*) AS tp_count FROM `mgqa_user` LIMIT 1   [ RunTime:0.000195s ]
SQL: SHOW COLUMNS FROM `mgqa_admin` [ RunTime:0.021092s ]
SQL: SELECT * FROM `mgqa_admin`  [ RunTime:0.000249s ]
INFO: [ view_parse ] --START--
INFO: [ template_filter ] --START--
INFO: Run Behavior\ContentReplaceBehavior [ RunTime:0.000071s ]
INFO: [ template_filter ] --END-- [ RunTime:0.000152s ]
SQL: SHOW COLUMNS FROM `mgqa_user` [ RunTime:0.012932s ]
SQL: SELECT `random` FROM `mgqa_user` WHERE ( username="test" ) LIMIT 1   [ RunTime:0.000342s ]
INFO: Run Behavior\ParseTemplateBehavior [ RunTime:0.083661s ]
INFO: [ view_parse ] --END-- [ RunTime:0.083758s ]
INFO: [ view_filter ] --START--
INFO: Run Behavior\WriteHtmlCacheBehavior [ RunTime:0.000950s ]
INFO: [ view_filter ] --END-- [ RunTime:0.001046s ]
INFO: [ app_end ] --START--
INFO: Run Behavior\ShowPageTraceBehavior [ RunTime:0.001918s ]
INFO: [ app_end ] --END-- [ RunTime:0.002340s ]

[ 2015-07-05T22:19:02+08:00 ] 127.0.0.1 /index.php/Admin/Index.html
INFO: [ app_init ] --START--
INFO: Run Behavior\BuildLiteBehavior [ RunTime:0.000049s ]
INFO: [ app_init ] --END-- [ RunTime:0.001251s ]
INFO: [ app_begin ] --START--
INFO: Run Behavior\ReadHtmlCacheBehavior [ RunTime:0.000932s ]
INFO: [ app_begin ] --END-- [ RunTime:0.001016s ]
SQL: SHOW COLUMNS FROM `mgqa_question` [ RunTime:0.073188s ]
SQL: SELECT COUNT(*) AS tp_count FROM `mgqa_question` LIMIT 1   [ RunTime:0.000210s ]
SQL: SHOW COLUMNS FROM `mgqa_answer` [ RunTime:0.059985s ]
SQL: SELECT COUNT(*) AS tp_count FROM `mgqa_answer` LIMIT 1   [ RunTime:0.000223s ]
SQL: SHOW COLUMNS FROM `mgqa_topic` [ RunTime:0.026712s ]
SQL: SELECT COUNT(*) AS tp_count FROM `mgqa_topic` LIMIT 1   [ RunTime:0.000256s ]
SQL: SHOW COLUMNS FROM `mgqa_user` [ RunTime:0.043272s ]
SQL: SELECT COUNT(*) AS tp_count FROM `mgqa_user` LIMIT 1   [ RunTime:0.000278s ]
SQL: SHOW COLUMNS FROM `mgqa_admin` [ RunTime:0.040193s ]
SQL: SELECT * FROM `mgqa_admin`  [ RunTime:0.000441s ]
INFO: [ view_parse ] --START--
INFO: [ template_filter ] --START--
INFO: Run Behavior\ContentReplaceBehavior [ RunTime:0.000091s ]
INFO: [ template_filter ] --END-- [ RunTime:0.000197s ]
SQL: SHOW COLUMNS FROM `mgqa_user` [ RunTime:0.028211s ]
SQL: SELECT `random` FROM `mgqa_user` WHERE ( username="test" ) LIMIT 1   [ RunTime:0.001312s ]
INFO: Run Behavior\ParseTemplateBehavior [ RunTime:0.088005s ]
INFO: [ view_parse ] --END-- [ RunTime:0.088206s ]
INFO: [ view_filter ] --START--
INFO: Run Behavior\WriteHtmlCacheBehavior [ RunTime:0.002109s ]
INFO: [ view_filter ] --END-- [ RunTime:0.002228s ]
INFO: [ app_end ] --START--
INFO: Run Behavior\ShowPageTraceBehavior [ RunTime:0.001386s ]
INFO: [ app_end ] --END-- [ RunTime:0.001529s ]

[ 2015-07-05T22:23:41+08:00 ] 127.0.0.1 /index.php/Admin/Index.html
INFO: [ app_init ] --START--
INFO: Run Behavior\BuildLiteBehavior [ RunTime:0.000107s ]
INFO: [ app_init ] --END-- [ RunTime:0.003266s ]
INFO: [ app_begin ] --START--
INFO: Run Behavior\ReadHtmlCacheBehavior [ RunTime:0.003027s ]
INFO: [ app_begin ] --END-- [ RunTime:0.003237s ]
SQL: SHOW COLUMNS FROM `mgqa_question` [ RunTime:0.142269s ]
SQL: SELECT COUNT(*) AS tp_count FROM `mgqa_question` LIMIT 1   [ RunTime:0.000340s ]
SQL: SHOW COLUMNS FROM `mgqa_answer` [ RunTime:0.150126s ]
SQL: SELECT COUNT(*) AS tp_count FROM `mgqa_answer` LIMIT 1   [ RunTime:0.000408s ]
SQL: SHOW COLUMNS FROM `mgqa_topic` [ RunTime:0.051167s ]
SQL: SELECT COUNT(*) AS tp_count FROM `mgqa_topic` LIMIT 1   [ RunTime:0.001223s ]
SQL: SHOW COLUMNS FROM `mgqa_user` [ RunTime:0.214793s ]
SQL: SELECT COUNT(*) AS tp_count FROM `mgqa_user` LIMIT 1   [ RunTime:0.000547s ]
SQL: SHOW COLUMNS FROM `mgqa_admin` [ RunTime:0.054789s ]
SQL: SELECT * FROM `mgqa_admin`  [ RunTime:0.001532s ]
INFO: [ view_parse ] --START--
INFO: [ template_filter ] --START--
INFO: Run Behavior\ContentReplaceBehavior [ RunTime:0.000154s ]
INFO: [ template_filter ] --END-- [ RunTime:0.000393s ]
SQL: SHOW COLUMNS FROM `mgqa_user` [ RunTime:0.054228s ]
SQL: SELECT `random` FROM `mgqa_user` WHERE ( username="test" ) LIMIT 1   [ RunTime:0.000721s ]
INFO: Run Behavior\ParseTemplateBehavior [ RunTime:0.159104s ]
INFO: [ view_parse ] --END-- [ RunTime:0.159280s ]
INFO: [ view_filter ] --START--
INFO: Run Behavior\WriteHtmlCacheBehavior [ RunTime:0.004393s ]
INFO: [ view_filter ] --END-- [ RunTime:0.004607s ]
INFO: [ app_end ] --START--
INFO: Run Behavior\ShowPageTraceBehavior [ RunTime:0.002492s ]
INFO: [ app_end ] --END-- [ RunTime:0.002740s ]

[ 2015-07-05T22:24:38+08:00 ] 127.0.0.1 /index.php/Admin/admin-help.html
INFO: [ app_init ] --START--
INFO: Run Behavior\BuildLiteBehavior [ RunTime:0.000045s ]
INFO: [ app_init ] --END-- [ RunTime:0.001326s ]
INFO: [ app_begin ] --START--
INFO: Run Behavior\ReadHtmlCacheBehavior [ RunTime:0.002653s ]
INFO: [ app_begin ] --END-- [ RunTime:0.002825s ]
ERR: 无法加载控制器:Admin-help

[ 2015-07-05T22:26:46+08:00 ] 127.0.0.1 /index.php/Admin/admin-help.html
INFO: [ app_init ] --START--
INFO: Run Behavior\BuildLiteBehavior [ RunTime:0.000155s ]
INFO: [ app_init ] --END-- [ RunTime:0.006799s ]
INFO: [ app_begin ] --START--
INFO: Run Behavior\ReadHtmlCacheBehavior [ RunTime:0.001737s ]
INFO: [ app_begin ] --END-- [ RunTime:0.001888s ]
ERR: 无法加载控制器:Admin-help

[ 2015-07-05T22:32:55+08:00 ] 127.0.0.1 /index.php/Admin/admin-help.html
INFO: [ app_init ] --START--
INFO: Run Behavior\BuildLiteBehavior [ RunTime:0.000037s ]
INFO: [ app_init ] --END-- [ RunTime:0.002557s ]
INFO: [ app_begin ] --START--
INFO: Run Behavior\ReadHtmlCacheBehavior [ RunTime:0.002342s ]
INFO: [ app_begin ] --END-- [ RunTime:0.002659s ]
ERR: 无法加载控制器:Admin-help

[ 2015-07-05T22:33:00+08:00 ] 127.0.0.1 /index.php/Admin/admin-help.html
INFO: [ app_init ] --START--
INFO: Run Behavior\BuildLiteBehavior [ RunTime:0.000026s ]
INFO: [ app_init ] --END-- [ RunTime:0.000478s ]
INFO: [ app_begin ] --START--
INFO: Run Behavior\ReadHtmlCacheBehavior [ RunTime:0.001926s ]
INFO: [ app_begin ] --END-- [ RunTime:0.002334s ]
ERR: 无法加载控制器:Admin-help

[ 2015-07-05T22:33:50+08:00 ] 127.0.0.1 /index.php/Admin/Index.html
INFO: [ app_init ] --START--
INFO: Run Behavior\BuildLiteBehavior [ RunTime:0.000028s ]
INFO: [ app_init ] --END-- [ RunTime:0.000622s ]
INFO: [ app_begin ] --START--
INFO: Run Behavior\ReadHtmlCacheBehavior [ RunTime:0.000597s ]
INFO: [ app_begin ] --END-- [ RunTime:0.000674s ]
SQL: SHOW COLUMNS FROM `mgqa_question` [ RunTime:0.153865s ]
SQL: SELECT COUNT(*) AS tp_count FROM `mgqa_question` LIMIT 1   [ RunTime:0.000269s ]
SQL: SHOW COLUMNS FROM `mgqa_answer` [ RunTime:0.104324s ]
SQL: SELECT COUNT(*) AS tp_count FROM `mgqa_answer` LIMIT 1   [ RunTime:0.000248s ]
SQL: SHOW COLUMNS FROM `mgqa_topic` [ RunTime:0.044487s ]
SQL: SELECT COUNT(*) AS tp_count FROM `mgqa_topic` LIMIT 1   [ RunTime:0.000201s ]
SQL: SHOW COLUMNS FROM `mgqa_user` [ RunTime:0.033619s ]
SQL: SELECT COUNT(*) AS tp_count FROM `mgqa_user` LIMIT 1   [ RunTime:0.000294s ]
SQL: SHOW COLUMNS FROM `mgqa_admin` [ RunTime:0.061307s ]
SQL: SELECT * FROM `mgqa_admin`  [ RunTime:0.001144s ]
INFO: [ view_parse ] --START--
INFO: [ template_filter ] --START--
INFO: Run Behavior\ContentReplaceBehavior [ RunTime:0.000157s ]
INFO: [ template_filter ] --END-- [ RunTime:0.000370s ]

[ 2015-07-05T22:34:02+08:00 ] 127.0.0.1 /index.php/Admin/Index.html
INFO: [ app_init ] --START--
INFO: Run Behavior\BuildLiteBehavior [ RunTime:0.000072s ]
INFO: [ app_init ] --END-- [ RunTime:0.001175s ]
INFO: [ app_begin ] --START--
INFO: Run Behavior\ReadHtmlCacheBehavior [ RunTime:0.000880s ]
INFO: [ app_begin ] --END-- [ RunTime:0.001027s ]
SQL: SHOW COLUMNS FROM `mgqa_question` [ RunTime:0.055419s ]
SQL: SELECT COUNT(*) AS tp_count FROM `mgqa_question` LIMIT 1   [ RunTime:0.000540s ]
SQL: SHOW COLUMNS FROM `mgqa_answer` [ RunTime:0.029257s ]
SQL: SELECT COUNT(*) AS tp_count FROM `mgqa_answer` LIMIT 1   [ RunTime:0.000254s ]
SQL: SHOW COLUMNS FROM `mgqa_topic` [ RunTime:0.039783s ]
SQL: SELECT COUNT(*) AS tp_count FROM `mgqa_topic` LIMIT 1   [ RunTime:0.000625s ]
SQL: SHOW COLUMNS FROM `mgqa_user` [ RunTime:0.024859s ]
SQL: SELECT COUNT(*) AS tp_count FROM `mgqa_user` LIMIT 1   [ RunTime:0.000436s ]
SQL: SHOW COLUMNS FROM `mgqa_admin` [ RunTime:0.059906s ]
SQL: SELECT * FROM `mgqa_admin`  [ RunTime:0.000376s ]
INFO: [ view_parse ] --START--
INFO: [ template_filter ] --START--
INFO: Run Behavior\ContentReplaceBehavior [ RunTime:0.000123s ]
INFO: [ template_filter ] --END-- [ RunTime:0.000260s ]
SQL: SHOW COLUMNS FROM `mgqa_user` [ RunTime:0.028599s ]
SQL: SELECT `random` FROM `mgqa_user` WHERE ( username="test" ) LIMIT 1   [ RunTime:0.000910s ]
INFO: Run Behavior\ParseTemplateBehavior [ RunTime:0.101647s ]
INFO: [ view_parse ] --END-- [ RunTime:0.101859s ]
INFO: [ view_filter ] --START--
INFO: Run Behavior\WriteHtmlCacheBehavior [ RunTime:0.003466s ]
INFO: [ view_filter ] --END-- [ RunTime:0.003911s ]
INFO: [ app_end ] --START--
INFO: Run Behavior\ShowPageTraceBehavior [ RunTime:0.002486s ]
INFO: [ app_end ] --END-- [ RunTime:0.002920s ]

[ 2015-07-05T22:34:03+08:00 ] 127.0.0.1 /index.php/Admin/Help.html
INFO: [ app_init ] --START--
INFO: Run Behavior\BuildLiteBehavior [ RunTime:0.000044s ]
INFO: [ app_init ] --END-- [ RunTime:0.001121s ]
INFO: [ app_begin ] --START--
INFO: Run Behavior\ReadHtmlCacheBehavior [ RunTime:0.001748s ]
INFO: [ app_begin ] --END-- [ RunTime:0.001927s ]
ERR: 无法加载控制器:Help

[ 2015-07-05T22:34:09+08:00 ] 127.0.0.1 /index.php/Admin/Index.html
INFO: [ app_init ] --START--
INFO: Run Behavior\BuildLiteBehavior [ RunTime:0.000034s ]
INFO: [ app_init ] --END-- [ RunTime:0.000984s ]
INFO: [ app_begin ] --START--
INFO: Run Behavior\ReadHtmlCacheBehavior [ RunTime:0.000732s ]
INFO: [ app_begin ] --END-- [ RunTime:0.000821s ]
SQL: SHOW COLUMNS FROM `mgqa_question` [ RunTime:0.080626s ]
SQL: SELECT COUNT(*) AS tp_count FROM `mgqa_question` LIMIT 1   [ RunTime:0.001119s ]
SQL: SHOW COLUMNS FROM `mgqa_answer` [ RunTime:0.067689s ]
SQL: SELECT COUNT(*) AS tp_count FROM `mgqa_answer` LIMIT 1   [ RunTime:0.000344s ]
SQL: SHOW COLUMNS FROM `mgqa_topic` [ RunTime:0.066542s ]
SQL: SELECT COUNT(*) AS tp_count FROM `mgqa_topic` LIMIT 1   [ RunTime:0.000249s ]
SQL: SHOW COLUMNS FROM `mgqa_user` [ RunTime:0.079714s ]
SQL: SELECT COUNT(*) AS tp_count FROM `mgqa_user` LIMIT 1   [ RunTime:0.000270s ]
SQL: SHOW COLUMNS FROM `mgqa_admin` [ RunTime:0.111440s ]
SQL: SELECT * FROM `mgqa_admin`  [ RunTime:0.000327s ]
INFO: [ view_parse ] --START--
INFO: [ template_filter ] --START--
INFO: Run Behavior\ContentReplaceBehavior [ RunTime:0.000256s ]
INFO: [ template_filter ] --END-- [ RunTime:0.000603s ]
SQL: SHOW COLUMNS FROM `mgqa_user` [ RunTime:0.024338s ]
SQL: SELECT `random` FROM `mgqa_user` WHERE ( username="test" ) LIMIT 1   [ RunTime:0.001547s ]
INFO: Run Behavior\ParseTemplateBehavior [ RunTime:0.108559s ]
INFO: [ view_parse ] --END-- [ RunTime:0.108706s ]
INFO: [ view_filter ] --START--
INFO: Run Behavior\WriteHtmlCacheBehavior [ RunTime:0.001745s ]
INFO: [ view_filter ] --END-- [ RunTime:0.001950s ]
INFO: [ app_end ] --START--
INFO: Run Behavior\ShowPageTraceBehavior [ RunTime:0.004117s ]
INFO: [ app_end ] --END-- [ RunTime:0.004282s ]

[ 2015-07-05T22:34:22+08:00 ] 127.0.0.1 /index.php/Admin/Index.html
INFO: [ app_init ] --START--
INFO: Run Behavior\BuildLiteBehavior [ RunTime:0.000034s ]
INFO: [ app_init ] --END-- [ RunTime:0.001023s ]
INFO: [ app_begin ] --START--
INFO: Run Behavior\ReadHtmlCacheBehavior [ RunTime:0.007171s ]
INFO: [ app_begin ] --END-- [ RunTime:0.007505s ]
SQL: SHOW COLUMNS FROM `mgqa_question` [ RunTime:0.183357s ]
SQL: SELECT COUNT(*) AS tp_count FROM `mgqa_question` LIMIT 1   [ RunTime:0.000253s ]
SQL: SHOW COLUMNS FROM `mgqa_answer` [ RunTime:0.061603s ]
SQL: SELECT COUNT(*) AS tp_count FROM `mgqa_answer` LIMIT 1   [ RunTime:0.000289s ]
SQL: SHOW COLUMNS FROM `mgqa_topic` [ RunTime:0.115507s ]
SQL: SELECT COUNT(*) AS tp_count FROM `mgqa_topic` LIMIT 1   [ RunTime:0.000369s ]
SQL: SHOW COLUMNS FROM `mgqa_user` [ RunTime:0.142101s ]
SQL: SELECT COUNT(*) AS tp_count FROM `mgqa_user` LIMIT 1   [ RunTime:0.003383s ]
SQL: SHOW COLUMNS FROM `mgqa_admin` [ RunTime:0.045230s ]
SQL: SELECT * FROM `mgqa_admin`  [ RunTime:0.001540s ]
INFO: [ view_parse ] --START--
INFO: [ template_filter ] --START--
INFO: Run Behavior\ContentReplaceBehavior [ RunTime:0.000606s ]
INFO: [ template_filter ] --END-- [ RunTime:0.001002s ]
SQL: SHOW COLUMNS FROM `mgqa_user` [ RunTime:0.035538s ]
SQL: SELECT `random` FROM `mgqa_user` WHERE ( username="test" ) LIMIT 1   [ RunTime:0.000678s ]
INFO: Run Behavior\ParseTemplateBehavior [ RunTime:0.161634s ]
INFO: [ view_parse ] --END-- [ RunTime:0.161855s ]
INFO: [ view_filter ] --START--
INFO: Run Behavior\WriteHtmlCacheBehavior [ RunTime:0.002018s ]
INFO: [ view_filter ] --END-- [ RunTime:0.002360s ]
INFO: [ app_end ] --START--
INFO: Run Behavior\ShowPageTraceBehavior [ RunTime:0.001594s ]
INFO: [ app_end ] --END-- [ RunTime:0.001901s ]

[ 2015-07-05T22:34:23+08:00 ] 127.0.0.1 /index.php/Admin/Help.html
INFO: [ app_init ] --START--
INFO: Run Behavior\BuildLiteBehavior [ RunTime:0.000043s ]
INFO: [ app_init ] --END-- [ RunTime:0.001537s ]
INFO: [ app_begin ] --START--
INFO: Run Behavior\ReadHtmlCacheBehavior [ RunTime:0.032193s ]
INFO: [ app_begin ] --END-- [ RunTime:0.032385s ]
INFO: [ view_parse ] --START--
INFO: [ template_filter ] --START--
INFO: Run Behavior\ContentReplaceBehavior [ RunTime:0.000123s ]
INFO: [ template_filter ] --END-- [ RunTime:0.000342s ]
SQL: SHOW COLUMNS FROM `mgqa_user` [ RunTime:0.106713s ]
SQL: SHOW COLUMNS FROM `mgqa_user` [ RunTime:0.058328s ]
SQL: SELECT `random` FROM `mgqa_user` WHERE ( username="test" ) LIMIT 1   [ RunTime:0.000393s ]
INFO: Run Behavior\ParseTemplateBehavior [ RunTime:0.332836s ]
INFO: [ view_parse ] --END-- [ RunTime:0.332977s ]
INFO: [ view_filter ] --START--
INFO: Run Behavior\WriteHtmlCacheBehavior [ RunTime:0.001059s ]
INFO: [ view_filter ] --END-- [ RunTime:0.001194s ]
INFO: [ app_end ] --START--
INFO: Run Behavior\ShowPageTraceBehavior [ RunTime:0.001491s ]
INFO: [ app_end ] --END-- [ RunTime:0.001627s ]

[ 2015-07-05T22:47:38+08:00 ] 127.0.0.1 /index.php/Admin/Help.html
INFO: [ app_init ] --START--
INFO: Run Behavior\BuildLiteBehavior [ RunTime:0.000053s ]
INFO: [ app_init ] --END-- [ RunTime:0.001166s ]
INFO: [ app_begin ] --START--
INFO: Run Behavior\ReadHtmlCacheBehavior [ RunTime:0.003374s ]
INFO: [ app_begin ] --END-- [ RunTime:0.003535s ]
INFO: [ view_parse ] --START--
INFO: [ template_filter ] --START--
INFO: Run Behavior\ContentReplaceBehavior [ RunTime:0.000110s ]
INFO: [ template_filter ] --END-- [ RunTime:0.000240s ]
SQL: SHOW COLUMNS FROM `mgqa_user` [ RunTime:0.035516s ]
SQL: SHOW COLUMNS FROM `mgqa_user` [ RunTime:0.020269s ]
SQL: SELECT `random` FROM `mgqa_user` WHERE ( username="test" ) LIMIT 1   [ RunTime:0.000431s ]
INFO: Run Behavior\ParseTemplateBehavior [ RunTime:0.136908s ]
INFO: [ view_parse ] --END-- [ RunTime:0.137166s ]
INFO: [ view_filter ] --START--
INFO: Run Behavior\WriteHtmlCacheBehavior [ RunTime:0.001121s ]
INFO: [ view_filter ] --END-- [ RunTime:0.001255s ]
INFO: [ app_end ] --START--
INFO: Run Behavior\ShowPageTraceBehavior [ RunTime:0.003199s ]
INFO: [ app_end ] --END-- [ RunTime:0.003329s ]

[ 2015-07-05T22:49:06+08:00 ] 127.0.0.1 /index.php/Admin/Help.html
INFO: [ app_init ] --START--
INFO: Run Behavior\BuildLiteBehavior [ RunTime:0.000059s ]
INFO: [ app_init ] --END-- [ RunTime:0.000961s ]
INFO: [ app_begin ] --START--
INFO: Run Behavior\ReadHtmlCacheBehavior [ RunTime:0.000576s ]
INFO: [ app_begin ] --END-- [ RunTime:0.000659s ]
INFO: [ view_parse ] --START--
INFO: [ template_filter ] --START--
INFO: Run Behavior\ContentReplaceBehavior [ RunTime:0.000062s ]
INFO: [ template_filter ] --END-- [ RunTime:0.000157s ]
SQL: SHOW COLUMNS FROM `mgqa_user` [ RunTime:0.044732s ]
SQL: SHOW COLUMNS FROM `mgqa_user` [ RunTime:0.033186s ]
SQL: SELECT `random` FROM `mgqa_user` WHERE ( username="test" ) LIMIT 1   [ RunTime:0.001453s ]
INFO: Run Behavior\ParseTemplateBehavior [ RunTime:0.131483s ]
INFO: [ view_parse ] --END-- [ RunTime:0.131588s ]
INFO: [ view_filter ] --START--
INFO: Run Behavior\WriteHtmlCacheBehavior [ RunTime:0.000912s ]
INFO: [ view_filter ] --END-- [ RunTime:0.001083s ]
INFO: [ app_end ] --START--
INFO: Run Behavior\ShowPageTraceBehavior [ RunTime:0.002020s ]
INFO: [ app_end ] --END-- [ RunTime:0.002197s ]

[ 2015-07-05T22:49:32+08:00 ] 127.0.0.1 /index.php/Admin/Help.html
INFO: [ app_init ] --START--
INFO: Run Behavior\BuildLiteBehavior [ RunTime:0.000032s ]
INFO: [ app_init ] --END-- [ RunTime:0.000680s ]
INFO: [ app_begin ] --START--
INFO: Run Behavior\ReadHtmlCacheBehavior [ RunTime:0.001498s ]
INFO: [ app_begin ] --END-- [ RunTime:0.001960s ]
INFO: [ view_parse ] --START--
INFO: [ template_filter ] --START--
INFO: Run Behavior\ContentReplaceBehavior [ RunTime:0.000135s ]
INFO: [ template_filter ] --END-- [ RunTime:0.000272s ]
SQL: SHOW COLUMNS FROM `mgqa_user` [ RunTime:0.053822s ]
SQL: SHOW COLUMNS FROM `mgqa_user` [ RunTime:0.040450s ]
SQL: SELECT `random` FROM `mgqa_user` WHERE ( username="test" ) LIMIT 1   [ RunTime:0.000419s ]
INFO: Run Behavior\ParseTemplateBehavior [ RunTime:0.160947s ]
INFO: [ view_parse ] --END-- [ RunTime:0.161166s ]
INFO: [ view_filter ] --START--
INFO: Run Behavior\WriteHtmlCacheBehavior [ RunTime:0.000632s ]
INFO: [ view_filter ] --END-- [ RunTime:0.000744s ]
INFO: [ app_end ] --START--
INFO: Run Behavior\ShowPageTraceBehavior [ RunTime:0.001120s ]
INFO: [ app_end ] --END-- [ RunTime:0.001275s ]

[ 2015-07-05T22:49:58+08:00 ] 127.0.0.1 /index.php/Admin/Help.html
INFO: [ app_init ] --START--
INFO: Run Behavior\BuildLiteBehavior [ RunTime:0.000024s ]
INFO: [ app_init ] --END-- [ RunTime:0.000915s ]
INFO: [ app_begin ] --START--
INFO: Run Behavior\ReadHtmlCacheBehavior [ RunTime:0.000857s ]
INFO: [ app_begin ] --END-- [ RunTime:0.000942s ]
INFO: [ view_parse ] --START--
INFO: [ template_filter ] --START--
INFO: Run Behavior\ContentReplaceBehavior [ RunTime:0.000063s ]
INFO: [ template_filter ] --END-- [ RunTime:0.000172s ]
SQL: SHOW COLUMNS FROM `mgqa_user` [ RunTime:0.023588s ]
SQL: SHOW COLUMNS FROM `mgqa_user` [ RunTime:0.029536s ]
SQL: SELECT `random` FROM `mgqa_user` WHERE ( username="test" ) LIMIT 1   [ RunTime:0.000313s ]
INFO: Run Behavior\ParseTemplateBehavior [ RunTime:0.090166s ]
INFO: [ view_parse ] --END-- [ RunTime:0.090302s ]
INFO: [ view_filter ] --START--
INFO: Run Behavior\WriteHtmlCacheBehavior [ RunTime:0.002181s ]
INFO: [ view_filter ] --END-- [ RunTime:0.002483s ]
INFO: [ app_end ] --START--
INFO: Run Behavior\ShowPageTraceBehavior [ RunTime:0.001465s ]
INFO: [ app_end ] --END-- [ RunTime:0.001636s ]

[ 2015-07-05T22:50:16+08:00 ] 127.0.0.1 /index.php/Admin/Help.html
INFO: [ app_init ] --START--
INFO: Run Behavior\BuildLiteBehavior [ RunTime:0.000030s ]
INFO: [ app_init ] --END-- [ RunTime:0.000571s ]
INFO: [ app_begin ] --START--
INFO: Run Behavior\ReadHtmlCacheBehavior [ RunTime:0.001809s ]
INFO: [ app_begin ] --END-- [ RunTime:0.002032s ]
INFO: [ view_parse ] --START--
INFO: [ template_filter ] --START--
INFO: Run Behavior\ContentReplaceBehavior [ RunTime:0.000087s ]
INFO: [ template_filter ] --END-- [ RunTime:0.000199s ]
SQL: SHOW COLUMNS FROM `mgqa_user` [ RunTime:0.026111s ]
SQL: SHOW COLUMNS FROM `mgqa_user` [ RunTime:0.014655s ]
SQL: SELECT `random` FROM `mgqa_user` WHERE ( username="test" ) LIMIT 1   [ RunTime:0.000319s ]
INFO: Run Behavior\ParseTemplateBehavior [ RunTime:0.083966s ]
INFO: [ view_parse ] --END-- [ RunTime:0.084050s ]
INFO: [ view_filter ] --START--
INFO: Run Behavior\WriteHtmlCacheBehavior [ RunTime:0.000758s ]
INFO: [ view_filter ] --END-- [ RunTime:0.000828s ]
INFO: [ app_end ] --START--
INFO: Run Behavior\ShowPageTraceBehavior [ RunTime:0.002205s ]
INFO: [ app_end ] --END-- [ RunTime:0.002381s ]

[ 2015-07-05T22:50:20+08:00 ] 127.0.0.1 /index.php/Admin/Help.html
INFO: [ app_init ] --START--
INFO: Run Behavior\BuildLiteBehavior [ RunTime:0.000033s ]
INFO: [ app_init ] --END-- [ RunTime:0.001051s ]
INFO: [ app_begin ] --START--
INFO: Run Behavior\ReadHtmlCacheBehavior [ RunTime:0.003366s ]
INFO: [ app_begin ] --END-- [ RunTime:0.003676s ]
INFO: [ view_parse ] --START--
INFO: [ template_filter ] --START--
INFO: Run Behavior\ContentReplaceBehavior [ RunTime:0.000162s ]
INFO: [ template_filter ] --END-- [ RunTime:0.000366s ]
SQL: SHOW COLUMNS FROM `mgqa_user` [ RunTime:0.029569s ]
SQL: SHOW COLUMNS FROM `mgqa_user` [ RunTime:0.018331s ]
SQL: SELECT `random` FROM `mgqa_user` WHERE ( username="test" ) LIMIT 1   [ RunTime:0.000313s ]
INFO: Run Behavior\ParseTemplateBehavior [ RunTime:0.157388s ]
INFO: [ view_parse ] --END-- [ RunTime:0.157554s ]
INFO: [ view_filter ] --START--
INFO: Run Behavior\WriteHtmlCacheBehavior [ RunTime:0.000735s ]
INFO: [ view_filter ] --END-- [ RunTime:0.000807s ]
INFO: [ app_end ] --START--
INFO: Run Behavior\ShowPageTraceBehavior [ RunTime:0.000917s ]
INFO: [ app_end ] --END-- [ RunTime:0.000990s ]

[ 2015-07-05T22:50:22+08:00 ] 127.0.0.1 /index.php/Admin/Help.html
INFO: [ app_init ] --START--
INFO: Run Behavior\BuildLiteBehavior [ RunTime:0.000032s ]
INFO: [ app_init ] --END-- [ RunTime:0.000800s ]
INFO: [ app_begin ] --START--
INFO: Run Behavior\ReadHtmlCacheBehavior [ RunTime:0.001026s ]
INFO: [ app_begin ] --END-- [ RunTime:0.001236s ]
INFO: [ view_parse ] --START--
INFO: [ template_filter ] --START--
INFO: Run Behavior\ContentReplaceBehavior [ RunTime:0.000190s ]
INFO: [ template_filter ] --END-- [ RunTime:0.000669s ]
SQL: SHOW COLUMNS FROM `mgqa_user` [ RunTime:0.038862s ]
SQL: SHOW COLUMNS FROM `mgqa_user` [ RunTime:0.024604s ]
SQL: SELECT `random` FROM `mgqa_user` WHERE ( username="test" ) LIMIT 1   [ RunTime:0.000434s ]
INFO: Run Behavior\ParseTemplateBehavior [ RunTime:0.127380s ]
INFO: [ view_parse ] --END-- [ RunTime:0.127635s ]
INFO: [ view_filter ] --START--
INFO: Run Behavior\WriteHtmlCacheBehavior [ RunTime:0.000802s ]
INFO: [ view_filter ] --END-- [ RunTime:0.000942s ]
INFO: [ app_end ] --START--
INFO: Run Behavior\ShowPageTraceBehavior [ RunTime:0.001246s ]
INFO: [ app_end ] --END-- [ RunTime:0.001384s ]

[ 2015-07-05T22:50:24+08:00 ] 127.0.0.1 /index.php/Admin/Index.html
INFO: [ app_init ] --START--
INFO: Run Behavior\BuildLiteBehavior [ RunTime:0.000059s ]
INFO: [ app_init ] --END-- [ RunTime:0.000949s ]
INFO: [ app_begin ] --START--
INFO: Run Behavior\ReadHtmlCacheBehavior [ RunTime:0.001546s ]
INFO: [ app_begin ] --END-- [ RunTime:0.001837s ]
SQL: SHOW COLUMNS FROM `mgqa_question` [ RunTime:0.065960s ]
SQL: SELECT COUNT(*) AS tp_count FROM `mgqa_question` LIMIT 1   [ RunTime:0.000283s ]
SQL: SHOW COLUMNS FROM `mgqa_answer` [ RunTime:0.036198s ]
SQL: SELECT COUNT(*) AS tp_count FROM `mgqa_answer` LIMIT 1   [ RunTime:0.000902s ]
SQL: SHOW COLUMNS FROM `mgqa_topic` [ RunTime:0.030338s ]
SQL: SELECT COUNT(*) AS tp_count FROM `mgqa_topic` LIMIT 1   [ RunTime:0.000304s ]
SQL: SHOW COLUMNS FROM `mgqa_user` [ RunTime:0.031396s ]
SQL: SELECT COUNT(*) AS tp_count FROM `mgqa_user` LIMIT 1   [ RunTime:0.000323s ]
SQL: SHOW COLUMNS FROM `mgqa_admin` [ RunTime:0.022234s ]
SQL: SELECT * FROM `mgqa_admin`  [ RunTime:0.000810s ]
INFO: [ view_parse ] --START--
INFO: [ template_filter ] --START--
INFO: Run Behavior\ContentReplaceBehavior [ RunTime:0.000150s ]
INFO: [ template_filter ] --END-- [ RunTime:0.000335s ]
SQL: SHOW COLUMNS FROM `mgqa_user` [ RunTime:0.011352s ]
SQL: SELECT `random` FROM `mgqa_user` WHERE ( username="test" ) LIMIT 1   [ RunTime:0.001653s ]
INFO: Run Behavior\ParseTemplateBehavior [ RunTime:0.048602s ]
INFO: [ view_parse ] --END-- [ RunTime:0.048743s ]
INFO: [ view_filter ] --START--
INFO: Run Behavior\WriteHtmlCacheBehavior [ RunTime:0.000987s ]
INFO: [ view_filter ] --END-- [ RunTime:0.001127s ]
INFO: [ app_end ] --START--
INFO: Run Behavior\ShowPageTraceBehavior [ RunTime:0.002401s ]
INFO: [ app_end ] --END-- [ RunTime:0.002569s ]

